2011-05-30 16:35:09|   0.4|  0.4|INFORM|Feature Manipulation Engine 2012 Beta (20110329 - Build 12053 - WIN32)
2011-05-30 16:35:09|   0.4|  0.0|INFORM|FME_HOME is 'C:\Programfiler\FME\'
2011-05-30 16:35:09|   0.4|  0.0|INFORM|FME ESRI Edition (node locked-crc)
2011-05-30 16:35:09|   0.4|  0.0|INFORM|Serial Number: S0601A0917
2011-05-30 16:35:09|   0.4|  0.0|INFORM|Permanent License.
2011-05-30 16:35:09|   0.4|  0.0|INFORM|Machine host name is: svv-11165
2011-05-30 16:35:09|   0.4|  0.0|INFORM|START - ProcessID: 4552, peak process memory usage: 23676 kB, current process memory usage: 23592 kB.
2011-05-30 16:35:09|   0.4|  0.0|INFORM|FME Configuration: Command line arguments are `C:\Programfiler\FME\fme.exe' `C:/DATA/Kvalitetskontroller/Svingerestriksjoner/FMW/Svingerestriksjoner.fmw' `--elveg_SOSI' `C:\DATA\Kvalitetskontroller\Data\Geometrikontroll_20110511\0128Elveg\0128Elveg.SOS' `--oppmerking_NVDB' `C:\DATA\Kvalitetskontroller\Data\Geometrikontroll_20110511\NVDB\01_SkiltOppmerking.NVDB' `--sving_CSV' `C:\DATA\Kvalitetskontroller\Data\Geometrikontroll_20110511\0128Elveg\0128Sving.txt' `--innkjoring_CSV' `C:\DATA\Kvalitetskontroller\Data\Geometrikontroll_20110511\0128Elveg\0128Innkjoring.txt' `--GL_Feilfil' `C:\DATA\Kvalitetskontroller\Data\Geometrikontroll_20110511\0128Elveg\0128Svingerestriksjonsfeil.txt' `--_kommuneSOSI' `C:\DATA\Vektor\00\23-ADMGR\0000\SOSI\Kommuner-Norge.sos' `--KOMM' `0128' `--LOG_FILE' `C:\DATA\Kvalitetskontroller\Data\Geometrikontroll_20110511\0128Elveg\0128Svingerestriksjoner.log' `--AnalyseMDB' `C:\DATA\Kvalitetskontroller\Data\Geometrikontroll_20110511\Svingerestriksjoner.mdb'
2011-05-30 16:35:09|   0.4|  0.0|INFORM|Shared directories for formats are : C:\Programfiler\FME\datasources
2011-05-30 16:35:09|   0.4|  0.0|INFORM|Shared directories for transformers are : C:\Documents and Settings\knjetl.VEGVESEN\Mine dokumenter\FME\Transformers;C:\Programfiler\FME\transformers
2011-05-30 16:35:09|   0.4|  0.0|INFORM|FME Configuration: Reader Keyword is `MULTI_READER'
2011-05-30 16:35:09|   0.4|  0.0|INFORM|FME Configuration: Writer Keyword is `MULTI_WRITER'
2011-05-30 16:35:09|   0.4|  0.0|INFORM|FME Configuration: Writer Group Definition Keyword is `MULTI_WRITER_DEF'
2011-05-30 16:35:09|   0.4|  0.0|INFORM|FME Configuration: Reader type is `MULTI_READER'
2011-05-30 16:35:09|   0.4|  0.0|INFORM|FME Configuration: Writer type is `MULTI_WRITER'
2011-05-30 16:35:09|   0.4|  0.0|INFORM|FME Configuration: No destination coordinate system set
2011-05-30 16:35:09|   0.4|  0.0|INFORM|FME Configuration: Geometry Handling Mode is `Enhanced' 
2011-05-30 16:35:09|   0.4|  0.0|INFORM|FME Configuration: Current working directory is `C:\DATA\Kvalitetskontroller\Svingerestriksjoner\FMW'
2011-05-30 16:35:09|   0.4|  0.0|INFORM|FME Configuration: Temporary directory is `C:\DOCUME~1\KNJETL~1.VEG\LOKALE~1\Temp'
2011-05-30 16:35:09|   0.4|  0.0|INFORM|FME Configuration: FME_HOME is `C:\Programfiler\FME\'
2011-05-30 16:35:09|   0.4|  0.0|INFORM|FME Configuration: FME_BASE is 'no'
2011-05-30 16:35:09|   0.4|  0.0|INFORM|FME Configuration: FME_MF_DIR is 'C:\DATA\Kvalitetskontroller\Svingerestriksjoner\FMW/'
2011-05-30 16:35:09|   0.4|  0.0|INFORM|FME Configuration: FME_MF_NAME is 'Svingerestriksjoner.fmw'
2011-05-30 16:35:09|   0.4|  0.0|INFORM|FME Configuration: FME_PRODUCT_NAME is 'FME(R) 2012'
2011-05-30 16:35:09|   0.4|  0.0|INFORM|System Status: 111383MB of disk space available in the FME temporary directory (C:\DOCUME~1\KNJETL~1.VEG\LOKALE~1\Temp\)
2011-05-30 16:35:09|   0.4|  0.0|INFORM|System Status: 1934MB of virtual memory available
2011-05-30 16:35:09|   0.4|  0.0|INFORM|Operating System: Microsoft Windows XP Professional Service Pack 3 (Build 2600)
2011-05-30 16:35:09|   0.4|  0.0|INFORM|FME Platform: WIN32
2011-05-30 16:35:09|   0.4|  0.0|INFORM|Locale: nb_NO
2011-05-30 16:35:09|   0.4|  0.0|INFORM|Code Page: 1252  (ANSI - latin I)
2011-05-30 16:35:09|   0.4|  0.0|INFORM|FME Configuration: Process limit is 2047 MB (out of 3571 MB physical memory and 2047 MB address space)
2011-05-30 16:35:09|   0.4|  0.0|INFORM|FME Configuration: Start freeing memory when process usage exceeds 847 MB of memory or 1447 MB of address space
2011-05-30 16:35:09|   0.4|  0.0|INFORM|FME Configuration: Stop freeing memory when process usage is below 635 MB of memory and 1085 MB of address space
2011-05-30 16:35:09|   0.4|  0.0|INFORM|FME Configuration: Autodetermining optimal maximum number of objects in memory
2011-05-30 16:35:09|   0.4|  0.0|INFORM|MULTI_READER(MULTI_READER): Will fail with first member reader failure
2011-05-30 16:35:09|   0.4|  0.0|INFORM|MULTI_READER(MULTI_READER): Adding GDMMAPPERSOSI Reader with keyword GDMMAPPERSOSI_1
2011-05-30 16:35:09|   0.4|  0.0|INFORM|MULTI_READER(MULTI_READER): Adding GDMMAPPERNVDB Reader with keyword GDMMAPPERNVDB_1
2011-05-30 16:35:09|   0.4|  0.0|INFORM|MULTI_READER(MULTI_READER): Adding CSV Reader with keyword CSV_1
2011-05-30 16:35:09|   0.4|  0.0|INFORM|MULTI_READER(MULTI_READER): Adding CSV Reader with keyword CSV_2
2011-05-30 16:35:09|   0.4|  0.0|INFORM|MULTI_READER(MULTI_READER): Adding GDMMAPPERSOSI Reader with keyword GDMMAPPERSOSI_2
2011-05-30 16:35:09|   0.4|  0.0|INFORM|Using Multi Reader $Revision: 69799 $ ( $Date: 2010-05-19 10:36:42 -0700 (Wed, 19 May 2010) $ ) with keyword `MULTI_READER' to read multiple datasets
2011-05-30 16:35:09|   0.4|  0.0|INFORM|Trying to find a BUILTIN plugin for reader named `GDMMAPPERSOSI'
2011-05-30 16:35:09|   0.4|  0.0|INFORM|Trying to find a DYNAMIC plugin for reader named `GDMMAPPERSOSI'
2011-05-30 16:35:09|   0.4|  0.0|INFORM|FME Configuration: Source coordinate system for reader GDMMAPPERSOSI_1[GDMMAPPERSOSI] set to `EPSG:3045'
2011-05-30 16:35:10|   1.2|  0.8|INFORM|Coordinate System `EPSG:3045' parameters: CS_NAME=`ETRF89.TM33' DESC_NM=`ETRF89 / ETRS-TM33' DT_NAME=`ETRF89' EPSG=`3045' GROUP=`EUROPE' MAP_SCL=`1' MAX_LAT=`75' MAX_LNG=`18' MIN_LAT=`35.5' MIN_LNG=`12' PARM1=`15' PROJ=`TM' QUAD=`1' SCL_RED=`0.9996' SOURCE=`EPSG, V6.11.2, 3045 [European Commission Joint Research Cent]' UNIT=`Meter' X_OFF=`500000' ZERO_X=`0.001' ZERO_Y=`0.001' 
2011-05-30 16:35:10|   1.2|  0.0|INFORM|Coordinate System `EPSG:3045' as OGC Well Known Text: PROJCS["ETRF89 / ETRS-TM33",GEOGCS["ETRS89",DATUM["European_Terrestrial_Reference_System_1989",SPHEROID["Geodetic Reference System of 1980",6378137,298.2572221009113,AUTHORITY["EPSG","7019"]],AUTHORITY["EPSG","6258"]],PRIMEM["Greenwich",0],UNIT["degree",0.0174532925199433],AUTHORITY["EPSG","4258"]],PROJECTION["Transverse_Mercator"],PARAMETER["latitude_of_origin",0],PARAMETER["central_meridian",15],PARAMETER["scale_factor",0.9996],PARAMETER["false_easting",500000],PARAMETER["false_northing",0],UNIT["Meter",1],AUTHORITY["EPSG","3045"]]
2011-05-30 16:35:10|   1.2|  0.0|INFORM|Loaded module 'GDMMAPPERSOSI' from file 'C:\Programfiler\FME\plugins/GDMMAPPERSOSI.dll'
2011-05-30 16:35:10|   1.2|  0.0|WARN  |FME API version of module 'GDMMAPPERSOSI' is '3.6 20101014', which is older than the current with FME internal API version '3.6 20110321'.  An updated plug-in may be available from the provider.
2011-05-30 16:35:10|   1.2|  0.0|INFORM|GDMMapper - Åpner : C:\DATA\Kvalitetskontroller\Data\Geometrikontroll_20110511\0128Elveg\0128Elveg.SOS
2011-05-30 16:35:10|   1.3|  0.1|INFORM|Using MultiWriter $Revision: 59162 $ ( $Date: 2009-04-07 10:04:59 -0700 (Tue, 07 Apr 2009) $ ) with keyword `MULTI_WRITER' to output data (ID_ATTRIBUTE is `multi_writer_id')
2011-05-30 16:35:10|   1.3|  0.0|INFORM|Writer output will be ordered by value of multi_writer_id
2011-05-30 16:35:10|   1.3|  0.0|INFORM|FeltKalkulator_xPlode_Feltliste(ElementFactory): Using LEAN processing mode
2011-05-30 16:35:10|   1.3|  0.0|INFORM|ListExploder(ElementFactory): Using LEAN processing mode
2011-05-30 16:35:10|   1.3|  0.0|INFORM|Segmentering_ListExploder(ElementFactory): Using LEAN processing mode
2011-05-30 16:35:10|   1.3|  0.0|INFORM|Segmentering_EventOverlay_SegmentizeTable_4_LISTEXPLODER_6(ElementFactory): Using LEAN processing mode
2011-05-30 16:35:10|   1.3|  0.0|INFORM|Segmentering_EventOverlay_SegmentizeTable_3_LISTEXPLODER_6(ElementFactory): Using LEAN processing mode
2011-05-30 16:35:10|   1.3|  0.0|INFORM|Loaded module 'Geometry_func' from file 'C:\Programfiler\FME\plugins/Geometry_func.dll'
2011-05-30 16:35:10|   1.3|  0.0|INFORM|FME API version of module 'Geometry_func' matches current internal version (3.6 20110321)
2011-05-30 16:35:10|   1.3|  0.0|INFORM|Segmentering_Event_GeometryConnector_LISTEXPLODER(ElementFactory): Using LEAN processing mode
2011-05-30 16:35:10|   1.3|  0.0|INFORM|PotensielleSvingerestriksjoner_ListExploder_2(ElementFactory): Using LEAN processing mode
2011-05-30 16:35:10|   1.3|  0.0|INFORM|Loaded module 'SpatialRelationshipFactory' from file 'C:\Programfiler\FME\plugins/SpatialRelationshipFactory.dll'
2011-05-30 16:35:10|   1.3|  0.0|INFORM|FME API version of module 'SpatialRelationshipFactory' matches current internal version (3.6 20110321)
2011-05-30 16:35:10|   1.3|  0.0|INFORM|FME API version of module 'SpatialRelationshipFactory' matches current internal version (3.6 20110321)
2011-05-30 16:35:10|   1.3|  0.0|INFORM|Restriksjonsnoder_ListExploder_2(ElementFactory): Using LEAN processing mode
2011-05-30 16:35:10|   1.3|  0.0|INFORM|Restriksjonsnoder_ListExploder(ElementFactory): Using LEAN processing mode
2011-05-30 16:35:10|   1.3|  0.0|INFORM|FME Configuration: Using FME Reprojection Engine
2011-05-30 16:35:10|   1.3|  0.0|INFORM|Using FFS Reader $Revision: 77548 $ ( $Date: 2011-02-22 17:03:30 -0800 (Tue, 22 Feb 2011) $ ) to read features from FME Feature Stores in directory `C:\Programfiler\FME\Plugins\GDMMapper\Temp\'
2011-05-30 16:35:10|   1.3|  0.0|STATS |Restoring 4273 feature(s) from FME feature store file `C:\Programfiler\FME\Plugins\GDMMapper\Temp\C-_DATA_Kvalitetskontroller_Data_Geometrikontroll_20110511_0128Elveg_0128Elveg.SOS.ffs'
2011-05-30 16:35:10|   1.3|  0.0|INFORM|FME Configuration: Source coordinate system for reader R_1[FFS] set to `EPSG:25833' as read from input data
2011-05-30 16:35:10|   1.3|  0.0|INFORM|Coordinate System `EPSG:25833' parameters: CS_NAME=`ETRS89.UTM-33N' DESC_NM=`ETRS89 / UTM zone 33N' DT_NAME=`ETRF89' EPSG=`25833' GROUP=`UTMN' MAP_SCL=`1' PARM1=`15' PROJ=`TM' QUAD=`1' SCL_RED=`0.9996' SOURCE=`EPSG, V6.3, 25833 [Large and medium scale topographic mappi]' UNIT=`Meter' X_OFF=`500000' Y_OFF=`0.0' ZERO_X=`0.0001' ZERO_Y=`0.0001' 
2011-05-30 16:35:10|   1.3|  0.0|INFORM|Coordinate System `EPSG:25833' as OGC Well Known Text: PROJCS["ETRS89 / UTM zone 33N",GEOGCS["ETRS89",DATUM["European_Terrestrial_Reference_System_1989",SPHEROID["Geodetic Reference System of 1980",6378137,298.2572221009113,AUTHORITY["EPSG","7019"]],AUTHORITY["EPSG","6258"]],PRIMEM["Greenwich",0],UNIT["degree",0.0174532925199433],AUTHORITY["EPSG","4258"]],PROJECTION["Transverse_Mercator"],PARAMETER["latitude_of_origin",0],PARAMETER["central_meridian",15],PARAMETER["scale_factor",0.9996],PARAMETER["false_easting",500000],PARAMETER["false_northing",0],UNIT["Meter",1],AUTHORITY["EPSG","25833"]]
2011-05-30 16:35:10|   1.3|  0.0|WARN  |NOT changing coordinate system of reader identified by keyword `GDMMAPPERSOSI_1' from `EPSG:3045' to `EPSG:25833' -- mapping file setting of `EPSG:3045' overrides coordinate system `EPSG:25833' read from file
2011-05-30 16:35:11|   2.1|  0.8|INFORM|Reading source feature # 2500
2011-05-30 16:35:11|   2.1|  0.0|INFORM|FeltKalkulator_xPlode_Feltliste(ElementFactory): Processed 5000 elements with mode LEAN
2011-05-30 16:35:11|   2.6|  0.5|INFORM|GDMMapper - Lukker : C:\DATA\KVALITETSKONTROLLER\DATA\GEOMETRIKONTROLL_20110511\0128ELVEG\0128ELVEG.SOS
2011-05-30 16:35:11|   2.6|  0.0|INFORM|Trying to find a BUILTIN plugin for reader named `GDMMAPPERNVDB'
2011-05-30 16:35:11|   2.6|  0.0|INFORM|Trying to find a DYNAMIC plugin for reader named `GDMMAPPERNVDB'
2011-05-30 16:35:11|   2.6|  0.0|INFORM|FME Configuration: Source coordinate system for reader GDMMAPPERNVDB_1[GDMMAPPERNVDB] set to `EPSG:3045'
2011-05-30 16:35:11|   2.6|  0.0|INFORM|Coordinate System `EPSG:3045' parameters: CS_NAME=`ETRF89.TM33' DESC_NM=`ETRF89 / ETRS-TM33' DT_NAME=`ETRF89' EPSG=`3045' GROUP=`EUROPE' MAP_SCL=`1' MAX_LAT=`75' MAX_LNG=`18' MIN_LAT=`35.5' MIN_LNG=`12' PARM1=`15' PROJ=`TM' QUAD=`1' SCL_RED=`0.9996' SOURCE=`EPSG, V6.11.2, 3045 [European Commission Joint Research Cent]' UNIT=`Meter' X_OFF=`500000' ZERO_X=`0.001' ZERO_Y=`0.001' 
2011-05-30 16:35:11|   2.6|  0.0|INFORM|Coordinate System `EPSG:3045' as OGC Well Known Text: PROJCS["ETRF89 / ETRS-TM33",GEOGCS["ETRS89",DATUM["European_Terrestrial_Reference_System_1989",SPHEROID["Geodetic Reference System of 1980",6378137,298.2572221009113,AUTHORITY["EPSG","7019"]],AUTHORITY["EPSG","6258"]],PRIMEM["Greenwich",0],UNIT["degree",0.0174532925199433],AUTHORITY["EPSG","4258"]],PROJECTION["Transverse_Mercator"],PARAMETER["latitude_of_origin",0],PARAMETER["central_meridian",15],PARAMETER["scale_factor",0.9996],PARAMETER["false_easting",500000],PARAMETER["false_northing",0],UNIT["Meter",1],AUTHORITY["EPSG","3045"]]
2011-05-30 16:35:11|   2.6|  0.0|INFORM|Loaded module 'GDMMAPPERNVDB' from file 'C:\Programfiler\FME\plugins/GDMMAPPERNVDB.dll'
2011-05-30 16:35:11|   2.6|  0.0|WARN  |FME API version of module 'GDMMAPPERNVDB' is '3.6 20101014', which is older than the current with FME internal API version '3.6 20110321'.  An updated plug-in may be available from the provider.
2011-05-30 16:35:11|   2.6|  0.0|INFORM|GDMMapper - Åpner : C:\DATA\Kvalitetskontroller\Data\Geometrikontroll_20110511\NVDB\01_SkiltOppmerking.NVDB
2011-05-30 16:35:11|   2.7|  0.0|INFORM|Using FFS Reader $Revision: 77548 $ ( $Date: 2011-02-22 17:03:30 -0800 (Tue, 22 Feb 2011) $ ) to read features from FME Feature Stores in directory `C:\Programfiler\FME\Plugins\GDMMapper\Temp\'
2011-05-30 16:35:11|   2.7|  0.0|STATS |Restoring 8121 feature(s) from FME feature store file `C:\Programfiler\FME\Plugins\GDMMapper\Temp\C-_DATA_Kvalitetskontroller_Data_Geometrikontroll_20110511_NVDB_01_SkiltOppmerking.NVDB.ffs'
2011-05-30 16:35:11|   2.7|  0.0|INFORM|Reading source feature # 5000
2011-05-30 16:35:11|   2.9|  0.1|INFORM|Reading source feature # 7500
2011-05-30 16:35:12|   3.3|  0.4|INFORM|Reading source feature # 10000
2011-05-30 16:35:12|   3.6|  0.4|INFORM|GDMMapper - Lukker : C:\DATA\KVALITETSKONTROLLER\DATA\GEOMETRIKONTROLL_20110511\NVDB\01_SKILTOPPMERKING.NVDB
2011-05-30 16:35:12|   3.6|  0.0|INFORM|Trying to find a DYNAMIC plugin for reader named `CSV'
2011-05-30 16:35:12|   3.6|  0.0|INFORM|Loaded module 'CSV' from file 'C:\Programfiler\FME\plugins/CSV.dll'
2011-05-30 16:35:12|   3.6|  0.0|INFORM|FME API version of module 'CSV' matches current internal version (3.6 20110321)
2011-05-30 16:35:12|   3.7|  0.0|WARN  |CVS Reader: Failed to read the specified file(s) in the folder 'C:\DATA\Kvalitetskontroller\Data\Geometrikontroll_20110511\0128Elveg\0128Sving.txt\'
2011-05-30 16:35:12|   3.7|  0.0|INFORM|CSV Reader: Done reading CSV files in directory `C:\DATA\Kvalitetskontroller\Data\Geometrikontroll_20110511\0128Elveg\0128Sving.txt\'
2011-05-30 16:35:12|   3.7|  0.0|INFORM|Trying to find a DYNAMIC plugin for reader named `CSV'
2011-05-30 16:35:12|   3.7|  0.0|INFORM|FME API version of module 'CSV' matches current internal version (3.6 20110321)
2011-05-30 16:35:12|   3.7|  0.0|INFORM|CSV Reader: Opening CSV files in directory `C:\DATA\Kvalitetskontroller\Data\Geometrikontroll_20110511\0128Elveg/\'
2011-05-30 16:35:12|   3.7|  0.0|INFORM|CSV Reader: Separator Character: ';'
2011-05-30 16:35:12|   3.7|  0.0|INFORM|CSV Reader: Skip Duplicate Delimiters: no
2011-05-30 16:35:12|   3.7|  0.0|INFORM|CSV Reader: Strip Quotes From Fields: yes
2011-05-30 16:35:12|   3.7|  0.0|INFORM|CSV Reader: File Has Field Names: yes
2011-05-30 16:35:12|   3.7|  0.0|INFORM|CSV Reader: Field Names Follow Header: yes
2011-05-30 16:35:12|   3.7|  0.0|INFORM|CSV Reader: Number of Lines to Skip: 5
2011-05-30 16:35:12|   3.7|  0.0|INFORM|CSV Reader: Number of Footer Lines to Skip: 0
2011-05-30 16:35:12|   3.7|  0.0|WARN  |CSV Reader: A column name of 'col7' was used for the blank column name
2011-05-30 16:35:12|   3.7|  0.0|INFORM|CSV Reader: Opening dataset 'C:\DATA\Kvalitetskontroller\Data\Geometrikontroll_20110511\0128Elveg\0128Innkjoring.txt'
2011-05-30 16:35:12|   3.7|  0.0|INFORM|Using Tabular Reader $Revision: 67769 $ ( $Date: 2010-02-22 15:54:18 -0800 (Mon, 22 Feb 2010) $ ) to read files from directory `C:\DATA\Kvalitetskontroller\Data\Geometrikontroll_20110511\0128Elveg'
2011-05-30 16:35:12|   3.7|  0.0|INFORM|Stripping quotes around fields in CSV File `C:\DATA\Kvalitetskontroller\Data\Geometrikontroll_20110511\0128Elveg\0128Innkjoring.txt'
2011-05-30 16:35:12|   3.7|  0.0|INFORM|Opened Separated Value File C:\DATA\Kvalitetskontroller\Data\Geometrikontroll_20110511\0128Elveg\0128Innkjoring.txt for input with delimiter `;'
2011-05-30 16:35:12|   3.7|  0.0|INFORM|Skipped line `*0128*2011 VEGNETT*20110511*INNF*20110511*VDB SVNT*AHT' in CSV File `C:\DATA\Kvalitetskontroller\Data\Geometrikontroll_20110511\0128Elveg\0128Innkjoring.txt'
2011-05-30 16:35:12|   3.7|  0.0|INFORM|Skipped line `..Eksport-dato 20110511' in CSV File `C:\DATA\Kvalitetskontroller\Data\Geometrikontroll_20110511\0128Elveg\0128Innkjoring.txt'
2011-05-30 16:35:12|   3.7|  0.0|INFORM|Skipped line `' in CSV File `C:\DATA\Kvalitetskontroller\Data\Geometrikontroll_20110511\0128Elveg\0128Innkjoring.txt'
2011-05-30 16:35:12|   3.7|  0.0|INFORM|Skipped line `' in CSV File `C:\DATA\Kvalitetskontroller\Data\Geometrikontroll_20110511\0128Elveg\0128Innkjoring.txt'
2011-05-30 16:35:12|   3.7|  0.0|INFORM|Skipped line `Komm; TransID;kode;Fra;   Til;felt;Retning;' in CSV File `C:\DATA\Kvalitetskontroller\Data\Geometrikontroll_20110511\0128Elveg\0128Innkjoring.txt'
2011-05-30 16:35:12|   3.7|  0.0|INFORM|CSV Reader: Closing dataset 'C:\DATA\Kvalitetskontroller\Data\Geometrikontroll_20110511\0128Elveg\0128Innkjoring.txt'
2011-05-30 16:35:12|   3.7|  0.0|INFORM|CSV Reader: Done reading CSV files in directory `C:\DATA\Kvalitetskontroller\Data\Geometrikontroll_20110511\0128Elveg/\'
2011-05-30 16:35:12|   3.7|  0.0|INFORM|Trying to find a BUILTIN plugin for reader named `GDMMAPPERSOSI'
2011-05-30 16:35:12|   3.7|  0.0|INFORM|Trying to find a DYNAMIC plugin for reader named `GDMMAPPERSOSI'
2011-05-30 16:35:12|   3.7|  0.0|INFORM|FME Configuration: Source coordinate system for reader GDMMAPPERSOSI_2[GDMMAPPERSOSI] set to `EPSG:3045'
2011-05-30 16:35:12|   3.7|  0.0|INFORM|Coordinate System `EPSG:3045' parameters: CS_NAME=`ETRF89.TM33' DESC_NM=`ETRF89 / ETRS-TM33' DT_NAME=`ETRF89' EPSG=`3045' GROUP=`EUROPE' MAP_SCL=`1' MAX_LAT=`75' MAX_LNG=`18' MIN_LAT=`35.5' MIN_LNG=`12' PARM1=`15' PROJ=`TM' QUAD=`1' SCL_RED=`0.9996' SOURCE=`EPSG, V6.11.2, 3045 [European Commission Joint Research Cent]' UNIT=`Meter' X_OFF=`500000' ZERO_X=`0.001' ZERO_Y=`0.001' 
2011-05-30 16:35:12|   3.7|  0.0|INFORM|Coordinate System `EPSG:3045' as OGC Well Known Text: PROJCS["ETRF89 / ETRS-TM33",GEOGCS["ETRS89",DATUM["European_Terrestrial_Reference_System_1989",SPHEROID["Geodetic Reference System of 1980",6378137,298.2572221009113,AUTHORITY["EPSG","7019"]],AUTHORITY["EPSG","6258"]],PRIMEM["Greenwich",0],UNIT["degree",0.0174532925199433],AUTHORITY["EPSG","4258"]],PROJECTION["Transverse_Mercator"],PARAMETER["latitude_of_origin",0],PARAMETER["central_meridian",15],PARAMETER["scale_factor",0.9996],PARAMETER["false_easting",500000],PARAMETER["false_northing",0],UNIT["Meter",1],AUTHORITY["EPSG","3045"]]
2011-05-30 16:35:12|   3.7|  0.0|WARN  |FME API version of module 'GDMMAPPERSOSI' is '3.6 20101014', which is older than the current with FME internal API version '3.6 20110321'.  An updated plug-in may be available from the provider.
2011-05-30 16:35:12|   3.7|  0.0|INFORM|GDMMapper - Åpner : C:\DATA\Vektor\00\23-ADMGR\0000\SOSI\Kommuner-Norge.sos
2011-05-30 16:35:12|   3.8|  0.0|INFORM|Using FFS Reader $Revision: 77548 $ ( $Date: 2011-02-22 17:03:30 -0800 (Tue, 22 Feb 2011) $ ) to read features from FME Feature Stores in directory `C:\Programfiler\FME\Plugins\GDMMapper\Temp\'
2011-05-30 16:35:12|   3.8|  0.0|STATS |Restoring 165250 feature(s) from FME feature store file `C:\Programfiler\FME\Plugins\GDMMapper\Temp\C-_DATA_Vektor_00_23-ADMGR_0000_SOSI_Kommuner-Norge.sos.ffs'
2011-05-30 16:35:12|   3.8|  0.0|INFORM|FME Configuration: Source coordinate system for reader R_4[FFS] set to `EPSG:25833' as read from input data
2011-05-30 16:35:12|   3.8|  0.0|INFORM|Coordinate System `EPSG:25833' parameters: CS_NAME=`ETRS89.UTM-33N' DESC_NM=`ETRS89 / UTM zone 33N' DT_NAME=`ETRF89' EPSG=`25833' GROUP=`UTMN' MAP_SCL=`1' PARM1=`15' PROJ=`TM' QUAD=`1' SCL_RED=`0.9996' SOURCE=`EPSG, V6.3, 25833 [Large and medium scale topographic mappi]' UNIT=`Meter' X_OFF=`500000' Y_OFF=`0.0' ZERO_X=`0.0001' ZERO_Y=`0.0001' 
2011-05-30 16:35:12|   3.8|  0.0|INFORM|Coordinate System `EPSG:25833' as OGC Well Known Text: PROJCS["ETRS89 / UTM zone 33N",GEOGCS["ETRS89",DATUM["European_Terrestrial_Reference_System_1989",SPHEROID["Geodetic Reference System of 1980",6378137,298.2572221009113,AUTHORITY["EPSG","7019"]],AUTHORITY["EPSG","6258"]],PRIMEM["Greenwich",0],UNIT["degree",0.0174532925199433],AUTHORITY["EPSG","4258"]],PROJECTION["Transverse_Mercator"],PARAMETER["latitude_of_origin",0],PARAMETER["central_meridian",15],PARAMETER["scale_factor",0.9996],PARAMETER["false_easting",500000],PARAMETER["false_northing",0],UNIT["Meter",1],AUTHORITY["EPSG","25833"]]
2011-05-30 16:35:12|   3.8|  0.0|WARN  |NOT changing coordinate system of reader identified by keyword `GDMMAPPERSOSI_2' from `EPSG:3045' to `EPSG:25833' -- mapping file setting of `EPSG:3045' overrides coordinate system `EPSG:25833' read from file
2011-05-30 16:35:12|   3.8|  0.0|INFORM|Reading source feature # 12500
2011-05-30 16:35:12|   3.8|  0.1|INFORM|Reading source feature # 15000
2011-05-30 16:35:12|   3.9|  0.1|INFORM|Reading source feature # 17500
2011-05-30 16:35:13|   4.0|  0.1|INFORM|Reading source feature # 20000
2011-05-30 16:35:13|   4.1|  0.1|INFORM|Reading source feature # 22500
2011-05-30 16:35:13|   4.2|  0.1|INFORM|Reading source feature # 25000
2011-05-30 16:35:13|   4.2|  0.1|INFORM|Reading source feature # 27500
2011-05-30 16:35:13|   4.3|  0.1|INFORM|Reading source feature # 30000
2011-05-30 16:35:13|   4.4|  0.1|INFORM|Reading source feature # 32500
2011-05-30 16:35:13|   4.5|  0.1|INFORM|Reading source feature # 35000
2011-05-30 16:35:13|   4.6|  0.1|INFORM|Reading source feature # 37500
2011-05-30 16:35:13|   4.7|  0.1|INFORM|Reading source feature # 40000
2011-05-30 16:35:13|   4.8|  0.1|INFORM|Reading source feature # 42500
2011-05-30 16:35:13|   4.8|  0.1|INFORM|Reading source feature # 45000
2011-05-30 16:35:13|   4.9|  0.1|INFORM|Reading source feature # 47500
2011-05-30 16:35:14|   5.0|  0.1|INFORM|Reading source feature # 50000
2011-05-30 16:35:14|   5.1|  0.1|INFORM|Reading source feature # 52500
2011-05-30 16:35:14|   5.2|  0.1|INFORM|Reading source feature # 55000
2011-05-30 16:35:14|   5.3|  0.1|INFORM|Reading source feature # 57500
2011-05-30 16:35:14|   5.3|  0.1|INFORM|Reading source feature # 60000
2011-05-30 16:35:14|   5.4|  0.1|INFORM|Reading source feature # 62500
2011-05-30 16:35:14|   5.5|  0.1|INFORM|Reading source feature # 65000
2011-05-30 16:35:14|   5.6|  0.1|INFORM|Reading source feature # 67500
2011-05-30 16:35:14|   5.7|  0.1|INFORM|Reading source feature # 70000
2011-05-30 16:35:14|   5.8|  0.1|INFORM|Reading source feature # 72500
2011-05-30 16:35:14|   5.8|  0.1|INFORM|Reading source feature # 75000
2011-05-30 16:35:14|   5.9|  0.1|INFORM|Reading source feature # 77500
2011-05-30 16:35:15|   6.0|  0.1|INFORM|Reading source feature # 80000
2011-05-30 16:35:15|   6.1|  0.1|INFORM|Reading source feature # 82500
2011-05-30 16:35:15|   6.2|  0.1|INFORM|Reading source feature # 85000
2011-05-30 16:35:15|   6.3|  0.1|INFORM|Reading source feature # 87500
2011-05-30 16:35:15|   6.3|  0.1|INFORM|Reading source feature # 90000
2011-05-30 16:35:15|   6.4|  0.1|INFORM|Reading source feature # 92500
2011-05-30 16:35:15|   6.5|  0.1|INFORM|Reading source feature # 95000
2011-05-30 16:35:15|   6.6|  0.1|INFORM|Reading source feature # 97500
2011-05-30 16:35:15|   6.7|  0.1|INFORM|Reading source feature # 100000
2011-05-30 16:35:15|   6.8|  0.1|INFORM|Reading source feature # 102500
2011-05-30 16:35:15|   6.8|  0.1|INFORM|Reading source feature # 105000
2011-05-30 16:35:16|   6.9|  0.1|INFORM|Reading source feature # 107500
2011-05-30 16:35:16|   7.0|  0.1|INFORM|Reading source feature # 110000
2011-05-30 16:35:16|   7.1|  0.1|INFORM|Reading source feature # 112500
2011-05-30 16:35:16|   7.2|  0.1|INFORM|Reading source feature # 115000
2011-05-30 16:35:16|   7.3|  0.1|INFORM|Reading source feature # 117500
2011-05-30 16:35:16|   7.3|  0.1|INFORM|Reading source feature # 120000
2011-05-30 16:35:16|   7.4|  0.1|INFORM|Reading source feature # 122500
2011-05-30 16:35:16|   7.5|  0.1|INFORM|Reading source feature # 125000
2011-05-30 16:35:16|   7.6|  0.1|INFORM|Reading source feature # 127500
2011-05-30 16:35:16|   7.7|  0.1|INFORM|Reading source feature # 130000
2011-05-30 16:35:16|   7.8|  0.1|INFORM|Reading source feature # 132500
2011-05-30 16:35:16|   7.8|  0.1|INFORM|Reading source feature # 135000
2011-05-30 16:35:16|   7.9|  0.1|INFORM|Reading source feature # 137500
2011-05-30 16:35:17|   8.0|  0.1|INFORM|Reading source feature # 140000
2011-05-30 16:35:17|   8.1|  0.1|INFORM|Reading source feature # 142500
2011-05-30 16:35:17|   8.2|  0.1|INFORM|Reading source feature # 145000
2011-05-30 16:35:17|   8.3|  0.1|INFORM|Reading source feature # 147500
2011-05-30 16:35:17|   8.3|  0.1|INFORM|Reading source feature # 150000
2011-05-30 16:35:17|   8.4|  0.1|INFORM|Reading source feature # 152500
2011-05-30 16:35:17|   8.5|  0.1|INFORM|Reading source feature # 155000
2011-05-30 16:35:17|   8.6|  0.1|INFORM|Reading source feature # 157500
2011-05-30 16:35:17|   8.7|  0.1|INFORM|Reading source feature # 160000
2011-05-30 16:35:17|   8.8|  0.1|INFORM|Reading source feature # 162500
2011-05-30 16:35:17|   8.8|  0.1|INFORM|Reading source feature # 165000
2011-05-30 16:35:17|   8.9|  0.1|INFORM|Reading source feature # 167500
2011-05-30 16:35:18|   9.0|  0.1|INFORM|Reading source feature # 170000
2011-05-30 16:35:18|   9.1|  0.1|INFORM|Reading source feature # 172500
2011-05-30 16:35:18|   9.2|  0.1|INFORM|Reading source feature # 175000
2011-05-30 16:35:18|   9.3|  0.1|INFORM|Reading source feature # 177500
2011-05-30 16:35:18|   9.3|  0.0|INFORM|GDMMapper - Lukker : C:\DATA\VEKTOR\00\23-ADMGR\0000\SOSI\KOMMUNER-NORGE.SOS
2011-05-30 16:35:18|   9.3|  0.0|INFORM|MULTI_READER(MULTI_READER): Done reading 177744 features from 5 readers
2011-05-30 16:35:18|   9.3|  0.0|INFORM|Emptying factory pipeline
2011-05-30 16:35:18|   9.3|  0.0|STATS |CSV_1 Merger(TeeFactory): Cloned 0 input feature(s) into 0 output feature(s)
2011-05-30 16:35:18|   9.3|  0.0|STATS |CSV_2 Merger(TeeFactory): Cloned 100 input feature(s) into 100 output feature(s)
2011-05-30 16:35:18|   9.3|  0.0|STATS |Unexpected Input Remover(TestFactory): Tested 177744 input feature(s) -- 6418 feature(s) passed and 171326 feature(s) failed
2011-05-30 16:35:18|   9.3|  0.0|STATS |Source -> Generic(TeeFactory): Cloned 6418 input feature(s) into 6418 output feature(s)
2011-05-30 16:35:18|   9.3|  0.0|STATS |AttributeExposer(TeeFactory): Cloned 4004 input feature(s) into 4004 output feature(s)
2011-05-30 16:35:18|   9.3|  0.0|STATS |AttributeRenamer_3(TeeFactory): Cloned 4004 input feature(s) into 4004 output feature(s)
2011-05-30 16:35:18|   9.3|  0.0|STATS |NullAttributeReplacer(TeeFactory): Cloned 4004 input feature(s) into 4004 output feature(s)
2011-05-30 16:35:18|   9.3|  0.0|STATS |TestFilter_2(TeeFactory): Cloned 4004 input feature(s) into 4004 output feature(s)
2011-05-30 16:35:18|   9.3|  0.0|STATS |TestFilter_2_TestFactory_0(TestFactory): Tested 4004 input feature(s) -- 0 feature(s) passed and 4004 feature(s) failed
2011-05-30 16:35:18|   9.3|  0.0|STATS |TestFilter_2_UNFILTERED(TeeFactory): Cloned 4004 input feature(s) into 4004 output feature(s)
2011-05-30 16:35:18|   9.3|  0.0|STATS |TestFilter_2 Mangler<space>vegreferanse Output Nuker(TeeFactory): Cloned 0 input feature(s) into 0 output feature(s)
2011-05-30 16:35:18|   9.3|  0.0|STATS |FeltKalkulator FeltListe Input Collector(TeeFactory): Cloned 4004 input feature(s) into 4004 output feature(s)
2011-05-30 16:35:18|   9.3|  0.0|STATS |FeltKalkulator_FeltListe Input Splitter(TeeFactory): Cloned 4004 input feature(s) into 4004 output feature(s)
2011-05-30 16:35:18|   9.3|  0.0|STATS |FeltKalkulator_Counter(TeeFactory): Cloned 4004 input feature(s) into 4004 output feature(s)
2011-05-30 16:35:18|   9.3|  0.0|STATS |FeltKalkulator_Counter OUTPUT Splitter(TeeFactory): Cloned 4004 input feature(s) into 8008 output feature(s)
2011-05-30 16:35:18|   9.3|  0.0|STATS |FeltKalkulator_FeltListe(TeeFactory): Cloned 4004 input feature(s) into 4004 output feature(s)
2011-05-30 16:35:18|   9.3|  0.0|STATS |FeltKalkulator_xPlode_Feltliste(ElementFactory): Split out 7912 list elements from 4004 input features, using mode LEAN
2011-05-30 16:35:18|   9.3|  0.0|STATS |FeltKalkulator_FjernTekst(TeeFactory): Cloned 7912 input feature(s) into 7912 output feature(s)
2011-05-30 16:35:18|   9.3|  0.0|STATS |FeltKalkulator_AttributeClassifier(TestFactory): Tested 7912 input feature(s) -- 7912 feature(s) passed and 0 feature(s) failed
2011-05-30 16:35:18|   9.3|  0.0|STATS |FeltKalkulator_AttributeSetter(TeeFactory): Cloned 0 input feature(s) into 0 output feature(s)
2011-05-30 16:35:18|   9.3|  0.0|STATS |FeltKalkulator_PartallTest(TeeFactory): Cloned 7912 input feature(s) into 7912 output feature(s)
2011-05-30 16:35:18|   9.3|  0.0|STATS |FeltKalkulator_Splitt_på_feltretning(TestFactory): Tested 7912 input feature(s) -- 3946 feature(s) passed and 3966 feature(s) failed
2011-05-30 16:35:18|   9.3|  0.0|STATS |FeltKalkulator_OddeTallList_fme_type_remover(TeeFactory): Cloned 3966 input feature(s) into 3966 output feature(s)
2011-05-30 16:35:18|   9.5|  0.2|STATS |FeltKalkulator_OddeTallList(ListFactory): Combined 3966 input feature(s) into 3965 output feature(s), including 0 singleton(s)
2011-05-30 16:35:18|   9.5|  0.0|STATS |FeltKalkulator_LISTELEMENTCOUNTER_2(TeeFactory): Cloned 3965 input feature(s) into 3965 output feature(s)
2011-05-30 16:35:18|   9.5|  0.0|STATS |FeltKalkulator_LISTREMOVER_2(TeeFactory): Cloned 3965 input feature(s) into 3965 output feature(s)
2011-05-30 16:35:18|   9.5|  0.0|STATS |FeltKalkulator_PartallList_fme_type_remover(TeeFactory): Cloned 3946 input feature(s) into 3946 output feature(s)
2011-05-30 16:35:18|   9.7|  0.2|STATS |FeltKalkulator_PartallList(ListFactory): Combined 3946 input feature(s) into 3943 output feature(s), including 0 singleton(s)
2011-05-30 16:35:18|   9.7|  0.0|STATS |FeltKalkulator_LISTELEMENTCOUNTER(TeeFactory): Cloned 3943 input feature(s) into 3943 output feature(s)
2011-05-30 16:35:18|   9.7|  0.0|STATS |FeltKalkulator_LISTREMOVER(TeeFactory): Cloned 3943 input feature(s) into 3943 output feature(s)
2011-05-30 16:35:18|   9.8|  0.1|INFORM|FeltKalkulator_FEATUREMERGER_4(ReferenceFactory): Completed 100% of intermediate processing
2011-05-30 16:35:18|   9.8|  0.0|STATS |FeltKalkulator_FEATUREMERGER_4(ReferenceFactory): Total Results: 3904 Complete Feature(s), 39 Incomplete Feature(s), 3904 Referenced Feature(s), 61 Unreferenced Feature(s), 0 Referencer Feature(s) (NO REFERENCES), 0 Referencee Feature(s) (NO Referencee fields defined), and 0 Duplicate Referencee Feature(s)
2011-05-30 16:35:19|  10.2|  0.4|INFORM|FeltKalkulator_FEATUREMERGER_2(ReferenceFactory): Completed 100% of intermediate processing
2011-05-30 16:35:19|  10.2|  0.0|STATS |FeltKalkulator_FEATUREMERGER_2(ReferenceFactory): Total Results: 4004 Complete Feature(s), 0 Incomplete Feature(s), 4004 Referenced Feature(s), 0 Unreferenced Feature(s), 0 Referencer Feature(s) (NO REFERENCES), 0 Referencee Feature(s) (NO Referencee fields defined), and 0 Duplicate Referencee Feature(s)
2011-05-30 16:35:19|  10.2|  0.0|STATS |FeltKalkulator_NULLATTRIBUTEREPLACER_2(TeeFactory): Cloned 4004 input feature(s) into 4004 output feature(s)
2011-05-30 16:35:19|  10.2|  0.0|STATS |FeltKalkulator_EXPRESSIONEVALUATOR(TeeFactory): Cloned 4004 input feature(s) into 4004 output feature(s)
2011-05-30 16:35:19|  10.2|  0.0|STATS |FeltKalkulator_AttributeRemover(TeeFactory): Cloned 4004 input feature(s) into 4004 output feature(s)
2011-05-30 16:35:19|  10.2|  0.0|STATS |FeltKalkulator_FeltTelling Output Collector(TeeFactory): Cloned 4004 input feature(s) into 4004 output feature(s)
2011-05-30 16:35:19|  10.2|  0.0|STATS |FeltKalkulator FeltTelling Output Renamer/Nuker(TeeFactory): Cloned 4004 input feature(s) into 4004 output feature(s)
2011-05-30 16:35:19|  10.2|  0.0|STATS |StringFormatter(TeeFactory): Cloned 4004 input feature(s) into 4004 output feature(s)
2011-05-30 16:35:19|  10.2|  0.0|STATS |StringFormatter_2(TeeFactory): Cloned 4004 input feature(s) into 4004 output feature(s)
2011-05-30 16:35:19|  10.2|  0.0|STATS |StringConcatenator(TeeFactory): Cloned 4004 input feature(s) into 4004 output feature(s)
2011-05-30 16:35:19|  10.2|  0.0|STATS |ListExploder(ElementFactory): Split out 1854 list elements from 1841 input features, using mode LEAN
2011-05-30 16:35:19|  10.2|  0.0|STATS |AttributeFilter(TestFactory): Tested 1855 input feature(s) -- 827 feature(s) passed and 1028 feature(s) failed
2011-05-30 16:35:19|  10.2|  0.0|STATS |AttributeFilter_BlankFilter(TestFactory): Tested 1028 input feature(s) -- 0 feature(s) passed and 1028 feature(s) failed
2011-05-30 16:35:19|  10.2|  0.0|STATS |AttributeFilter <BLANK> Output Nuker(TeeFactory): Cloned 0 input feature(s) into 0 output feature(s)
2011-05-30 16:35:19|  10.2|  0.0|STATS |AttributeFilter <UNFILTERED> Output Nuker(TeeFactory): Cloned 1028 input feature(s) into 0 output feature(s)
2011-05-30 16:35:19|  10.2|  0.0|STATS |AttributeRenamer(TeeFactory): Cloned 827 input feature(s) into 827 output feature(s)
2011-05-30 16:35:19|  10.2|  0.0|STATS |TestFilter(TeeFactory): Cloned 827 input feature(s) into 827 output feature(s)
2011-05-30 16:35:19|  10.2|  0.0|STATS |TestFilter_TestFactory_0(TestFactory): Tested 827 input feature(s) -- 827 feature(s) passed and 0 feature(s) failed
2011-05-30 16:35:19|  10.2|  0.0|STATS |TestFilter_UNFILTERED(TeeFactory): Cloned 0 input feature(s) into 0 output feature(s)
2011-05-30 16:35:19|  10.2|  0.0|STATS |TestFilter <UNFILTERED> Output Nuker(TeeFactory): Cloned 0 input feature(s) into 0 output feature(s)
2011-05-30 16:35:19|  10.2|  0.0|STATS |AttributeCopier(TeeFactory): Cloned 827 input feature(s) into 827 output feature(s)
2011-05-30 16:35:19|  10.2|  0.0|STATS |StringFormatter_3(TeeFactory): Cloned 827 input feature(s) into 827 output feature(s)
2011-05-30 16:35:19|  10.2|  0.0|STATS |StringFormatter_4(TeeFactory): Cloned 827 input feature(s) into 827 output feature(s)
2011-05-30 16:35:19|  10.2|  0.0|STATS |StringConcatenator_2(TeeFactory): Cloned 827 input feature(s) into 827 output feature(s)
2011-05-30 16:35:19|  10.2|  0.0|STATS |StringConcatenator_2 OUTPUT Splitter(TeeFactory): Cloned 827 input feature(s) into 1654 output feature(s)
2011-05-30 16:35:19|  10.2|  0.0|STATS |Segmentering Transportlenker Input Collector(TeeFactory): Cloned 4004 input feature(s) into 4004 output feature(s)
2011-05-30 16:35:19|  10.2|  0.0|STATS |Segmentering Oppmerking Input Collector(TeeFactory): Cloned 827 input feature(s) into 827 output feature(s)
2011-05-30 16:35:19|  10.2|  0.0|STATS |Segmentering_Oppmerking Input Splitter(TeeFactory): Cloned 827 input feature(s) into 2481 output feature(s)
2011-05-30 16:35:19|  10.2|  0.0|STATS |Segmentering_Transportlenker Input Splitter(TeeFactory): Cloned 4004 input feature(s) into 4004 output feature(s)
2011-05-30 16:35:19|  10.2|  0.0|STATS |Segmentering_AttributeKeeper(TeeFactory): Cloned 827 input feature(s) into 827 output feature(s)
2011-05-30 16:35:19|  10.2|  0.0|STATS |Segmentering_AttributePrefixer(TeeFactory): Cloned 827 input feature(s) into 827 output feature(s)
2011-05-30 16:35:19|  10.5|  0.4|INFORM|Segmentering_FeatureMerger(ReferenceFactory): Completed 100% of intermediate processing
2011-05-30 16:35:19|  10.5|  0.0|STATS |Segmentering_FeatureMerger(ReferenceFactory): Total Results: 282 Complete Feature(s), 3722 Incomplete Feature(s), 51 Referenced Feature(s), 776 Unreferenced Feature(s), 0 Referencer Feature(s) (NO REFERENCES), 0 Referencee Feature(s) (NO Referencee fields defined), and 0 Duplicate Referencee Feature(s)
2011-05-30 16:35:19|  10.5|  0.0|STATS |Segmentering_FeatureMerger COMPLETE Splitter(TeeFactory): Cloned 282 input feature(s) into 564 output feature(s)
2011-05-30 16:35:19|  10.5|  0.0|STATS |Segmentering_ListExploder(ElementFactory): Split out 2564 list elements from 282 input features, using mode LEAN
2011-05-30 16:35:19|  10.5|  0.0|STATS |Segmentering_TestFilter(TeeFactory): Cloned 2564 input feature(s) into 2564 output feature(s)
2011-05-30 16:35:19|  10.5|  0.0|STATS |Segmentering_TestFilter_TestFactory_0(TestFactory): Tested 2564 input feature(s) -- 99 feature(s) passed and 2465 feature(s) failed
2011-05-30 16:35:19|  10.5|  0.0|STATS |Segmentering_TestFilter_UNFILTERED(TeeFactory): Cloned 2465 input feature(s) into 2465 output feature(s)
2011-05-30 16:35:19|  10.5|  0.0|STATS |Segmentering_TestFilter <UNFILTERED> Output Nuker(TeeFactory): Cloned 2465 input feature(s) into 0 output feature(s)
2011-05-30 16:35:19|  10.5|  0.0|STATS |Segmentering_DuplicateRemover_3_Match_Value_Extractor(TeeFactory): Cloned 99 input feature(s) into 99 output feature(s)
2011-05-30 16:35:19|  10.5|  0.0|STATS |Segmentering_DuplicateRemover_3(TestFactory): Tested 99 input feature(s) -- 58 feature(s) passed and 41 feature(s) failed
2011-05-30 16:35:19|  10.5|  0.0|STATS |Segmentering_DuplicateRemover_3 UNIQUE Splitter(TeeFactory): Cloned 41 input feature(s) into 123 output feature(s)
2011-05-30 16:35:19|  10.6|  0.0|INFORM|Segmentering_FeatureMerger_2(ReferenceFactory): Completed 100% of intermediate processing
2011-05-30 16:35:19|  10.6|  0.0|STATS |Segmentering_FeatureMerger_2(ReferenceFactory): Total Results: 41 Complete Feature(s), 0 Incomplete Feature(s), 41 Referenced Feature(s), 241 Unreferenced Feature(s), 0 Referencer Feature(s) (NO REFERENCES), 0 Referencee Feature(s) (NO Referencee fields defined), and 0 Duplicate Referencee Feature(s)
2011-05-30 16:35:19|  10.6|  0.0|STATS |Segmentering_DuplicateRemover_2_Match_Value_Extractor(TeeFactory): Cloned 41 input feature(s) into 41 output feature(s)
2011-05-30 16:35:19|  10.6|  0.0|STATS |Segmentering_DuplicateRemover_2(TestFactory): Tested 41 input feature(s) -- 0 feature(s) passed and 41 feature(s) failed
2011-05-30 16:35:19|  10.6|  0.0|STATS |Segmentering_AttributeRemover_2(TeeFactory): Cloned 41 input feature(s) into 41 output feature(s)
2011-05-30 16:35:19|  10.6|  0.0|STATS |Segmentering_StringConcatenator_3(TeeFactory): Cloned 41 input feature(s) into 41 output feature(s)
2011-05-30 16:35:19|  10.6|  0.0|STATS |Segmentering_StringConcatenator_3 OUTPUT Splitter(TeeFactory): Cloned 41 input feature(s) into 82 output feature(s)
2011-05-30 16:35:19|  10.6|  0.0|STATS |Segmentering_Segmenter Event_Tables Input Collector(TeeFactory): Cloned 868 input feature(s) into 868 output feature(s)
2011-05-30 16:35:19|  10.6|  0.0|STATS |Segmentering_Segmenter_Event_Tables Input Splitter(TeeFactory): Cloned 868 input feature(s) into 868 output feature(s)
2011-05-30 16:35:19|  10.6|  0.0|STATS |Segmentering_Segmenter_RoadLinkID_Creator(TeeFactory): Cloned 868 input feature(s) into 868 output feature(s)
2011-05-30 16:35:19|  10.6|  0.0|STATS |Segmentering_Segmenter_RoadLinkID_Setter(TeeFactory): Cloned 868 input feature(s) into 868 output feature(s)
2011-05-30 16:35:19|  10.6|  0.0|STATS |Segmentering_Segmenter_FromVal_Setter(TeeFactory): Cloned 868 input feature(s) into 868 output feature(s)
2011-05-30 16:35:19|  10.6|  0.0|STATS |Segmentering_Segmenter_ToVal_Setter(TeeFactory): Cloned 868 input feature(s) into 868 output feature(s)
2011-05-30 16:35:19|  10.6|  0.0|STATS |Segmentering_Segmenter_ToVal_Setter OUTPUT Splitter(TeeFactory): Cloned 868 input feature(s) into 1736 output feature(s)
2011-05-30 16:35:19|  10.6|  0.0|STATS |Segmentering_Segmenter_ATTRIBUTERENAMER_4(TeeFactory): Cloned 868 input feature(s) into 868 output feature(s)
2011-05-30 16:35:19|  10.6|  0.0|STATS |Segmentering_Segmenter_ATTRIBUTERENAMER_3(TeeFactory): Cloned 868 input feature(s) into 868 output feature(s)
2011-05-30 16:35:19|  10.6|  0.0|STATS |Segmentering_Segmenter_StringFormatter_2(TeeFactory): Cloned 1736 input feature(s) into 1736 output feature(s)
2011-05-30 16:35:19|  10.6|  0.0|INFORM|Segmentering_Segmenter_Sorter(SortFactory): Starting sorting 1736 feature(s)
2011-05-30 16:35:19|  10.6|  0.0|INFORM|Segmentering_Segmenter_Sorter(SortFactory): Done sorting 1736 feature(s)
2011-05-30 16:35:19|  10.6|  0.0|STATS |Segmentering_Segmenter_Sorter(SortFactory): Sorted 1736 feature(s)
2011-05-30 16:35:19|  10.6|  0.0|STATS |Segmentering_Segmenter_ListBuilder_fme_type_remover(TeeFactory): Cloned 1736 input feature(s) into 1736 output feature(s)
2011-05-30 16:35:28|  19.2|  8.6|STATS |Segmentering_Segmenter_ListBuilder(ListFactory): Combined 1736 input feature(s) into 82 output feature(s), including 0 singleton(s)
2011-05-30 16:35:28|  19.2|  0.0|STATS |Segmentering_Segmenter_ListDuplicateRemover(TeeFactory): Cloned 82 input feature(s) into 82 output feature(s)
2011-05-30 16:35:28|  19.2|  0.0|STATS |Segmentering_Segmenter_ListElementCounter(TeeFactory): Cloned 82 input feature(s) into 82 output feature(s)
2011-05-30 16:35:28|  19.2|  0.0|STATS |Segmentering_Segmenter_ListIndexer(TestFactory): Tested 82 input feature(s) -- 82 feature(s) passed and 0 feature(s) failed
2011-05-30 16:35:28|  19.2|  0.0|STATS |Segmentering_Segmenter_AttributeRenamer(TeeFactory): Cloned 82 input feature(s) into 82 output feature(s)
2011-05-30 16:35:28|  19.2|  0.0|STATS |Segmentering_Segmenter_TestFilter(TeeFactory): Cloned 82 input feature(s) into 82 output feature(s)
2011-05-30 16:35:28|  19.2|  0.0|STATS |Segmentering_Segmenter_TestFilter_TestFactory_0(TestFactory): Tested 82 input feature(s) -- 10 feature(s) passed and 72 feature(s) failed
2011-05-30 16:35:28|  19.2|  0.0|STATS |Segmentering_Segmenter_TestFilter_TestFactory_1(TestFactory): Tested 72 input feature(s) -- 71 feature(s) passed and 1 feature(s) failed
2011-05-30 16:35:28|  19.2|  0.0|STATS |Segmentering_Segmenter_TestFilter_UNFILTERED(TeeFactory): Cloned 1 input feature(s) into 1 output feature(s)
2011-05-30 16:35:28|  19.2|  0.0|STATS |Segmentering_Segmenter_TestFilter <UNFILTERED> Output Nuker(TeeFactory): Cloned 1 input feature(s) into 0 output feature(s)
2011-05-30 16:35:28|  19.2|  0.0|STATS |Segmentering_Segmenter_AttributeCreator(TeeFactory): Cloned 81 input feature(s) into 81 output feature(s)
2011-05-30 16:35:28|  19.2|  0.0|STATS |Segmentering_Segmenter_ExpressionEvaluator(TeeFactory): Cloned 81 input feature(s) into 81 output feature(s)
2011-05-30 16:35:28|  19.2|  0.0|STATS |Segmentering_Segmenter_SegmentLoop INPUT Input Collector(TeeFactory): Cloned 81 input feature(s) into 81 output feature(s)
2011-05-30 16:35:28|  19.2|  0.0|STATS |Segmentering_Segmenter_SegmentLoop_INPUT Input Splitter(TeeFactory): Cloned 1031 input feature(s) into 1031 output feature(s)
2011-05-30 16:35:28|  19.2|  0.0|STATS |Segmentering_Segmenter_SegmentLoop_ListIndexer_2(TestFactory): Tested 1031 input feature(s) -- 1031 feature(s) passed and 0 feature(s) failed
2011-05-30 16:35:28|  19.2|  0.0|STATS |Segmentering_Segmenter_SegmentLoop_AttributeRenamer_2(TeeFactory): Cloned 1031 input feature(s) into 1031 output feature(s)
2011-05-30 16:35:28|  19.2|  0.0|STATS |Segmentering_Segmenter_SegmentLoop_AttributeRenamer_2 OUTPUT Splitter(TeeFactory): Cloned 1031 input feature(s) into 2062 output feature(s)
2011-05-30 16:35:28|  19.2|  0.0|STATS |Segmentering_Segmenter_SegmentLoop_ExpressionEvaluator(TeeFactory): Cloned 1031 input feature(s) into 1031 output feature(s)
2011-05-30 16:35:28|  19.2|  0.0|STATS |Segmentering_Segmenter_SegmentLoop_TestFilter(TeeFactory): Cloned 1031 input feature(s) into 1031 output feature(s)
2011-05-30 16:35:28|  19.2|  0.0|STATS |Segmentering_Segmenter_SegmentLoop_TestFilter_TestFactory_0(TestFactory): Tested 1031 input feature(s) -- 81 feature(s) passed and 950 feature(s) failed
2011-05-30 16:35:28|  19.2|  0.0|STATS |Segmentering_Segmenter_SegmentLoop_TestFilter_UNFILTERED(TeeFactory): Cloned 950 input feature(s) into 950 output feature(s)
2011-05-30 16:35:28|  19.2|  0.0|STATS |Segmentering_Segmenter_SegmentLoop_TestFilter _next<space><gt><space>_segCount Output Nuker(TeeFactory): Cloned 81 input feature(s) into 0 output feature(s)
2011-05-30 16:35:28|  19.2|  0.0|STATS |Segmentering_Segmenter_SegmentLoop_AttributeSetter(TeeFactory): Cloned 950 input feature(s) into 950 output feature(s)
2011-05-30 16:35:28|  19.2|  0.0|STATS |Segmentering_Segmenter_SegmentLoop_AttributeSetter_2(TeeFactory): Cloned 950 input feature(s) into 950 output feature(s)
2011-05-30 16:35:28|  19.2|  0.0|STATS |Segmentering_Segmenter_SegmentLoop_AttributeRemover(TeeFactory): Cloned 950 input feature(s) into 950 output feature(s)
2011-05-30 16:35:28|  19.2|  0.0|STATS |Loop to Segmentering_Segmenter_SegmentLoop_INPUT Input Splitter(BranchingFactory): Branched 950 input features -- 950 features routed to the target factory, and 0 features routed to the fallback factory.
2011-05-30 16:35:28|  19.2|  0.0|STATS |Segmentering_Segmenter_SegmentLoop_OUTPUT Output Collector(TeeFactory): Cloned 1031 input feature(s) into 1031 output feature(s)
2011-05-30 16:35:28|  19.2|  0.0|STATS |Segmentering_Segmenter_SegmentLoop OUTPUT Output Renamer/Nuker(TeeFactory): Cloned 1031 input feature(s) into 1031 output feature(s)
2011-05-30 16:35:28|  19.2|  0.0|STATS |Segmentering_Segmenter_AttributeKeeper(TeeFactory): Cloned 1031 input feature(s) into 1031 output feature(s)
2011-05-30 16:35:28|  19.2|  0.0|STATS |Segmentering_Segmenter_CONCATENATOR_3(TeeFactory): Cloned 1031 input feature(s) into 1031 output feature(s)
2011-05-30 16:35:28|  19.2|  0.0|STATS |Segmentering_Segmenter_Unique_Segment_List Output Collector(TeeFactory): Cloned 1031 input feature(s) into 1031 output feature(s)
2011-05-30 16:35:28|  19.2|  0.0|STATS |Segmentering_Segmenter Unique_Segment_List Output Renamer/Nuker(TeeFactory): Cloned 1031 input feature(s) into 1031 output feature(s)
2011-05-30 16:35:28|  19.2|  0.0|STATS |Segmentering_Segmenter Unique_Segment_List Splitter(TeeFactory): Cloned 1031 input feature(s) into 2062 output feature(s)
2011-05-30 16:35:28|  19.2|  0.0|STATS |Segmentering_EventOverlay_SegmentizeTable_4 Event_table Input Collector(TeeFactory): Cloned 41 input feature(s) into 41 output feature(s)
2011-05-30 16:35:28|  19.2|  0.0|STATS |Segmentering_EventOverlay_SegmentizeTable_4 SegmentList Input Collector(TeeFactory): Cloned 1031 input feature(s) into 1031 output feature(s)
2011-05-30 16:35:28|  19.2|  0.0|STATS |Segmentering_EventOverlay_SegmentizeTable_4_Event_table Input Splitter(TeeFactory): Cloned 41 input feature(s) into 41 output feature(s)
2011-05-30 16:35:28|  19.2|  0.0|STATS |Segmentering_EventOverlay_SegmentizeTable_4_SegmentList Input Splitter(TeeFactory): Cloned 1031 input feature(s) into 1031 output feature(s)
2011-05-30 16:35:28|  19.2|  0.0|STATS |Segmentering_EventOverlay_SegmentizeTable_4_segTableAttributes_Creator(TeeFactory): Cloned 1031 input feature(s) into 1031 output feature(s)
2011-05-30 16:35:28|  19.2|  0.0|STATS |Segmentering_EventOverlay_SegmentizeTable_4_segRoadLinkID_Setter(TeeFactory): Cloned 1031 input feature(s) into 1031 output feature(s)
2011-05-30 16:35:28|  19.2|  0.0|STATS |Segmentering_EventOverlay_SegmentizeTable_4_segFromVal_Setter(TeeFactory): Cloned 1031 input feature(s) into 1031 output feature(s)
2011-05-30 16:35:28|  19.2|  0.0|STATS |Segmentering_EventOverlay_SegmentizeTable_4_segToVal_Setter(TeeFactory): Cloned 1031 input feature(s) into 1031 output feature(s)
2011-05-30 16:35:28|  19.2|  0.0|STATS |Segmentering_EventOverlay_SegmentizeTable_4_eventAttributes_Creator(TeeFactory): Cloned 41 input feature(s) into 41 output feature(s)
2011-05-30 16:35:28|  19.2|  0.0|STATS |Segmentering_EventOverlay_SegmentizeTable_4_eventRoadLinkID_Setter(TeeFactory): Cloned 41 input feature(s) into 41 output feature(s)
2011-05-30 16:35:28|  19.2|  0.0|STATS |Segmentering_EventOverlay_SegmentizeTable_4_eventFromVal_Setter(TeeFactory): Cloned 41 input feature(s) into 41 output feature(s)
2011-05-30 16:35:28|  19.2|  0.0|STATS |Segmentering_EventOverlay_SegmentizeTable_4_eventToVal_Setter(TeeFactory): Cloned 41 input feature(s) into 41 output feature(s)
2011-05-30 16:35:28|  19.3|  0.1|INFORM|Segmentering_EventOverlay_SegmentizeTable_4_FEATUREMERGER_9(ReferenceFactory): Completed 100% of intermediate processing
2011-05-30 16:35:28|  19.4|  0.1|STATS |Segmentering_EventOverlay_SegmentizeTable_4_FEATUREMERGER_9(ReferenceFactory): Total Results: 41 Complete Feature(s), 0 Incomplete Feature(s), 68 Referenced Feature(s), 963 Unreferenced Feature(s), 0 Referencer Feature(s) (NO REFERENCES), 0 Referencee Feature(s) (NO Referencee fields defined), and 0 Duplicate Referencee Feature(s)
2011-05-30 16:35:28|  19.4|  0.0|STATS |Segmentering_EventOverlay_SegmentizeTable_4_LISTEXPLODER_6(ElementFactory): Split out 656 list elements from 41 input features, using mode LEAN
2011-05-30 16:35:28|  19.4|  0.0|STATS |Segmentering_EventOverlay_SegmentizeTable_4_STRINGFORMATTER_14(TeeFactory): Cloned 656 input feature(s) into 656 output feature(s)
2011-05-30 16:35:28|  19.4|  0.0|STATS |Segmentering_EventOverlay_SegmentizeTable_4_STRINGFORMATTER_15(TeeFactory): Cloned 656 input feature(s) into 656 output feature(s)
2011-05-30 16:35:28|  19.4|  0.0|STATS |Segmentering_EventOverlay_SegmentizeTable_4_STRINGFORMATTER_12(TeeFactory): Cloned 656 input feature(s) into 656 output feature(s)
2011-05-30 16:35:28|  19.4|  0.0|STATS |Segmentering_EventOverlay_SegmentizeTable_4_STRINGFORMATTER_13(TeeFactory): Cloned 656 input feature(s) into 656 output feature(s)
2011-05-30 16:35:28|  19.4|  0.0|STATS |Segmentering_EventOverlay_SegmentizeTable_4_included_segments(TestFactory): Tested 656 input feature(s) -- 109 feature(s) passed and 547 feature(s) failed
2011-05-30 16:35:28|  19.4|  0.0|STATS |Segmentering_EventOverlay_SegmentizeTable_4_ATTRIBUTEREMOVER_2(TeeFactory): Cloned 109 input feature(s) into 109 output feature(s)
2011-05-30 16:35:28|  19.4|  0.0|STATS |Segmentering_EventOverlay_SegmentizeTable_4_Segmented Output Collector(TeeFactory): Cloned 109 input feature(s) into 109 output feature(s)
2011-05-30 16:35:28|  19.4|  0.0|STATS |Segmentering_EventOverlay_SegmentizeTable_4 Segmented Output Renamer/Nuker(TeeFactory): Cloned 109 input feature(s) into 109 output feature(s)
2011-05-30 16:35:28|  19.4|  0.0|STATS |Segmentering_EventOverlay_SegmentizeTable_3 Event_table Input Collector(TeeFactory): Cloned 827 input feature(s) into 827 output feature(s)
2011-05-30 16:35:28|  19.4|  0.0|STATS |Segmentering_EventOverlay_SegmentizeTable_3 SegmentList Input Collector(TeeFactory): Cloned 1031 input feature(s) into 1031 output feature(s)
2011-05-30 16:35:28|  19.4|  0.0|STATS |Segmentering_EventOverlay_SegmentizeTable_3_Event_table Input Splitter(TeeFactory): Cloned 827 input feature(s) into 827 output feature(s)
2011-05-30 16:35:28|  19.4|  0.0|STATS |Segmentering_EventOverlay_SegmentizeTable_3_SegmentList Input Splitter(TeeFactory): Cloned 1031 input feature(s) into 1031 output feature(s)
2011-05-30 16:35:28|  19.4|  0.0|STATS |Segmentering_EventOverlay_SegmentizeTable_3_segTableAttributes_Creator(TeeFactory): Cloned 1031 input feature(s) into 1031 output feature(s)
2011-05-30 16:35:28|  19.4|  0.0|STATS |Segmentering_EventOverlay_SegmentizeTable_3_segRoadLinkID_Setter(TeeFactory): Cloned 1031 input feature(s) into 1031 output feature(s)
2011-05-30 16:35:28|  19.4|  0.0|STATS |Segmentering_EventOverlay_SegmentizeTable_3_segFromVal_Setter(TeeFactory): Cloned 1031 input feature(s) into 1031 output feature(s)
2011-05-30 16:35:28|  19.4|  0.0|STATS |Segmentering_EventOverlay_SegmentizeTable_3_segToVal_Setter(TeeFactory): Cloned 1031 input feature(s) into 1031 output feature(s)
2011-05-30 16:35:28|  19.4|  0.0|STATS |Segmentering_EventOverlay_SegmentizeTable_3_eventAttributes_Creator(TeeFactory): Cloned 827 input feature(s) into 827 output feature(s)
2011-05-30 16:35:28|  19.4|  0.0|STATS |Segmentering_EventOverlay_SegmentizeTable_3_eventRoadLinkID_Setter(TeeFactory): Cloned 827 input feature(s) into 827 output feature(s)
2011-05-30 16:35:28|  19.4|  0.0|STATS |Segmentering_EventOverlay_SegmentizeTable_3_eventFromVal_Setter(TeeFactory): Cloned 827 input feature(s) into 827 output feature(s)
2011-05-30 16:35:28|  19.4|  0.0|STATS |Segmentering_EventOverlay_SegmentizeTable_3_eventToVal_Setter(TeeFactory): Cloned 827 input feature(s) into 827 output feature(s)
2011-05-30 16:35:29|  20.3|  1.0|INFORM|Segmentering_EventOverlay_SegmentizeTable_3_LISTEXPLODER_6(ElementFactory): Processed 5000 elements with mode LEAN
2011-05-30 16:35:30|  21.3|  0.9|INFORM|Segmentering_EventOverlay_SegmentizeTable_3_LISTEXPLODER_6(ElementFactory): Processed 10000 elements with mode LEAN
2011-05-30 16:35:31|  22.3|  1.0|INFORM|Segmentering_EventOverlay_SegmentizeTable_3_LISTEXPLODER_6(ElementFactory): Processed 15000 elements with mode LEAN
2011-05-30 16:35:32|  23.2|  1.0|INFORM|Segmentering_EventOverlay_SegmentizeTable_3_LISTEXPLODER_6(ElementFactory): Processed 20000 elements with mode LEAN
2011-05-30 16:35:33|  24.2|  1.0|INFORM|Segmentering_EventOverlay_SegmentizeTable_3_LISTEXPLODER_6(ElementFactory): Processed 25000 elements with mode LEAN
2011-05-30 16:35:33|  24.4|  0.2|INFORM|Segmentering_EventOverlay_SegmentizeTable_3_FEATUREMERGER_9(ReferenceFactory): Completed 32.29% of intermediate processing
2011-05-30 16:35:34|  25.1|  0.7|INFORM|Segmentering_EventOverlay_SegmentizeTable_3_LISTEXPLODER_6(ElementFactory): Processed 30000 elements with mode LEAN
2011-05-30 16:35:35|  26.1|  1.0|INFORM|Segmentering_EventOverlay_SegmentizeTable_3_LISTEXPLODER_6(ElementFactory): Processed 35000 elements with mode LEAN
2011-05-30 16:35:35|  26.1|  0.0|INFORM|Segmentering_EventOverlay_SegmentizeTable_3_FEATUREMERGER_9(ReferenceFactory): Completed 100% of intermediate processing
2011-05-30 16:35:35|  26.1|  0.0|STATS |Segmentering_EventOverlay_SegmentizeTable_3_FEATUREMERGER_9(ReferenceFactory): Total Results: 826 Complete Feature(s), 1 Incomplete Feature(s), 1031 Referenced Feature(s), 0 Unreferenced Feature(s), 0 Referencer Feature(s) (NO REFERENCES), 0 Referencee Feature(s) (NO Referencee fields defined), and 0 Duplicate Referencee Feature(s)
2011-05-30 16:35:35|  26.1|  0.0|STATS |Segmentering_EventOverlay_SegmentizeTable_3_LISTEXPLODER_6(ElementFactory): Split out 35101 list elements from 826 input features, using mode LEAN
2011-05-30 16:35:35|  26.1|  0.0|STATS |Segmentering_EventOverlay_SegmentizeTable_3_STRINGFORMATTER_14(TeeFactory): Cloned 35101 input feature(s) into 35101 output feature(s)
2011-05-30 16:35:35|  26.1|  0.0|STATS |Segmentering_EventOverlay_SegmentizeTable_3_STRINGFORMATTER_15(TeeFactory): Cloned 35101 input feature(s) into 35101 output feature(s)
2011-05-30 16:35:35|  26.1|  0.0|STATS |Segmentering_EventOverlay_SegmentizeTable_3_STRINGFORMATTER_12(TeeFactory): Cloned 35101 input feature(s) into 35101 output feature(s)
2011-05-30 16:35:35|  26.1|  0.0|STATS |Segmentering_EventOverlay_SegmentizeTable_3_STRINGFORMATTER_13(TeeFactory): Cloned 35101 input feature(s) into 35101 output feature(s)
2011-05-30 16:35:35|  26.1|  0.0|STATS |Segmentering_EventOverlay_SegmentizeTable_3_included_segments(TestFactory): Tested 35101 input feature(s) -- 1288 feature(s) passed and 33813 feature(s) failed
2011-05-30 16:35:35|  26.1|  0.0|STATS |Segmentering_EventOverlay_SegmentizeTable_3_ATTRIBUTEREMOVER_2(TeeFactory): Cloned 1288 input feature(s) into 1288 output feature(s)
2011-05-30 16:35:35|  26.1|  0.0|STATS |Segmentering_EventOverlay_SegmentizeTable_3_Segmented Output Collector(TeeFactory): Cloned 1288 input feature(s) into 1288 output feature(s)
2011-05-30 16:35:35|  26.1|  0.0|STATS |Segmentering_EventOverlay_SegmentizeTable_3 Segmented Output Renamer/Nuker(TeeFactory): Cloned 1288 input feature(s) into 1288 output feature(s)
2011-05-30 16:35:35|  26.2|  0.0|INFORM|Segmentering_Merge_VegreferanseTunnell(ReferenceFactory): Completed 100% of intermediate processing
2011-05-30 16:35:35|  26.2|  0.0|STATS |Segmentering_Merge_VegreferanseTunnell(ReferenceFactory): Total Results: 85 Complete Feature(s), 24 Incomplete Feature(s), 42 Referenced Feature(s), 740 Unreferenced Feature(s), 0 Referencer Feature(s) (NO REFERENCES), 0 Referencee Feature(s) (NO Referencee fields defined), and 506 Duplicate Referencee Feature(s)
2011-05-30 16:35:35|  26.2|  0.0|STATS |Segmentering_AttributeRemover(TeeFactory): Cloned 849 input feature(s) into 849 output feature(s)
2011-05-30 16:35:35|  26.2|  0.0|STATS |Segmentering_AttributeRenamer_2(TeeFactory): Cloned 849 input feature(s) into 849 output feature(s)
2011-05-30 16:35:35|  26.2|  0.0|STATS |Segmentering_Event_GeometryConnector Event_Table Input Collector(TeeFactory): Cloned 849 input feature(s) into 849 output feature(s)
2011-05-30 16:35:35|  26.2|  0.0|STATS |Segmentering_Event_GeometryConnector Road_Network Input Collector(TeeFactory): Cloned 41 input feature(s) into 41 output feature(s)
2011-05-30 16:35:35|  26.2|  0.0|STATS |Segmentering_Event_GeometryConnector_Road_Network Input Splitter(TeeFactory): Cloned 41 input feature(s) into 41 output feature(s)
2011-05-30 16:35:35|  26.2|  0.0|STATS |Segmentering_Event_GeometryConnector_Event_Table Input Splitter(TeeFactory): Cloned 849 input feature(s) into 849 output feature(s)
2011-05-30 16:35:35|  26.2|  0.0|STATS |Segmentering_Event_GeometryConnector_eventAttributes_Creator(TeeFactory): Cloned 849 input feature(s) into 849 output feature(s)
2011-05-30 16:35:35|  26.2|  0.0|STATS |Segmentering_Event_GeometryConnector_eventRLID_Setter(TeeFactory): Cloned 849 input feature(s) into 849 output feature(s)
2011-05-30 16:35:35|  26.2|  0.0|STATS |Segmentering_Event_GeometryConnector_eventFrom_Setter(TeeFactory): Cloned 849 input feature(s) into 849 output feature(s)
2011-05-30 16:35:35|  26.2|  0.0|STATS |Segmentering_Event_GeometryConnector_eventTo_Setter(TeeFactory): Cloned 849 input feature(s) into 849 output feature(s)
2011-05-30 16:35:35|  26.2|  0.0|STATS |Segmentering_Event_GeometryConnector_eventFrom_Number(TeeFactory): Cloned 849 input feature(s) into 849 output feature(s)
2011-05-30 16:35:35|  26.2|  0.0|STATS |Segmentering_Event_GeometryConnector_eventTo_Number(TeeFactory): Cloned 849 input feature(s) into 849 output feature(s)
2011-05-30 16:35:35|  26.2|  0.0|STATS |Segmentering_Event_GeometryConnector_roadAttributes_Creator(TeeFactory): Cloned 41 input feature(s) into 41 output feature(s)
2011-05-30 16:35:35|  26.2|  0.0|STATS |Segmentering_Event_GeometryConnector_roadLinkID_Setter(TeeFactory): Cloned 41 input feature(s) into 41 output feature(s)
2011-05-30 16:35:35|  26.2|  0.0|STATS |Segmentering_Event_GeometryConnector_roadFromVal_Setter(TeeFactory): Cloned 41 input feature(s) into 41 output feature(s)
2011-05-30 16:35:35|  26.2|  0.0|STATS |Segmentering_Event_GeometryConnector_roadToVal_Setter(TeeFactory): Cloned 41 input feature(s) into 41 output feature(s)
2011-05-30 16:35:35|  26.2|  0.0|STATS |Segmentering_Event_GeometryConnector_COUNTER(TeeFactory): Cloned 41 input feature(s) into 41 output feature(s)
2011-05-30 16:35:35|  26.2|  0.0|STATS |Segmentering_Event_GeometryConnector_roadSegFrom_Number(TeeFactory): Cloned 41 input feature(s) into 41 output feature(s)
2011-05-30 16:35:35|  26.2|  0.0|STATS |Segmentering_Event_GeometryConnector_roadSegTo_Int_Number(TeeFactory): Cloned 41 input feature(s) into 41 output feature(s)
2011-05-30 16:35:35|  26.2|  0.0|STATS |Segmentering_Event_GeometryConnector_ExpressionEvaluator(TeeFactory): Cloned 41 input feature(s) into 41 output feature(s)
2011-05-30 16:35:35|  26.2|  0.0|STATS |Segmentering_Event_GeometryConnector_Remove_Null_length(TestFactory): Tested 41 input feature(s) -- 41 feature(s) passed and 0 feature(s) failed
2011-05-30 16:35:35|  26.2|  0.0|STATS |Segmentering_Event_GeometryConnector_roadGeomLength(TeeFactory): Cloned 41 input feature(s) into 41 output feature(s)
2011-05-30 16:35:35|  26.2|  0.0|STATS |Segmentering_Event_GeometryConnector_Road_Segment_Scale(TeeFactory): Cloned 41 input feature(s) into 41 output feature(s)
2011-05-30 16:35:35|  26.2|  0.0|STATS |Segmentering_Event_GeometryConnector_GeometryExtractor(TeeFactory): Cloned 41 input feature(s) into 41 output feature(s)
2011-05-30 16:35:35|  26.2|  0.0|INFORM|Segmentering_Event_GeometryConnector_FEATUREMERGER(ReferenceFactory): Completed 100% of intermediate processing
2011-05-30 16:35:35|  26.3|  0.0|STATS |Segmentering_Event_GeometryConnector_FEATUREMERGER(ReferenceFactory): Total Results: 109 Complete Feature(s), 740 Incomplete Feature(s), 41 Referenced Feature(s), 0 Unreferenced Feature(s), 0 Referencer Feature(s) (NO REFERENCES), 0 Referencee Feature(s) (NO Referencee fields defined), and 0 Duplicate Referencee Feature(s)
2011-05-30 16:35:35|  26.3|  0.0|STATS |Segmentering_Event_GeometryConnector_LISTEXPLODER(ElementFactory): Split out 109 list elements from 109 input features, using mode LEAN
2011-05-30 16:35:35|  26.3|  0.0|STATS |Segmentering_Event_GeometryConnector_common_segments(TestFactory): Tested 109 input feature(s) -- 109 feature(s) passed and 0 feature(s) failed
2011-05-30 16:35:35|  26.3|  0.0|STATS |Segmentering_Event_GeometryConnector_splitPoints(TestFactory): Tested 0 input feature(s) -- 0 feature(s) passed and 0 feature(s) failed
2011-05-30 16:35:35|  26.3|  0.0|STATS |Segmentering_Event_GeometryConnector_GeometryReplacer(TeeFactory): Cloned 109 input feature(s) into 109 output feature(s)
2011-05-30 16:35:35|  26.3|  0.0|STATS |Segmentering_Event_GeometryConnector_PointEvent(TestFactory): Tested 109 input feature(s) -- 0 feature(s) passed and 109 feature(s) failed
2011-05-30 16:35:35|  26.3|  0.0|STATS |Segmentering_Event_GeometryConnector_within_one_segment(TestFactory): Tested 109 input feature(s) -- 37 feature(s) passed and 72 feature(s) failed
2011-05-30 16:35:35|  26.3|  0.0|STATS |Segmentering_Event_GeometryConnector_start_segment(TestFactory): Tested 72 input feature(s) -- 31 feature(s) passed and 41 feature(s) failed
2011-05-30 16:35:35|  26.3|  0.0|STATS |Segmentering_Event_GeometryConnector_end_segment(TestFactory): Tested 41 input feature(s) -- 31 feature(s) passed and 10 feature(s) failed
2011-05-30 16:35:35|  26.3|  0.0|STATS |Segmentering_Event_GeometryConnector_Set_endSegmentFromVal_2(TeeFactory): Cloned 10 input feature(s) into 10 output feature(s)
2011-05-30 16:35:35|  26.3|  0.0|STATS |Segmentering_Event_GeometryConnector_Set_completeSegmentToVal(TeeFactory): Cloned 10 input feature(s) into 10 output feature(s)
2011-05-30 16:35:35|  26.3|  0.0|STATS |Segmentering_Event_GeometryConnector_calc_EndPoint_2(TeeFactory): Cloned 31 input feature(s) into 31 output feature(s)
2011-05-30 16:35:35|  26.3|  0.0|STATS |Segmentering_Event_GeometryConnector_ClipSegmentEnd(TeeFactory): Cloned 31 input feature(s) into 31 output feature(s)
2011-05-30 16:35:35|  26.3|  0.0|STATS |Segmentering_Event_GeometryConnector_Set_endSegmentFromVal(TeeFactory): Cloned 31 input feature(s) into 31 output feature(s)
2011-05-30 16:35:35|  26.3|  0.0|STATS |Segmentering_Event_GeometryConnector_Set_completeSegmentToVal_2(TeeFactory): Cloned 31 input feature(s) into 31 output feature(s)
2011-05-30 16:35:35|  26.3|  0.0|STATS |Segmentering_Event_GeometryConnector_calc_startPoint_2(TeeFactory): Cloned 31 input feature(s) into 31 output feature(s)
2011-05-30 16:35:35|  26.3|  0.0|STATS |Segmentering_Event_GeometryConnector_ClipSegmentStart(TeeFactory): Cloned 31 input feature(s) into 31 output feature(s)
2011-05-30 16:35:35|  26.3|  0.0|STATS |Segmentering_Event_GeometryConnector_Set_startSegmentFromVal(TeeFactory): Cloned 31 input feature(s) into 31 output feature(s)
2011-05-30 16:35:35|  26.3|  0.0|STATS |Segmentering_Event_GeometryConnector_Set_startSegmentToVal(TeeFactory): Cloned 31 input feature(s) into 31 output feature(s)
2011-05-30 16:35:35|  26.3|  0.0|STATS |Segmentering_Event_GeometryConnector_calc_start_point(TeeFactory): Cloned 37 input feature(s) into 37 output feature(s)
2011-05-30 16:35:35|  26.3|  0.0|STATS |Segmentering_Event_GeometryConnector_calc_EndPoint(TeeFactory): Cloned 37 input feature(s) into 37 output feature(s)
2011-05-30 16:35:35|  26.3|  0.0|STATS |Segmentering_Event_GeometryConnector_ClipSegmentStartEnd(TeeFactory): Cloned 37 input feature(s) into 37 output feature(s)
2011-05-30 16:35:35|  26.3|  0.0|STATS |Segmentering_Event_GeometryConnector_Set_midSegmentFromVal(TeeFactory): Cloned 37 input feature(s) into 37 output feature(s)
2011-05-30 16:35:35|  26.3|  0.0|STATS |Segmentering_Event_GeometryConnector_Set_midSegmentToVal(TeeFactory): Cloned 37 input feature(s) into 37 output feature(s)
2011-05-30 16:35:35|  26.3|  0.0|STATS |Segmentering_Event_GeometryConnector_calc_start_point_2(TeeFactory): Cloned 0 input feature(s) into 0 output feature(s)
2011-05-30 16:35:35|  26.3|  0.0|STATS |Segmentering_Event_GeometryConnector_ClipSegmentStartPoint(TeeFactory): Cloned 0 input feature(s) into 0 output feature(s)
2011-05-30 16:35:35|  26.3|  0.0|STATS |Segmentering_Event_GeometryConnector_COORDINATEFETCHER(TestFactory): Tested 0 input feature(s) -- 0 feature(s) passed and 0 feature(s) failed
2011-05-30 16:35:35|  26.3|  0.0|STATS |Segmentering_Event_GeometryConnector_2DPOINTREPLACER(TestFactory): Tested 0 input feature(s) -- 0 feature(s) passed and 0 feature(s) failed
2011-05-30 16:35:35|  26.3|  0.0|STATS |Segmentering_Event_GeometryConnector_Set_midSegmentFromVal_2(TeeFactory): Cloned 0 input feature(s) into 0 output feature(s)
2011-05-30 16:35:35|  26.3|  0.0|STATS |Segmentering_Event_GeometryConnector_Set_midSegmentToVal_2(TeeFactory): Cloned 0 input feature(s) into 0 output feature(s)
2011-05-30 16:35:35|  26.3|  0.0|STATS |Segmentering_Event_GeometryConnector_ATTRIBUTEREMOVER(TeeFactory): Cloned 109 input feature(s) into 109 output feature(s)
2011-05-30 16:35:35|  26.3|  0.0|STATS |Segmentering_Event_GeometryConnector_GEOMETRYFILTER_Splitter(TeeFactory): Cloned 109 input feature(s) into 109 output feature(s)
2011-05-30 16:35:35|  26.3|  0.0|STATS |Segmentering_Event_GeometryConnector_GEOMETRYFILTER_Pointer(TeeFactory): Cloned 0 input feature(s) into 0 output feature(s)
2011-05-30 16:35:35|  26.3|  0.0|STATS |Segmentering_Event_GeometryConnector_GEOMETRYFILTER_Liner(TeeFactory): Cloned 109 input feature(s) into 109 output feature(s)
2011-05-30 16:35:35|  26.3|  0.0|STATS |Segmentering_Event_GeometryConnector_GEOMETRYFILTER_Arear(TeeFactory): Cloned 0 input feature(s) into 0 output feature(s)
2011-05-30 16:35:35|  26.3|  0.0|STATS |Segmentering_Event_GeometryConnector_GEOMETRYFILTER_Arcer(TeeFactory): Cloned 0 input feature(s) into 0 output feature(s)
2011-05-30 16:35:35|  26.3|  0.0|STATS |Segmentering_Event_GeometryConnector_GEOMETRYFILTER_Texter(TeeFactory): Cloned 0 input feature(s) into 0 output feature(s)
2011-05-30 16:35:35|  26.3|  0.0|STATS |Segmentering_Event_GeometryConnector_GEOMETRYFILTER_Ellipser(TeeFactory): Cloned 0 input feature(s) into 0 output feature(s)
2011-05-30 16:35:35|  26.3|  0.0|STATS |Segmentering_Event_GeometryConnector_GEOMETRYFILTER_Nuller(TeeFactory): Cloned 0 input feature(s) into 0 output feature(s)
2011-05-30 16:35:35|  26.3|  0.0|STATS |Segmentering_Event_GeometryConnector_Line_Event_Geometry Output Collector(TeeFactory): Cloned 109 input feature(s) into 109 output feature(s)
2011-05-30 16:35:35|  26.3|  0.0|STATS |Segmentering_Event_GeometryConnector_Point_Event_Geometry Output Collector(TeeFactory): Cloned 0 input feature(s) into 0 output feature(s)
2011-05-30 16:35:35|  26.3|  0.0|STATS |Segmentering_Event_GeometryConnector Point_Event_Geometry Output Renamer/Nuker(TeeFactory): Cloned 0 input feature(s) into 0 output feature(s)
2011-05-30 16:35:35|  26.3|  0.0|STATS |Segmentering_Event_GeometryConnector Line_Event_Geometry Output Renamer/Nuker(TeeFactory): Cloned 109 input feature(s) into 109 output feature(s)
2011-05-30 16:35:35|  26.3|  0.0|STATS |Segmentering_Uberørte_Lenker Output Collector(TeeFactory): Cloned 3963 input feature(s) into 3963 output feature(s)
2011-05-30 16:35:35|  26.3|  0.0|STATS |Segmentering_Segmenterte_lenker Output Collector(TeeFactory): Cloned 109 input feature(s) into 109 output feature(s)
2011-05-30 16:35:35|  26.3|  0.0|STATS |Segmentering Segmenterte_lenker Output Renamer/Nuker(TeeFactory): Cloned 109 input feature(s) into 109 output feature(s)
2011-05-30 16:35:35|  26.3|  0.0|STATS |Segmentering Uberørte_Lenker Output Renamer/Nuker(TeeFactory): Cloned 3963 input feature(s) into 3963 output feature(s)
2011-05-30 16:35:35|  26.3|  0.0|STATS |AttributeKeeper_2(TeeFactory): Cloned 100 input feature(s) into 100 output feature(s)
2011-05-30 16:35:35|  26.3|  0.0|STATS |AttributeRenamer_2(TeeFactory): Cloned 100 input feature(s) into 100 output feature(s)
2011-05-30 16:35:35|  26.3|  0.0|INFORM|FeatureMerger_2(ReferenceFactory): Completed 100% of intermediate processing
2011-05-30 16:35:35|  26.3|  0.0|STATS |FeatureMerger_2(ReferenceFactory): Total Results: 164 Complete Feature(s), 3908 Incomplete Feature(s), 100 Referenced Feature(s), 0 Unreferenced Feature(s), 0 Referencer Feature(s) (NO REFERENCES), 0 Referencee Feature(s) (NO Referencee fields defined), and 0 Duplicate Referencee Feature(s)
2011-05-30 16:35:35|  26.3|  0.0|STATS |TopologyBuilder(TopologyFactory): Computing topology defined by 4072 input feature(s)
2011-05-30 16:35:35|  26.5|  0.2|INFORM|Intersection operation updating nodes... 100% done
2011-05-30 16:35:35|  26.9|  0.5|INFORM|PotensielleSvingerestriksjoner_ListExploder_2(ElementFactory): Processed 5000 elements with mode LEAN
2011-05-30 16:35:36|  27.3|  0.4|STATS |TopologyBuilder(TopologyFactory): Output 4072 linear feature(s), 0 polygonal feature(s), 3808 point feature(s), and one universe polygon feature 
2011-05-30 16:35:36|  27.3|  0.0|STATS |PotensielleSvingerestriksjoner Noder Input Collector(TeeFactory): Cloned 3808 input feature(s) into 3808 output feature(s)
2011-05-30 16:35:36|  27.3|  0.0|STATS |PotensielleSvingerestriksjoner Lenker Input Collector(TeeFactory): Cloned 4072 input feature(s) into 4072 output feature(s)
2011-05-30 16:35:36|  27.3|  0.0|STATS |PotensielleSvingerestriksjoner Oppmerking Input Collector(TeeFactory): Cloned 827 input feature(s) into 827 output feature(s)
2011-05-30 16:35:36|  27.3|  0.0|STATS |PotensielleSvingerestriksjoner_Lenker Input Splitter(TeeFactory): Cloned 4072 input feature(s) into 4072 output feature(s)
2011-05-30 16:35:36|  27.3|  0.0|STATS |PotensielleSvingerestriksjoner_Noder Input Splitter(TeeFactory): Cloned 3808 input feature(s) into 3808 output feature(s)
2011-05-30 16:35:36|  27.3|  0.0|STATS |PotensielleSvingerestriksjoner_Oppmerking Input Splitter(TeeFactory): Cloned 827 input feature(s) into 827 output feature(s)
2011-05-30 16:35:36|  27.3|  0.0|STATS |PotensielleSvingerestriksjoner_NullAttributeReplacer_2(TeeFactory): Cloned 4072 input feature(s) into 4072 output feature(s)
2011-05-30 16:35:36|  27.3|  0.0|STATS |PotensielleSvingerestriksjoner_GeometryExtractor(TeeFactory): Cloned 4072 input feature(s) into 4072 output feature(s)
2011-05-30 16:35:36|  27.3|  0.0|STATS |PotensielleSvingerestriksjoner_Bufferer_4_passer_onner(TeeFactory): Cloned 827 input feature(s) into 827 output feature(s)
2011-05-30 16:35:36|  27.4|  0.1|STATS |PotensielleSvingerestriksjoner_Bufferer_4_aggregator(AggregateFactory): Combined 827 input feature(s) into 825 output feature(s), including 0 singleton(s)
2011-05-30 16:35:36|  27.4|  0.0|STATS |PotensielleSvingerestriksjoner_Bufferer_4(TeeFactory): Cloned 825 input feature(s) into 825 output feature(s)
2011-05-30 16:35:36|  27.4|  0.0|STATS |PotensielleSvingerestriksjoner_AttributeKeeper_2(TeeFactory): Cloned 3808 input feature(s) into 3808 output feature(s)
2011-05-30 16:35:36|  27.4|  0.0|STATS |PotensielleSvingerestriksjoner_ListElementCounter(TeeFactory): Cloned 3808 input feature(s) into 3808 output feature(s)
2011-05-30 16:35:36|  27.4|  0.0|STATS |PotensielleSvingerestriksjoner_GeometryExtractor_2(TeeFactory): Cloned 3808 input feature(s) into 3808 output feature(s)
2011-05-30 16:35:36|  27.4|  0.0|STATS |PotensielleSvingerestriksjoner_ListExploder_2(ElementFactory): Split out 8144 list elements from 3808 input features, using mode LEAN
2011-05-30 16:35:36|  27.4|  0.0|STATS |PotensielleSvingerestriksjoner_ExpressionEvaluator(TeeFactory): Cloned 8144 input feature(s) into 8144 output feature(s)
2011-05-30 16:35:36|  27.4|  0.0|STATS |Storing feature(s) to FME feature store file `C:\DOCUME~1\KNJETL~1.VEG\LOKALE~1\Temp\fctspatrel1306766110343_4552'
2011-05-30 16:35:36|  27.4|  0.0|STATS |Storing feature(s) to FME feature store file `C:\DOCUME~1\KNJETL~1.VEG\LOKALE~1\Temp\fctspatrel1306766110343_4552_0'
2011-05-30 16:35:38|  29.3|  1.9|INFORM|PotensielleSvingerestriksjoner_FeatureMerger(ReferenceFactory): Completed 100% of intermediate processing
2011-05-30 16:35:38|  29.3|  0.0|STATS |PotensielleSvingerestriksjoner_FeatureMerger(ReferenceFactory): Total Results: 8144 Complete Feature(s), 0 Incomplete Feature(s), 4072 Referenced Feature(s), 0 Unreferenced Feature(s), 0 Referencer Feature(s) (NO REFERENCES), 0 Referencee Feature(s) (NO Referencee fields defined), and 0 Duplicate Referencee Feature(s)
2011-05-30 16:35:38|  29.3|  0.0|STATS |PotensielleSvingerestriksjoner_FeatureMerger COMPLETE Splitter(TeeFactory): Cloned 8144 input feature(s) into 16288 output feature(s)
2011-05-30 16:35:38|  29.3|  0.0|STATS |PotensielleSvingerestriksjoner_TestFilter_8(TeeFactory): Cloned 8144 input feature(s) into 8144 output feature(s)
2011-05-30 16:35:38|  29.3|  0.0|STATS |PotensielleSvingerestriksjoner_TestFilter_8_TestFactory_0(TestFactory): Tested 8144 input feature(s) -- 5880 feature(s) passed and 2264 feature(s) failed
2011-05-30 16:35:38|  29.3|  0.0|STATS |PotensielleSvingerestriksjoner_TestFilter_8_UNFILTERED(TeeFactory): Cloned 2264 input feature(s) into 2264 output feature(s)
2011-05-30 16:35:38|  29.3|  0.0|STATS |PotensielleSvingerestriksjoner_TestFilter_8 <UNFILTERED> Output Nuker(TeeFactory): Cloned 2264 input feature(s) into 0 output feature(s)
2011-05-30 16:35:38|  29.3|  0.0|STATS |PotensielleSvingerestriksjoner_GeometryReplacer(TeeFactory): Cloned 5880 input feature(s) into 5880 output feature(s)
2011-05-30 16:35:38|  29.3|  0.0|STATS |PotensielleSvingerestriksjoner_TestFilter_4(TeeFactory): Cloned 5880 input feature(s) into 5880 output feature(s)
2011-05-30 16:35:38|  29.3|  0.0|STATS |PotensielleSvingerestriksjoner_TestFilter_4_TestFactory_0(TestFactory): Tested 5880 input feature(s) -- 29 feature(s) passed and 5851 feature(s) failed
2011-05-30 16:35:38|  29.3|  0.0|STATS |PotensielleSvingerestriksjoner_TestFilter_4_UNFILTERED(TeeFactory): Cloned 5851 input feature(s) into 5851 output feature(s)
2011-05-30 16:35:38|  29.3|  0.0|INFORM|PotensielleSvingerestriksjoner_Matcher(MatchingFactory): Upper bound on the number of comparisons is 420. Fewer comparisons may be made, and the worst case will not exceed this upper bound
2011-05-30 16:35:38|  29.3|  0.0|INFORM|PotensielleSvingerestriksjoner_Matcher(MatchingFactory): Processing comparison #1
2011-05-30 16:35:38|  29.3|  0.0|STATS |PotensielleSvingerestriksjoner_Matcher(MatchingFactory): Found 10 matching group(s) of features in 29 input feature(s). 3 feature(s) did not have any matches
2011-05-30 16:35:38|  29.3|  0.0|STATS |PotensielleSvingerestriksjoner_Matcher MATCHED Splitter(TeeFactory): Cloned 26 input feature(s) into 52 output feature(s)
2011-05-30 16:35:38|  29.3|  0.0|STATS |PotensielleSvingerestriksjoner_TestFilter_7(TeeFactory): Cloned 5854 input feature(s) into 5854 output feature(s)
2011-05-30 16:35:38|  29.3|  0.0|STATS |PotensielleSvingerestriksjoner_TestFilter_7_TestFactory_0(TestFactory): Tested 5854 input feature(s) -- 5788 feature(s) passed and 66 feature(s) failed
2011-05-30 16:35:38|  29.3|  0.0|STATS |PotensielleSvingerestriksjoner_TestFilter_7_UNFILTERED(TeeFactory): Cloned 66 input feature(s) into 66 output feature(s)
2011-05-30 16:35:38|  29.4|  0.0|INFORM|Processed CANDIDATE 10 / 66
2011-05-30 16:35:38|  29.4|  0.0|STATS |PotensielleSvingerestriksjoner_SpatialFilter(SpatialFilterFactory): Total: Processed 891 input feature(s): 825 BASE feature(s) and 66 CANDIDATE feature(s). 0 feature(s) PASSED
2011-05-30 16:35:38|  29.4|  0.0|STATS |PotensielleSvingerestriksjoner_TestFilter_2(TeeFactory): Cloned 5838 input feature(s) into 5838 output feature(s)
2011-05-30 16:35:38|  29.4|  0.0|STATS |PotensielleSvingerestriksjoner_TestFilter_2_TestFactory_0(TestFactory): Tested 5838 input feature(s) -- 13 feature(s) passed and 5825 feature(s) failed
2011-05-30 16:35:38|  29.4|  0.0|STATS |PotensielleSvingerestriksjoner_TestFilter_2_TestFactory_1(TestFactory): Tested 5825 input feature(s) -- 29 feature(s) passed and 5796 feature(s) failed
2011-05-30 16:35:38|  29.4|  0.0|STATS |PotensielleSvingerestriksjoner_TestFilter_2_UNFILTERED(TeeFactory): Cloned 5796 input feature(s) into 5796 output feature(s)
2011-05-30 16:35:38|  29.4|  0.0|STATS |PotensielleSvingerestriksjoner_TestFilter_2 <UNFILTERED> Splitter(TeeFactory): Cloned 5796 input feature(s) into 11592 output feature(s)
2011-05-30 16:35:38|  29.4|  0.0|STATS |PotensielleSvingerestriksjoner_TestFilter_5(TeeFactory): Cloned 26 input feature(s) into 26 output feature(s)
2011-05-30 16:35:38|  29.4|  0.0|STATS |PotensielleSvingerestriksjoner_TestFilter_5_TestFactory_0(TestFactory): Tested 26 input feature(s) -- 10 feature(s) passed and 16 feature(s) failed
2011-05-30 16:35:38|  29.4|  0.0|STATS |PotensielleSvingerestriksjoner_TestFilter_5_TestFactory_1(TestFactory): Tested 16 input feature(s) -- 3 feature(s) passed and 13 feature(s) failed
2011-05-30 16:35:38|  29.4|  0.0|STATS |PotensielleSvingerestriksjoner_TestFilter_5_TestFactory_2(TestFactory): Tested 13 input feature(s) -- 13 feature(s) passed and 0 feature(s) failed
2011-05-30 16:35:38|  29.4|  0.0|STATS |PotensielleSvingerestriksjoner_TestFilter_5_UNFILTERED(TeeFactory): Cloned 0 input feature(s) into 0 output feature(s)
2011-05-30 16:35:38|  29.4|  0.0|STATS |PotensielleSvingerestriksjoner_TestFilter_5 <UNFILTERED> Output Nuker(TeeFactory): Cloned 0 input feature(s) into 0 output feature(s)
2011-05-30 16:35:38|  29.4|  0.0|STATS |PotensielleSvingerestriksjoner_AttributeCreator_5(TeeFactory): Cloned 13 input feature(s) into 13 output feature(s)
2011-05-30 16:35:38|  29.4|  0.0|STATS |PotensielleSvingerestriksjoner_AttributeCreator_4(TeeFactory): Cloned 3 input feature(s) into 3 output feature(s)
2011-05-30 16:35:38|  29.4|  0.0|STATS |PotensielleSvingerestriksjoner_AttributeCreator_4 OUTPUT Splitter(TeeFactory): Cloned 3 input feature(s) into 6 output feature(s)
2011-05-30 16:35:38|  29.4|  0.0|STATS |PotensielleSvingerestriksjoner_Bufferer_3_passer_onner(TeeFactory): Cloned 16 input feature(s) into 16 output feature(s)
2011-05-30 16:35:38|  29.4|  0.0|STATS |PotensielleSvingerestriksjoner_Bufferer_3_aggregator(AggregateFactory): Combined 16 input feature(s) into 11 output feature(s), including 0 singleton(s)
2011-05-30 16:35:38|  29.4|  0.0|STATS |PotensielleSvingerestriksjoner_Bufferer_3(TeeFactory): Cloned 11 input feature(s) into 11 output feature(s)
2011-05-30 16:35:38|  29.4|  0.0|STATS |PotensielleSvingerestriksjoner_AttributeCreator_2(TeeFactory): Cloned 11 input feature(s) into 11 output feature(s)
2011-05-30 16:35:38|  29.4|  0.0|STATS |PotensielleSvingerestriksjoner_AttributeCreator_3(TeeFactory): Cloned 10 input feature(s) into 10 output feature(s)
2011-05-30 16:35:38|  29.4|  0.0|STATS |PotensielleSvingerestriksjoner_Bufferer_passer_onner(TeeFactory): Cloned 13 input feature(s) into 13 output feature(s)
2011-05-30 16:35:38|  29.4|  0.0|STATS |PotensielleSvingerestriksjoner_Bufferer_aggregator(AggregateFactory): Combined 13 input feature(s) into 9 output feature(s), including 0 singleton(s)
2011-05-30 16:35:38|  29.4|  0.0|STATS |PotensielleSvingerestriksjoner_Bufferer(TeeFactory): Cloned 9 input feature(s) into 9 output feature(s)
2011-05-30 16:35:38|  29.4|  0.0|STATS |PotensielleSvingerestriksjoner_AttributeCreator(TeeFactory): Cloned 9 input feature(s) into 9 output feature(s)
2011-05-30 16:35:38|  29.4|  0.0|STATS |PotensielleSvingerestriksjoner_Bufferer_2_passer_onner(TeeFactory): Cloned 20 input feature(s) into 20 output feature(s)
2011-05-30 16:35:38|  29.4|  0.0|STATS |PotensielleSvingerestriksjoner_Bufferer_2(TeeFactory): Cloned 20 input feature(s) into 20 output feature(s)
2011-05-30 16:35:38|  29.4|  0.0|STATS |PotensielleSvingerestriksjoner_TestFilter_6(TeeFactory): Cloned 20 input feature(s) into 20 output feature(s)
2011-05-30 16:35:38|  29.4|  0.0|STATS |PotensielleSvingerestriksjoner_TestFilter_6_TestFactory_0(TestFactory): Tested 20 input feature(s) -- 6 feature(s) passed and 14 feature(s) failed
2011-05-30 16:35:38|  29.4|  0.0|STATS |PotensielleSvingerestriksjoner_TestFilter_6_UNFILTERED(TeeFactory): Cloned 14 input feature(s) into 14 output feature(s)
2011-05-30 16:35:38|  29.4|  0.0|INFORM|PotensielleSvingerestriksjoner_SpatialRelator(SpatialRelationshipFactory): Processing 5810 feature(s) in 1928 group(s)...
2011-05-30 16:35:38|  29.4|  0.0|STATS |PotensielleSvingerestriksjoner_SpatialRelator(SpatialRelationshipFactory): Total results: processed 14 BASE(s) and 5796 CANDIDATE(s).  0 BASE/CANDIDATE pair(s) had at least one true predicate, with a total of 0 true predicate(s) found
2011-05-30 16:35:38|  29.4|  0.0|STATS |PotensielleSvingerestriksjoner_SpatialRelator(SpatialRelationshipFactory): Total comparisons made: 1
2011-05-30 16:35:38|  29.4|  0.0|STATS |Stored 5796 feature(s) to FME feature store file `C:\DOCUME~1\KNJETL~1.VEG\LOKALE~1\Temp\fctspatrel1306766110343_4552'
2011-05-30 16:35:38|  29.4|  0.0|INFORM|PotensielleSvingerestriksjoner_SpatialRelator_2(SpatialRelationshipFactory): Processing 5844 feature(s) in 1923 group(s)...
2011-05-30 16:35:38|  29.4|  0.0|STATS |PotensielleSvingerestriksjoner_SpatialRelator_2(SpatialRelationshipFactory): Total results: processed 6 BASE(s) and 5838 CANDIDATE(s).  0 BASE/CANDIDATE pair(s) had at least one true predicate, with a total of 0 true predicate(s) found
2011-05-30 16:35:38|  29.4|  0.0|STATS |PotensielleSvingerestriksjoner_SpatialRelator_2(SpatialRelationshipFactory): Total comparisons made: 0
2011-05-30 16:35:38|  29.4|  0.0|STATS |Stored 5838 feature(s) to FME feature store file `C:\DOCUME~1\KNJETL~1.VEG\LOKALE~1\Temp\fctspatrel1306766110343_4552_0'
2011-05-30 16:35:38|  29.4|  0.0|STATS |PotensielleSvingerestriksjoner_TestFilter(TeeFactory): Cloned 20 input feature(s) into 20 output feature(s)
2011-05-30 16:35:38|  29.4|  0.0|STATS |PotensielleSvingerestriksjoner_TestFilter_TestFactory_0(TestFactory): Tested 20 input feature(s) -- 0 feature(s) passed and 20 feature(s) failed
2011-05-30 16:35:38|  29.4|  0.0|STATS |PotensielleSvingerestriksjoner_TestFilter_UNFILTERED(TeeFactory): Cloned 20 input feature(s) into 20 output feature(s)
2011-05-30 16:35:38|  29.4|  0.0|STATS |PotensielleSvingerestriksjoner_TestFilter <UNFILTERED> Output Nuker(TeeFactory): Cloned 20 input feature(s) into 0 output feature(s)
2011-05-30 16:35:38|  29.4|  0.0|STATS |PotensielleSvingerestriksjoner_GeometryReplacer_2(TeeFactory): Cloned 0 input feature(s) into 0 output feature(s)
2011-05-30 16:35:38|  29.4|  0.0|STATS |PotensielleSvingerestriksjoner_AttributeKeeper_3(TeeFactory): Cloned 0 input feature(s) into 0 output feature(s)
2011-05-30 16:35:38|  29.4|  0.0|STATS |PotensielleSvingerestriksjoner_AttributeKeeper_4(TeeFactory): Cloned 8144 input feature(s) into 8144 output feature(s)
2011-05-30 16:35:38|  29.4|  0.0|INFORM|PotensielleSvingerestriksjoner_Matcher_2(MatchingFactory): Upper bound on the number of comparisons is 33166440. Fewer comparisons may be made, and the worst case will not exceed this upper bound
2011-05-30 16:35:38|  29.4|  0.0|INFORM|PotensielleSvingerestriksjoner_Matcher_2(MatchingFactory): Processing comparison #1
2011-05-30 16:35:38|  29.7|  0.3|STATS |PotensielleSvingerestriksjoner_Matcher_2(MatchingFactory): Found 68 matching group(s) of features in 8144 input feature(s). 8008 feature(s) did not have any matches
2011-05-30 16:35:38|  29.7|  0.0|STATS |PotensielleSvingerestriksjoner_PotensielleSvingerestriksjoner Output Collector(TeeFactory): Cloned 0 input feature(s) into 0 output feature(s)
2011-05-30 16:35:38|  29.7|  0.0|STATS |PotensielleSvingerestriksjoner_Sperrelinjer_gjennom_kryss Output Collector(TeeFactory): Cloned 26 input feature(s) into 26 output feature(s)
2011-05-30 16:35:38|  29.7|  0.0|STATS |PotensielleSvingerestriksjoner_NodeTransid Output Collector(TeeFactory): Cloned 8076 input feature(s) into 8076 output feature(s)
2011-05-30 16:35:38|  29.7|  0.0|STATS |PotensielleSvingerestriksjoner Sperrelinjer_gjennom_kryss Output Renamer/Nuker(TeeFactory): Cloned 26 input feature(s) into 0 output feature(s)
2011-05-30 16:35:38|  29.7|  0.0|STATS |PotensielleSvingerestriksjoner PotensielleSvingerestriksjoner Output Renamer/Nuker(TeeFactory): Cloned 0 input feature(s) into 0 output feature(s)
2011-05-30 16:35:38|  29.7|  0.0|STATS |PotensielleSvingerestriksjoner NodeTransid Output Renamer/Nuker(TeeFactory): Cloned 8076 input feature(s) into 8076 output feature(s)
2011-05-30 16:35:38|  29.7|  0.0|STATS |Restriksjonsnoder NodeTransID Input Collector(TeeFactory): Cloned 8076 input feature(s) into 8076 output feature(s)
2011-05-30 16:35:38|  29.7|  0.0|STATS |Restriksjonsnoder Svingerestriksjoner Input Collector(TeeFactory): Cloned 0 input feature(s) into 0 output feature(s)
2011-05-30 16:35:38|  29.7|  0.0|STATS |Restriksjonsnoder_Svingerestriksjoner Input Splitter(TeeFactory): Cloned 0 input feature(s) into 0 output feature(s)
2011-05-30 16:35:38|  29.7|  0.0|STATS |Restriksjonsnoder_NodeTransID Input Splitter(TeeFactory): Cloned 8076 input feature(s) into 16152 output feature(s)
2011-05-30 16:35:38|  29.7|  0.0|STATS |Restriksjonsnoder_AttributeKeeper_2(TeeFactory): Cloned 0 input feature(s) into 0 output feature(s)
2011-05-30 16:35:38|  29.7|  0.0|INFORM|Restriksjonsnoder_FeatureMerger(ReferenceFactory): Completed 100% of intermediate processing
2011-05-30 16:35:38|  29.7|  0.0|STATS |Restriksjonsnoder_FeatureMerger(ReferenceFactory): Total Results: 0 Complete Feature(s), 0 Incomplete Feature(s), 0 Referenced Feature(s), 8076 Unreferenced Feature(s), 0 Referencer Feature(s) (NO REFERENCES), 0 Referencee Feature(s) (NO Referencee fields defined), and 0 Duplicate Referencee Feature(s)
2011-05-30 16:35:38|  29.7|  0.0|STATS |Restriksjonsnoder_ListExploder_2(ElementFactory): Split out 0 list elements from 0 input features, using mode LEAN
2011-05-30 16:35:38|  29.7|  0.0|STATS |Restriksjonsnoder_AttributeKeeper(TeeFactory): Cloned 0 input feature(s) into 0 output feature(s)
2011-05-30 16:35:38|  29.7|  0.0|INFORM|Restriksjonsnoder_FeatureMerger_3(ReferenceFactory): Completed 100% of intermediate processing
2011-05-30 16:35:38|  29.8|  0.0|STATS |Restriksjonsnoder_FeatureMerger_3(ReferenceFactory): Total Results: 0 Complete Feature(s), 0 Incomplete Feature(s), 0 Referenced Feature(s), 8076 Unreferenced Feature(s), 0 Referencer Feature(s) (NO REFERENCES), 0 Referencee Feature(s) (NO Referencee fields defined), and 0 Duplicate Referencee Feature(s)
2011-05-30 16:35:38|  29.8|  0.0|STATS |Restriksjonsnoder_ListExploder(ElementFactory): Split out 0 list elements from 0 input features, using mode LEAN
2011-05-30 16:35:38|  29.8|  0.0|STATS |Restriksjonsnoder_FeatureMerger_2(ReferenceFactory): Total Results: 0 Complete Feature(s), 0 Incomplete Feature(s), 0 Referenced Feature(s), 0 Unreferenced Feature(s), 0 Referencer Feature(s) (NO REFERENCES), 0 Referencee Feature(s) (NO Referencee fields defined), and 0 Duplicate Referencee Feature(s)
2011-05-30 16:35:38|  29.8|  0.0|STATS |Restriksjonsnoder_GeometryReplacer(TeeFactory): Cloned 0 input feature(s) into 0 output feature(s)
2011-05-30 16:35:38|  29.8|  0.0|STATS |Restriksjonsnoder_Restriksjonsnoder Output Collector(TeeFactory): Cloned 0 input feature(s) into 0 output feature(s)
2011-05-30 16:35:38|  29.8|  0.0|STATS |Restriksjonsnoder Restriksjonsnoder Output Renamer/Nuker(TeeFactory): Cloned 0 input feature(s) into 0 output feature(s)
2011-05-30 16:35:38|  29.8|  0.0|STATS |FeatureMerger_3(ReferenceFactory): Total Results: 0 Complete Feature(s), 0 Incomplete Feature(s), 0 Referenced Feature(s), 0 Unreferenced Feature(s), 0 Referencer Feature(s) (NO REFERENCES), 0 Referencee Feature(s) (NO Referencee fields defined), and 0 Duplicate Referencee Feature(s)
2011-05-30 16:35:38|  29.8|  0.0|STATS |NeighborFinder(ProximityFactory): Input Summary:  0 base feature(s), 37 candidate feature(s)
2011-05-30 16:35:38|  29.8|  0.0|STATS |NeighborFinder(ProximityFactory): Output Summary: 0 matched feature(s), 0 unmatched base feature(s), 37 unmatched candidate feature(s)
2011-05-30 16:35:38|  29.8|  0.0|STATS |AttributeCreator_5(TeeFactory): Cloned 37 input feature(s) into 37 output feature(s)
2011-05-30 16:35:38|  29.8|  0.0|STATS |AttributeCreator_4(TeeFactory): Cloned 0 input feature(s) into 0 output feature(s)
2011-05-30 16:35:38|  29.8|  0.0|STATS |AttributeCreator_3(TeeFactory): Cloned 0 input feature(s) into 0 output feature(s)
2011-05-30 16:35:38|  29.8|  0.0|STATS |AttributeCreator_2(TeeFactory): Cloned 0 input feature(s) into 0 output feature(s)
2011-05-30 16:35:38|  29.8|  0.0|STATS |CoordinateExtractor(TestFactory): Tested 37 input feature(s) -- 0 feature(s) passed and 37 feature(s) failed
2011-05-30 16:35:38|  29.8|  0.0|STATS |StringFormatter_6(TeeFactory): Cloned 37 input feature(s) into 37 output feature(s)
2011-05-30 16:35:38|  29.8|  0.0|STATS |StringFormatter_5(TeeFactory): Cloned 37 input feature(s) into 37 output feature(s)
2011-05-30 16:35:38|  29.8|  0.0|STATS |StringConcatenator_3(TeeFactory): Cloned 37 input feature(s) into 37 output feature(s)
2011-05-30 16:35:38|  29.8|  0.0|STATS |AttributeCreator(TeeFactory): Cloned 0 input feature(s) into 0 output feature(s)
2011-05-30 16:35:38|  29.8|  0.0|STATS |StringFormatter_7(TeeFactory): Cloned 436 input feature(s) into 436 output feature(s)
2011-05-30 16:35:38|  29.8|  0.0|STATS |Tester(TestFactory): Tested 436 input feature(s) -- 1 feature(s) passed and 435 feature(s) failed
2011-05-30 16:35:38|  29.8|  0.0|INFORM|Processed CANDIDATE 10 / 37
2011-05-30 16:35:38|  29.8|  0.0|STATS |SpatialFilter(SpatialFilterFactory): Total: Processed 38 input feature(s): 1 BASE feature(s) and 37 CANDIDATE feature(s). 0 feature(s) PASSED
2011-05-30 16:35:38|  29.8|  0.0|STATS |SpatialFilter PASSED Splitter(TeeFactory): Cloned 0 input feature(s) into 0 output feature(s)
2011-05-30 16:35:38|  29.8|  0.0|STATS |SpatialFilter_PASSED_0 -> text_line Correlator(TeeFactory): Cloned 0 input feature(s) into 0 output feature(s)
2011-05-30 16:35:38|  29.8|  0.0|STATS |SpatialFilter_PASSED_1 -> Svingerestriksjonsavvik Correlator(TeeFactory): Cloned 0 input feature(s) into 0 output feature(s)
2011-05-30 16:35:38|  29.8|  0.0|STATS |Final Output Feature Type Router(TestFactory): Tested 0 input feature(s) -- 0 feature(s) passed and 0 feature(s) failed
2011-05-30 16:35:38|  29.8|  0.0|STATS |Final Output Nuker(TeeFactory): Cloned 0 input feature(s) into 0 output feature(s)
2011-05-30 16:35:38|  29.8|  0.0|INFORM|Count statistics output suppressed -- 85 count domains active
2011-05-30 16:35:38|  29.8|  0.0|STATS |=-=-=-=-=-=-=-=-=-=-=-=-=-=-=-=-=-=-=-=-=-=-=-=-=-=-=-=-=-=-=-=-=-=-=-=-=-=-=-
2011-05-30 16:35:38|  29.8|  0.0|STATS |                            Features Read Summary
2011-05-30 16:35:38|  29.8|  0.0|STATS |=-=-=-=-=-=-=-=-=-=-=-=-=-=-=-=-=-=-=-=-=-=-=-=-=-=-=-=-=-=-=-=-=-=-=-=-=-=-=-
2011-05-30 16:35:38|  29.8|  0.0|STATS |0128Innkjoring                                                             100
2011-05-30 16:35:38|  29.8|  0.0|STATS |Fortau                                                                      10
2011-05-30 16:35:38|  29.8|  0.0|STATS |Fylkesgrense                                                             29721
2011-05-30 16:35:38|  29.8|  0.0|STATS |GangSykkelVegSenterlinje                                                   163
2011-05-30 16:35:38|  29.8|  0.0|STATS |KOMMENTAR                                                                    1
2011-05-30 16:35:38|  29.8|  0.0|STATS |KOMMUNE                                                                     18
2011-05-30 16:35:38|  29.8|  0.0|STATS |Kjørebane                                                                   74
2011-05-30 16:35:38|  29.8|  0.0|STATS |Kjørefelt                                                                    4
2011-05-30 16:35:38|  29.8|  0.0|STATS |Kommune                                                                    436
2011-05-30 16:35:38|  29.8|  0.0|STATS |Kommunedele                                                                 41
2011-05-30 16:35:38|  29.8|  0.0|STATS |Kommunegrense                                                           134757
2011-05-30 16:35:38|  29.8|  0.0|STATS |Planovergang                                                                11
2011-05-30 16:35:38|  29.8|  0.0|STATS |Riksgrense                                                                 251
2011-05-30 16:35:38|  29.8|  0.0|STATS |SKILTPLATE                                                                  37
2011-05-30 16:35:38|  29.8|  0.0|STATS |TILSTAND/SKADE_FU__PUNKT                                                     4
2011-05-30 16:35:38|  29.8|  0.0|STATS |TILSTAND/SKADE__SKILTPLATE                                                   4
2011-05-30 16:35:38|  29.8|  0.0|STATS |Territorialgrense                                                           85
2011-05-30 16:35:38|  29.8|  0.0|STATS |VEGOPPMERKING__LANGSGÅENDE                                                1841
2011-05-30 16:35:38|  29.8|  0.0|STATS |VEGREFERANSE                                                              6216
2011-05-30 16:35:38|  29.8|  0.0|STATS |VegSenterlinje                                                            3926
2011-05-30 16:35:38|  29.8|  0.0|STATS |VegUnderBane                                                                 5
2011-05-30 16:35:38|  29.8|  0.0|STATS |Vegsperring                                                                 39
2011-05-30 16:35:38|  29.8|  0.0|STATS |==============================================================================
2011-05-30 16:35:38|  29.8|  0.0|STATS |Total Features Read                                                     177744
2011-05-30 16:35:38|  29.8|  0.0|STATS |=-=-=-=-=-=-=-=-=-=-=-=-=-=-=-=-=-=-=-=-=-=-=-=-=-=-=-=-=-=-=-=-=-=-=-=-=-=-=-
2011-05-30 16:35:38|  29.8|  0.0|STATS |=-=-=-=-=-=-=-=-=-=-=-=-=-=-=-=-=-=-=-=-=-=-=-=-=-=-=-=-=-=-=-=-=-=-=-=-=-=-=-
2011-05-30 16:35:38|  29.8|  0.0|STATS |                           Features Written Summary
2011-05-30 16:35:38|  29.8|  0.0|STATS |=-=-=-=-=-=-=-=-=-=-=-=-=-=-=-=-=-=-=-=-=-=-=-=-=-=-=-=-=-=-=-=-=-=-=-=-=-=-=-
2011-05-30 16:35:38|  29.8|  0.0|STATS |==============================================================================
2011-05-30 16:35:38|  29.8|  0.0|STATS |Total Features Written                                                       0
2011-05-30 16:35:38|  29.8|  0.0|STATS |=-=-=-=-=-=-=-=-=-=-=-=-=-=-=-=-=-=-=-=-=-=-=-=-=-=-=-=-=-=-=-=-=-=-=-=-=-=-=-
2011-05-30 16:35:38|  29.8|  0.0|INFORM|Translation was SUCCESSFUL with 7 warning(s) (0 feature(s) output)
2011-05-30 16:35:38|  29.8|  0.0|INFORM|FME Session Duration: 29.9 seconds. (CPU: 28.9s user, 0.5s system)
2011-05-30 16:35:38|  29.8|  0.0|INFORM|END - ProcessID: 4552, peak process memory usage: 207324 kB, current process memory usage: 97288 kB.
