2011-05-12 09:02:38|   0.1|  0.1|INFORM|Feature Manipulation Engine 2010 SP4 (20101117 - Build 6235 - WIN32)
2011-05-12 09:02:38|   0.1|  0.0|INFORM|FME_HOME is 'C:\Programfiler\FME\'
2011-05-12 09:02:38|   0.1|  0.0|INFORM|FME Desktop ESRI Edition (floating)
2011-05-12 09:02:38|   0.1|  0.0|INFORM|Permanent License.
2011-05-12 09:02:38|   0.1|  0.0|INFORM|Machine host name is: svv-26270
2011-05-12 09:02:38|   0.1|  0.0|INFORM|START - ProcessID: 2924, peak process memory usage: 20772 kB, current process memory usage: 20452 kB.
2011-05-12 09:02:38|   0.1|  0.0|INFORM|FME Configuration: Command line arguments are `C:\Programfiler\FME\fme.exe' `C:\DATA\Kvalitetskontroller\Geometri\FMW\GeometriKontroll.fmw' `--SourceDataset_GDMMAPPERSOSI' `C:\DATA\Kvalitetskontroller\Data\20110511\0301Elveg\0301Elveg.SOS' `--DestDataset_GDMMAPPERQUADRI' `C:\DATA\Kvalitetskontroller\Data\20110511\0301Elveg\0301Geometrianalyse.gdd' `--DestDataset_TEXTLINE' `C:\DATA\Kvalitetskontroller\Data\20110511\0301Elveg\0301Geometrifeil.log' `--dZLim' `2' `--dXYlim' `1' `--lengthLim' `1' `--LOG_FILE' `C:\DATA\Kvalitetskontroller\Data\20110511\0301Elveg\0301Geometrianalyse.log'
2011-05-12 09:02:38|   0.2|  0.0|INFORM|Shared directories for formats are : C:\Programfiler\FME\datasources
2011-05-12 09:02:38|   0.2|  0.0|INFORM|Shared directories for transformers are : C:\Programfiler\FME\transformers
2011-05-12 09:02:38|   0.2|  0.0|INFORM|FME Configuration: Reader Keyword is `GDMMAPPERSOSI_1'
2011-05-12 09:02:38|   0.2|  0.0|INFORM|FME Configuration: Writer Keyword is `MULTI_WRITER'
2011-05-12 09:02:38|   0.2|  0.0|INFORM|FME Configuration: Writer Group Definition Keyword is `MULTI_WRITER_DEF'
2011-05-12 09:02:38|   0.2|  0.0|INFORM|FME Configuration: Reader type is `GDMMAPPERSOSI'
2011-05-12 09:02:38|   0.2|  0.0|INFORM|FME Configuration: Writer type is `MULTI_WRITER'
2011-05-12 09:02:38|   0.2|  0.0|INFORM|FME Configuration: No destination coordinate system set
2011-05-12 09:02:38|   0.2|  0.0|INFORM|FME Configuration: Geometry Handling Mode is `Enhanced' 
2011-05-12 09:02:38|   0.2|  0.0|INFORM|FME Configuration: Current working directory is `C:\DATA\Kvalitetskontroller\Geometri'
2011-05-12 09:02:38|   0.2|  0.0|INFORM|FME Configuration: Temporary directory is `C:\DOCUME~1\hanekk\LOKALE~1\Temp'
2011-05-12 09:02:38|   0.2|  0.0|INFORM|FME Configuration: FME_HOME is `C:\Programfiler\FME\'
2011-05-12 09:02:38|   0.2|  0.0|INFORM|FME Configuration: FME_BASE is 'no'
2011-05-12 09:02:38|   0.2|  0.0|INFORM|FME Configuration: FME_MF_DIR is 'C:\DATA\Kvalitetskontroller\Geometri\FMW/'
2011-05-12 09:02:38|   0.2|  0.0|INFORM|FME Configuration: FME_MF_NAME is 'GeometriKontroll.fmw'
2011-05-12 09:02:38|   0.2|  0.0|INFORM|FME Configuration: FME_PRODUCT_NAME is 'FME 2010 SP4'
2011-05-12 09:02:38|   0.2|  0.0|INFORM|System Status: 143371MB of disk space available in the FME temporary directory (C:\DOCUME~1\hanekk\LOKALE~1\Temp\)
2011-05-12 09:02:38|   0.2|  0.0|INFORM|System Status: 1945MB of virtual memory available
2011-05-12 09:02:38|   0.2|  0.0|INFORM|Operating System: Microsoft Windows XP Professional Service Pack 3 (Build 2600)
2011-05-12 09:02:38|   0.2|  0.0|INFORM|FME Platform: WIN32
2011-05-12 09:02:38|   0.2|  0.0|INFORM|Locale: nb_NO
2011-05-12 09:02:38|   0.2|  0.0|INFORM|Code Page: 1252  (ANSI - latin I)
2011-05-12 09:02:38|   0.2|  0.0|INFORM|FME Configuration: Process limit is 2047 MB (out of 3325 MB physical memory and 2047 MB address space)
2011-05-12 09:02:38|   0.2|  0.0|INFORM|FME Configuration: Start freeing memory when process usage exceeds 847 MB of memory or 1447 MB of address space
2011-05-12 09:02:38|   0.2|  0.0|INFORM|FME Configuration: Stop freeing memory when process usage is below 635 MB of memory and 1085 MB of address space
2011-05-12 09:02:38|   0.2|  0.0|INFORM|FME Configuration: Autodetermining optimal maximum number of objects in memory
2011-05-12 09:02:38|   0.2|  0.0|INFORM|FME Configuration: Source coordinate system for reader GDMMAPPERSOSI_1[GDMMAPPERSOSI] set to `EPSG:25833'
2011-05-12 09:02:38|   1.0|  0.8|INFORM|Coordinate System `EPSG:25833' parameters: CS_NAME=`ETRS89.UTM-33N' DESC_NM=`ETRS89 / UTM zone 33N' DT_NAME=`ETRF89' EPSG=`25833' GROUP=`UTMN' MAP_SCL=`1' PARM1=`15' PROJ=`TM' QUAD=`1' SCL_RED=`0.9996' SOURCE=`EPSG, V6.3, 25833 [Large and medium scale topographic mappi]' UNIT=`Meter' X_OFF=`500000' Y_OFF=`0.0' ZERO_X=`0.0001' ZERO_Y=`0.0001' 
2011-05-12 09:02:38|   1.0|  0.0|INFORM|Coordinate System `EPSG:25833' as OGC Well Known Text: PROJCS["ETRS89 / UTM zone 33N",GEOGCS["ETRF89",DATUM["ETRF89",SPHEROID["Geodetic Reference System of 1980",6378137,298.2572221009113]],PRIMEM["Greenwich",0],UNIT["degree",0.0174532925199433]],PROJECTION["Transverse_Mercator"],PARAMETER["latitude_of_origin",0],PARAMETER["central_meridian",15],PARAMETER["scale_factor",0.9996],PARAMETER["false_easting",500000],PARAMETER["false_northing",0],UNIT["Meter",1],AUTHORITY["EPSG","25833"]]
2011-05-12 09:02:39|   1.0|  0.0|INFORM|Loaded module 'GDMMAPPERSOSI' from file 'C:\Programfiler\FME\plugins/GDMMAPPERSOSI.dll'
2011-05-12 09:02:39|   1.0|  0.0|INFORM|FME API version of module 'GDMMAPPERSOSI' matches current internal version (3.6 20090807)
2011-05-12 09:02:39|   1.0|  0.0|INFORM|GDMMapper - Åpner : C:\DATA\Kvalitetskontroller\Data\20110511\0301Elveg\0301Elveg.SOS
2011-05-12 09:02:39|   1.1|  0.0|INFORM|Using Dynamic Reader $Revision: 62876 $ ( $Date: 2009-08-27 11:28:55 -0700 (Thu, 27 Aug 2009) $ ) with module GDMMAPPERSOSI to read data from dataset `C:\DATA\Kvalitetskontroller\Data\20110511\0301Elveg\0301Elveg.SOS'
2011-05-12 09:02:39|   1.1|  0.0|INFORM|Using MultiWriter $Revision: 59162 $ ( $Date: 2009-04-07 10:04:59 -0700 (Tue, 07 Apr 2009) $ ) with keyword `MULTI_WRITER' to output data (ID_ATTRIBUTE is `multi_writer_id')
2011-05-12 09:02:39|   1.1|  0.0|INFORM|Writer output will be ordered by value of multi_writer_id
2011-05-12 09:02:39|   1.1|  0.0|INFORM|NyeNoder_ListExploder_3(ElementFactory): Using LEAN processing mode
2011-05-12 09:02:39|   1.1|  0.0|INFORM|Loaded module 'Geometry_func' from file 'C:\Programfiler\FME\plugins/Geometry_func.dll'
2011-05-12 09:02:39|   1.1|  0.0|INFORM|FME API version of module 'Geometry_func' matches current internal version (3.6 20090807)
2011-05-12 09:02:39|   1.1|  0.0|INFORM|Høydeforskjeller_ListExploder(ElementFactory): Using LEAN processing mode
2011-05-12 09:02:39|   1.1|  0.0|INFORM|GeometriGap_ListExploder_3(ElementFactory): Using LEAN processing mode
2011-05-12 09:02:39|   1.1|  0.0|INFORM|GeometriGap_ListExploder_5(ElementFactory): Using LEAN processing mode
2011-05-12 09:02:39|   1.1|  0.0|INFORM|ListExploder(ElementFactory): Using LEAN processing mode
2011-05-12 09:02:39|   1.1|  0.0|INFORM|FME Configuration: Using FME Reprojection Engine
2011-05-12 09:02:39|   1.1|  0.0|INFORM|Using FFS Reader $Revision: 62357 $ ( $Date: 2009-08-07 12:21:47 -0700 (Fri, 07 Aug 2009) $ ) to read features from FME Feature Stores in directory `C:\Programfiler\FME\Plugins\GDMMapper\Temp\'
2011-05-12 09:02:39|   1.1|  0.0|STATS |Restoring 45384 feature(s) from FME feature store file `C:\Programfiler\FME\Plugins\GDMMapper\Temp\C-_DATA_Kvalitetskontroller_Data_20110511_0301Elveg_0301Elveg.SOS.ffs'
2011-05-12 09:02:39|   1.1|  0.0|INFORM|FME Configuration: Source coordinate system for reader R_1[FFS] set to `EPSG:32633' as read from input data
2011-05-12 09:02:39|   1.1|  0.0|INFORM|Coordinate System `EPSG:32633' parameters: CS_NAME=`UTM84-33N' DESC_NM=`UTM-WGS 1984 datum, Zone 33 North, Meter; Cent. Meridian 15d E' DT_NAME=`WGS84' EPSG=`32633' GROUP=`UTMN' MAP_SCL=`1' PARM1=`15' PROJ=`TM' QUAD=`1' SCL_RED=`0.9996' SOURCE=`Snyder, J.P, 1987, Map Projections - A Working Manual' UNIT=`METER' X_OFF=`500000.0' Y_OFF=`0.0' 
2011-05-12 09:02:39|   1.1|  0.0|INFORM|Coordinate System `EPSG:32633' as OGC Well Known Text: PROJCS["UTM-WGS 1984 datum, Zone 33 North, Meter; Cent. Meridian 15d E",GEOGCS["WGS 84",DATUM["WGS_1984",SPHEROID["World Geodetic System of 1984, GEM 10C",6378137,298.257223563,AUTHORITY["EPSG","7030"]],AUTHORITY["EPSG","6326"]],PRIMEM["Greenwich",0],UNIT["degree",0.0174532925199433],AUTHORITY["EPSG","4326"]],PROJECTION["Transverse_Mercator"],PARAMETER["latitude_of_origin",0],PARAMETER["central_meridian",15],PARAMETER["scale_factor",0.9996],PARAMETER["false_easting",500000],PARAMETER["false_northing",0],UNIT["METER",1],AUTHORITY["EPSG","32633"]]
2011-05-12 09:02:39|   1.1|  0.0|WARN  |NOT changing coordinate system of reader identified by keyword `GDMMAPPERSOSI_1' from `EPSG:25833' to `EPSG:32633' -- mapping file setting of `EPSG:25833' overrides coordinate system `EPSG:32633' read from file
2011-05-12 09:02:39|   1.5|  0.4|INFORM|Reading source feature # 2500
2011-05-12 09:02:39|   1.8|  0.4|INFORM|Reading source feature # 5000
2011-05-12 09:02:40|   2.2|  0.3|INFORM|Reading source feature # 7500
2011-05-12 09:02:40|   2.5|  0.3|INFORM|Reading source feature # 10000
2011-05-12 09:02:40|   2.8|  0.3|INFORM|Reading source feature # 12500
2011-05-12 09:02:41|   3.2|  0.3|INFORM|Reading source feature # 15000
2011-05-12 09:02:41|   3.5|  0.3|INFORM|Reading source feature # 17500
2011-05-12 09:02:41|   3.8|  0.3|INFORM|Reading source feature # 20000
2011-05-12 09:02:42|   4.1|  0.3|INFORM|Reading source feature # 22500
2011-05-12 09:02:42|   4.4|  0.3|INFORM|Reading source feature # 25000
2011-05-12 09:02:42|   4.8|  0.3|INFORM|Reading source feature # 27500
2011-05-12 09:02:43|   5.1|  0.3|INFORM|Reading source feature # 30000
2011-05-12 09:02:43|   5.4|  0.3|INFORM|Reading source feature # 32500
2011-05-12 09:02:43|   5.7|  0.3|INFORM|Reading source feature # 35000
2011-05-12 09:02:44|   6.0|  0.3|INFORM|Reading source feature # 37500
2011-05-12 09:02:44|   6.1|  0.0|INFORM|FME Configuration: Destination coordinate system set to input coordinate system `EPSG:25833'
2011-05-12 09:02:44|   6.1|  0.0|INFORM|Loaded module 'GDMMAPPERQUADRI' from file 'C:\Programfiler\FME\plugins/GDMMAPPERQUADRI.dll'
2011-05-12 09:02:44|   6.1|  0.0|INFORM|FME API version of module 'GDMMAPPERQUADRI' matches current internal version (3.6 20090807)
2011-05-12 09:02:44|   6.1|  0.0|INFORM|FME Configuration: Destination coordinate system set to `EPSG:25833'
2011-05-12 09:02:44|   6.1|  0.0|INFORM|Coordinate System `EPSG:25833' parameters: CS_NAME=`ETRS89.UTM-33N' DESC_NM=`ETRS89 / UTM zone 33N' DT_NAME=`ETRF89' EPSG=`25833' GROUP=`UTMN' MAP_SCL=`1' PARM1=`15' PROJ=`TM' QUAD=`1' SCL_RED=`0.9996' SOURCE=`EPSG, V6.3, 25833 [Large and medium scale topographic mappi]' UNIT=`Meter' X_OFF=`500000' Y_OFF=`0.0' ZERO_X=`0.0001' ZERO_Y=`0.0001' 
2011-05-12 09:02:44|   6.1|  0.0|INFORM|Coordinate System `EPSG:25833' as OGC Well Known Text: PROJCS["ETRS89 / UTM zone 33N",GEOGCS["ETRF89",DATUM["ETRF89",SPHEROID["Geodetic Reference System of 1980",6378137,298.2572221009113]],PRIMEM["Greenwich",0],UNIT["degree",0.0174532925199433]],PROJECTION["Transverse_Mercator"],PARAMETER["latitude_of_origin",0],PARAMETER["central_meridian",15],PARAMETER["scale_factor",0.9996],PARAMETER["false_easting",500000],PARAMETER["false_northing",0],UNIT["Meter",1],AUTHORITY["EPSG","25833"]]
2011-05-12 09:02:44|   6.1|  0.0|INFORM|Using Dynamic Writer $Revision: 26873 $ ( $Date: 2006-03-01 10:08:47 -0800 (Wed, 01 Mar 2006) $ ) with module GDMMAPPERQUADRI to write dataset `C:\DATA\Kvalitetskontroller\Data\20110511\0301Elveg\0301Geometrianalyse.gdd'
2011-05-12 09:02:44|   6.1|  0.0|INFORM|FME API version of module 'GDMMAPPERQUADRI' matches current internal version (3.6 20090807)
2011-05-12 09:02:44|   6.1|  0.0|INFORM|Writer `GDMMAPPERQUADRI_1' of type `GDMMAPPERQUADRI' using group definition keyword `GDMMAPPERQUADRI_1_DEF'
2011-05-12 09:02:44|   6.1|  0.0|INFORM|FME API version of module 'GDMMAPPERQUADRI' matches current internal version (3.6 20090807)
2011-05-12 09:02:44|   6.1|  0.0|INFORM|------------------------ GDMMApper Settings (Writer) ------------------
2011-05-12 09:02:44|   6.1|  0.0|INFORM|Lagre ukjente objekttyper : På
2011-05-12 09:02:44|   6.1|  0.0|INFORM|Lagre ukjente egenskaper : På
2011-05-12 09:02:44|   6.1|  0.0|INFORM|Lagre FME flater som punkt : På
2011-05-12 09:02:44|   6.1|  0.0|INFORM|Ignorer objekttyper med navn som starter med :
2011-05-12 09:02:44|   6.1|  0.0|INFORM|SOSI-enhet :
2011-05-12 09:02:44|   6.1|  0.0|INFORM|SOSI-versjon :4.0
2011-05-12 09:02:44|   6.1|  0.0|INFORM|-----------------------------------------------------------------------
2011-05-12 09:02:44|   6.1|  0.0|INFORM|GDMMapper - Åpner: C:\DATA\KVALITETSKONTROLLER\DATA\20110511\0301ELVEG\0301GEOMETRIANALYSE.GDD
2011-05-12 09:02:44|   6.5|  0.4|INFORM|Reading source feature # 40000
2011-05-12 09:02:45|   6.9|  0.4|INFORM|Reading source feature # 42500
2011-05-12 09:02:45|   7.3|  0.4|INFORM|Reading source feature # 45000
2011-05-12 09:02:45|   7.3|  0.0|INFORM|Emptying factory pipeline
2011-05-12 09:02:45|   7.3|  0.0|STATS |Unexpected Input Remover(TestFactory): Tested 45384 input feature(s) -- 44612 feature(s) passed and 772 feature(s) failed
2011-05-12 09:02:45|   7.3|  0.0|STATS |Source -> Generic(TeeFactory): Cloned 44612 input feature(s) into 44612 output feature(s)
2011-05-12 09:02:45|   7.3|  0.0|STATS |Kommunedele (GDMMAPPERSOSI_1) Splitter(TeeFactory): Cloned 0 input feature(s) into 0 output feature(s)
2011-05-12 09:02:45|   7.3|  0.0|STATS |Planovergang (GDMMAPPERSOSI_1) Splitter(TeeFactory): Cloned 0 input feature(s) into 0 output feature(s)
2011-05-12 09:02:45|   7.3|  0.0|STATS |Vegsperring (GDMMAPPERSOSI_1) Splitter(TeeFactory): Cloned 0 input feature(s) into 0 output feature(s)
2011-05-12 09:02:45|   7.3|  0.0|STATS |VegUnderBane (GDMMAPPERSOSI_1) Splitter(TeeFactory): Cloned 0 input feature(s) into 0 output feature(s)
2011-05-12 09:02:45|   7.3|  0.0|STATS |AttributeExposer_2(TeeFactory): Cloned 44612 input feature(s) into 44612 output feature(s)
2011-05-12 09:02:45|   7.3|  0.0|STATS |AttributeRenamer_2(TeeFactory): Cloned 44612 input feature(s) into 44612 output feature(s)
2011-05-12 09:02:45|   7.3|  0.0|STATS |NullAttributeReplacer(TeeFactory): Cloned 44612 input feature(s) into 44612 output feature(s)
2011-05-12 09:02:45|   7.3|  0.0|STATS |NullAttributeReplacer OUTPUT Splitter(TeeFactory): Cloned 44612 input feature(s) into 223060 output feature(s)
2011-05-12 09:02:45|   7.3|  0.0|STATS |NyeNoder Nettverk Input Collector(TeeFactory): Cloned 44612 input feature(s) into 44612 output feature(s)
2011-05-12 09:02:45|   7.3|  0.0|STATS |NyeNoder_Nettverk Input Splitter(TeeFactory): Cloned 44612 input feature(s) into 44612 output feature(s)
2011-05-12 09:02:45|   7.3|  0.0|STATS |NyeNoder_TopologyBuilder(TopologyFactory): Computing topology defined by 44612 input feature(s)
2011-05-12 09:02:45|   7.3|  0.0|INFORM|NyeNoder_TopologyBuilder(TopologyFactory): Completed 100% of data insertion into topology model 1 of 4
2011-05-12 09:02:45|   7.3|  0.0|STATS |NyeNoder_TopologyBuilder(TopologyFactory): Processing 43708 input feature(s) in group where `MEDIUM' is `T'
2011-05-12 09:02:47|   8.9|  1.6|INFORM|Performing low-level intersection... 100% done
2011-05-12 09:02:47|   9.1|  0.2|INFORM|Intersection operation updating nodes... 100% done
2011-05-12 09:02:48|  10.2|  1.1|INFORM|NyeNoder_ListExploder_3(ElementFactory): Processed 5000 elements with mode LEAN
2011-05-12 09:02:48|  10.4|  0.3|INFORM|NyeNoder_ListExploder_3(ElementFactory): Processed 10000 elements with mode LEAN
2011-05-12 09:02:48|  10.7|  0.3|INFORM|NyeNoder_ListExploder_3(ElementFactory): Processed 15000 elements with mode LEAN
2011-05-12 09:02:49|  10.9|  0.3|INFORM|NyeNoder_ListExploder_3(ElementFactory): Processed 20000 elements with mode LEAN
2011-05-12 09:02:49|  11.2|  0.3|INFORM|NyeNoder_ListExploder_3(ElementFactory): Processed 25000 elements with mode LEAN
2011-05-12 09:02:49|  11.4|  0.3|INFORM|NyeNoder_ListExploder_3(ElementFactory): Processed 30000 elements with mode LEAN
2011-05-12 09:02:49|  11.7|  0.3|INFORM|NyeNoder_ListExploder_3(ElementFactory): Processed 35000 elements with mode LEAN
2011-05-12 09:02:50|  12.0|  0.3|INFORM|NyeNoder_ListExploder_3(ElementFactory): Processed 40000 elements with mode LEAN
2011-05-12 09:02:50|  12.2|  0.3|INFORM|NyeNoder_ListExploder_3(ElementFactory): Processed 45000 elements with mode LEAN
2011-05-12 09:02:50|  12.5|  0.3|INFORM|NyeNoder_ListExploder_3(ElementFactory): Processed 50000 elements with mode LEAN
2011-05-12 09:02:50|  12.8|  0.3|INFORM|NyeNoder_ListExploder_3(ElementFactory): Processed 55000 elements with mode LEAN
2011-05-12 09:02:51|  13.0|  0.3|INFORM|NyeNoder_ListExploder_3(ElementFactory): Processed 60000 elements with mode LEAN
2011-05-12 09:02:51|  13.3|  0.3|INFORM|NyeNoder_ListExploder_3(ElementFactory): Processed 65000 elements with mode LEAN
2011-05-12 09:02:51|  13.6|  0.3|INFORM|NyeNoder_ListExploder_3(ElementFactory): Processed 70000 elements with mode LEAN
2011-05-12 09:02:52|  13.8|  0.3|INFORM|NyeNoder_ListExploder_3(ElementFactory): Processed 75000 elements with mode LEAN
2011-05-12 09:02:52|  14.1|  0.3|INFORM|NyeNoder_ListExploder_3(ElementFactory): Processed 80000 elements with mode LEAN
2011-05-12 09:02:52|  14.4|  0.3|INFORM|NyeNoder_ListExploder_3(ElementFactory): Processed 85000 elements with mode LEAN
2011-05-12 09:02:55|  17.3|  2.9|STATS |NyeNoder_TopologyBuilder(TopologyFactory): Output 44410 linear feature(s), 0 polygonal feature(s), 36910 point feature(s), and one universe polygon feature from `MEDIUM' is `T'
2011-05-12 09:02:55|  17.3|  0.0|STATS |NyeNoder_TopologyBuilder(TopologyFactory): Processing 14 input feature(s) in group where `MEDIUM' is `B'
2011-05-12 09:02:55|  17.3|  0.0|STATS |NyeNoder_TopologyBuilder(TopologyFactory): Output 14 linear feature(s), 0 polygonal feature(s), 27 point feature(s), and one universe polygon feature from `MEDIUM' is `B'
2011-05-12 09:02:55|  17.3|  0.0|INFORM|NyeNoder_TopologyBuilder(TopologyFactory): Completed 15.77% of data insertion into topology model 3 of 4
2011-05-12 09:02:55|  17.3|  0.0|STATS |NyeNoder_TopologyBuilder(TopologyFactory): Processing 634 input feature(s) in group where `MEDIUM' is `L'
2011-05-12 09:02:55|  17.4|  0.1|INFORM|NyeNoder_ListExploder_3(ElementFactory): Processed 90000 elements with mode LEAN
2011-05-12 09:02:55|  17.4|  0.0|STATS |NyeNoder_TopologyBuilder(TopologyFactory): Output 652 linear feature(s), 0 polygonal feature(s), 968 point feature(s), and one universe polygon feature from `MEDIUM' is `L'
2011-05-12 09:02:55|  17.4|  0.0|STATS |NyeNoder_TopologyBuilder(TopologyFactory): Processing 256 input feature(s) in group where `MEDIUM' is `U'
2011-05-12 09:02:55|  17.5|  0.1|STATS |NyeNoder_TopologyBuilder(TopologyFactory): Output 299 linear feature(s), 0 polygonal feature(s), 384 point feature(s), and one universe polygon feature from `MEDIUM' is `U'
2011-05-12 09:02:55|  17.5|  0.0|STATS |NyeNoder_TopologyBuilder(TopologyFactory): Completed linearization of all groups
2011-05-12 09:02:55|  17.5|  0.0|STATS |NyeNoder_TopologyBuilder LINE Splitter(TeeFactory): Cloned 45375 input feature(s) into 90750 output feature(s)
2011-05-12 09:02:55|  17.5|  0.0|STATS |NyeNoder_AttributeKeeper(TeeFactory): Cloned 45375 input feature(s) into 45375 output feature(s)
2011-05-12 09:02:55|  17.5|  0.0|STATS |NyeNoder_StringConcatenator(TeeFactory): Cloned 38289 input feature(s) into 38289 output feature(s)
2011-05-12 09:02:55|  17.5|  0.0|STATS |NyeNoder_StringConcatenator OUTPUT Splitter(TeeFactory): Cloned 38289 input feature(s) into 76578 output feature(s)
2011-05-12 09:02:55|  17.5|  0.0|STATS |NyeNoder_ListExploder_3(ElementFactory): Split out 90750 list elements from 38289 input features, using mode LEAN
2011-05-12 09:02:55|  17.5|  0.0|STATS |NyeNoder_ExpressionEvaluator(TeeFactory): Cloned 90750 input feature(s) into 90750 output feature(s)
2011-05-12 09:02:57|  18.9|  1.4|INFORM|NyeNoder_FeatureMerger_3(ReferenceFactory): Completed 100% of intermediate processing
2011-05-12 09:02:57|  19.0|  0.1|STATS |NyeNoder_FeatureMerger_3(ReferenceFactory): Total Results: 90750 Complete Feature(s), 0 Incomplete Feature(s), 44410 Referenced Feature(s), 0 Unreferenced Feature(s), 0 Referencer Feature(s) (NO REFERENCES), 0 Referencee Feature(s) (NO Referencee fields defined), and 965 Duplicate Referencee Feature(s)
2011-05-12 09:02:57|  19.0|  0.0|STATS |NyeNoder_ListBuilder_fme_type_remover(TeeFactory): Cloned 90750 input feature(s) into 90750 output feature(s)
2011-05-12 09:03:13|  34.7| 15.7|STATS |NyeNoder_ListBuilder(ListFactory): Combined 90750 input feature(s) into 89999 output feature(s), including 0 singleton(s)
2011-05-12 09:03:13|  34.7|  0.0|STATS |NyeNoder_ListDuplicateRemover(TeeFactory): Cloned 89999 input feature(s) into 89999 output feature(s)
2011-05-12 09:03:13|  34.7|  0.0|STATS |NyeNoder_ListElementCounter(TeeFactory): Cloned 89999 input feature(s) into 89999 output feature(s)
2011-05-12 09:03:13|  34.7|  0.0|STATS |NyeNoder_ListRemover(TeeFactory): Cloned 89999 input feature(s) into 89999 output feature(s)
2011-05-12 09:03:13|  34.7|  0.0|STATS |NyeNoder_Tester(TestFactory): Tested 89999 input feature(s) -- 702 feature(s) passed and 89297 feature(s) failed
2011-05-12 09:03:13|  34.7|  0.0|STATS |NyeNoder_AttributeKeeper_2(TeeFactory): Cloned 702 input feature(s) into 702 output feature(s)
2011-05-12 09:03:13|  34.8|  0.1|INFORM|NyeNoder_FeatureMerger(ReferenceFactory): Completed 100% of intermediate processing
2011-05-12 09:03:13|  34.9|  0.1|STATS |NyeNoder_FeatureMerger(ReferenceFactory): Total Results: 351 Complete Feature(s), 37938 Incomplete Feature(s), 351 Referenced Feature(s), 0 Unreferenced Feature(s), 0 Referencer Feature(s) (NO REFERENCES), 0 Referencee Feature(s) (NO Referencee fields defined), and 351 Duplicate Referencee Feature(s)
2011-05-12 09:03:13|  34.9|  0.0|STATS |NyeNoder_NyeNoder Output Collector(TeeFactory): Cloned 351 input feature(s) into 351 output feature(s)
2011-05-12 09:03:13|  34.9|  0.0|STATS |NyeNoder_Linjer Output Collector(TeeFactory): Cloned 45375 input feature(s) into 45375 output feature(s)
2011-05-12 09:03:13|  34.9|  0.0|STATS |NyeNoder NyeNoder Output Renamer/Nuker(TeeFactory): Cloned 351 input feature(s) into 351 output feature(s)
2011-05-12 09:03:13|  34.9|  0.0|STATS |NyeNoder Linjer Output Renamer/Nuker(TeeFactory): Cloned 45375 input feature(s) into 45375 output feature(s)
2011-05-12 09:03:13|  34.9|  0.0|STATS |Høydeforskjeller Noder Input Collector(TeeFactory): Cloned 351 input feature(s) into 351 output feature(s)
2011-05-12 09:03:13|  34.9|  0.0|STATS |Høydeforskjeller Linjer Input Collector(TeeFactory): Cloned 45375 input feature(s) into 45375 output feature(s)
2011-05-12 09:03:13|  34.9|  0.0|STATS |Høydeforskjeller_Noder Input Splitter(TeeFactory): Cloned 351 input feature(s) into 351 output feature(s)
2011-05-12 09:03:13|  34.9|  0.0|STATS |Høydeforskjeller_Linjer Input Splitter(TeeFactory): Cloned 45375 input feature(s) into 45375 output feature(s)
2011-05-12 09:03:13|  34.9|  0.0|STATS |Høydeforskjeller_GeometryExtractor(TeeFactory): Cloned 45375 input feature(s) into 45375 output feature(s)
2011-05-12 09:03:13|  34.9|  0.0|STATS |Høydeforskjeller_ListExploder(ElementFactory): Split out 1404 list elements from 351 input features, using mode LEAN
2011-05-12 09:03:13|  34.9|  0.0|STATS |Høydeforskjeller_Tester(TestFactory): Tested 1404 input feature(s) -- 702 feature(s) passed and 702 feature(s) failed
2011-05-12 09:03:13|  34.9|  0.0|STATS |Høydeforskjeller_AttributeCreator_2(TeeFactory): Cloned 702 input feature(s) into 702 output feature(s)
2011-05-12 09:03:13|  34.9|  0.0|STATS |Høydeforskjeller_AttributeCreator(TeeFactory): Cloned 702 input feature(s) into 702 output feature(s)
2011-05-12 09:03:13|  34.9|  0.0|STATS |Høydeforskjeller_ExpressionEvaluator(TeeFactory): Cloned 1404 input feature(s) into 1404 output feature(s)
2011-05-12 09:03:13|  34.9|  0.0|STATS |Høydeforskjeller_GeometryExtractor_2(TeeFactory): Cloned 1404 input feature(s) into 1404 output feature(s)
2011-05-12 09:03:13|  34.9|  0.0|STATS |Høydeforskjeller_AttributeKeeper_2(TeeFactory): Cloned 1404 input feature(s) into 1404 output feature(s)
2011-05-12 09:03:13|  35.0|  0.1|INFORM|Høydeforskjeller_FeatureMerger(ReferenceFactory): Completed 100% of intermediate processing
2011-05-12 09:03:13|  35.2|  0.2|STATS |Høydeforskjeller_FeatureMerger(ReferenceFactory): Total Results: 1404 Complete Feature(s), 0 Incomplete Feature(s), 1130 Referenced Feature(s), 43280 Unreferenced Feature(s), 0 Referencer Feature(s) (NO REFERENCES), 0 Referencee Feature(s) (NO Referencee fields defined), and 965 Duplicate Referencee Feature(s)
2011-05-12 09:03:13|  35.2|  0.0|STATS |Høydeforskjeller_GeometryReplacer_2(TeeFactory): Cloned 1404 input feature(s) into 1404 output feature(s)
2011-05-12 09:03:13|  35.2|  0.0|STATS |Høydeforskjeller_CoordinateExtractor_3(TestFactory): Tested 1404 input feature(s) -- 0 feature(s) passed and 1404 feature(s) failed
2011-05-12 09:03:13|  35.2|  0.0|STATS |Høydeforskjeller_GeometryReplacer_4(TeeFactory): Cloned 1404 input feature(s) into 1404 output feature(s)
2011-05-12 09:03:13|  35.2|  0.0|STATS |Høydeforskjeller_AttributeKeeper(TeeFactory): Cloned 1404 input feature(s) into 1404 output feature(s)
2011-05-12 09:03:13|  35.2|  0.0|STATS |Høydeforskjeller_AttributeRenamer(TeeFactory): Cloned 1404 input feature(s) into 1404 output feature(s)
2011-05-12 09:03:13|  35.2|  0.0|STATS |Høydeforskjeller_Tester_2(TestFactory): Tested 1404 input feature(s) -- 1404 feature(s) passed and 0 feature(s) failed
2011-05-12 09:03:13|  35.2|  0.0|INFORM|Høydeforskjeller_Matcher(MatchingFactory): Worst case number of comparisons is 986310. Matching Factory may not make this many comparisons, but the worst possible case will not exceed this number
2011-05-12 09:03:13|  35.2|  0.0|INFORM|Høydeforskjeller_Matcher(MatchingFactory): Processing comparison #1
2011-05-12 09:03:13|  35.3|  0.1|STATS |Høydeforskjeller_Matcher(MatchingFactory): Found 351 matching group(s) of features in 1404 input feature(s). 0 feature(s) did not have any matches
2011-05-12 09:03:13|  35.3|  0.0|STATS |Høydeforskjeller_ListRangeExtractor(TeeFactory): Cloned 351 input feature(s) into 351 output feature(s)
2011-05-12 09:03:13|  35.3|  0.0|STATS |Høydeforskjeller_ExpressionEvaluator_2(TeeFactory): Cloned 351 input feature(s) into 351 output feature(s)
2011-05-12 09:03:13|  35.3|  0.0|STATS |Høydeforskjeller_AttributeRemover(TeeFactory): Cloned 351 input feature(s) into 351 output feature(s)
2011-05-12 09:03:13|  35.3|  0.0|STATS |Høydeforskjeller_NoderMedHøydeforskjeller Output Collector(TeeFactory): Cloned 351 input feature(s) into 351 output feature(s)
2011-05-12 09:03:13|  35.3|  0.0|STATS |Høydeforskjeller_Manglende_høyde Output Collector(TeeFactory): Cloned 0 input feature(s) into 0 output feature(s)
2011-05-12 09:03:13|  35.3|  0.0|STATS |Høydeforskjeller NoderMedHøydeforskjeller Output Renamer/Nuker(TeeFactory): Cloned 351 input feature(s) into 351 output feature(s)
2011-05-12 09:03:13|  35.3|  0.0|STATS |Høydeforskjeller Manglende_høyde Output Renamer/Nuker(TeeFactory): Cloned 0 input feature(s) into 0 output feature(s)
2011-05-12 09:03:13|  35.3|  0.0|STATS |AttributeCreator_7(TeeFactory): Cloned 0 input feature(s) into 0 output feature(s)
2011-05-12 09:03:13|  35.3|  0.0|STATS |Tester_2(TestFactory): Tested 351 input feature(s) -- 10 feature(s) passed and 341 feature(s) failed
2011-05-12 09:03:13|  35.3|  0.0|STATS |AttributeCreator_2(TeeFactory): Cloned 341 input feature(s) into 341 output feature(s)
2011-05-12 09:03:13|  35.3|  0.0|STATS |AttributeCreator_2_OUTPUT Disabled Nuker -1 58(TeeFactory): Cloned 341 input feature(s) into 0 output feature(s)
2011-05-12 09:03:13|  35.3|  0.0|STATS |AttributeCreator(TeeFactory): Cloned 10 input feature(s) into 10 output feature(s)
2011-05-12 09:03:13|  35.3|  0.0|STATS |AttributeCreator OUTPUT Splitter(TeeFactory): Cloned 10 input feature(s) into 20 output feature(s)
2011-05-12 09:03:13|  35.3|  0.0|STATS |AttributeKeeper(TeeFactory): Cloned 10 input feature(s) into 10 output feature(s)
2011-05-12 09:03:13|  35.3|  0.0|STATS |ListDuplicateRemover(TeeFactory): Cloned 10 input feature(s) into 10 output feature(s)
2011-05-12 09:03:13|  35.3|  0.0|STATS |GeometriGap Nettverk Input Collector(TeeFactory): Cloned 44612 input feature(s) into 44612 output feature(s)
2011-05-12 09:03:13|  35.3|  0.0|STATS |GeometriGap_Nettverk Input Splitter(TeeFactory): Cloned 44612 input feature(s) into 44612 output feature(s)
2011-05-12 09:03:13|  35.3|  0.0|STATS |GeometriGap_TopologyBuilder_2(TopologyFactory): Computing topology defined by 44612 input feature(s)
2011-05-12 09:03:13|  35.3|  0.1|INFORM|GeometriGap_TopologyBuilder_2(TopologyFactory): Completed 100% of data insertion into topology model 1 of 1
2011-05-12 09:03:15|  37.1|  1.8|INFORM|Performing low-level intersection... 100% done
2011-05-12 09:03:15|  37.3|  0.1|INFORM|Intersection operation updating nodes... 100% done
2011-05-12 09:03:17|  38.6|  1.3|INFORM|GeometriGap_ListExploder_3(ElementFactory): Processed 5000 elements with mode LEAN
2011-05-12 09:03:18|  39.6|  1.0|STATS |GeometriGap_TopologyBuilder_2(TopologyFactory): Output 44612 linear feature(s), 0 polygonal feature(s), 36934 point feature(s), and one universe polygon feature 
2011-05-12 09:03:18|  39.6|  0.0|STATS |GeometriGap_ListElementCounter_3(TeeFactory): Cloned 36934 input feature(s) into 36934 output feature(s)
2011-05-12 09:03:18|  39.6|  0.0|STATS |GeometriGap_Tester_5(TestFactory): Tested 36934 input feature(s) -- 9009 feature(s) passed and 27925 feature(s) failed
2011-05-12 09:03:18|  39.6|  0.0|STATS |GeometriGap_ListExploder_3(ElementFactory): Split out 9009 list elements from 9009 input features, using mode LEAN
2011-05-12 09:03:18|  39.6|  0.0|STATS |GeometriGap_ExpressionEvaluator_2(TeeFactory): Cloned 9009 input feature(s) into 9009 output feature(s)
2011-05-12 09:03:18|  39.6|  0.0|STATS |GeometriGap_AttributeKeeper_4(TeeFactory): Cloned 9009 input feature(s) into 9009 output feature(s)
2011-05-12 09:03:19|  40.3|  0.7|INFORM|GeometriGap_FeatureMerger_2(ReferenceFactory): Completed 100% of intermediate processing
2011-05-12 09:03:19|  40.3|  0.0|STATS |GeometriGap_FeatureMerger_2(ReferenceFactory): Total Results: 9009 Complete Feature(s), 0 Incomplete Feature(s), 8956 Referenced Feature(s), 35656 Unreferenced Feature(s), 0 Referencer Feature(s) (NO REFERENCES), 0 Referencee Feature(s) (NO Referencee fields defined), and 0 Duplicate Referencee Feature(s)
2011-05-12 09:03:19|  40.3|  0.0|STATS |GeometriGap_FeatureMerger_2 COMPLETE Splitter(TeeFactory): Cloned 9009 input feature(s) into 18018 output feature(s)
2011-05-12 09:03:19|  40.3|  0.0|STATS |GeometriGap_AttributeKeeper_6(TeeFactory): Cloned 9009 input feature(s) into 9009 output feature(s)
2011-05-12 09:03:19|  40.3|  0.0|STATS |GeometriGap_AttributeCopier(TeeFactory): Cloned 9009 input feature(s) into 9009 output feature(s)
2011-05-12 09:03:19|  40.5|  0.2|INFORM|Processing base feature(s)...
2011-05-12 09:03:20|  41.3|  0.8|INFORM|GeometriGap_ListExploder_5(ElementFactory): Processed 5000 elements with mode LEAN
2011-05-12 09:03:21|  42.2|  0.9|STATS |GeometriGap_NeighborFinder_2(ProximityFactory): Group Input Summary: 8949 base feature(s) and 43708 candidate feature(s) in group where MEDIUM='T'
2011-05-12 09:03:21|  42.2|  0.0|STATS |GeometriGap_NeighborFinder_2(ProximityFactory): Group Input Summary: 0 base feature(s) and 14 candidate feature(s) in group where MEDIUM='B'
2011-05-12 09:03:21|  42.2|  0.0|INFORM|Processing base feature(s)...
2011-05-12 09:03:21|  42.2|  0.0|STATS |GeometriGap_NeighborFinder_2(ProximityFactory): Group Input Summary: 53 base feature(s) and 634 candidate feature(s) in group where MEDIUM='L'
2011-05-12 09:03:21|  42.2|  0.0|INFORM|Processing base feature(s)...
2011-05-12 09:03:21|  42.2|  0.0|STATS |GeometriGap_NeighborFinder_2(ProximityFactory): Group Input Summary: 7 base feature(s) and 256 candidate feature(s) in group where MEDIUM='U'
2011-05-12 09:03:21|  42.2|  0.0|STATS |GeometriGap_NeighborFinder_2(ProximityFactory): Input Summary:  9009 base feature(s), 44612 candidate feature(s)
2011-05-12 09:03:21|  42.2|  0.0|STATS |GeometriGap_NeighborFinder_2(ProximityFactory): Output Summary: 9009 matched feature(s), 0 unmatched base feature(s)
2011-05-12 09:03:21|  42.2|  0.0|STATS |GeometriGap_AttributeRemover_2(TeeFactory): Cloned 9009 input feature(s) into 9009 output feature(s)
2011-05-12 09:03:21|  42.2|  0.0|STATS |GeometriGap_ListExploder_5(ElementFactory): Split out 9017 list elements from 9009 input features, using mode LEAN
2011-05-12 09:03:21|  42.2|  0.0|STATS |GeometriGap_Tester_6(TestFactory): Tested 9017 input feature(s) -- 8 feature(s) passed and 9009 feature(s) failed
2011-05-12 09:03:21|  42.2|  0.0|STATS |GeometriGap_AttributeKeeper_7(TeeFactory): Cloned 8 input feature(s) into 8 output feature(s)
2011-05-12 09:03:21|  42.2|  0.0|STATS |GeometriGap_AttributeRenamer_2(TeeFactory): Cloned 8 input feature(s) into 8 output feature(s)
2011-05-12 09:03:21|  42.2|  0.0|INFORM|GeometriGap_FeatureMerger_3(ReferenceFactory): Completed 100% of intermediate processing
2011-05-12 09:03:21|  42.3|  0.1|STATS |GeometriGap_FeatureMerger_3(ReferenceFactory): Total Results: 8 Complete Feature(s), 9001 Incomplete Feature(s), 8 Referenced Feature(s), 0 Unreferenced Feature(s), 0 Referencer Feature(s) (NO REFERENCES), 0 Referencee Feature(s) (NO Referencee fields defined), and 0 Duplicate Referencee Feature(s)
2011-05-12 09:03:21|  42.3|  0.0|STATS |GeometriGap_ListRangeExtractor(TeeFactory): Cloned 8 input feature(s) into 8 output feature(s)
2011-05-12 09:03:21|  42.3|  0.0|STATS |GeometriGap_Geometrigap Output Collector(TeeFactory): Cloned 8 input feature(s) into 8 output feature(s)
2011-05-12 09:03:21|  42.3|  0.0|STATS |GeometriGap Geometrigap Output Renamer/Nuker(TeeFactory): Cloned 8 input feature(s) into 8 output feature(s)
2011-05-12 09:03:21|  42.3|  0.0|INFORM|Processing base feature(s)...
2011-05-12 09:03:21|  42.3|  0.0|STATS |NeighborFinder(ProximityFactory): Input Summary:  8 base feature(s), 10 candidate feature(s)
2011-05-12 09:03:21|  42.3|  0.0|STATS |NeighborFinder(ProximityFactory): Output Summary: 0 matched feature(s), 8 unmatched base feature(s)
2011-05-12 09:03:21|  42.3|  0.0|STATS |Tester_3(TestFactory): Tested 8 input feature(s) -- 5 feature(s) passed and 3 feature(s) failed
2011-05-12 09:03:21|  42.3|  0.0|STATS |AttributeCreator_6(TeeFactory): Cloned 3 input feature(s) into 3 output feature(s)
2011-05-12 09:03:21|  42.3|  0.0|STATS |AttributeCreator_5(TeeFactory): Cloned 5 input feature(s) into 5 output feature(s)
2011-05-12 09:03:21|  42.3|  0.0|STATS |NullAttributeReplacer_2(TeeFactory): Cloned 44612 input feature(s) into 44612 output feature(s)
2011-05-12 09:03:21|  42.3|  0.0|STATS |TestFilter(TeeFactory): Cloned 44612 input feature(s) into 44612 output feature(s)
2011-05-12 09:03:21|  42.3|  0.0|STATS |TestFilter_TestFactory_0(TestFactory): Tested 44612 input feature(s) -- 1 feature(s) passed and 44611 feature(s) failed
2011-05-12 09:03:21|  42.3|  0.0|STATS |TestFilter_TestFactory_1(TestFactory): Tested 44611 input feature(s) -- 0 feature(s) passed and 44611 feature(s) failed
2011-05-12 09:03:21|  42.3|  0.0|STATS |TestFilter_TestFactory_2(TestFactory): Tested 44611 input feature(s) -- 0 feature(s) passed and 44611 feature(s) failed
2011-05-12 09:03:21|  42.3|  0.0|STATS |TestFilter_UNFILTERED(TeeFactory): Cloned 44611 input feature(s) into 44611 output feature(s)
2011-05-12 09:03:21|  42.3|  0.0|STATS |TestFilter <UNFILTERED> Output Nuker(TeeFactory): Cloned 44611 input feature(s) into 0 output feature(s)
2011-05-12 09:03:21|  42.3|  0.0|STATS |AttributeCreator_4(TeeFactory): Cloned 1 input feature(s) into 1 output feature(s)
2011-05-12 09:03:21|  42.3|  0.0|STATS |AttributeExposer(TeeFactory): Cloned 44612 input feature(s) into 44612 output feature(s)
2011-05-12 09:03:21|  42.3|  0.0|STATS |Originallenker (Disabled) Nuker(TeeFactory): Cloned 44612 input feature(s) into 0 output feature(s)
2011-05-12 09:03:21|  42.3|  0.0|STATS |LengthCalculator(TeeFactory): Cloned 44612 input feature(s) into 44612 output feature(s)
2011-05-12 09:03:21|  42.3|  0.0|STATS |Tester(TestFactory): Tested 44612 input feature(s) -- 0 feature(s) passed and 44612 feature(s) failed
2011-05-12 09:03:21|  42.3|  0.0|STATS |AttributeCreator_3(TeeFactory): Cloned 0 input feature(s) into 0 output feature(s)
2011-05-12 09:03:21|  42.3|  0.0|STATS |AttributeCreator_3_OUTPUT Disabled Nuker -1 73(TeeFactory): Cloned 0 input feature(s) into 0 output feature(s)
2011-05-12 09:03:21|  42.3|  0.0|STATS |CoordinateExtractor(TestFactory): Tested 19 input feature(s) -- 18 feature(s) passed and 1 feature(s) failed
2011-05-12 09:03:21|  42.3|  0.0|STATS |CoordinateExtractor OUTPUT Splitter(TeeFactory): Cloned 19 input feature(s) into 57 output feature(s)
2011-05-12 09:03:21|  42.3|  0.0|STATS |Counter(TeeFactory): Cloned 19 input feature(s) into 19 output feature(s)
2011-05-12 09:03:21|  42.3|  0.0|STATS |AttributeFilter_2(TestFactory): Tested 19 input feature(s) -- 19 feature(s) passed and 0 feature(s) failed
2011-05-12 09:03:21|  42.3|  0.0|STATS |AttributeFilter_2_BlankFilter(TestFactory): Tested 0 input feature(s) -- 0 feature(s) passed and 0 feature(s) failed
2011-05-12 09:03:21|  42.3|  0.0|STATS |AttributeFilter_2 KortLenke Output Nuker(TeeFactory): Cloned 0 input feature(s) into 0 output feature(s)
2011-05-12 09:03:21|  42.3|  0.0|STATS |AttributeFilter_2 GeometriGap Splitter(TeeFactory): Cloned 5 input feature(s) into 10 output feature(s)
2011-05-12 09:03:21|  42.3|  0.0|STATS |AttributeFilter_2 ManglendeNode Splitter(TeeFactory): Cloned 13 input feature(s) into 26 output feature(s)
2011-05-12 09:03:21|  42.3|  0.0|STATS |AttributeFilter_2 FeilMedium Output Nuker(TeeFactory): Cloned 0 input feature(s) into 0 output feature(s)
2011-05-12 09:03:21|  42.3|  0.0|STATS |AttributeFilter_2 <BLANK> Output Nuker(TeeFactory): Cloned 0 input feature(s) into 0 output feature(s)
2011-05-12 09:03:21|  42.3|  0.0|STATS |AttributeFilter_2 <UNFILTERED> Output Nuker(TeeFactory): Cloned 0 input feature(s) into 0 output feature(s)
2011-05-12 09:03:21|  42.3|  0.0|STATS |ListExploder(ElementFactory): Split out 28 list elements from 18 input features, using mode LEAN
2011-05-12 09:03:21|  42.3|  0.0|STATS |ListRemover(TeeFactory): Cloned 18 input feature(s) into 18 output feature(s)
2011-05-12 09:03:21|  42.3|  0.0|STATS |AttributeKeeper_2(TeeFactory): Cloned 47 input feature(s) into 47 output feature(s)
2011-05-12 09:03:21|  42.3|  0.0|STATS |ListBuilder_fme_type_remover(TeeFactory): Cloned 47 input feature(s) into 47 output feature(s)
2011-05-12 09:03:21|  42.3|  0.0|STATS |ListBuilder(ListFactory): Combined 47 input feature(s) into 19 output feature(s), including 0 singleton(s)
2011-05-12 09:03:21|  42.3|  0.0|STATS |ListDuplicateRemover_2(TeeFactory): Cloned 19 input feature(s) into 19 output feature(s)
2011-05-12 09:03:21|  42.3|  0.0|STATS |ListConcatenator(TeeFactory): Cloned 19 input feature(s) into 19 output feature(s)
2011-05-12 09:03:21|  42.3|  0.0|STATS |StringFormatter(TeeFactory): Cloned 19 input feature(s) into 19 output feature(s)
2011-05-12 09:03:21|  42.3|  0.0|STATS |StringFormatter_2(TeeFactory): Cloned 19 input feature(s) into 19 output feature(s)
2011-05-12 09:03:21|  42.3|  0.0|STATS |StringConcatenator(TeeFactory): Cloned 19 input feature(s) into 19 output feature(s)
2011-05-12 09:03:21|  42.3|  0.0|STATS |CoordinateSystemSetter(TeeFactory): Cloned 19 input feature(s) into 19 output feature(s)
2011-05-12 09:03:21|  42.3|  0.0|STATS |AttributeFilter(TestFactory): Tested 19 input feature(s) -- 19 feature(s) passed and 0 feature(s) failed
2011-05-12 09:03:21|  42.3|  0.0|STATS |AttributeFilter_BlankFilter(TestFactory): Tested 0 input feature(s) -- 0 feature(s) passed and 0 feature(s) failed
2011-05-12 09:03:21|  42.3|  0.0|STATS |AttributeFilter FeilMedium Output Nuker(TeeFactory): Cloned 0 input feature(s) into 0 output feature(s)
2011-05-12 09:03:21|  42.3|  0.0|STATS |AttributeFilter <BLANK> Output Nuker(TeeFactory): Cloned 0 input feature(s) into 0 output feature(s)
2011-05-12 09:03:21|  42.3|  0.0|STATS |AttributeFilter <UNFILTERED> Output Nuker(TeeFactory): Cloned 0 input feature(s) into 0 output feature(s)
2011-05-12 09:03:21|  42.3|  0.0|STATS |StringFormatter_3(TeeFactory): Cloned 19 input feature(s) into 19 output feature(s)
2011-05-12 09:03:21|  42.3|  0.0|STATS |SubstringExtractor(TeeFactory): Cloned 19 input feature(s) into 19 output feature(s)
2011-05-12 09:03:21|  42.3|  0.0|STATS |SubstringExtractor_2(TeeFactory): Cloned 19 input feature(s) into 19 output feature(s)
2011-05-12 09:03:21|  42.3|  0.0|STATS |ListIndexer(TeeFactory): Cloned 19 input feature(s) into 19 output feature(s)
2011-05-12 09:03:21|  42.3|  0.0|STATS |AttributeRenamer(TeeFactory): Cloned 19 input feature(s) into 19 output feature(s)
2011-05-12 09:03:21|  42.3|  0.0|STATS |AttributeRenamer_OUTPUT -> Geometrifeil Correlator(TeeFactory): Cloned 19 input feature(s) into 19 output feature(s)
2011-05-12 09:03:21|  42.3|  0.0|STATS |AttributeFilter_FeilVegreferanse -> FeilVegreferanse Correlator(TeeFactory): Cloned 1 input feature(s) into 1 output feature(s)
2011-05-12 09:03:21|  42.3|  0.0|STATS |AttributeFilter_KortLenke -> KortLenke Correlator(TeeFactory): Cloned 0 input feature(s) into 0 output feature(s)
2011-05-12 09:03:21|  42.3|  0.0|STATS |AttributeFilter_GeometriGap -> GeometriGap Correlator(TeeFactory): Cloned 5 input feature(s) into 5 output feature(s)
2011-05-12 09:03:21|  42.3|  0.0|STATS |AttributeFilter_ManglendeNode -> ManglendeNode Correlator(TeeFactory): Cloned 13 input feature(s) into 13 output feature(s)
2011-05-12 09:03:21|  42.3|  0.0|STATS |StringConcatenator_OUTPUT -> text_line Correlator(TeeFactory): Cloned 19 input feature(s) into 19 output feature(s)
2011-05-12 09:03:21|  42.3|  0.0|STATS |Final Output Feature Type Router(TestFactory): Tested 57 input feature(s) -- 57 feature(s) passed and 0 feature(s) failed
2011-05-12 09:03:21|  42.3|  0.0|STATS |=-=-=-=-=-=-=-=-=-=-=-=-=-=-=-=-=-=-=-=-=-=-=-=-=-=-=-=-=-=-=-=-=-=-=-=-=-=-=-
2011-05-12 09:03:21|  42.3|  0.0|STATS |                            `Count' Domain Summary
2011-05-12 09:03:21|  42.3|  0.0|STATS |=-=-=-=-=-=-=-=-=-=-=-=-=-=-=-=-=-=-=-=-=-=-=-=-=-=-=-=-=-=-=-=-=-=-=-=-=-=-=-
2011-05-12 09:03:21|  42.3|  0.0|STATS |Høydeforskjeller_Matcher                                                   351
2011-05-12 09:03:21|  42.3|  0.0|STATS |counter                                                                     19
2011-05-12 09:03:21|  42.3|  0.0|STATS |==============================================================================
2011-05-12 09:03:21|  42.3|  0.0|STATS |Total `@Count' Invocations:                                                370
2011-05-12 09:03:21|  42.3|  0.0|STATS |=-=-=-=-=-=-=-=-=-=-=-=-=-=-=-=-=-=-=-=-=-=-=-=-=-=-=-=-=-=-=-=-=-=-=-=-=-=-=-
2011-05-12 09:03:21|  42.3|  0.0|INFORM|GDMMapper - Lukker : C:\DATA\KVALITETSKONTROLLER\DATA\20110511\0301ELVEG\0301GEOMETRIANALYSE.GDD
2011-05-12 09:03:21|  42.3|  0.0|INFORM|=-=-=-=-=-=-=-=-=-=-=-=-=-=-=-=-=-=-=-=-=-=-=-=-=-=-=-=-=-=-=-=-=-=-=-=-=-=-=-
2011-05-12 09:03:21|  42.3|  0.0|INFORM|Feature output statistics for `GDMMAPPERQUADRI' writer using keyword `GDMMAPPERQUADRI_1':
2011-05-12 09:03:21|  42.3|  0.0|STATS |=-=-=-=-=-=-=-=-=-=-=-=-=-=-=-=-=-=-=-=-=-=-=-=-=-=-=-=-=-=-=-=-=-=-=-=-=-=-=-
2011-05-12 09:03:21|  42.3|  0.0|STATS |                               Features Written
2011-05-12 09:03:21|  42.3|  0.0|STATS |=-=-=-=-=-=-=-=-=-=-=-=-=-=-=-=-=-=-=-=-=-=-=-=-=-=-=-=-=-=-=-=-=-=-=-=-=-=-=-
2011-05-12 09:03:21|  42.3|  0.0|STATS |FeilVegreferanse                                                             1
2011-05-12 09:03:21|  42.3|  0.0|STATS |GeometriGap                                                                  5
2011-05-12 09:03:21|  42.3|  0.0|STATS |ManglendeNode                                                               13
2011-05-12 09:03:21|  42.3|  0.0|STATS |==============================================================================
2011-05-12 09:03:21|  42.3|  0.0|STATS |Total Features Written                                                      19
2011-05-12 09:03:21|  42.3|  0.0|STATS |=-=-=-=-=-=-=-=-=-=-=-=-=-=-=-=-=-=-=-=-=-=-=-=-=-=-=-=-=-=-=-=-=-=-=-=-=-=-=-
2011-05-12 09:03:21|  42.3|  0.0|INFORM|MULTI_WRITER: multi_writer_id `1': Started outputting features
2011-05-12 09:03:21|  42.4|  0.0|INFORM|Loaded module 'TEXTLINE' from file 'C:\Programfiler\FME\plugins/TEXTLINE.dll'
2011-05-12 09:03:21|  42.4|  0.0|INFORM|FME API version of module 'TEXTLINE' matches current internal version (3.6 20090807)
2011-05-12 09:03:21|  42.4|  0.0|INFORM|FME Configuration: No destination coordinate system set
2011-05-12 09:03:21|  42.4|  0.0|INFORM|Using Dynamic Writer $Revision: 26873 $ ( $Date: 2006-03-01 10:08:47 -0800 (Wed, 01 Mar 2006) $ ) with module TEXTLINE to write dataset `C:\DATA\Kvalitetskontroller\Data\20110511\0301Elveg\0301Geometrifeil.log'
2011-05-12 09:03:21|  42.4|  0.0|INFORM|FME API version of module 'TEXTLINE' matches current internal version (3.6 20090807)
2011-05-12 09:03:21|  42.4|  0.0|INFORM|Writer `TEXTLINE_1' of type `TEXTLINE' using group definition keyword `TEXTLINE_DEF'
2011-05-12 09:03:21|  42.4|  0.0|INFORM|FME API version of module 'TEXTLINE' matches current internal version (3.6 20090807)
2011-05-12 09:03:21|  42.4|  0.0|INFORM|Opening the Text File Writer on file `C:\DATA\Kvalitetskontroller\Data\20110511\0301Elveg\0301Geometrifeil.log'
2011-05-12 09:03:21|  42.4|  0.0|INFORM|FME Configuration: Destination coordinate system set to input coordinate system `EPSG:25833'
2011-05-12 09:03:21|  42.4|  0.0|INFORM|MULTI_WRITER: multi_writer_id `1': Writing feature 0 
2011-05-12 09:03:21|  42.4|  0.0|INFORM|Closing the Text File Writer
2011-05-12 09:03:21|  42.4|  0.0|INFORM|=-=-=-=-=-=-=-=-=-=-=-=-=-=-=-=-=-=-=-=-=-=-=-=-=-=-=-=-=-=-=-=-=-=-=-=-=-=-=-
2011-05-12 09:03:21|  42.4|  0.0|INFORM|Feature output statistics for `TEXTLINE' writer using keyword `TEXTLINE_1':
2011-05-12 09:03:21|  42.4|  0.0|STATS |=-=-=-=-=-=-=-=-=-=-=-=-=-=-=-=-=-=-=-=-=-=-=-=-=-=-=-=-=-=-=-=-=-=-=-=-=-=-=-
2011-05-12 09:03:21|  42.4|  0.0|STATS |                               Features Written
2011-05-12 09:03:21|  42.4|  0.0|STATS |=-=-=-=-=-=-=-=-=-=-=-=-=-=-=-=-=-=-=-=-=-=-=-=-=-=-=-=-=-=-=-=-=-=-=-=-=-=-=-
2011-05-12 09:03:21|  42.4|  0.0|STATS |text_line                                                                   19
2011-05-12 09:03:21|  42.4|  0.0|STATS |==============================================================================
2011-05-12 09:03:21|  42.4|  0.0|STATS |Total Features Written                                                      19
2011-05-12 09:03:21|  42.4|  0.0|STATS |=-=-=-=-=-=-=-=-=-=-=-=-=-=-=-=-=-=-=-=-=-=-=-=-=-=-=-=-=-=-=-=-=-=-=-=-=-=-=-
2011-05-12 09:03:21|  42.4|  0.0|INFORM|MULTI_WRITER: multi_writer_id `1': done writing 19 feature(s) 
2011-05-12 09:03:21|  42.4|  0.0|INFORM|^^^^^^^^^^^^^^^^^^^^^^^^^^^^^^^^^^^^^^^^^^^^^^^^^^^^^^^^^^^^^^^^^^^^^^^^^^^^^^
2011-05-12 09:03:21|  42.4|  0.0|INFORM|MULTI_WRITER: multi_writer_id `2': Started outputting features
2011-05-12 09:03:21|  42.4|  0.0|INFORM|Loaded module 'MDB_ADO' from file 'C:\Programfiler\FME\plugins/FME_ADO.dll'
2011-05-12 09:03:21|  42.4|  0.0|INFORM|FME API version of module 'MDB_ADO' matches current internal version (3.6 20090807)
2011-05-12 09:03:21|  42.4|  0.0|INFORM|FME Configuration: No destination coordinate system set
2011-05-12 09:03:21|  42.4|  0.0|INFORM|Using Dynamic Writer $Revision: 26873 $ ( $Date: 2006-03-01 10:08:47 -0800 (Wed, 01 Mar 2006) $ ) with module MDB_ADO to write dataset `C:\DATA\Kvalitetskontroller\Data\Geometrifeil.mdb'
2011-05-12 09:03:21|  42.4|  0.0|INFORM|FME API version of module 'MDB_ADO' matches current internal version (3.6 20090807)
2011-05-12 09:03:21|  42.4|  0.0|INFORM|Writer `MDB_ADO_1' of type `MDB_ADO' using group definition keyword `MDB_ADO_1_DEF'
2011-05-12 09:03:21|  42.4|  0.0|INFORM|FME API version of module 'MDB_ADO' matches current internal version (3.6 20090807)
2011-05-12 09:03:21|  42.4|  0.0|INFORM|MS Access Writer: Read 1 DEF line(s).  Found 6 attribute(s)
2011-05-12 09:03:21|  42.4|  0.0|INFORM|MS Access Writer: Opening `C:\DATA\Kvalitetskontroller\Data\Geometrifeil.mdb' for write operation
2011-05-12 09:03:21|  42.4|  0.0|INFORM|FME Configuration: Destination coordinate system set to input coordinate system `EPSG:25833'
2011-05-12 09:03:21|  42.5|  0.0|WARN  |MS Access Writer: Attribute `FYLKE' of feature type `Geometrifeil' has specified type `integer', but existing database table field has type `long'.  Information may be lost during conversion
2011-05-12 09:03:21|  42.5|  0.0|WARN  |MS Access Writer: Attribute `KOMMUNE' of feature type `Geometrifeil' has specified type `integer', but existing database table field has type `long'.  Information may be lost during conversion
2011-05-12 09:03:21|  42.5|  0.0|INFORM|MULTI_WRITER: multi_writer_id `2': Writing feature 0 
2011-05-12 09:03:21|  42.5|  0.0|INFORM|MS Access Writer: Closing `C:\DATA\Kvalitetskontroller\Data\Geometrifeil.mdb' . Write operation complete
2011-05-12 09:03:21|  42.5|  0.0|WARN  |MS Access Writer: 2 attribute value(s) failed conversion, and were written as NULL values
2011-05-12 09:03:21|  42.5|  0.0|INFORM|=-=-=-=-=-=-=-=-=-=-=-=-=-=-=-=-=-=-=-=-=-=-=-=-=-=-=-=-=-=-=-=-=-=-=-=-=-=-=-
2011-05-12 09:03:21|  42.5|  0.0|INFORM|Feature output statistics for `MDB_ADO' writer using keyword `MDB_ADO_1':
2011-05-12 09:03:21|  42.5|  0.0|STATS |=-=-=-=-=-=-=-=-=-=-=-=-=-=-=-=-=-=-=-=-=-=-=-=-=-=-=-=-=-=-=-=-=-=-=-=-=-=-=-
2011-05-12 09:03:21|  42.5|  0.0|STATS |                               Features Written
2011-05-12 09:03:21|  42.5|  0.0|STATS |=-=-=-=-=-=-=-=-=-=-=-=-=-=-=-=-=-=-=-=-=-=-=-=-=-=-=-=-=-=-=-=-=-=-=-=-=-=-=-
2011-05-12 09:03:21|  42.5|  0.0|STATS |Geometrifeil                                                                19
2011-05-12 09:03:21|  42.5|  0.0|STATS |==============================================================================
2011-05-12 09:03:21|  42.5|  0.0|STATS |Total Features Written                                                      19
2011-05-12 09:03:21|  42.5|  0.0|STATS |=-=-=-=-=-=-=-=-=-=-=-=-=-=-=-=-=-=-=-=-=-=-=-=-=-=-=-=-=-=-=-=-=-=-=-=-=-=-=-
2011-05-12 09:03:21|  42.5|  0.0|INFORM|MULTI_WRITER: multi_writer_id `2': done writing 19 feature(s) 
2011-05-12 09:03:21|  42.5|  0.0|INFORM|^^^^^^^^^^^^^^^^^^^^^^^^^^^^^^^^^^^^^^^^^^^^^^^^^^^^^^^^^^^^^^^^^^^^^^^^^^^^^^
2011-05-12 09:03:21|  42.5|  0.0|STATS |=-=-=-=-=-=-=-=-=-=-=-=-=-=-=-=-=-=-=-=-=-=-=-=-=-=-=-=-=-=-=-=-=-=-=-=-=-=-=-
2011-05-12 09:03:21|  42.5|  0.0|STATS |                            Features Read Summary
2011-05-12 09:03:21|  42.5|  0.0|STATS |=-=-=-=-=-=-=-=-=-=-=-=-=-=-=-=-=-=-=-=-=-=-=-=-=-=-=-=-=-=-=-=-=-=-=-=-=-=-=-
2011-05-12 09:03:21|  42.5|  0.0|STATS |GangSykkelVegSenterlinje                                                  8099
2011-05-12 09:03:21|  42.5|  0.0|STATS |Kjørebane                                                                 5581
2011-05-12 09:03:21|  42.5|  0.0|STATS |Kjørefelt                                                                  272
2011-05-12 09:03:21|  42.5|  0.0|STATS |Kommunedele                                                                112
2011-05-12 09:03:21|  42.5|  0.0|STATS |Planovergang                                                                19
2011-05-12 09:03:21|  42.5|  0.0|STATS |Svingekonnekteringslenke                                                    27
2011-05-12 09:03:21|  42.5|  0.0|STATS |VegSenterlinje                                                           30633
2011-05-12 09:03:21|  42.5|  0.0|STATS |VegUnderBane                                                                47
2011-05-12 09:03:21|  42.5|  0.0|STATS |Vegsperring                                                                594
2011-05-12 09:03:21|  42.5|  0.0|STATS |==============================================================================
2011-05-12 09:03:21|  42.5|  0.0|STATS |Total Features Read                                                      45384
2011-05-12 09:03:21|  42.5|  0.0|STATS |=-=-=-=-=-=-=-=-=-=-=-=-=-=-=-=-=-=-=-=-=-=-=-=-=-=-=-=-=-=-=-=-=-=-=-=-=-=-=-
2011-05-12 09:03:21|  42.5|  0.0|STATS |=-=-=-=-=-=-=-=-=-=-=-=-=-=-=-=-=-=-=-=-=-=-=-=-=-=-=-=-=-=-=-=-=-=-=-=-=-=-=-
2011-05-12 09:03:21|  42.5|  0.0|STATS |                           Features Written Summary
2011-05-12 09:03:21|  42.5|  0.0|STATS |=-=-=-=-=-=-=-=-=-=-=-=-=-=-=-=-=-=-=-=-=-=-=-=-=-=-=-=-=-=-=-=-=-=-=-=-=-=-=-
2011-05-12 09:03:21|  42.5|  0.0|STATS |FeilVegreferanse                                                             1
2011-05-12 09:03:21|  42.5|  0.0|STATS |GeometriGap                                                                  5
2011-05-12 09:03:21|  42.5|  0.0|STATS |Geometrifeil                                                                19
2011-05-12 09:03:21|  42.5|  0.0|STATS |ManglendeNode                                                               13
2011-05-12 09:03:21|  42.5|  0.0|STATS |text_line                                                                   19
2011-05-12 09:03:21|  42.5|  0.0|STATS |==============================================================================
2011-05-12 09:03:21|  42.5|  0.0|STATS |Total Features Written                                                      57
2011-05-12 09:03:21|  42.5|  0.0|STATS |=-=-=-=-=-=-=-=-=-=-=-=-=-=-=-=-=-=-=-=-=-=-=-=-=-=-=-=-=-=-=-=-=-=-=-=-=-=-=-
2011-05-12 09:03:21|  42.5|  0.0|INFORM|GDMMapper - Lukker : C:\DATA\KVALITETSKONTROLLER\DATA\20110511\0301ELVEG\0301ELVEG.SOS
2011-05-12 09:03:21|  42.5|  0.0|INFORM|Translation was SUCCESSFUL with 4 warning(s) (57 feature(s)/40 coordinate(s) output)
2011-05-12 09:03:21|  42.5|  0.0|INFORM|FME Session Duration: 43.7 seconds. (CPU: 41.5s user, 0.8s system)
2011-05-12 09:03:21|  42.5|  0.0|INFORM|END - ProcessID: 2924, peak process memory usage: 535080 kB, current process memory usage: 418664 kB.
