FEIL: 6571259.500   -31372.600       Restriksjon p책 del av lenke
FEIL: 6572191.300   -33748.300       Felt 2, mangler restriksjon
FEIL: 6572191.930   -33754.940       Felt 2, mangler restriksjon
FEIL: 6575283.630   -33999.580       Felt , mangler restriksjon
FEIL: 6572191.800   -33745.400       Felt 2, mangler restriksjon
FEIL: 6574213.600   -36195.400       Restriksjon p책 del av lenke
FEIL: 6567443.500   -33193.430       Felt , mangler restriksjon
FEIL: 6576226.620   -31567.550       Felt 1, mangler restriksjon
FEIL: 6573773.450   -38636.920       Felt 2, mangler restriksjon
FEIL: 6570566.420   -32584.760       Restriksjon p책 del av lenke
FEIL: 6568545.150   -33935.010       Restriksjon p책 del av lenke
FEIL: 6576275.310   -31101.850       Felt 1, mangler restriksjon
FEIL: 6576320.650   -31138.600       Felt 1, mangler restriksjon
FEIL: 6576327.080   -31145.220       Felt 1, mangler restriksjon
FEIL: 6576342.510   -31165.280       Felt 1, mangler restriksjon
FEIL: 6576349.970   -31178.310       Felt 1, mangler restriksjon
FEIL: 6576275.310   -31101.850       Felt 2, mangler restriksjon
FEIL: 6576317.710   -31148.470       Felt 2, mangler restriksjon
FEIL: 6576334.540   -31169.390       Felt 2, mangler restriksjon
FEIL: 6576341.970   -31182.310       Felt 2, mangler restriksjon
FEIL: 6576345.860   -31190.320       Felt 2, mangler restriksjon
FEIL: 6576320.650   -31138.600       Felt 2V1, mangler restriksjon
FEIL: 6576322.550   -31148.370       Felt 2V1, mangler restriksjon
FEIL: 6576337.740   -31168.130       Felt 2V1, mangler restriksjon
FEIL: 6576344.520   -31181.100       Felt 2V1, mangler restriksjon
FEIL: 6576317.710   -31148.470       Felt 1, mangler restriksjon
FEIL: 6576320.650   -31138.600       Felt 1, mangler restriksjon
FEIL: 6576322.640   -31135.140       Felt 1, mangler restriksjon
FEIL: 6576327.190   -31131.160       Felt 1, mangler restriksjon
FEIL: 6576317.710   -31148.470       Felt 2, mangler restriksjon
FEIL: 6576322.550   -31148.370       Felt 2, mangler restriksjon
FEIL: 6576327.080   -31145.220       Felt 2, mangler restriksjon
FEIL: 6576329.460   -31141.760       Felt 2, mangler restriksjon
FEIL: 6576333.050   -31135.640       Felt 2, mangler restriksjon
FEIL: 6576624.900   -32000.300       Felt 1, mangler restriksjon
FEIL: 6576678.860   -32008.090       Felt 1, mangler restriksjon
FEIL: 6576694.410   -32009.840       Felt 1, mangler restriksjon
FEIL: 6576714.400   -32011.230       Felt 1, mangler restriksjon
FEIL: 6576678.860   -32008.090       Felt 2V1, mangler restriksjon
FEIL: 6576692.320   -32013.820       Felt 2V1, mangler restriksjon
FEIL: 6576713.230   -32015.630       Felt 2V1, mangler restriksjon
FEIL: 6576624.900   -32000.300       Felt 2, mangler restriksjon
FEIL: 6576690.890   -32017.030       Felt 2, mangler restriksjon
FEIL: 6576711.070   -32018.070       Felt 2, mangler restriksjon
FEIL: 6576727.020   -32018.080       Felt 2, mangler restriksjon
FEIL: 6576171.270   -34808.520       Felt 1, mangler restriksjon
FEIL: 6576167.500   -34826.520       Felt 1, mangler restriksjon
FEIL: 6576171.270   -34808.520       Felt 2, mangler restriksjon
FEIL: 6576157.900   -34820.620       Felt 2, mangler restriksjon
FEIL: 6574859.900   -33481.500       Felt 1, mangler restriksjon
FEIL: 6574848.790   -33489.860       Felt 1, mangler restriksjon
FEIL: 6574859.900   -33481.500       Felt 2, mangler restriksjon
FEIL: 6574846.070   -33483.440       Felt 2, mangler restriksjon
FEIL: 6567446.890   -33179.480       Felt 1k#3K, mangler restriksjon
FEIL: 6567445.800   -33181.200       Felt 1k#3K, mangler restriksjon
FEIL: 6566373.200   -34929.000       Felt 1#2, har restriksjon
FEIL: 6566365.200   -34906.700       Felt 1#2, har restriksjon
FEIL: 6574341.300   -32905.000       Felt 2#4S, har restriksjon
FEIL: 6571644.400   -32572.940       Felt 1#2, har restriksjon
FEIL: 6574347.000   -32889.300       Felt 2#4S, har restriksjon
FEIL: 6575251.900   -34464.500       Felt SVKL, restriksjon feil retning
FEIL: 6573325.900   -31736.800       Felt 1K#2K, har restriksjon
FEIL: 6571647.150   -32580.980       Felt 1#2, har restriksjon
FEIL: 6573991.880   -32354.940       Felt 2#4S, har restriksjon
FEIL: 6576834.600   -34260.800       Felt 1#2, har restriksjon
FEIL: 6571660.080   -32581.450       Felt 1#2, har restriksjon
FEIL: 6571663.230   -32575.590       Felt 1#2, har restriksjon
FEIL: 6573994.370   -32364.400       Felt 2#4S, har restriksjon
