2011-05-12 08:58:40|   0.0|  0.0|INFORM|Feature Manipulation Engine 2010 SP4 (20101117 - Build 6235 - WIN32)
2011-05-12 08:58:40|   0.0|  0.0|INFORM|FME_HOME is 'C:\Programfiler\FME\'
2011-05-12 08:58:40|   0.0|  0.0|INFORM|FME Desktop ESRI Edition (floating)
2011-05-12 08:58:40|   0.0|  0.0|INFORM|Permanent License.
2011-05-12 08:58:40|   0.0|  0.0|INFORM|Machine host name is: svv-26270
2011-05-12 08:58:40|   0.0|  0.0|INFORM|START - ProcessID: 836, peak process memory usage: 20808 kB, current process memory usage: 20360 kB.
2011-05-12 08:58:40|   0.0|  0.0|INFORM|FME Configuration: Command line arguments are `C:\Programfiler\FME\fme.exe' `C:\DATA\Kvalitetskontroller\Retning\FMW\Retningskontroll.fmw' `--SourceDataset_GDMMAPPERSOSI' `C:\DATA\Kvalitetskontroller\Data\20110511\0211Elveg\0211Elveg.SOS' `--SourceDataset_CSV' `C:\DATA\Kvalitetskontroller\Data\20110511\0211Elveg\0211Innkjoring.txt' `--DestDataset_TEXTLINE' `C:\DATA\Kvalitetskontroller\Retning\Resultater\20110511\0211Retningsfeil.log' `--DestDataset_MDB' `C:\DATA\Kvalitetskontroller\Retning\Resultater\20110511\Retningsfeil.mdb' `--LOG_FILE' `C:\DATA\Kvalitetskontroller\Data\20110511\0211Elveg\0211Retningsanalyse.log'
2011-05-12 08:58:40|   0.1|  0.0|INFORM|Shared directories for formats are : C:\Programfiler\FME\datasources
2011-05-12 08:58:40|   0.1|  0.0|INFORM|Shared directories for transformers are : C:\Programfiler\FME\transformers
2011-05-12 08:58:40|   0.1|  0.0|INFORM|FME Configuration: Reader Keyword is `MULTI_READER'
2011-05-12 08:58:40|   0.1|  0.0|INFORM|FME Configuration: Writer Keyword is `MULTI_WRITER'
2011-05-12 08:58:40|   0.1|  0.0|INFORM|FME Configuration: Writer Group Definition Keyword is `MULTI_WRITER_DEF'
2011-05-12 08:58:40|   0.1|  0.0|INFORM|FME Configuration: Reader type is `MULTI_READER'
2011-05-12 08:58:40|   0.1|  0.0|INFORM|FME Configuration: Writer type is `MULTI_WRITER'
2011-05-12 08:58:40|   0.1|  0.0|INFORM|FME Configuration: No destination coordinate system set
2011-05-12 08:58:40|   0.1|  0.0|INFORM|FME Configuration: Geometry Handling Mode is `Enhanced' 
2011-05-12 08:58:40|   0.1|  0.0|INFORM|FME Configuration: Current working directory is `C:\DATA\Kvalitetskontroller\Retning'
2011-05-12 08:58:40|   0.1|  0.0|INFORM|FME Configuration: Temporary directory is `C:\DOCUME~1\hanekk\LOKALE~1\Temp'
2011-05-12 08:58:40|   0.1|  0.0|INFORM|FME Configuration: FME_HOME is `C:\Programfiler\FME\'
2011-05-12 08:58:40|   0.1|  0.0|INFORM|FME Configuration: FME_BASE is 'no'
2011-05-12 08:58:40|   0.1|  0.0|INFORM|FME Configuration: FME_MF_DIR is 'C:\DATA\Kvalitetskontroller\Retning\FMW/'
2011-05-12 08:58:40|   0.1|  0.0|INFORM|FME Configuration: FME_MF_NAME is 'Retningskontroll.fmw'
2011-05-12 08:58:40|   0.1|  0.0|INFORM|FME Configuration: FME_PRODUCT_NAME is 'FME 2010 SP4'
2011-05-12 08:58:40|   0.1|  0.0|INFORM|System Status: 143503MB of disk space available in the FME temporary directory (C:\DOCUME~1\hanekk\LOKALE~1\Temp\)
2011-05-12 08:58:40|   0.1|  0.0|INFORM|System Status: 1945MB of virtual memory available
2011-05-12 08:58:40|   0.1|  0.0|INFORM|Operating System: Microsoft Windows XP Professional Service Pack 3 (Build 2600)
2011-05-12 08:58:40|   0.1|  0.0|INFORM|FME Platform: WIN32
2011-05-12 08:58:40|   0.1|  0.0|INFORM|Locale: nb_NO
2011-05-12 08:58:40|   0.1|  0.0|INFORM|Code Page: 1252  (ANSI - latin I)
2011-05-12 08:58:40|   0.1|  0.0|INFORM|FME Configuration: Process limit is 2047 MB (out of 3325 MB physical memory and 2047 MB address space)
2011-05-12 08:58:40|   0.1|  0.0|INFORM|FME Configuration: Start freeing memory when process usage exceeds 847 MB of memory or 1447 MB of address space
2011-05-12 08:58:40|   0.1|  0.0|INFORM|FME Configuration: Stop freeing memory when process usage is below 635 MB of memory and 1085 MB of address space
2011-05-12 08:58:40|   0.1|  0.0|INFORM|FME Configuration: Autodetermining optimal maximum number of objects in memory
2011-05-12 08:58:40|   0.1|  0.0|INFORM|MULTI_READER(MULTI_READER): Will fail with first member reader failure
2011-05-12 08:58:40|   0.1|  0.0|INFORM|MULTI_READER(MULTI_READER): Adding GDMMAPPERSOSI Reader with keyword GDMMAPPERSOSI_1
2011-05-12 08:58:40|   0.1|  0.0|INFORM|MULTI_READER(MULTI_READER): Adding CSV Reader with keyword CSV_1
2011-05-12 08:58:40|   0.1|  0.0|INFORM|Using Multi Reader $Revision: 69919 $ ( $Date: 2010-05-26 14:41:46 -0700 (Wed, 26 May 2010) $ ) with keyword `MULTI_READER' to read multiple datasets
2011-05-12 08:58:40|   0.1|  0.0|INFORM|FME Configuration: Source coordinate system for reader GDMMAPPERSOSI_1[GDMMAPPERSOSI] set to `EPSG:25833'
2011-05-12 08:58:41|   1.0|  0.9|INFORM|Coordinate System `EPSG:25833' parameters: CS_NAME=`ETRS89.UTM-33N' DESC_NM=`ETRS89 / UTM zone 33N' DT_NAME=`ETRF89' EPSG=`25833' GROUP=`UTMN' MAP_SCL=`1' PARM1=`15' PROJ=`TM' QUAD=`1' SCL_RED=`0.9996' SOURCE=`EPSG, V6.3, 25833 [Large and medium scale topographic mappi]' UNIT=`Meter' X_OFF=`500000' Y_OFF=`0.0' ZERO_X=`0.0001' ZERO_Y=`0.0001' 
2011-05-12 08:58:41|   1.0|  0.0|INFORM|Coordinate System `EPSG:25833' as OGC Well Known Text: PROJCS["ETRS89 / UTM zone 33N",GEOGCS["ETRF89",DATUM["ETRF89",SPHEROID["Geodetic Reference System of 1980",6378137,298.2572221009113]],PRIMEM["Greenwich",0],UNIT["degree",0.0174532925199433]],PROJECTION["Transverse_Mercator"],PARAMETER["latitude_of_origin",0],PARAMETER["central_meridian",15],PARAMETER["scale_factor",0.9996],PARAMETER["false_easting",500000],PARAMETER["false_northing",0],UNIT["Meter",1],AUTHORITY["EPSG","25833"]]
2011-05-12 08:58:41|   1.1|  0.1|INFORM|Loaded module 'GDMMAPPERSOSI' from file 'C:\Programfiler\FME\plugins/GDMMAPPERSOSI.dll'
2011-05-12 08:58:41|   1.1|  0.0|INFORM|FME API version of module 'GDMMAPPERSOSI' matches current internal version (3.6 20090807)
2011-05-12 08:58:41|   1.1|  0.0|INFORM|GDMMapper - Åpner : C:\DATA\Kvalitetskontroller\Data\20110511\0211Elveg\0211Elveg.SOS
2011-05-12 08:58:41|   1.1|  0.0|INFORM|Starter SOSI-Lesing
2011-05-12 08:58:42|   1.6|  0.5|INFORM|SOSI-Lesing utført
2011-05-12 08:58:42|   1.6|  0.0|INFORM|Start storeFFS
2011-05-12 08:58:42|   1.6|  0.0|INFORM|FME Configuration: No destination coordinate system set
2011-05-12 08:58:42|   1.6|  0.0|INFORM|Using FFS Writer $Revision: 64208 $ ( $Date: 2009-10-09 17:28:39 -0700 (Fri, 09 Oct 2009) $ ) to write single-file feature store `C:\Programfiler\FME\Plugins\GDMMapper\Temp\C-_DATA_Kvalitetskontroller_Data_20110511_0211Elveg_0211Elveg.SOS.ffs'
2011-05-12 08:58:42|   1.6|  0.0|INFORM|FME Configuration: Destination coordinate system set to input coordinate system `EPSG:32633'
2011-05-12 08:58:42|   1.6|  0.0|STATS |Storing feature(s) to FME feature store file `C:\Programfiler\FME\Plugins\GDMMapper\Temp\C-_DATA_Kvalitetskontroller_Data_20110511_0211Elveg_0211Elveg.SOS.ffs'
2011-05-12 08:58:43|   2.5|  0.9|STATS |Stored 4600 feature(s) to FME feature store file `C:\Programfiler\FME\Plugins\GDMMapper\Temp\C-_DATA_Kvalitetskontroller_Data_20110511_0211Elveg_0211Elveg.SOS.ffs'
2011-05-12 08:58:43|   2.5|  0.0|INFORM|=-=-=-=-=-=-=-=-=-=-=-=-=-=-=-=-=-=-=-=-=-=-=-=-=-=-=-=-=-=-=-=-=-=-=-=-=-=-=-
2011-05-12 08:58:43|   2.5|  0.0|INFORM|Feature output statistics for `FFS' writer using keyword `W_1':
2011-05-12 08:58:43|   2.5|  0.0|STATS |=-=-=-=-=-=-=-=-=-=-=-=-=-=-=-=-=-=-=-=-=-=-=-=-=-=-=-=-=-=-=-=-=-=-=-=-=-=-=-
2011-05-12 08:58:43|   2.5|  0.0|STATS |                               Features Written
2011-05-12 08:58:43|   2.5|  0.0|STATS |=-=-=-=-=-=-=-=-=-=-=-=-=-=-=-=-=-=-=-=-=-=-=-=-=-=-=-=-=-=-=-=-=-=-=-=-=-=-=-
2011-05-12 08:58:43|   2.5|  0.0|STATS |GangSykkelVegSenterlinje                                                   127
2011-05-12 08:58:43|   2.5|  0.0|STATS |Kjørebane                                                                  322
2011-05-12 08:58:43|   2.5|  0.0|STATS |Kjørefelt                                                                    1
2011-05-12 08:58:43|   2.5|  0.0|STATS |Kommunedele                                                                 26
2011-05-12 08:58:43|   2.5|  0.0|STATS |VegSenterlinje                                                            4060
2011-05-12 08:58:43|   2.5|  0.0|STATS |VegUnderBane                                                                 1
2011-05-12 08:58:43|   2.5|  0.0|STATS |Vegsperring                                                                 63
2011-05-12 08:58:43|   2.5|  0.0|STATS |==============================================================================
2011-05-12 08:58:43|   2.5|  0.0|STATS |Total Features Written                                                    4600
2011-05-12 08:58:43|   2.5|  0.0|STATS |=-=-=-=-=-=-=-=-=-=-=-=-=-=-=-=-=-=-=-=-=-=-=-=-=-=-=-=-=-=-=-=-=-=-=-=-=-=-=-
2011-05-12 08:58:43|   2.5|  0.0|INFORM|FME Configuration: Source coordinate system for reader R_1[FFS] set to `EPSG:32633'
2011-05-12 08:58:43|   2.5|  0.0|INFORM|Coordinate System `EPSG:32633' parameters: CS_NAME=`UTM84-33N' DESC_NM=`UTM-WGS 1984 datum, Zone 33 North, Meter; Cent. Meridian 15d E' DT_NAME=`WGS84' EPSG=`32633' GROUP=`UTMN' MAP_SCL=`1' PARM1=`15' PROJ=`TM' QUAD=`1' SCL_RED=`0.9996' SOURCE=`Snyder, J.P, 1987, Map Projections - A Working Manual' UNIT=`METER' X_OFF=`500000.0' Y_OFF=`0.0' 
2011-05-12 08:58:43|   2.5|  0.0|INFORM|Coordinate System `EPSG:32633' as OGC Well Known Text: PROJCS["UTM-WGS 1984 datum, Zone 33 North, Meter; Cent. Meridian 15d E",GEOGCS["WGS 84",DATUM["WGS_1984",SPHEROID["World Geodetic System of 1984, GEM 10C",6378137,298.257223563,AUTHORITY["EPSG","7030"]],AUTHORITY["EPSG","6326"]],PRIMEM["Greenwich",0],UNIT["degree",0.0174532925199433],AUTHORITY["EPSG","4326"]],PROJECTION["Transverse_Mercator"],PARAMETER["latitude_of_origin",0],PARAMETER["central_meridian",15],PARAMETER["scale_factor",0.9996],PARAMETER["false_easting",500000],PARAMETER["false_northing",0],UNIT["METER",1],AUTHORITY["EPSG","32633"]]
2011-05-12 08:58:43|   2.5|  0.0|INFORM|End storeFFS
2011-05-12 08:58:43|   2.5|  0.0|INFORM|Using Dynamic Reader $Revision: 62876 $ ( $Date: 2009-08-27 11:28:55 -0700 (Thu, 27 Aug 2009) $ ) with module GDMMAPPERSOSI to read data from dataset `C:\DATA\Kvalitetskontroller\Data\20110511\0211Elveg\0211Elveg.SOS'
2011-05-12 08:58:43|   2.5|  0.0|INFORM|Using MultiWriter $Revision: 59162 $ ( $Date: 2009-04-07 10:04:59 -0700 (Tue, 07 Apr 2009) $ ) with keyword `MULTI_WRITER' to output data (ID_ATTRIBUTE is `multi_writer_id')
2011-05-12 08:58:43|   2.5|  0.0|INFORM|Writer output will be ordered by value of multi_writer_id
2011-05-12 08:58:43|   2.5|  0.0|INFORM|FeltKalkulator_2_xPlode_Feltliste(ElementFactory): Using LEAN processing mode
2011-05-12 08:58:43|   2.5|  0.0|INFORM|ListExploder(ElementFactory): Using LEAN processing mode
2011-05-12 08:58:43|   2.6|  0.0|INFORM|FME Configuration: Source coordinate system for reader R_2[FFS] set to `EPSG:32633'
2011-05-12 08:58:43|   2.6|  0.0|INFORM|Coordinate System `EPSG:32633' parameters: CS_NAME=`UTM84-33N' DESC_NM=`UTM-WGS 1984 datum, Zone 33 North, Meter; Cent. Meridian 15d E' DT_NAME=`WGS84' EPSG=`32633' GROUP=`UTMN' MAP_SCL=`1' PARM1=`15' PROJ=`TM' QUAD=`1' SCL_RED=`0.9996' SOURCE=`Snyder, J.P, 1987, Map Projections - A Working Manual' UNIT=`METER' X_OFF=`500000.0' Y_OFF=`0.0' 
2011-05-12 08:58:43|   2.6|  0.0|INFORM|Coordinate System `EPSG:32633' as OGC Well Known Text: PROJCS["UTM-WGS 1984 datum, Zone 33 North, Meter; Cent. Meridian 15d E",GEOGCS["WGS 84",DATUM["WGS_1984",SPHEROID["World Geodetic System of 1984, GEM 10C",6378137,298.257223563,AUTHORITY["EPSG","7030"]],AUTHORITY["EPSG","6326"]],PRIMEM["Greenwich",0],UNIT["degree",0.0174532925199433],AUTHORITY["EPSG","4326"]],PROJECTION["Transverse_Mercator"],PARAMETER["latitude_of_origin",0],PARAMETER["central_meridian",15],PARAMETER["scale_factor",0.9996],PARAMETER["false_easting",500000],PARAMETER["false_northing",0],UNIT["METER",1],AUTHORITY["EPSG","32633"]]
2011-05-12 08:58:43|   2.6|  0.0|INFORM|Using FFS Reader $Revision: 62357 $ ( $Date: 2009-08-07 12:21:47 -0700 (Fri, 07 Aug 2009) $ ) to read features from FME Feature Stores in directory `C:\Programfiler\FME\Plugins\GDMMapper\Temp\'
2011-05-12 08:58:43|   2.6|  0.0|STATS |Restoring 4600 feature(s) from FME feature store file `C:\Programfiler\FME\Plugins\GDMMapper\Temp\C-_DATA_Kvalitetskontroller_Data_20110511_0211Elveg_0211Elveg.SOS.ffs'
2011-05-12 08:58:43|   2.6|  0.0|WARN  |NOT changing coordinate system of reader identified by keyword `GDMMAPPERSOSI_1' from `EPSG:25833' to `EPSG:32633' -- mapping file setting of `EPSG:25833' overrides coordinate system `EPSG:32633' read from file
2011-05-12 08:58:43|   3.2|  0.6|INFORM|Reading source feature # 2500
2011-05-12 08:58:43|   3.2|  0.0|INFORM|FeltKalkulator_2_xPlode_Feltliste(ElementFactory): Processed 5000 elements with mode LEAN
2011-05-12 08:58:44|   3.7|  0.5|INFORM|GDMMapper - Lukker : C:\DATA\KVALITETSKONTROLLER\DATA\20110511\0211ELVEG\0211ELVEG.SOS
2011-05-12 08:58:44|   3.7|  0.0|INFORM|Loaded module 'CSV' from file 'C:\Programfiler\FME\plugins/CSV.dll'
2011-05-12 08:58:44|   3.7|  0.0|INFORM|FME API version of module 'CSV' matches current internal version (3.6 20090807)
2011-05-12 08:58:44|   3.7|  0.0|INFORM|CSV Reader: Opening CSV files in directory `C:\DATA\Kvalitetskontroller\Data\20110511\0211Elveg/\'
2011-05-12 08:58:44|   3.7|  0.0|INFORM|Using Dynamic Reader $Revision: 62876 $ ( $Date: 2009-08-27 11:28:55 -0700 (Thu, 27 Aug 2009) $ ) with module CSV to read data from dataset `C:\DATA\Kvalitetskontroller\Data\20110511\0211Elveg\0211Innkjoring.txt'
2011-05-12 08:58:44|   3.7|  0.0|WARN  |CSV Reader: A column name of 'col7' was used for the blank column name
2011-05-12 08:58:44|   3.7|  0.0|INFORM|CSV Reader: Opening dataset 'C:\DATA\Kvalitetskontroller\Data\20110511\0211Elveg\0211Innkjoring.txt'
2011-05-12 08:58:44|   3.8|  0.0|INFORM|Using Tabular Reader $Revision: 60903 $ ( $Date: 2009-06-03 15:46:54 -0700 (Wed, 03 Jun 2009) $ ) to read files from directory `C:\DATA\Kvalitetskontroller\Data\20110511\0211Elveg'
2011-05-12 08:58:44|   3.8|  0.0|INFORM|Stripping quotes around fields in CSV File `C:\DATA\Kvalitetskontroller\Data\20110511\0211Elveg\0211Innkjoring.txt'
2011-05-12 08:58:44|   3.8|  0.0|INFORM|Opened Separated Value File C:\DATA\Kvalitetskontroller\Data\20110511\0211Elveg\0211Innkjoring.txt for input with delimiter `;'
2011-05-12 08:58:44|   3.8|  0.0|INFORM|Skipped line `*0211*2011 VEGNETT*20110511*INNF*20110511*VDB SVNT*AHT' in CSV File `C:\DATA\Kvalitetskontroller\Data\20110511\0211Elveg\0211Innkjoring.txt'
2011-05-12 08:58:44|   3.8|  0.0|INFORM|Skipped line `..Eksport-dato 20110511' in CSV File `C:\DATA\Kvalitetskontroller\Data\20110511\0211Elveg\0211Innkjoring.txt'
2011-05-12 08:58:44|   3.8|  0.0|INFORM|Skipped line `' in CSV File `C:\DATA\Kvalitetskontroller\Data\20110511\0211Elveg\0211Innkjoring.txt'
2011-05-12 08:58:44|   3.8|  0.0|INFORM|Skipped line `' in CSV File `C:\DATA\Kvalitetskontroller\Data\20110511\0211Elveg\0211Innkjoring.txt'
2011-05-12 08:58:44|   3.8|  0.0|INFORM|Skipped line `Komm; TransID;kode;Fra;   Til;felt;Retning;' in CSV File `C:\DATA\Kvalitetskontroller\Data\20110511\0211Elveg\0211Innkjoring.txt'
2011-05-12 08:58:44|   3.8|  0.0|INFORM|Reading source feature # 5000
2011-05-12 08:58:44|   3.8|  0.0|INFORM|CSV Reader: Closing dataset 'C:\DATA\Kvalitetskontroller\Data\20110511\0211Elveg\0211Innkjoring.txt'
2011-05-12 08:58:44|   3.8|  0.0|INFORM|CSV Reader: Done reading CSV files in directory `C:\DATA\Kvalitetskontroller\Data\20110511\0211Elveg/\'
2011-05-12 08:58:44|   3.8|  0.0|INFORM|MULTI_READER(MULTI_READER): Done reading 5052 features from 2 readers
2011-05-12 08:58:44|   3.8|  0.0|INFORM|Emptying factory pipeline
2011-05-12 08:58:44|   3.8|  0.0|STATS |CSV_1 Merger(TestFactory): Tested 452 input feature(s) -- 0 feature(s) passed and 452 feature(s) failed
2011-05-12 08:58:44|   3.8|  0.0|STATS |Unexpected Input Remover(TestFactory): Tested 5052 input feature(s) -- 4962 feature(s) passed and 90 feature(s) failed
2011-05-12 08:58:44|   3.8|  0.0|STATS |Source -> Generic(TeeFactory): Cloned 4962 input feature(s) into 4962 output feature(s)
2011-05-12 08:58:44|   3.8|  0.0|STATS |Kommunedele (GDMMAPPERSOSI_1) Splitter(TeeFactory): Cloned 0 input feature(s) into 0 output feature(s)
2011-05-12 08:58:44|   3.8|  0.0|STATS |Planovergang (GDMMAPPERSOSI_1) Splitter(TeeFactory): Cloned 0 input feature(s) into 0 output feature(s)
2011-05-12 08:58:44|   3.8|  0.0|STATS |Vegsperring (GDMMAPPERSOSI_1) Splitter(TeeFactory): Cloned 0 input feature(s) into 0 output feature(s)
2011-05-12 08:58:44|   3.8|  0.0|STATS |VegUnderBane (GDMMAPPERSOSI_1) Splitter(TeeFactory): Cloned 0 input feature(s) into 0 output feature(s)
2011-05-12 08:58:44|   3.8|  0.0|STATS |AttributeExposer_2(TeeFactory): Cloned 4510 input feature(s) into 4510 output feature(s)
2011-05-12 08:58:44|   3.8|  0.0|STATS |AttributeExposer_2 OUTPUT Splitter(TeeFactory): Cloned 4510 input feature(s) into 9020 output feature(s)
2011-05-12 08:58:44|   3.8|  0.0|STATS |Nettverk (Disabled) Nuker(TeeFactory): Cloned 4510 input feature(s) into 0 output feature(s)
2011-05-12 08:58:44|   3.8|  0.0|STATS |AttributeRenamer_2(TeeFactory): Cloned 4510 input feature(s) into 4510 output feature(s)
2011-05-12 08:58:44|   3.8|  0.0|STATS |FeltKalkulator_2 FeltListe Input Collector(TeeFactory): Cloned 4510 input feature(s) into 4510 output feature(s)
2011-05-12 08:58:44|   3.8|  0.0|STATS |FeltKalkulator_2_FeltListe Input Splitter(TeeFactory): Cloned 4510 input feature(s) into 4510 output feature(s)
2011-05-12 08:58:44|   3.8|  0.0|STATS |FeltKalkulator_2_Counter(TeeFactory): Cloned 4510 input feature(s) into 4510 output feature(s)
2011-05-12 08:58:44|   3.8|  0.0|STATS |FeltKalkulator_2_Counter OUTPUT Splitter(TeeFactory): Cloned 4510 input feature(s) into 9020 output feature(s)
2011-05-12 08:58:44|   3.8|  0.0|STATS |FeltKalkulator_2_FeltListe(TeeFactory): Cloned 4510 input feature(s) into 4510 output feature(s)
2011-05-12 08:58:44|   3.8|  0.0|STATS |FeltKalkulator_2_xPlode_Feltliste(ElementFactory): Split out 8720 list elements from 4510 input features, using mode LEAN
2011-05-12 08:58:44|   3.8|  0.0|STATS |FeltKalkulator_2_FjernTekst(TeeFactory): Cloned 8720 input feature(s) into 8720 output feature(s)
2011-05-12 08:58:44|   3.8|  0.0|STATS |FeltKalkulator_2_AttributeClassifier(TestFactory): Tested 8720 input feature(s) -- 8720 feature(s) passed and 0 feature(s) failed
2011-05-12 08:58:44|   3.8|  0.0|STATS |FeltKalkulator_2_AttributeSetter(TeeFactory): Cloned 0 input feature(s) into 0 output feature(s)
2011-05-12 08:58:44|   3.8|  0.0|STATS |FeltKalkulator_2_PartallTest(TeeFactory): Cloned 8720 input feature(s) into 8720 output feature(s)
2011-05-12 08:58:44|   3.8|  0.0|STATS |FeltKalkulator_2_Splitt_på_feltretning(TestFactory): Tested 8720 input feature(s) -- 4290 feature(s) passed and 4430 feature(s) failed
2011-05-12 08:58:44|   3.8|  0.0|STATS |FeltKalkulator_2_OddeTallList_fme_type_remover(TeeFactory): Cloned 4430 input feature(s) into 4430 output feature(s)
2011-05-12 08:58:44|   4.0|  0.2|STATS |FeltKalkulator_2_OddeTallList(ListFactory): Combined 4430 input feature(s) into 4357 output feature(s), including 0 singleton(s)
2011-05-12 08:58:44|   4.0|  0.0|STATS |FeltKalkulator_2_LISTELEMENTCOUNTER_2(TeeFactory): Cloned 4357 input feature(s) into 4357 output feature(s)
2011-05-12 08:58:44|   4.0|  0.0|STATS |FeltKalkulator_2_LISTREMOVER_2(TeeFactory): Cloned 4357 input feature(s) into 4357 output feature(s)
2011-05-12 08:58:44|   4.0|  0.0|STATS |FeltKalkulator_2_PartallList_fme_type_remover(TeeFactory): Cloned 4290 input feature(s) into 4290 output feature(s)
2011-05-12 08:58:44|   4.2|  0.2|STATS |FeltKalkulator_2_PartallList(ListFactory): Combined 4290 input feature(s) into 4211 output feature(s), including 0 singleton(s)
2011-05-12 08:58:44|   4.2|  0.0|STATS |FeltKalkulator_2_LISTELEMENTCOUNTER(TeeFactory): Cloned 4211 input feature(s) into 4211 output feature(s)
2011-05-12 08:58:44|   4.2|  0.0|STATS |FeltKalkulator_2_LISTREMOVER(TeeFactory): Cloned 4211 input feature(s) into 4211 output feature(s)
2011-05-12 08:58:45|   4.3|  0.1|INFORM|FeltKalkulator_2_FEATUREMERGER_4(ReferenceFactory): Completed 100% of intermediate processing
2011-05-12 08:58:45|   4.3|  0.0|STATS |FeltKalkulator_2_FEATUREMERGER_4(ReferenceFactory): Total Results: 4058 Complete Feature(s), 153 Incomplete Feature(s), 4058 Referenced Feature(s), 299 Unreferenced Feature(s), 0 Referencer Feature(s) (NO REFERENCES), 0 Referencee Feature(s) (NO Referencee fields defined), and 0 Duplicate Referencee Feature(s)
2011-05-12 08:58:45|   4.5|  0.2|INFORM|FeltKalkulator_2_FEATUREMERGER_2(ReferenceFactory): Completed 100% of intermediate processing
2011-05-12 08:58:45|   4.5|  0.0|STATS |FeltKalkulator_2_FEATUREMERGER_2(ReferenceFactory): Total Results: 4510 Complete Feature(s), 0 Incomplete Feature(s), 4510 Referenced Feature(s), 0 Unreferenced Feature(s), 0 Referencer Feature(s) (NO REFERENCES), 0 Referencee Feature(s) (NO Referencee fields defined), and 0 Duplicate Referencee Feature(s)
2011-05-12 08:58:45|   4.5|  0.0|STATS |FeltKalkulator_2_NULLATTRIBUTEREPLACER_2(TeeFactory): Cloned 4510 input feature(s) into 4510 output feature(s)
2011-05-12 08:58:45|   4.5|  0.0|STATS |FeltKalkulator_2_EXPRESSIONEVALUATOR(TeeFactory): Cloned 4510 input feature(s) into 4510 output feature(s)
2011-05-12 08:58:45|   4.5|  0.0|STATS |FeltKalkulator_2_AttributeRemover(TeeFactory): Cloned 4510 input feature(s) into 4510 output feature(s)
2011-05-12 08:58:45|   4.5|  0.0|STATS |FeltKalkulator_2_FeltTelling Output Collector(TeeFactory): Cloned 4510 input feature(s) into 4510 output feature(s)
2011-05-12 08:58:45|   4.5|  0.0|STATS |FeltKalkulator_2 FeltTelling Output Renamer/Nuker(TeeFactory): Cloned 4510 input feature(s) into 4510 output feature(s)
2011-05-12 08:58:45|   4.6|  0.1|INFORM|FeatureMerger(ReferenceFactory): Completed 100% of intermediate processing
2011-05-12 08:58:45|   4.6|  0.0|STATS |FeatureMerger(ReferenceFactory): Total Results: 452 Complete Feature(s), 4058 Incomplete Feature(s), 452 Referenced Feature(s), 0 Unreferenced Feature(s), 0 Referencer Feature(s) (NO REFERENCES), 0 Referencee Feature(s) (NO Referencee fields defined), and 0 Duplicate Referencee Feature(s)
2011-05-12 08:58:45|   4.6|  0.0|STATS |TestFilter_2(TeeFactory): Cloned 4058 input feature(s) into 4058 output feature(s)
2011-05-12 08:58:45|   4.6|  0.0|STATS |TestFilter_2_TestFactory_0(TestFactory): Tested 4058 input feature(s) -- 0 feature(s) passed and 4058 feature(s) failed
2011-05-12 08:58:45|   4.6|  0.0|STATS |TestFilter_2_TestFactory_1(TestFactory): Tested 4058 input feature(s) -- 0 feature(s) passed and 4058 feature(s) failed
2011-05-12 08:58:45|   4.6|  0.0|STATS |TestFilter_2_UNFILTERED(TeeFactory): Cloned 4058 input feature(s) into 4058 output feature(s)
2011-05-12 08:58:45|   4.6|  0.0|STATS |TestFilter_2 <UNFILTERED> Output Nuker(TeeFactory): Cloned 4058 input feature(s) into 0 output feature(s)
2011-05-12 08:58:45|   4.6|  0.0|STATS |StringConcatenator(TeeFactory): Cloned 0 input feature(s) into 0 output feature(s)
2011-05-12 08:58:45|   4.6|  0.0|STATS |ListExploder(ElementFactory): Split out 452 list elements from 452 input features, using mode LEAN
2011-05-12 08:58:45|   4.6|  0.0|STATS |Tester(TestFactory): Tested 452 input feature(s) -- 0 feature(s) passed and 452 feature(s) failed
2011-05-12 08:58:45|   4.6|  0.0|INFORM|Matcher(MatchingFactory): Worst case number of comparisons is 102378. Matching Factory may not make this many comparisons, but the worst possible case will not exceed this number
2011-05-12 08:58:45|   4.6|  0.0|INFORM|Matcher(MatchingFactory): Processing comparison #1
2011-05-12 08:58:45|   4.6|  0.0|STATS |Matcher(MatchingFactory): Found 0 matching group(s) of features in 452 input feature(s). 452 feature(s) did not have any matches
2011-05-12 08:58:45|   4.6|  0.0|STATS |AttributeRemover(TeeFactory): Cloned 452 input feature(s) into 452 output feature(s)
2011-05-12 08:58:45|   4.6|  0.0|STATS |NullAttributeReplacer(TeeFactory): Cloned 452 input feature(s) into 452 output feature(s)
2011-05-12 08:58:45|   4.6|  0.0|STATS |TestFilter(TeeFactory): Cloned 452 input feature(s) into 452 output feature(s)
2011-05-12 08:58:45|   4.6|  0.0|STATS |TestFilter_TestFactory_0(TestFactory): Tested 452 input feature(s) -- 0 feature(s) passed and 452 feature(s) failed
2011-05-12 08:58:45|   4.6|  0.0|STATS |TestFilter_TestFactory_1(TestFactory): Tested 452 input feature(s) -- 0 feature(s) passed and 452 feature(s) failed
2011-05-12 08:58:45|   4.6|  0.0|STATS |TestFilter_TestFactory_2(TestFactory): Tested 452 input feature(s) -- 0 feature(s) passed and 452 feature(s) failed
2011-05-12 08:58:45|   4.6|  0.0|STATS |TestFilter_TestFactory_3(TestFactory): Tested 452 input feature(s) -- 0 feature(s) passed and 452 feature(s) failed
2011-05-12 08:58:45|   4.6|  0.0|STATS |TestFilter_UNFILTERED(TeeFactory): Cloned 452 input feature(s) into 452 output feature(s)
2011-05-12 08:58:45|   4.6|  0.0|STATS |TestFilter <UNFILTERED> Output Nuker(TeeFactory): Cloned 452 input feature(s) into 0 output feature(s)
2011-05-12 08:58:45|   4.6|  0.0|STATS |StringConcatenator_2(TeeFactory): Cloned 0 input feature(s) into 0 output feature(s)
2011-05-12 08:58:45|   4.6|  0.0|STATS |StringConcatenator_3(TeeFactory): Cloned 0 input feature(s) into 0 output feature(s)
2011-05-12 08:58:45|   4.6|  0.0|STATS |AttributeCreator(TeeFactory): Cloned 0 input feature(s) into 0 output feature(s)
2011-05-12 08:58:45|   4.6|  0.0|STATS |CoordinateExtractor(TestFactory): Tested 0 input feature(s) -- 0 feature(s) passed and 0 feature(s) failed
2011-05-12 08:58:45|   4.6|  0.0|STATS |StringFormatter(TeeFactory): Cloned 0 input feature(s) into 0 output feature(s)
2011-05-12 08:58:45|   4.6|  0.0|STATS |StringFormatter_2(TeeFactory): Cloned 0 input feature(s) into 0 output feature(s)
2011-05-12 08:58:45|   4.6|  0.0|STATS |StringConcatenator_4(TeeFactory): Cloned 0 input feature(s) into 0 output feature(s)
2011-05-12 08:58:45|   4.6|  0.0|STATS |StringConcatenator_4 OUTPUT Splitter(TeeFactory): Cloned 0 input feature(s) into 0 output feature(s)
2011-05-12 08:58:45|   4.6|  0.0|STATS |StringFormatter_3(TeeFactory): Cloned 0 input feature(s) into 0 output feature(s)
2011-05-12 08:58:45|   4.6|  0.0|STATS |SubstringExtractor(TeeFactory): Cloned 0 input feature(s) into 0 output feature(s)
2011-05-12 08:58:45|   4.6|  0.0|STATS |SubstringExtractor_2(TeeFactory): Cloned 0 input feature(s) into 0 output feature(s)
2011-05-12 08:58:45|   4.6|  0.0|STATS |AttributeRenamer(TeeFactory): Cloned 0 input feature(s) into 0 output feature(s)
2011-05-12 08:58:45|   4.6|  0.0|STATS |AttributeRenamer_OUTPUT -> Retningsfeil Correlator(TeeFactory): Cloned 0 input feature(s) into 0 output feature(s)
2011-05-12 08:58:45|   4.6|  0.0|STATS |StringConcatenator_4_OUTPUT_0 -> text_line Correlator(TeeFactory): Cloned 0 input feature(s) into 0 output feature(s)
2011-05-12 08:58:45|   4.6|  0.0|STATS |Final Output Feature Type Router(TestFactory): Tested 0 input feature(s) -- 0 feature(s) passed and 0 feature(s) failed
2011-05-12 08:58:45|   4.6|  0.0|STATS |=-=-=-=-=-=-=-=-=-=-=-=-=-=-=-=-=-=-=-=-=-=-=-=-=-=-=-=-=-=-=-=-=-=-=-=-=-=-=-
2011-05-12 08:58:45|   4.6|  0.0|STATS |                            `Count' Domain Summary
2011-05-12 08:58:45|   4.6|  0.0|STATS |=-=-=-=-=-=-=-=-=-=-=-=-=-=-=-=-=-=-=-=-=-=-=-=-=-=-=-=-=-=-=-=-=-=-=-=-=-=-=-
2011-05-12 08:58:45|   4.6|  0.0|STATS |counter                                                                   4510
2011-05-12 08:58:45|   4.6|  0.0|STATS |==============================================================================
2011-05-12 08:58:45|   4.6|  0.0|STATS |Total `@Count' Invocations:                                               4510
2011-05-12 08:58:45|   4.6|  0.0|STATS |=-=-=-=-=-=-=-=-=-=-=-=-=-=-=-=-=-=-=-=-=-=-=-=-=-=-=-=-=-=-=-=-=-=-=-=-=-=-=-
2011-05-12 08:58:45|   4.6|  0.0|STATS |=-=-=-=-=-=-=-=-=-=-=-=-=-=-=-=-=-=-=-=-=-=-=-=-=-=-=-=-=-=-=-=-=-=-=-=-=-=-=-
2011-05-12 08:58:45|   4.6|  0.0|STATS |                            Features Read Summary
2011-05-12 08:58:45|   4.6|  0.0|STATS |=-=-=-=-=-=-=-=-=-=-=-=-=-=-=-=-=-=-=-=-=-=-=-=-=-=-=-=-=-=-=-=-=-=-=-=-=-=-=-
2011-05-12 08:58:45|   4.6|  0.0|STATS |0211Innkjoring                                                             452
2011-05-12 08:58:45|   4.6|  0.0|STATS |GangSykkelVegSenterlinje                                                   127
2011-05-12 08:58:45|   4.6|  0.0|STATS |Kjørebane                                                                  322
2011-05-12 08:58:45|   4.6|  0.0|STATS |Kjørefelt                                                                    1
2011-05-12 08:58:45|   4.6|  0.0|STATS |Kommunedele                                                                 26
2011-05-12 08:58:45|   4.6|  0.0|STATS |VegSenterlinje                                                            4060
2011-05-12 08:58:45|   4.6|  0.0|STATS |VegUnderBane                                                                 1
2011-05-12 08:58:45|   4.6|  0.0|STATS |Vegsperring                                                                 63
2011-05-12 08:58:45|   4.6|  0.0|STATS |==============================================================================
2011-05-12 08:58:45|   4.6|  0.0|STATS |Total Features Read                                                       5052
2011-05-12 08:58:45|   4.6|  0.0|STATS |=-=-=-=-=-=-=-=-=-=-=-=-=-=-=-=-=-=-=-=-=-=-=-=-=-=-=-=-=-=-=-=-=-=-=-=-=-=-=-
2011-05-12 08:58:45|   4.6|  0.0|STATS |=-=-=-=-=-=-=-=-=-=-=-=-=-=-=-=-=-=-=-=-=-=-=-=-=-=-=-=-=-=-=-=-=-=-=-=-=-=-=-
2011-05-12 08:58:45|   4.6|  0.0|STATS |                           Features Written Summary
2011-05-12 08:58:45|   4.6|  0.0|STATS |=-=-=-=-=-=-=-=-=-=-=-=-=-=-=-=-=-=-=-=-=-=-=-=-=-=-=-=-=-=-=-=-=-=-=-=-=-=-=-
2011-05-12 08:58:45|   4.6|  0.0|STATS |==============================================================================
2011-05-12 08:58:45|   4.6|  0.0|STATS |Total Features Written                                                       0
2011-05-12 08:58:45|   4.6|  0.0|STATS |=-=-=-=-=-=-=-=-=-=-=-=-=-=-=-=-=-=-=-=-=-=-=-=-=-=-=-=-=-=-=-=-=-=-=-=-=-=-=-
2011-05-12 08:58:45|   4.6|  0.0|INFORM|Translation was SUCCESSFUL with 2 warning(s) (0 feature(s)/0 coordinate(s) output)
2011-05-12 08:58:45|   4.6|  0.0|INFORM|FME Session Duration: 4.8 seconds. (CPU: 4.2s user, 0.3s system)
2011-05-12 08:58:45|   4.6|  0.0|INFORM|END - ProcessID: 836, peak process memory usage: 91740 kB, current process memory usage: 85552 kB.
