2017-01-18 13:02:31|   0.1|  0.1|INFORM|FME 2016.1.0.0 Beta (20160329 - Build 16481 - WIN64)
2017-01-18 13:02:31|   0.1|  0.0|INFORM|FME_HOME is 'C:\Program Files\FME2016.1\64\'
2017-01-18 13:02:31|   0.1|  0.0|INFORM|FME ESRI Edition (node locked-crc)
2017-01-18 13:02:31|   0.1|  0.0|INFORM|Serial Number: S0601A0917
2017-01-18 13:02:31|   0.1|  0.0|INFORM|Permanent License.
2017-01-18 13:02:31|   0.1|  0.0|INFORM|Machine host name is: SVV-55247
2017-01-18 13:02:31|   0.1|  0.0|INFORM|START - ProcessID: 8964, peak process memory usage: 39576 kB, current process memory usage: 39576 kB
2017-01-18 13:02:31|   0.1|  0.0|INFORM|FME Configuration: Command line arguments are `C:\Program Files\FME2016.1\64\fme.exe' `C:/DATA/GitHub/VegnettKvalitet/Fylkesvegnummer\wb-xlate-1484740950361_5800' `LOG_STANDARDOUT' `YES' `LogCountServerName' `{0cd1b64b-856a-4442-bfa8-d5a04b3f9452}' `DEBUG_PORT' `63085'
2017-01-18 13:02:32|   0.2|  0.1|INFORM|Shared folders for formats are : C:\Program Files\FME2016.1\64\datasources;C:\Users\knjetl\AppData\Roaming\Safe Software\FME\FME Store\Formats;\\SVV1P04AUSER01\KNJETL$\documents\FME\Formats
2017-01-18 13:02:32|   0.2|  0.0|INFORM|Shared folders for transformers are : C:\Program Files\FME2016.1\64\transformers;C:\Users\knjetl\AppData\Roaming\Safe Software\FME\FME Store\Transformers;\\SVV1P04AUSER01\KNJETL$\documents\FME\Transformers
2017-01-18 13:02:32|   0.2|  0.0|INFORM|Shared folders for coordinate systems are : \\SVV1P04AUSER01\KNJETL$\documents\FME\CoordinateSystems
2017-01-18 13:02:32|   0.2|  0.0|INFORM|Shared folders for coordinate system exceptions are : \\SVV1P04AUSER01\KNJETL$\documents\FME\CoordinateSystemExceptions
2017-01-18 13:02:32|   0.2|  0.0|INFORM|Shared folders for coordinate system grid overrides are : \\SVV1P04AUSER01\KNJETL$\documents\FME\CoordinateSystemGridOverrides
2017-01-18 13:02:32|   0.2|  0.0|INFORM|Shared folders for CS-MAP transformation exceptions are : \\SVV1P04AUSER01\KNJETL$\documents\FME\CsmapTransformationExceptions
2017-01-18 13:02:32|   0.2|  0.0|INFORM|Shared folders for transformer categories are : \\SVV1P04AUSER01\KNJETL$\documents\FME\TransformerCategories
2017-01-18 13:02:32|   0.2|  0.0|INFORM|FME Configuration: Reader Keyword is `NULL_SOURCE'
2017-01-18 13:02:32|   0.2|  0.0|INFORM|FME Configuration: Writer Keyword is `MULTI_WRITER'
2017-01-18 13:02:32|   0.2|  0.0|INFORM|FME Configuration: Writer Group Definition Keyword is `MULTI_WRITER_DEF'
2017-01-18 13:02:32|   0.2|  0.0|INFORM|FME Configuration: Reader type is `NULL'
2017-01-18 13:02:32|   0.2|  0.0|INFORM|FME Configuration: Writer type is `MULTI_WRITER'
2017-01-18 13:02:32|   0.2|  0.0|INFORM|FME Configuration: No destination coordinate system set
2017-01-18 13:02:32|   0.2|  0.0|INFORM|FME Configuration: Current working folder is `C:\DATA\GitHub\VegnettKvalitet\Fylkesvegnummer'
2017-01-18 13:02:32|   0.2|  0.0|INFORM|FME Configuration: Temporary folder is `C:\Users\knjetl\AppData\Local\Temp'
2017-01-18 13:02:32|   0.2|  0.0|INFORM|FME Configuration: FME_HOME is `C:\Program Files\FME2016.1\64\'
2017-01-18 13:02:32|   0.2|  0.0|INFORM|FME Configuration: FME_BASE is 'no'
2017-01-18 13:02:32|   0.2|  0.0|INFORM|FME Configuration: FME_MF_DIR is 'C:\DATA\GitHub\VegnettKvalitet\Fylkesvegnummer/'
2017-01-18 13:02:32|   0.2|  0.0|INFORM|FME Configuration: FME_MF_NAME is 'Fylkesvegnummer.fmw'
2017-01-18 13:02:32|   0.2|  0.0|INFORM|FME Configuration: FME_PRODUCT_NAME is 'FME(R) 2016.1.0.0'
2017-01-18 13:02:32|   0.2|  0.0|INFORM|System Status: 204.74 GB of disk space available in the FME temporary folder (C:\Users\knjetl\AppData\Local\Temp)
2017-01-18 13:02:32|   0.2|  0.0|INFORM|System Status: 8.00 TB of virtual memory available
2017-01-18 13:02:32|   0.2|  0.0|INFORM|Operating System: Microsoft Windows 7 64-bit Service Pack 1 (Build 7601)
2017-01-18 13:02:32|   0.2|  0.0|INFORM|FME Platform: WIN64
2017-01-18 13:02:32|   0.2|  0.0|INFORM|Locale: nb_NO
2017-01-18 13:02:32|   0.2|  0.0|INFORM|Code Page: 1252  (ANSI - latin I)
2017-01-18 13:02:32|   0.2|  0.0|INFORM|FME Configuration: Process limits are 31.91 GB of physical memory and 8.00 TB of address space
2017-01-18 13:02:32|   0.2|  0.0|INFORM|FME Configuration: Start freeing memory when process usage exceeds 95.72 GB of memory or 8.00 TB of address space
2017-01-18 13:02:32|   0.2|  0.0|INFORM|FME Configuration: Stop freeing memory when process usage is below 71.79 GB of memory and 6.00 TB of address space
2017-01-18 13:02:32|   0.2|  0.0|INFORM|Creating writer for format: 
2017-01-18 13:02:32|   0.2|  0.0|INFORM|Creating reader for format: NULL (Nothing)
2017-01-18 13:02:32|   0.2|  0.0|INFORM|Trying to find a DYNAMIC plugin for reader named `NULL'
2017-01-18 13:02:32|   0.2|  0.0|INFORM|Loaded module 'NULL' from file 'C:\Program Files\FME2016.1\64\plugins/NULL.dll'
2017-01-18 13:02:32|   0.2|  0.0|INFORM|FME API version of module 'NULL' matches current internal version (3.8 20160224)
2017-01-18 13:02:32|   0.2|  0.0|INFORM|Using MultiWriter $Revision$ ( $Date$ ) with keyword `MULTI_WRITER' to output data (ID_ATTRIBUTE is `multi_writer_id')
2017-01-18 13:02:32|   0.2|  0.0|INFORM|Writer output will be ordered by value of multi_writer_id
2017-01-18 13:02:32|   0.2|  0.0|INFORM|Loaded module 'LogCount_func' from file 'C:\Program Files\FME2016.1\64\plugins/LogCount_func.dll'
2017-01-18 13:02:32|   0.2|  0.0|INFORM|FME API version of module 'LogCount_func' matches current internal version (3.8 20160224)
2017-01-18 13:02:32|   0.2|  0.0|INFORM|Creating writer for format: FME Feature Store (FFS)
2017-01-18 13:02:32|   0.2|  0.0|INFORM|FME Configuration: No destination coordinate system set
2017-01-18 13:02:32|   0.2|  0.0|INFORM|Loaded module 'Geometry_func' from file 'C:\Program Files\FME2016.1\64\plugins/Geometry_func.dll'
2017-01-18 13:02:32|   0.2|  0.0|INFORM|FME API version of module 'Geometry_func' matches current internal version (3.8 20160224)
2017-01-18 13:02:32|   0.2|  0.0|INFORM|Loaded module 'BreakpointFactory' from file 'C:\Program Files\FME2016.1\64\plugins/BreakpointFactory.dll'
2017-01-18 13:02:32|   0.2|  0.0|INFORM|FME API version of module 'BreakpointFactory' matches current internal version (3.8 20160224)
2017-01-18 13:02:32|   0.2|  0.0|INFORM|Feature Inspection module initialized. Workbench@63085 and FME@64078
2017-01-18 13:02:32|   0.2|  0.0|INFORM|FME API version of module 'BreakpointFactory' matches current internal version (3.8 20160224)
2017-01-18 13:02:32|   0.2|  0.0|INFORM|... Last line repeated 3 times ...
2017-01-18 13:02:32|   0.2|  0.0|INFORM|Loaded module 'HTTPFactory' from file 'C:\Program Files\FME2016.1\64\plugins/HTTPFactory.dll'
2017-01-18 13:02:32|   0.2|  0.0|INFORM|FME API version of module 'HTTPFactory' matches current internal version (3.8 20160224)
2017-01-18 13:02:32|   0.2|  0.0|INFORM|FME API version of module 'BreakpointFactory' matches current internal version (3.8 20160224)
2017-01-18 13:02:32|   0.3|  0.0|INFORM|FME API version of module 'BreakpointFactory' matches current internal version (3.8 20160224)
2017-01-18 13:02:32|   0.3|  0.0|INFORM|Loaded module 'XFMapFactory' from file 'C:\Program Files\FME2016.1\64\plugins/XFMapFactory.dll'
2017-01-18 13:02:32|   0.3|  0.0|INFORM|FME API version of module 'XFMapFactory' matches current internal version (3.8 20160224)
2017-01-18 13:02:32|   0.3|  0.0|INFORM|FME API version of module 'BreakpointFactory' matches current internal version (3.8 20160224)
2017-01-18 13:02:32|   0.3|  0.0|INFORM|Loaded module 'PythonFactory' from file 'C:\Program Files\FME2016.1\64\plugins/PythonFactory.dll'
2017-01-18 13:02:32|   0.3|  0.0|INFORM|FME API version of module 'PythonFactory' matches current internal version (3.8 20160224)
2017-01-18 13:02:32|   0.3|  0.0|INFORM|Using FME's provided Python interpreter from `C:\Program Files\FME2016.1\64\fmepython27\python27.dll'
2017-01-18 13:02:32|   0.3|  0.0|INFORM|Python version 2.7 loaded successfully
2017-01-18 13:02:32|   0.4|  0.1|INFORM|Adding folder `C:\DATA\GitHub\VegnettKvalitet\Fylkesvegnummer\' to the python path
2017-01-18 13:02:32|   0.4|  0.0|INFORM|FME API version of module 'BreakpointFactory' matches current internal version (3.8 20160224)
2017-01-18 13:02:32|   0.4|  0.0|INFORM|Loaded module 'OGCGeometry_func' from file 'C:\Program Files\FME2016.1\64\plugins/OGCGeometry_func.dll'
2017-01-18 13:02:32|   0.4|  0.0|INFORM|FME API version of module 'OGCGeometry_func' matches current internal version (3.8 20160224)
2017-01-18 13:02:32|   0.4|  0.0|INFORM|FME API version of module 'BreakpointFactory' matches current internal version (3.8 20160224)
2017-01-18 13:02:32|   0.4|  0.0|INFORM|... Last line repeated 6 times ...
2017-01-18 13:02:32|   0.4|  0.0|INFORM|FME API version of module 'XFMapFactory' matches current internal version (3.8 20160224)
2017-01-18 13:02:32|   0.4|  0.0|INFORM|FME API version of module 'BreakpointFactory' matches current internal version (3.8 20160224)
2017-01-18 13:02:32|   0.4|  0.0|INFORM|... Last line repeated 16 times ...
2017-01-18 13:02:32|   0.4|  0.0|INFORM|Emptying factory pipeline
2017-01-18 13:02:34|   0.4|  0.0|INFORM|NVDB_Leser_HTTPCaller_2(HTTPFactory): HTTP/FTP Transfer: Downloading resource 'https://www.vegvesen.no/nvdb/api/v2/vegobjekter/532?fylke=1&vegreferanse=F&antall=5000&inkluder=metadata,egenskaper,lokasjon,geometri' to internal memory buffer
2017-01-18 13:02:34|   0.4|  0.0|INFORM|NVDB_Leser_HTTPCaller_2(HTTPFactory): HTTP/FTP Request - Sent so far: 1.01 MB 
2017-01-18 13:02:34|   0.5|  0.0|INFORM|NVDB_Leser_HTTPCaller_2(HTTPFactory): HTTP/FTP Request - Sent so far: 2.02 MB 
2017-01-18 13:02:34|   0.5|  0.0|INFORM|NVDB_Leser_HTTPCaller_2(HTTPFactory): HTTP/FTP Request - Sent so far: 3.03 MB 
2017-01-18 13:02:34|   0.5|  0.0|INFORM|NVDB_Leser_HTTPCaller_2(HTTPFactory): HTTP/FTP Request - Sent so far: 4.05 MB 
2017-01-18 13:02:34|   0.5|  0.0|INFORM|NVDB_Leser_HTTPCaller_2(HTTPFactory): HTTP/FTP Request - Sent so far: 5.08 MB 
2017-01-18 13:02:34|   0.5|  0.0|INFORM|NVDB_Leser_HTTPCaller_2(HTTPFactory): HTTP/FTP Request - Sent so far: 6.10 MB 
2017-01-18 13:02:34|   0.5|  0.0|INFORM|NVDB_Leser_HTTPCaller_2(HTTPFactory): HTTP/FTP Request - Sent so far: 7.13 MB 
2017-01-18 13:02:34|   0.5|  0.0|INFORM|NVDB_Leser_HTTPCaller_2(HTTPFactory): HTTP/FTP Request - Sent so far: 8.15 MB 
2017-01-18 13:02:35|   0.5|  0.0|INFORM|NVDB_Leser_HTTPCaller_2(HTTPFactory): HTTP/FTP Request - Sent so far: 9.16 MB 
2017-01-18 13:02:35|   0.5|  0.0|INFORM|NVDB_Leser_HTTPCaller_2(HTTPFactory): HTTP/FTP Request - Sent so far: 10.17 MB 
2017-01-18 13:02:35|   0.5|  0.0|INFORM|NVDB_Leser_HTTPCaller_2(HTTPFactory): HTTP/FTP Request - Sent so far: 11.20 MB 
2017-01-18 13:02:35|   0.6|  0.0|INFORM|NVDB_Leser_HTTPCaller_2(HTTPFactory): HTTP/FTP Request - Sent so far: 12.22 MB 
2017-01-18 13:02:35|   0.6|  0.0|INFORM|NVDB_Leser_HTTPCaller_2(HTTPFactory): HTTP/FTP Request - Sent so far: 13.23 MB 
2017-01-18 13:02:35|   0.6|  0.0|INFORM|NVDB_Leser_HTTPCaller_2(HTTPFactory): HTTP/FTP Request - Sent so far: 14.24 MB 
2017-01-18 13:02:35|   0.6|  0.0|INFORM|NVDB_Leser_HTTPCaller_2(HTTPFactory): HTTP/FTP Request - Sent so far: 15.25 MB 
2017-01-18 13:02:35|   0.6|  0.0|INFORM|NVDB_Leser_HTTPCaller_2(HTTPFactory): HTTP/FTP Request - Sent so far: 16.27 MB 
2017-01-18 13:02:35|   0.6|  0.0|INFORM|NVDB_Leser_HTTPCaller_2(HTTPFactory): HTTP/FTP Request - Sent so far: 17.27 MB 
2017-01-18 13:02:36|   0.6|  0.0|INFORM|NVDB_Leser_HTTPCaller_2(HTTPFactory): HTTP/FTP Request - Sent so far: 18.28 MB 
2017-01-18 13:02:36|   0.7|  0.0|INFORM|NVDB_Leser_HTTPCaller_2(HTTPFactory): HTTP/FTP Request - Sent so far: 19.28 MB 
2017-01-18 13:02:36|   0.7|  0.0|INFORM|NVDB_Leser_HTTPCaller_2(HTTPFactory): HTTP/FTP Request - Sent so far: 20.29 MB 
2017-01-18 13:02:36|   0.7|  0.0|INFORM|NVDB_Leser_HTTPCaller_2(HTTPFactory): HTTP/FTP Request - Sent so far: 21.30 MB 
2017-01-18 13:02:36|   0.7|  0.0|INFORM|NVDB_Leser_HTTPCaller_2(HTTPFactory): HTTP/FTP Request - Sent so far: 22.30 MB 
2017-01-18 13:02:36|   0.7|  0.0|INFORM|NVDB_Leser_HTTPCaller_2(HTTPFactory): HTTP/FTP Request - Sent so far: 23.31 MB 
2017-01-18 13:02:36|   0.7|  0.0|INFORM|NVDB_Leser_HTTPCaller_2(HTTPFactory): HTTP/FTP Request - Sent so far: 24.33 MB 
2017-01-18 13:02:36|   0.8|  0.0|INFORM|NVDB_Leser_HTTPCaller_2(HTTPFactory): HTTP/FTP Request - Sent so far: 25.34 MB 
2017-01-18 13:02:36|   0.8|  0.0|INFORM|NVDB_Leser_HTTPCaller_2(HTTPFactory): HTTP/FTP Request - Sent so far: 26.36 MB 
2017-01-18 13:02:36|   0.8|  0.0|INFORM|NVDB_Leser_HTTPCaller_2(HTTPFactory): HTTP/FTP Request - Sent so far: 27.38 MB 
2017-01-18 13:02:37|   0.8|  0.0|INFORM|NVDB_Leser_HTTPCaller_2(HTTPFactory): HTTP/FTP Request - Sent so far: 28.41 MB 
2017-01-18 13:02:37|   0.9|  0.0|INFORM|NVDB_Leser_HTTPCaller_2(HTTPFactory): HTTP transfer summary - status code: 200, download size: '28636189 bytes', DNS lookup time: '0 seconds', total transfer time: '4.664 seconds', url: 'https://www.vegvesen.no/nvdb/api/v2/vegobjekter/532?fylke=1&vegreferanse=F&antall=5000&inkluder=metadata,egenskaper,lokasjon,geometri'
2017-01-18 13:02:38|   2.6|  1.7|INFORM|NVDB_Leser_HTTPCaller_2(HTTPFactory): HTTP/FTP Transfer: Downloading resource 'https://www.vegvesen.no/nvdb/api/v2/vegobjekter/532?antall=5000&fylke=1&vegreferanse=F&start=hkxwC6GkbaeK&inkluder=metadata%2Cegenskaper%2Clokasjon%2Cgeometri' to internal memory buffer
2017-01-18 13:02:38|   2.6|  0.0|INFORM|NVDB_Leser_HTTPCaller_2(HTTPFactory): HTTP transfer summary - status code: 200, download size: '357 bytes', DNS lookup time: '0 seconds', total transfer time: '0.031 seconds', url: 'https://www.vegvesen.no/nvdb/api/v2/vegobjekter/532?antall=5000&fylke=1&vegreferanse=F&start=hkxwC6GkbaeK&inkluder=metadata%2Cegenskaper%2Clokasjon%2Cgeometri'
2017-01-18 13:02:39|   2.7|  0.1|INFORM|Creating reader for format: CSV (Comma Separated Value)
2017-01-18 13:02:39|   2.7|  0.0|INFORM|Trying to find a DYNAMIC plugin for reader named `CSV'
2017-01-18 13:02:39|   2.7|  0.0|INFORM|Loaded module 'CSV' from file 'C:\Program Files\FME2016.1\64\plugins/CSV.dll'
2017-01-18 13:02:39|   2.7|  0.0|INFORM|FME API version of module 'CSV' matches current internal version (3.8 20160224)
2017-01-18 13:02:39|   2.7|  0.0|INFORM|CSV Reader: Opening CSV files in folder `C:\Users\knjetl\AppData\Local\Temp\__swizzled_url_148474095929_8964\'
2017-01-18 13:02:39|   2.7|  0.0|INFORM|CSV Reader: Separator Character: ';'
2017-01-18 13:02:39|   2.7|  0.0|INFORM|CSV Reader: Skip Duplicate Delimiters: no
2017-01-18 13:02:39|   2.7|  0.0|INFORM|CSV Reader: Strip Quotes From Fields: yes
2017-01-18 13:02:39|   2.7|  0.0|INFORM|CSV Reader: File Has Field Names: yes
2017-01-18 13:02:39|   2.7|  0.0|INFORM|CSV Reader: Field Names Follow Header: no
2017-01-18 13:02:39|   2.7|  0.0|INFORM|CSV Reader: Number of Lines to Skip: 1
2017-01-18 13:02:39|   2.7|  0.0|INFORM|CSV Reader: Number of Footer Lines to Skip: 0
2017-01-18 13:02:39|   2.7|  0.0|INFORM|CSV Reader: Encoding name ''
2017-01-18 13:02:39|   2.7|  0.0|INFORM|CSV Reader: Allowing Spaces in Column Names: yes
2017-01-18 13:02:39|   2.7|  0.0|INFORM|CSV Reader: Max features to scan for schema: 1000
2017-01-18 13:02:39|   2.7|  0.0|INFORM|CSV Reader: Feature type names from file names: no
2017-01-18 13:02:39|   2.7|  0.0|INFORM|CSV Reader: Opening dataset 'C:\Users\knjetl\AppData\Local\Temp\__swizzled_url_148474095929_8964\NVDB_enMapping.csv'
2017-01-18 13:02:39|   2.7|  0.0|INFORM|Creating reader for format: Tabular Data
2017-01-18 13:02:39|   2.7|  0.0|INFORM|Using Tabular Reader $Revision$ ( $Date$ ) to read files from folder `C:\Users\knjetl\AppData\Local\Temp\__swizzled_url_148474095929_8964'
2017-01-18 13:02:39|   2.7|  0.0|INFORM|Stripping quotes around fields in CSV File `C:\Users\knjetl\AppData\Local\Temp\__swizzled_url_148474095929_8964\NVDB_enMapping.csv'
2017-01-18 13:02:39|   2.7|  0.0|INFORM|Opened Separated Value File C:\Users\knjetl\AppData\Local\Temp\__swizzled_url_148474095929_8964\NVDB_enMapping.csv for input with delimiter `;'
2017-01-18 13:02:39|   2.7|  0.0|INFORM|Skipped line `ptid;enid;name;fullname' in CSV File `C:\Users\knjetl\AppData\Local\Temp\__swizzled_url_148474095929_8964\NVDB_enMapping.csv'
2017-01-18 13:02:39|   2.8|  0.1|INFORM|CSV Reader: Closing dataset 'C:\Users\knjetl\AppData\Local\Temp\__swizzled_url_148474095929_8964\NVDB_enMapping.csv'
2017-01-18 13:02:39|   2.8|  0.0|INFORM|CSV Reader: Done reading CSV files in folder `C:\Users\knjetl\AppData\Local\Temp\__swizzled_url_148474095929_8964\'
2017-01-18 13:02:39|   2.8|  0.0|INFORM|Creating reader for format: CSV (Comma Separated Value)
2017-01-18 13:02:39|   2.8|  0.0|INFORM|Trying to find a DYNAMIC plugin for reader named `CSV'
2017-01-18 13:02:39|   2.8|  0.0|INFORM|FME API version of module 'CSV' matches current internal version (3.8 20160224)
2017-01-18 13:02:39|   2.8|  0.0|INFORM|CSV Reader: Opening CSV files in folder `C:\Users\knjetl\AppData\Local\Temp\__swizzled_url_1484740959329_8964\'
2017-01-18 13:02:39|   2.8|  0.0|INFORM|CSV Reader: Separator Character: ';'
2017-01-18 13:02:39|   2.8|  0.0|INFORM|CSV Reader: Skip Duplicate Delimiters: no
2017-01-18 13:02:39|   2.8|  0.0|INFORM|CSV Reader: Strip Quotes From Fields: yes
2017-01-18 13:02:39|   2.8|  0.0|INFORM|CSV Reader: File Has Field Names: yes
2017-01-18 13:02:39|   2.8|  0.0|INFORM|CSV Reader: Field Names Follow Header: no
2017-01-18 13:02:39|   2.8|  0.0|INFORM|CSV Reader: Number of Lines to Skip: 1
2017-01-18 13:02:39|   2.8|  0.0|INFORM|CSV Reader: Number of Footer Lines to Skip: 0
2017-01-18 13:02:39|   2.8|  0.0|INFORM|CSV Reader: Encoding name ''
2017-01-18 13:02:39|   2.8|  0.0|INFORM|CSV Reader: Allowing Spaces in Column Names: yes
2017-01-18 13:02:39|   2.8|  0.0|INFORM|CSV Reader: Max features to scan for schema: 1000
2017-01-18 13:02:39|   2.8|  0.0|INFORM|CSV Reader: Feature type names from file names: no
2017-01-18 13:02:39|   2.8|  0.0|INFORM|CSV Reader: Opening dataset 'C:\Users\knjetl\AppData\Local\Temp\__swizzled_url_1484740959329_8964\NVDB_ptMapping.csv'
2017-01-18 13:02:39|   2.8|  0.0|INFORM|Creating reader for format: Tabular Data
2017-01-18 13:02:39|   2.8|  0.0|INFORM|Using Tabular Reader $Revision$ ( $Date$ ) to read files from folder `C:\Users\knjetl\AppData\Local\Temp\__swizzled_url_1484740959329_8964'
2017-01-18 13:02:39|   2.8|  0.0|INFORM|Stripping quotes around fields in CSV File `C:\Users\knjetl\AppData\Local\Temp\__swizzled_url_1484740959329_8964\NVDB_ptMapping.csv'
2017-01-18 13:02:39|   2.8|  0.0|INFORM|Opened Separated Value File C:\Users\knjetl\AppData\Local\Temp\__swizzled_url_1484740959329_8964\NVDB_ptMapping.csv for input with delimiter `;'
2017-01-18 13:02:39|   2.8|  0.0|INFORM|Skipped line `ft_attr;ftid;ptid;name' in CSV File `C:\Users\knjetl\AppData\Local\Temp\__swizzled_url_1484740959329_8964\NVDB_ptMapping.csv'
2017-01-18 13:02:39|   2.9|  0.0|INFORM|CSV Reader: Closing dataset 'C:\Users\knjetl\AppData\Local\Temp\__swizzled_url_1484740959329_8964\NVDB_ptMapping.csv'
2017-01-18 13:02:39|   2.9|  0.0|INFORM|CSV Reader: Done reading CSV files in folder `C:\Users\knjetl\AppData\Local\Temp\__swizzled_url_1484740959329_8964\'
2017-01-18 13:02:39|   2.9|  0.0|INFORM|Creating reader for format: CSV (Comma Separated Value)
2017-01-18 13:02:39|   2.9|  0.0|INFORM|Trying to find a DYNAMIC plugin for reader named `CSV'
2017-01-18 13:02:39|   2.9|  0.0|INFORM|FME API version of module 'CSV' matches current internal version (3.8 20160224)
2017-01-18 13:02:39|   2.9|  0.0|INFORM|CSV Reader: Opening CSV files in folder `C:\Users\knjetl\AppData\Local\Temp\__swizzled_url_1484740959491_8964\'
2017-01-18 13:02:39|   2.9|  0.0|INFORM|CSV Reader: Separator Character: ';'
2017-01-18 13:02:39|   2.9|  0.0|INFORM|CSV Reader: Skip Duplicate Delimiters: no
2017-01-18 13:02:39|   2.9|  0.0|INFORM|CSV Reader: Strip Quotes From Fields: yes
2017-01-18 13:02:39|   2.9|  0.0|INFORM|CSV Reader: File Has Field Names: yes
2017-01-18 13:02:39|   2.9|  0.0|INFORM|CSV Reader: Field Names Follow Header: no
2017-01-18 13:02:39|   2.9|  0.0|INFORM|CSV Reader: Number of Lines to Skip: 1
2017-01-18 13:02:39|   2.9|  0.0|INFORM|CSV Reader: Number of Footer Lines to Skip: 0
2017-01-18 13:02:39|   2.9|  0.0|INFORM|CSV Reader: Encoding name ''
2017-01-18 13:02:39|   2.9|  0.0|INFORM|CSV Reader: Allowing Spaces in Column Names: yes
2017-01-18 13:02:39|   2.9|  0.0|INFORM|CSV Reader: Max features to scan for schema: 1000
2017-01-18 13:02:39|   2.9|  0.0|INFORM|CSV Reader: Feature type names from file names: no
2017-01-18 13:02:39|   2.9|  0.0|INFORM|CSV Reader: Opening dataset 'C:\Users\knjetl\AppData\Local\Temp\__swizzled_url_1484740959491_8964\NVDB_ftMapping.csv'
2017-01-18 13:02:39|   2.9|  0.0|INFORM|Creating reader for format: Tabular Data
2017-01-18 13:02:39|   2.9|  0.0|INFORM|Using Tabular Reader $Revision$ ( $Date$ ) to read files from folder `C:\Users\knjetl\AppData\Local\Temp\__swizzled_url_1484740959491_8964'
2017-01-18 13:02:39|   2.9|  0.0|INFORM|Stripping quotes around fields in CSV File `C:\Users\knjetl\AppData\Local\Temp\__swizzled_url_1484740959491_8964\NVDB_ftMapping.csv'
2017-01-18 13:02:39|   2.9|  0.0|INFORM|Opened Separated Value File C:\Users\knjetl\AppData\Local\Temp\__swizzled_url_1484740959491_8964\NVDB_ftMapping.csv for input with delimiter `;'
2017-01-18 13:02:39|   2.9|  0.0|INFORM|Skipped line `ftid;name' in CSV File `C:\Users\knjetl\AppData\Local\Temp\__swizzled_url_1484740959491_8964\NVDB_ftMapping.csv'
2017-01-18 13:02:39|   2.9|  0.0|INFORM|CSV Reader: Closing dataset 'C:\Users\knjetl\AppData\Local\Temp\__swizzled_url_1484740959491_8964\NVDB_ftMapping.csv'
2017-01-18 13:02:39|   2.9|  0.0|INFORM|CSV Reader: Done reading CSV files in folder `C:\Users\knjetl\AppData\Local\Temp\__swizzled_url_1484740959491_8964\'
2017-01-18 13:02:52|  14.0| 11.1|INFORM|NVDB_Leser_HTTPCaller_2(HTTPFactory): HTTP/FTP Transfer: Downloading resource 'https://www.vegvesen.no/nvdb/api/v2/vegobjekter/532?fylke=2&vegreferanse=F&antall=5000&inkluder=metadata,egenskaper,lokasjon,geometri' to internal memory buffer
2017-01-18 13:03:03|  14.3|  0.3|INFORM|NVDB_Leser_HTTPCaller_2(HTTPFactory): HTTP transfer summary - status code: 200, download size: '23298137 bytes', DNS lookup time: '0 seconds', total transfer time: '13.229 seconds', url: 'https://www.vegvesen.no/nvdb/api/v2/vegobjekter/532?fylke=2&vegreferanse=F&antall=5000&inkluder=metadata,egenskaper,lokasjon,geometri'
2017-01-18 13:03:09|  16.2|  1.9|INFORM|NVDB_Leser_HTTPCaller_2(HTTPFactory): HTTP/FTP Transfer: Downloading resource 'https://www.vegvesen.no/nvdb/api/v2/vegobjekter/532?antall=5000&fylke=2&vegreferanse=F&start=dLDD1QAmh14c&inkluder=metadata%2Cegenskaper%2Clokasjon%2Cgeometri' to internal memory buffer
2017-01-18 13:03:12|  16.6|  0.4|INFORM|NVDB_Leser_HTTPCaller_2(HTTPFactory): HTTP transfer summary - status code: 200, download size: '28451106 bytes', DNS lookup time: '0 seconds', total transfer time: '6.786 seconds', url: 'https://www.vegvesen.no/nvdb/api/v2/vegobjekter/532?antall=5000&fylke=2&vegreferanse=F&start=dLDD1QAmh14c&inkluder=metadata%2Cegenskaper%2Clokasjon%2Cgeometri'
2017-01-18 13:03:27|  30.9| 14.3|INFORM|NVDB_Leser_HTTPCaller_2(HTTPFactory): HTTP/FTP Transfer: Downloading resource 'https://www.vegvesen.no/nvdb/api/v2/vegobjekter/532?antall=5000&fylke=2&vegreferanse=F&start=hm8NQGVbQTK2&inkluder=metadata%2Cegenskaper%2Clokasjon%2Cgeometri' to internal memory buffer
2017-01-18 13:03:27|  30.9|  0.0|INFORM|NVDB_Leser_HTTPCaller_2(HTTPFactory): HTTP transfer summary - status code: 200, download size: '357 bytes', DNS lookup time: '0 seconds', total transfer time: '0.016 seconds', url: 'https://www.vegvesen.no/nvdb/api/v2/vegobjekter/532?antall=5000&fylke=2&vegreferanse=F&start=hm8NQGVbQTK2&inkluder=metadata%2Cegenskaper%2Clokasjon%2Cgeometri'
2017-01-18 13:03:39|  43.2| 12.3|INFORM|XML Reader mapped feature # 5000
2017-01-18 13:03:40|  43.2|  0.0|INFORM|NVDB_Leser_HTTPCaller_2(HTTPFactory): HTTP/FTP Transfer: Downloading resource 'https://www.vegvesen.no/nvdb/api/v2/vegobjekter/532?fylke=3&vegreferanse=F&antall=5000&inkluder=metadata,egenskaper,lokasjon,geometri' to internal memory buffer
2017-01-18 13:03:40|  43.2|  0.0|INFORM|NVDB_Leser_HTTPCaller_2(HTTPFactory): HTTP transfer summary - status code: 200, download size: '4319 bytes', DNS lookup time: '0 seconds', total transfer time: '0.826 seconds', url: 'https://www.vegvesen.no/nvdb/api/v2/vegobjekter/532?fylke=3&vegreferanse=F&antall=5000&inkluder=metadata,egenskaper,lokasjon,geometri'
2017-01-18 13:03:43|  43.2|  0.0|INFORM|NVDB_Leser_HTTPCaller_2(HTTPFactory): HTTP/FTP Transfer: Downloading resource 'https://www.vegvesen.no/nvdb/api/v2/vegobjekter/532?antall=5000&fylke=3&vegreferanse=F&start=2s93mBxebR&inkluder=metadata%2Cegenskaper%2Clokasjon%2Cgeometri' to internal memory buffer
2017-01-18 13:03:43|  43.2|  0.0|INFORM|NVDB_Leser_HTTPCaller_2(HTTPFactory): HTTP transfer summary - status code: 200, download size: '353 bytes', DNS lookup time: '0 seconds', total transfer time: '3.526 seconds', url: 'https://www.vegvesen.no/nvdb/api/v2/vegobjekter/532?antall=5000&fylke=3&vegreferanse=F&start=2s93mBxebR&inkluder=metadata%2Cegenskaper%2Clokasjon%2Cgeometri'
2017-01-18 13:03:45|  43.3|  0.0|INFORM|NVDB_Leser_HTTPCaller_2(HTTPFactory): HTTP/FTP Transfer: Downloading resource 'https://www.vegvesen.no/nvdb/api/v2/vegobjekter/532?fylke=4&vegreferanse=F&antall=5000&inkluder=metadata,egenskaper,lokasjon,geometri' to internal memory buffer
2017-01-18 13:04:02|  43.5|  0.2|INFORM|NVDB_Leser_HTTPCaller_2(HTTPFactory): HTTP transfer summary - status code: 200, download size: '24547475 bytes', DNS lookup time: '0 seconds', total transfer time: '18.284 seconds', url: 'https://www.vegvesen.no/nvdb/api/v2/vegobjekter/532?fylke=4&vegreferanse=F&antall=5000&inkluder=metadata,egenskaper,lokasjon,geometri'
2017-01-18 13:04:11|  45.5|  2.0|INFORM|NVDB_Leser_HTTPCaller_2(HTTPFactory): HTTP/FTP Transfer: Downloading resource 'https://www.vegvesen.no/nvdb/api/v2/vegobjekter/532?antall=5000&fylke=4&vegreferanse=F&start=2sA3XSALkJ&inkluder=metadata%2Cegenskaper%2Clokasjon%2Cgeometri' to internal memory buffer
2017-01-18 13:04:26|  45.8|  0.3|INFORM|NVDB_Leser_HTTPCaller_2(HTTPFactory): HTTP transfer summary - status code: 200, download size: '25155660 bytes', DNS lookup time: '0 seconds', total transfer time: '22.589 seconds', url: 'https://www.vegvesen.no/nvdb/api/v2/vegobjekter/532?antall=5000&fylke=4&vegreferanse=F&start=2sA3XSALkJ&inkluder=metadata%2Cegenskaper%2Clokasjon%2Cgeometri'
2017-01-18 13:04:41|  60.8| 15.0|INFORM|XML Reader mapped feature # 5000
2017-01-18 13:04:48|  60.8|  0.0|INFORM|NVDB_Leser_HTTPCaller_2(HTTPFactory): HTTP/FTP Transfer: Downloading resource 'https://www.vegvesen.no/nvdb/api/v2/vegobjekter/532?antall=5000&fylke=4&vegreferanse=F&start=2sA3dsmZAm&inkluder=metadata%2Cegenskaper%2Clokasjon%2Cgeometri' to internal memory buffer
2017-01-18 13:04:51|  61.5|  0.7|INFORM|NVDB_Leser_HTTPCaller_2(HTTPFactory): HTTP transfer summary - status code: 200, download size: '27961228 bytes', DNS lookup time: '0 seconds', total transfer time: '9.048 seconds', url: 'https://www.vegvesen.no/nvdb/api/v2/vegobjekter/532?antall=5000&fylke=4&vegreferanse=F&start=2sA3dsmZAm&inkluder=metadata%2Cegenskaper%2Clokasjon%2Cgeometri'
2017-01-18 13:05:04|  74.6| 13.2|INFORM|NVDB_Leser_HTTPCaller_2(HTTPFactory): HTTP/FTP Transfer: Downloading resource 'https://www.vegvesen.no/nvdb/api/v2/vegobjekter/532?antall=5000&fylke=4&vegreferanse=F&start=hm8LHG14YRPL&inkluder=metadata%2Cegenskaper%2Clokasjon%2Cgeometri' to internal memory buffer
2017-01-18 13:05:04|  74.6|  0.0|INFORM|NVDB_Leser_HTTPCaller_2(HTTPFactory): HTTP transfer summary - status code: 200, download size: '357 bytes', DNS lookup time: '0 seconds', total transfer time: '0.031 seconds', url: 'https://www.vegvesen.no/nvdb/api/v2/vegobjekter/532?antall=5000&fylke=4&vegreferanse=F&start=hm8LHG14YRPL&inkluder=metadata%2Cegenskaper%2Clokasjon%2Cgeometri'
2017-01-18 13:05:17|  87.4| 12.8|INFORM|XML Reader mapped feature # 5000
2017-01-18 13:05:18|  87.5|  0.0|INFORM|NVDB_Leser_HTTPCaller_2(HTTPFactory): HTTP/FTP Transfer: Downloading resource 'https://www.vegvesen.no/nvdb/api/v2/vegobjekter/532?fylke=5&vegreferanse=F&antall=5000&inkluder=metadata,egenskaper,lokasjon,geometri' to internal memory buffer
2017-01-18 13:05:31|  87.9|  0.5|INFORM|NVDB_Leser_HTTPCaller_2(HTTPFactory): HTTP transfer summary - status code: 200, download size: '27218277 bytes', DNS lookup time: '0 seconds', total transfer time: '14.04 seconds', url: 'https://www.vegvesen.no/nvdb/api/v2/vegobjekter/532?fylke=5&vegreferanse=F&antall=5000&inkluder=metadata,egenskaper,lokasjon,geometri'
2017-01-18 13:05:37|  89.9|  2.0|INFORM|NVDB_Leser_HTTPCaller_2(HTTPFactory): HTTP/FTP Transfer: Downloading resource 'https://www.vegvesen.no/nvdb/api/v2/vegobjekter/532?antall=5000&fylke=5&vegreferanse=F&start=2uL35tvLCQ&inkluder=metadata%2Cegenskaper%2Clokasjon%2Cgeometri' to internal memory buffer
2017-01-18 13:05:41|  90.2|  0.3|INFORM|NVDB_Leser_HTTPCaller_2(HTTPFactory): HTTP/FTP Request - Sent so far: 29.42 MB 
2017-01-18 13:05:41|  90.3|  0.0|INFORM|NVDB_Leser_HTTPCaller_2(HTTPFactory): HTTP/FTP Request - Sent so far: 30.43 MB 
2017-01-18 13:05:41|  90.3|  0.0|INFORM|NVDB_Leser_HTTPCaller_2(HTTPFactory): HTTP/FTP Request - Sent so far: 31.44 MB 
2017-01-18 13:05:41|  90.3|  0.0|INFORM|NVDB_Leser_HTTPCaller_2(HTTPFactory): HTTP/FTP Request - Sent so far: 32.45 MB 
2017-01-18 13:05:42|  90.3|  0.0|INFORM|NVDB_Leser_HTTPCaller_2(HTTPFactory): HTTP/FTP Request - Sent so far: 33.46 MB 
2017-01-18 13:05:45|  90.4|  0.0|INFORM|NVDB_Leser_HTTPCaller_2(HTTPFactory): HTTP transfer summary - status code: 200, download size: '33655367 bytes', DNS lookup time: '0 seconds', total transfer time: '12.402 seconds', url: 'https://www.vegvesen.no/nvdb/api/v2/vegobjekter/532?antall=5000&fylke=5&vegreferanse=F&start=2uL35tvLCQ&inkluder=metadata%2Cegenskaper%2Clokasjon%2Cgeometri'
2017-01-18 13:06:00| 105.4| 15.1|INFORM|XML Reader mapped feature # 5000
2017-01-18 13:06:02| 105.4|  0.0|INFORM|NVDB_Leser_HTTPCaller_2(HTTPFactory): HTTP/FTP Transfer: Downloading resource 'https://www.vegvesen.no/nvdb/api/v2/vegobjekter/532?antall=5000&fylke=5&vegreferanse=F&start=h1UeUyB9HnKA&inkluder=metadata%2Cegenskaper%2Clokasjon%2Cgeometri' to internal memory buffer
2017-01-18 13:06:03| 105.6|  0.1|INFORM|NVDB_Leser_HTTPCaller_2(HTTPFactory): HTTP transfer summary - status code: 200, download size: '10935640 bytes', DNS lookup time: '0 seconds', total transfer time: '2.683 seconds', url: 'https://www.vegvesen.no/nvdb/api/v2/vegobjekter/532?antall=5000&fylke=5&vegreferanse=F&start=h1UeUyB9HnKA&inkluder=metadata%2Cegenskaper%2Clokasjon%2Cgeometri'
2017-01-18 13:06:08| 110.6|  5.0|INFORM|NVDB_Leser_HTTPCaller_2(HTTPFactory): HTTP/FTP Transfer: Downloading resource 'https://www.vegvesen.no/nvdb/api/v2/vegobjekter/532?antall=5000&fylke=5&vegreferanse=F&start=hm8LFm8UkHAX&inkluder=metadata%2Cegenskaper%2Clokasjon%2Cgeometri' to internal memory buffer
2017-01-18 13:06:08| 110.6|  0.0|INFORM|NVDB_Leser_HTTPCaller_2(HTTPFactory): HTTP transfer summary - status code: 200, download size: '357 bytes', DNS lookup time: '0 seconds', total transfer time: '0.062 seconds', url: 'https://www.vegvesen.no/nvdb/api/v2/vegobjekter/532?antall=5000&fylke=5&vegreferanse=F&start=hm8LFm8UkHAX&inkluder=metadata%2Cegenskaper%2Clokasjon%2Cgeometri'
2017-01-18 13:06:21| 123.4| 12.9|INFORM|XML Reader mapped feature # 5000
2017-01-18 13:06:22| 123.4|  0.0|INFORM|NVDB_Leser_HTTPCaller_2(HTTPFactory): HTTP/FTP Transfer: Downloading resource 'https://www.vegvesen.no/nvdb/api/v2/vegobjekter/532?fylke=6&vegreferanse=F&antall=5000&inkluder=metadata,egenskaper,lokasjon,geometri' to internal memory buffer
2017-01-18 13:06:35| 124.1|  0.7|INFORM|NVDB_Leser_HTTPCaller_2(HTTPFactory): HTTP transfer summary - status code: 200, download size: '27233383 bytes', DNS lookup time: '0 seconds', total transfer time: '13.682 seconds', url: 'https://www.vegvesen.no/nvdb/api/v2/vegobjekter/532?fylke=6&vegreferanse=F&antall=5000&inkluder=metadata,egenskaper,lokasjon,geometri'
2017-01-18 13:06:40| 126.2|  2.0|INFORM|NVDB_Leser_HTTPCaller_2(HTTPFactory): HTTP/FTP Transfer: Downloading resource 'https://www.vegvesen.no/nvdb/api/v2/vegobjekter/532?antall=5000&fylke=6&vegreferanse=F&start=e4hWvKW2fnN4&inkluder=metadata%2Cegenskaper%2Clokasjon%2Cgeometri' to internal memory buffer
2017-01-18 13:06:42| 126.8|  0.6|INFORM|NVDB_Leser_HTTPCaller_2(HTTPFactory): HTTP transfer summary - status code: 200, download size: '26723102 bytes', DNS lookup time: '0 seconds', total transfer time: '5.366 seconds', url: 'https://www.vegvesen.no/nvdb/api/v2/vegobjekter/532?antall=5000&fylke=6&vegreferanse=F&start=e4hWvKW2fnN4&inkluder=metadata%2Cegenskaper%2Clokasjon%2Cgeometri'
2017-01-18 13:06:54| 138.3| 11.5|INFORM|NVDB_Leser_HTTPCaller_2(HTTPFactory): HTTP/FTP Transfer: Downloading resource 'https://www.vegvesen.no/nvdb/api/v2/vegobjekter/532?antall=5000&fylke=6&vegreferanse=F&start=hm8LFmvPPiVm&inkluder=metadata%2Cegenskaper%2Clokasjon%2Cgeometri' to internal memory buffer
2017-01-18 13:06:54| 138.3|  0.0|INFORM|NVDB_Leser_HTTPCaller_2(HTTPFactory): HTTP transfer summary - status code: 200, download size: '357 bytes', DNS lookup time: '0 seconds', total transfer time: '0.047 seconds', url: 'https://www.vegvesen.no/nvdb/api/v2/vegobjekter/532?antall=5000&fylke=6&vegreferanse=F&start=hm8LFmvPPiVm&inkluder=metadata%2Cegenskaper%2Clokasjon%2Cgeometri'
2017-01-18 13:07:07| 151.5| 13.3|INFORM|XML Reader mapped feature # 5000
2017-01-18 13:07:08| 151.5|  0.0|INFORM|NVDB_Leser_HTTPCaller_2(HTTPFactory): HTTP/FTP Transfer: Downloading resource 'https://www.vegvesen.no/nvdb/api/v2/vegobjekter/532?fylke=7&vegreferanse=F&antall=5000&inkluder=metadata,egenskaper,lokasjon,geometri' to internal memory buffer
2017-01-18 13:07:21| 151.9|  0.4|INFORM|NVDB_Leser_HTTPCaller_2(HTTPFactory): HTTP transfer summary - status code: 200, download size: '24495373 bytes', DNS lookup time: '0 seconds', total transfer time: '14.243 seconds', url: 'https://www.vegvesen.no/nvdb/api/v2/vegobjekter/532?fylke=7&vegreferanse=F&antall=5000&inkluder=metadata,egenskaper,lokasjon,geometri'
2017-01-18 13:07:29| 154.0|  2.0|INFORM|NVDB_Leser_HTTPCaller_2(HTTPFactory): HTTP/FTP Transfer: Downloading resource 'https://www.vegvesen.no/nvdb/api/v2/vegobjekter/532?antall=5000&fylke=7&vegreferanse=F&start=9jbUeJ8Ciki&inkluder=metadata%2Cegenskaper%2Clokasjon%2Cgeometri' to internal memory buffer
2017-01-18 13:07:39| 154.5|  0.6|INFORM|NVDB_Leser_HTTPCaller_2(HTTPFactory): HTTP transfer summary - status code: 200, download size: '26376736 bytes', DNS lookup time: '0 seconds', total transfer time: '15.412 seconds', url: 'https://www.vegvesen.no/nvdb/api/v2/vegobjekter/532?antall=5000&fylke=7&vegreferanse=F&start=9jbUeJ8Ciki&inkluder=metadata%2Cegenskaper%2Clokasjon%2Cgeometri'
2017-01-18 13:07:54| 169.5| 15.0|INFORM|XML Reader mapped feature # 5000
2017-01-18 13:07:55| 169.5|  0.0|INFORM|NVDB_Leser_HTTPCaller_2(HTTPFactory): HTTP/FTP Transfer: Downloading resource 'https://www.vegvesen.no/nvdb/api/v2/vegobjekter/532?antall=5000&fylke=7&vegreferanse=F&start=h1owD4XsXQxr&inkluder=metadata%2Cegenskaper%2Clokasjon%2Cgeometri' to internal memory buffer
2017-01-18 13:07:56| 169.7|  0.2|INFORM|NVDB_Leser_HTTPCaller_2(HTTPFactory): HTTP transfer summary - status code: 200, download size: '4882450 bytes', DNS lookup time: '0.016 seconds', total transfer time: '2.231 seconds', url: 'https://www.vegvesen.no/nvdb/api/v2/vegobjekter/532?antall=5000&fylke=7&vegreferanse=F&start=h1owD4XsXQxr&inkluder=metadata%2Cegenskaper%2Clokasjon%2Cgeometri'
2017-01-18 13:07:59| 172.4|  2.7|INFORM|NVDB_Leser_HTTPCaller_2(HTTPFactory): HTTP/FTP Transfer: Downloading resource 'https://www.vegvesen.no/nvdb/api/v2/vegobjekter/532?antall=5000&fylke=7&vegreferanse=F&start=hm8LDGwfvpo9&inkluder=metadata%2Cegenskaper%2Clokasjon%2Cgeometri' to internal memory buffer
2017-01-18 13:07:59| 172.4|  0.0|INFORM|NVDB_Leser_HTTPCaller_2(HTTPFactory): HTTP transfer summary - status code: 200, download size: '357 bytes', DNS lookup time: '0 seconds', total transfer time: '0.062 seconds', url: 'https://www.vegvesen.no/nvdb/api/v2/vegobjekter/532?antall=5000&fylke=7&vegreferanse=F&start=hm8LDGwfvpo9&inkluder=metadata%2Cegenskaper%2Clokasjon%2Cgeometri'
2017-01-18 13:08:12| 185.6| 13.2|INFORM|XML Reader mapped feature # 5000
2017-01-18 13:08:14| 185.6|  0.0|INFORM|NVDB_Leser_HTTPCaller_2(HTTPFactory): HTTP/FTP Transfer: Downloading resource 'https://www.vegvesen.no/nvdb/api/v2/vegobjekter/532?fylke=8&vegreferanse=F&antall=5000&inkluder=metadata,egenskaper,lokasjon,geometri' to internal memory buffer
2017-01-18 13:08:26| 186.0|  0.4|INFORM|NVDB_Leser_HTTPCaller_2(HTTPFactory): HTTP transfer summary - status code: 200, download size: '27423091 bytes', DNS lookup time: '0 seconds', total transfer time: '14.336 seconds', url: 'https://www.vegvesen.no/nvdb/api/v2/vegobjekter/532?fylke=8&vegreferanse=F&antall=5000&inkluder=metadata,egenskaper,lokasjon,geometri'
2017-01-18 13:08:34| 188.1|  2.0|INFORM|NVDB_Leser_HTTPCaller_2(HTTPFactory): HTTP/FTP Transfer: Downloading resource 'https://www.vegvesen.no/nvdb/api/v2/vegobjekter/532?antall=5000&fylke=8&vegreferanse=F&start=2s847PJUsA&inkluder=metadata%2Cegenskaper%2Clokasjon%2Cgeometri' to internal memory buffer
2017-01-18 13:08:36| 188.6|  0.5|INFORM|NVDB_Leser_HTTPCaller_2(HTTPFactory): HTTP transfer summary - status code: 200, download size: '26777496 bytes', DNS lookup time: '0 seconds', total transfer time: '8.05 seconds', url: 'https://www.vegvesen.no/nvdb/api/v2/vegobjekter/532?antall=5000&fylke=8&vegreferanse=F&start=2s847PJUsA&inkluder=metadata%2Cegenskaper%2Clokasjon%2Cgeometri'
2017-01-18 13:08:49| 200.9| 12.3|INFORM|NVDB_Leser_HTTPCaller_2(HTTPFactory): HTTP/FTP Transfer: Downloading resource 'https://www.vegvesen.no/nvdb/api/v2/vegobjekter/532?antall=5000&fylke=8&vegreferanse=F&start=hm8LDGwfvVPc&inkluder=metadata%2Cegenskaper%2Clokasjon%2Cgeometri' to internal memory buffer
2017-01-18 13:08:49| 200.9|  0.0|INFORM|NVDB_Leser_HTTPCaller_2(HTTPFactory): HTTP transfer summary - status code: 200, download size: '357 bytes', DNS lookup time: '0 seconds', total transfer time: '0.109 seconds', url: 'https://www.vegvesen.no/nvdb/api/v2/vegobjekter/532?antall=5000&fylke=8&vegreferanse=F&start=hm8LDGwfvVPc&inkluder=metadata%2Cegenskaper%2Clokasjon%2Cgeometri'
2017-01-18 13:09:02| 214.3| 13.4|INFORM|XML Reader mapped feature # 5000
2017-01-18 13:09:04| 214.3|  0.0|INFORM|NVDB_Leser_HTTPCaller_2(HTTPFactory): HTTP/FTP Transfer: Downloading resource 'https://www.vegvesen.no/nvdb/api/v2/vegobjekter/532?fylke=9&vegreferanse=F&antall=5000&inkluder=metadata,egenskaper,lokasjon,geometri' to internal memory buffer
2017-01-18 13:09:14| 214.7|  0.5|INFORM|NVDB_Leser_HTTPCaller_2(HTTPFactory): HTTP transfer summary - status code: 200, download size: '26211620 bytes', DNS lookup time: '0 seconds', total transfer time: '12.059 seconds', url: 'https://www.vegvesen.no/nvdb/api/v2/vegobjekter/532?fylke=9&vegreferanse=F&antall=5000&inkluder=metadata,egenskaper,lokasjon,geometri'
2017-01-18 13:09:22| 216.8|  2.1|INFORM|NVDB_Leser_HTTPCaller_2(HTTPFactory): HTTP/FTP Transfer: Downloading resource 'https://www.vegvesen.no/nvdb/api/v2/vegobjekter/532?antall=5000&fylke=9&vegreferanse=F&start=7LjC4cg&inkluder=metadata%2Cegenskaper%2Clokasjon%2Cgeometri' to internal memory buffer
2017-01-18 13:09:25| 217.1|  0.3|INFORM|NVDB_Leser_HTTPCaller_2(HTTPFactory): HTTP transfer summary - status code: 200, download size: '22825580 bytes', DNS lookup time: '0 seconds', total transfer time: '8.299 seconds', url: 'https://www.vegvesen.no/nvdb/api/v2/vegobjekter/532?antall=5000&fylke=9&vegreferanse=F&start=7LjC4cg&inkluder=metadata%2Cegenskaper%2Clokasjon%2Cgeometri'
2017-01-18 13:09:37| 228.9| 11.8|INFORM|NVDB_Leser_HTTPCaller_2(HTTPFactory): HTTP/FTP Transfer: Downloading resource 'https://www.vegvesen.no/nvdb/api/v2/vegobjekter/532?antall=5000&fylke=9&vegreferanse=F&start=hm8LHGnqmaDS&inkluder=metadata%2Cegenskaper%2Clokasjon%2Cgeometri' to internal memory buffer
2017-01-18 13:09:37| 228.9|  0.0|INFORM|NVDB_Leser_HTTPCaller_2(HTTPFactory): HTTP transfer summary - status code: 200, download size: '357 bytes', DNS lookup time: '0 seconds', total transfer time: '0.031 seconds', url: 'https://www.vegvesen.no/nvdb/api/v2/vegobjekter/532?antall=5000&fylke=9&vegreferanse=F&start=hm8LHGnqmaDS&inkluder=metadata%2Cegenskaper%2Clokasjon%2Cgeometri'
2017-01-18 13:09:50| 242.2| 13.3|INFORM|XML Reader mapped feature # 5000
2017-01-18 13:09:52| 242.2|  0.0|INFORM|NVDB_Leser_HTTPCaller_2(HTTPFactory): HTTP/FTP Transfer: Downloading resource 'https://www.vegvesen.no/nvdb/api/v2/vegobjekter/532?fylke=10&vegreferanse=F&antall=5000&inkluder=metadata,egenskaper,lokasjon,geometri' to internal memory buffer
2017-01-18 13:10:05| 242.8|  0.6|INFORM|NVDB_Leser_HTTPCaller_2(HTTPFactory): HTTP transfer summary - status code: 200, download size: '33721628 bytes', DNS lookup time: '0 seconds', total transfer time: '15.413 seconds', url: 'https://www.vegvesen.no/nvdb/api/v2/vegobjekter/532?fylke=10&vegreferanse=F&antall=5000&inkluder=metadata,egenskaper,lokasjon,geometri'
2017-01-18 13:10:09| 244.8|  2.0|INFORM|NVDB_Leser_HTTPCaller_2(HTTPFactory): HTTP/FTP Transfer: Downloading resource 'https://www.vegvesen.no/nvdb/api/v2/vegobjekter/532?antall=5000&fylke=10&vegreferanse=F&start=h1yZW7MyatDg&inkluder=metadata%2Cegenskaper%2Clokasjon%2Cgeometri' to internal memory buffer
2017-01-18 13:10:14| 245.4|  0.6|INFORM|NVDB_Leser_HTTPCaller_2(HTTPFactory): HTTP transfer summary - status code: 200, download size: '25920349 bytes', DNS lookup time: '0 seconds', total transfer time: '6.333 seconds', url: 'https://www.vegvesen.no/nvdb/api/v2/vegobjekter/532?antall=5000&fylke=10&vegreferanse=F&start=h1yZW7MyatDg&inkluder=metadata%2Cegenskaper%2Clokasjon%2Cgeometri'
2017-01-18 13:10:25| 256.0| 10.6|INFORM|NVDB_Leser_HTTPCaller_2(HTTPFactory): HTTP/FTP Transfer: Downloading resource 'https://www.vegvesen.no/nvdb/api/v2/vegobjekter/532?antall=5000&fylke=10&vegreferanse=F&start=hm8LHGZrfDD9&inkluder=metadata%2Cegenskaper%2Clokasjon%2Cgeometri' to internal memory buffer
2017-01-18 13:10:25| 256.0|  0.0|INFORM|NVDB_Leser_HTTPCaller_2(HTTPFactory): HTTP transfer summary - status code: 200, download size: '358 bytes', DNS lookup time: '0 seconds', total transfer time: '0.125 seconds', url: 'https://www.vegvesen.no/nvdb/api/v2/vegobjekter/532?antall=5000&fylke=10&vegreferanse=F&start=hm8LHGZrfDD9&inkluder=metadata%2Cegenskaper%2Clokasjon%2Cgeometri'
2017-01-18 13:10:39| 270.3| 14.3|INFORM|XML Reader mapped feature # 5000
2017-01-18 13:10:40| 270.3|  0.0|INFORM|NVDB_Leser_HTTPCaller_2(HTTPFactory): HTTP/FTP Transfer: Downloading resource 'https://www.vegvesen.no/nvdb/api/v2/vegobjekter/532?fylke=11&vegreferanse=F&antall=5000&inkluder=metadata,egenskaper,lokasjon,geometri' to internal memory buffer
2017-01-18 13:10:52| 270.8|  0.5|INFORM|NVDB_Leser_HTTPCaller_2(HTTPFactory): HTTP transfer summary - status code: 200, download size: '24280220 bytes', DNS lookup time: '0 seconds', total transfer time: '12.885 seconds', url: 'https://www.vegvesen.no/nvdb/api/v2/vegobjekter/532?fylke=11&vegreferanse=F&antall=5000&inkluder=metadata,egenskaper,lokasjon,geometri'
2017-01-18 13:10:59| 272.8|  2.0|INFORM|NVDB_Leser_HTTPCaller_2(HTTPFactory): HTTP/FTP Transfer: Downloading resource 'https://www.vegvesen.no/nvdb/api/v2/vegobjekter/532?antall=5000&fylke=11&vegreferanse=F&start=e4CG5NyFu1E1&inkluder=metadata%2Cegenskaper%2Clokasjon%2Cgeometri' to internal memory buffer
2017-01-18 13:11:08| 273.1|  0.4|INFORM|NVDB_Leser_HTTPCaller_2(HTTPFactory): HTTP transfer summary - status code: 200, download size: '34383429 bytes', DNS lookup time: '0 seconds', total transfer time: '14.274 seconds', url: 'https://www.vegvesen.no/nvdb/api/v2/vegobjekter/532?antall=5000&fylke=11&vegreferanse=F&start=e4CG5NyFu1E1&inkluder=metadata%2Cegenskaper%2Clokasjon%2Cgeometri'
2017-01-18 13:11:25| 289.4| 16.3|INFORM|XML Reader mapped feature # 5000
2017-01-18 13:11:26| 289.4|  0.0|INFORM|NVDB_Leser_HTTPCaller_2(HTTPFactory): HTTP/FTP Transfer: Downloading resource 'https://www.vegvesen.no/nvdb/api/v2/vegobjekter/532?antall=5000&fylke=11&vegreferanse=F&start=hkdECEkCYhZh&inkluder=metadata%2Cegenskaper%2Clokasjon%2Cgeometri' to internal memory buffer
2017-01-18 13:11:27| 289.6|  0.2|INFORM|NVDB_Leser_HTTPCaller_2(HTTPFactory): HTTP transfer summary - status code: 200, download size: '10276434 bytes', DNS lookup time: '0 seconds', total transfer time: '2.621 seconds', url: 'https://www.vegvesen.no/nvdb/api/v2/vegobjekter/532?antall=5000&fylke=11&vegreferanse=F&start=hkdECEkCYhZh&inkluder=metadata%2Cegenskaper%2Clokasjon%2Cgeometri'
2017-01-18 13:11:33| 294.6|  5.0|INFORM|NVDB_Leser_HTTPCaller_2(HTTPFactory): HTTP/FTP Transfer: Downloading resource 'https://www.vegvesen.no/nvdb/api/v2/vegobjekter/532?antall=5000&fylke=11&vegreferanse=F&start=hm8LHGLidv9d&inkluder=metadata%2Cegenskaper%2Clokasjon%2Cgeometri' to internal memory buffer
2017-01-18 13:11:33| 294.6|  0.0|INFORM|NVDB_Leser_HTTPCaller_2(HTTPFactory): HTTP transfer summary - status code: 200, download size: '358 bytes', DNS lookup time: '0 seconds', total transfer time: '0.062 seconds', url: 'https://www.vegvesen.no/nvdb/api/v2/vegobjekter/532?antall=5000&fylke=11&vegreferanse=F&start=hm8LHGLidv9d&inkluder=metadata%2Cegenskaper%2Clokasjon%2Cgeometri'
2017-01-18 13:11:46| 307.8| 13.2|INFORM|XML Reader mapped feature # 5000
2017-01-18 13:11:47| 307.9|  0.0|INFORM|NVDB_Leser_HTTPCaller_2(HTTPFactory): HTTP/FTP Transfer: Downloading resource 'https://www.vegvesen.no/nvdb/api/v2/vegobjekter/532?fylke=12&vegreferanse=F&antall=5000&inkluder=metadata,egenskaper,lokasjon,geometri' to internal memory buffer
2017-01-18 13:11:58| 308.2|  0.4|INFORM|NVDB_Leser_HTTPCaller_2(HTTPFactory): HTTP transfer summary - status code: 200, download size: '25704348 bytes', DNS lookup time: '0 seconds', total transfer time: '11.981 seconds', url: 'https://www.vegvesen.no/nvdb/api/v2/vegobjekter/532?fylke=12&vegreferanse=F&antall=5000&inkluder=metadata,egenskaper,lokasjon,geometri'
2017-01-18 13:12:02| 310.2|  2.0|INFORM|NVDB_Leser_HTTPCaller_2(HTTPFactory): HTTP/FTP Transfer: Downloading resource 'https://www.vegvesen.no/nvdb/api/v2/vegobjekter/532?antall=5000&fylke=12&vegreferanse=F&start=fZAsddsQEfEu&inkluder=metadata%2Cegenskaper%2Clokasjon%2Cgeometri' to internal memory buffer
2017-01-18 13:12:08| 310.8|  0.6|INFORM|NVDB_Leser_HTTPCaller_2(HTTPFactory): HTTP transfer summary - status code: 200, download size: '33769134 bytes', DNS lookup time: '0 seconds', total transfer time: '7.94 seconds', url: 'https://www.vegvesen.no/nvdb/api/v2/vegobjekter/532?antall=5000&fylke=12&vegreferanse=F&start=fZAsddsQEfEu&inkluder=metadata%2Cegenskaper%2Clokasjon%2Cgeometri'
2017-01-18 13:12:23| 325.7| 14.9|INFORM|NVDB_Leser_HTTPCaller_2(HTTPFactory): HTTP/FTP Transfer: Downloading resource 'https://www.vegvesen.no/nvdb/api/v2/vegobjekter/532?antall=5000&fylke=12&vegreferanse=F&start=hm8NQGPFiBRP&inkluder=metadata%2Cegenskaper%2Clokasjon%2Cgeometri' to internal memory buffer
2017-01-18 13:12:23| 325.7|  0.0|INFORM|NVDB_Leser_HTTPCaller_2(HTTPFactory): HTTP transfer summary - status code: 200, download size: '358 bytes', DNS lookup time: '0 seconds', total transfer time: '0.031 seconds', url: 'https://www.vegvesen.no/nvdb/api/v2/vegobjekter/532?antall=5000&fylke=12&vegreferanse=F&start=hm8NQGPFiBRP&inkluder=metadata%2Cegenskaper%2Clokasjon%2Cgeometri'
2017-01-18 13:12:36| 339.1| 13.4|INFORM|XML Reader mapped feature # 5000
2017-01-18 13:12:36| 339.1|  0.0|INFORM|NVDB_Leser_HTTPCaller_2(HTTPFactory): HTTP/FTP Transfer: Downloading resource 'https://www.vegvesen.no/nvdb/api/v2/vegobjekter/532?fylke=13&vegreferanse=F&antall=5000&inkluder=metadata,egenskaper,lokasjon,geometri' to internal memory buffer
2017-01-18 13:12:36| 339.1|  0.0|INFORM|NVDB_Leser_HTTPCaller_2(HTTPFactory): HTTP transfer summary - status code: 422, download size: '126 bytes', DNS lookup time: '0 seconds', total transfer time: '0.032 seconds', url: 'https://www.vegvesen.no/nvdb/api/v2/vegobjekter/532?fylke=13&vegreferanse=F&antall=5000&inkluder=metadata,egenskaper,lokasjon,geometri'
2017-01-18 13:12:36| 339.1|  0.0|ERROR |NVDB_Leser_HTTPCaller_2(HTTPFactory): Received HTTP response header: 'HTTP/1.1 422 Unprocessable Entity' from 'https://www.vegvesen.no/nvdb/api/v2/vegobjekter/532?fylke=13&vegreferanse=F&antall=5000&inkluder=metadata,egenskaper,lokasjon,geometri'
2017-01-18 13:12:38| 339.1|  0.0|INFORM|NVDB_Leser_HTTPCaller_2(HTTPFactory): HTTP/FTP Transfer: Downloading resource 'https://www.vegvesen.no/nvdb/api/v2/vegobjekter/532?fylke=14&vegreferanse=F&antall=5000&inkluder=metadata,egenskaper,lokasjon,geometri' to internal memory buffer
2017-01-18 13:12:49| 339.7|  0.6|INFORM|NVDB_Leser_HTTPCaller_2(HTTPFactory): HTTP transfer summary - status code: 200, download size: '29273481 bytes', DNS lookup time: '0 seconds', total transfer time: '12.916 seconds', url: 'https://www.vegvesen.no/nvdb/api/v2/vegobjekter/532?fylke=14&vegreferanse=F&antall=5000&inkluder=metadata,egenskaper,lokasjon,geometri'
2017-01-18 13:12:56| 341.7|  2.0|INFORM|NVDB_Leser_HTTPCaller_2(HTTPFactory): HTTP/FTP Transfer: Downloading resource 'https://www.vegvesen.no/nvdb/api/v2/vegobjekter/532?antall=5000&fylke=14&vegreferanse=F&start=UzQoTU6u&inkluder=metadata%2Cegenskaper%2Clokasjon%2Cgeometri' to internal memory buffer
2017-01-18 13:12:58| 342.2|  0.5|INFORM|NVDB_Leser_HTTPCaller_2(HTTPFactory): HTTP transfer summary - status code: 200, download size: '18428942 bytes', DNS lookup time: '0 seconds', total transfer time: '7.129 seconds', url: 'https://www.vegvesen.no/nvdb/api/v2/vegobjekter/532?antall=5000&fylke=14&vegreferanse=F&start=UzQoTU6u&inkluder=metadata%2Cegenskaper%2Clokasjon%2Cgeometri'
2017-01-18 13:13:08| 351.6|  9.5|INFORM|NVDB_Leser_HTTPCaller_2(HTTPFactory): HTTP/FTP Transfer: Downloading resource 'https://www.vegvesen.no/nvdb/api/v2/vegobjekter/532?antall=5000&fylke=14&vegreferanse=F&start=hm8LDnPb9noN&inkluder=metadata%2Cegenskaper%2Clokasjon%2Cgeometri' to internal memory buffer
2017-01-18 13:13:08| 351.6|  0.0|INFORM|NVDB_Leser_HTTPCaller_2(HTTPFactory): HTTP transfer summary - status code: 200, download size: '358 bytes', DNS lookup time: '0 seconds', total transfer time: '0.062 seconds', url: 'https://www.vegvesen.no/nvdb/api/v2/vegobjekter/532?antall=5000&fylke=14&vegreferanse=F&start=hm8LDnPb9noN&inkluder=metadata%2Cegenskaper%2Clokasjon%2Cgeometri'
2017-01-18 13:13:22| 365.5| 13.9|INFORM|XML Reader mapped feature # 5000
2017-01-18 13:13:23| 365.5|  0.0|INFORM|NVDB_Leser_HTTPCaller_2(HTTPFactory): HTTP/FTP Transfer: Downloading resource 'https://www.vegvesen.no/nvdb/api/v2/vegobjekter/532?fylke=15&vegreferanse=F&antall=5000&inkluder=metadata,egenskaper,lokasjon,geometri' to internal memory buffer
2017-01-18 13:13:34| 365.8|  0.3|INFORM|NVDB_Leser_HTTPCaller_2(HTTPFactory): HTTP transfer summary - status code: 200, download size: '25591048 bytes', DNS lookup time: '0 seconds', total transfer time: '12.636 seconds', url: 'https://www.vegvesen.no/nvdb/api/v2/vegobjekter/532?fylke=15&vegreferanse=F&antall=5000&inkluder=metadata,egenskaper,lokasjon,geometri'
2017-01-18 13:13:39| 367.7|  1.9|INFORM|NVDB_Leser_HTTPCaller_2(HTTPFactory): HTTP/FTP Transfer: Downloading resource 'https://www.vegvesen.no/nvdb/api/v2/vegobjekter/532?antall=5000&fylke=15&vegreferanse=F&start=ep26uxAht2n6&inkluder=metadata%2Cegenskaper%2Clokasjon%2Cgeometri' to internal memory buffer
2017-01-18 13:13:50| 368.3|  0.5|INFORM|NVDB_Leser_HTTPCaller_2(HTTPFactory): HTTP transfer summary - status code: 200, download size: '29059810 bytes', DNS lookup time: '0.015 seconds', total transfer time: '13.432 seconds', url: 'https://www.vegvesen.no/nvdb/api/v2/vegobjekter/532?antall=5000&fylke=15&vegreferanse=F&start=ep26uxAht2n6&inkluder=metadata%2Cegenskaper%2Clokasjon%2Cgeometri'
2017-01-18 13:14:05| 383.4| 15.1|INFORM|XML Reader mapped feature # 5000
2017-01-18 13:14:06| 383.4|  0.0|INFORM|NVDB_Leser_HTTPCaller_2(HTTPFactory): HTTP/FTP Transfer: Downloading resource 'https://www.vegvesen.no/nvdb/api/v2/vegobjekter/532?antall=5000&fylke=15&vegreferanse=F&start=h29JN6pd8h1U&inkluder=metadata%2Cegenskaper%2Clokasjon%2Cgeometri' to internal memory buffer
2017-01-18 13:14:08| 383.7|  0.3|INFORM|NVDB_Leser_HTTPCaller_2(HTTPFactory): HTTP transfer summary - status code: 200, download size: '18503159 bytes', DNS lookup time: '0 seconds', total transfer time: '3.011 seconds', url: 'https://www.vegvesen.no/nvdb/api/v2/vegobjekter/532?antall=5000&fylke=15&vegreferanse=F&start=h29JN6pd8h1U&inkluder=metadata%2Cegenskaper%2Clokasjon%2Cgeometri'
2017-01-18 13:14:17| 392.5|  8.8|INFORM|NVDB_Leser_HTTPCaller_2(HTTPFactory): HTTP/FTP Transfer: Downloading resource 'https://www.vegvesen.no/nvdb/api/v2/vegobjekter/532?antall=5000&fylke=15&vegreferanse=F&start=hm8LHGnnobxS&inkluder=metadata%2Cegenskaper%2Clokasjon%2Cgeometri' to internal memory buffer
2017-01-18 13:14:17| 392.5|  0.0|INFORM|NVDB_Leser_HTTPCaller_2(HTTPFactory): HTTP transfer summary - status code: 200, download size: '358 bytes', DNS lookup time: '0 seconds', total transfer time: '0.031 seconds', url: 'https://www.vegvesen.no/nvdb/api/v2/vegobjekter/532?antall=5000&fylke=15&vegreferanse=F&start=hm8LHGnnobxS&inkluder=metadata%2Cegenskaper%2Clokasjon%2Cgeometri'
2017-01-18 13:14:30| 405.5| 13.1|INFORM|XML Reader mapped feature # 5000
2017-01-18 13:14:32| 405.6|  0.0|INFORM|NVDB_Leser_HTTPCaller_2(HTTPFactory): HTTP/FTP Transfer: Downloading resource 'https://www.vegvesen.no/nvdb/api/v2/vegobjekter/532?fylke=16&vegreferanse=F&antall=5000&inkluder=metadata,egenskaper,lokasjon,geometri' to internal memory buffer
2017-01-18 13:14:48| 406.1|  0.5|INFORM|NVDB_Leser_HTTPCaller_2(HTTPFactory): HTTP transfer summary - status code: 200, download size: '26548100 bytes', DNS lookup time: '0 seconds', total transfer time: '18.299 seconds', url: 'https://www.vegvesen.no/nvdb/api/v2/vegobjekter/532?fylke=16&vegreferanse=F&antall=5000&inkluder=metadata,egenskaper,lokasjon,geometri'
2017-01-18 13:14:55| 408.0|  1.9|INFORM|NVDB_Leser_HTTPCaller_2(HTTPFactory): HTTP/FTP Transfer: Downloading resource 'https://www.vegvesen.no/nvdb/api/v2/vegobjekter/532?antall=5000&fylke=16&vegreferanse=F&start=RzZDjHLS&inkluder=metadata%2Cegenskaper%2Clokasjon%2Cgeometri' to internal memory buffer
2017-01-18 13:15:05| 408.6|  0.6|INFORM|NVDB_Leser_HTTPCaller_2(HTTPFactory): HTTP transfer summary - status code: 200, download size: '26268994 bytes', DNS lookup time: '0 seconds', total transfer time: '15.288 seconds', url: 'https://www.vegvesen.no/nvdb/api/v2/vegobjekter/532?antall=5000&fylke=16&vegreferanse=F&start=RzZDjHLS&inkluder=metadata%2Cegenskaper%2Clokasjon%2Cgeometri'
2017-01-18 13:15:21| 423.7| 15.1|INFORM|XML Reader mapped feature # 5000
2017-01-18 13:15:24| 423.7|  0.0|INFORM|NVDB_Leser_HTTPCaller_2(HTTPFactory): HTTP/FTP Transfer: Downloading resource 'https://www.vegvesen.no/nvdb/api/v2/vegobjekter/532?antall=5000&fylke=16&vegreferanse=F&start=e5Cf8Mb2bM6X&inkluder=metadata%2Cegenskaper%2Clokasjon%2Cgeometri' to internal memory buffer
2017-01-18 13:15:28| 424.3|  0.5|INFORM|NVDB_Leser_HTTPCaller_2(HTTPFactory): HTTP transfer summary - status code: 200, download size: '27021563 bytes', DNS lookup time: '0 seconds', total transfer time: '7.067 seconds', url: 'https://www.vegvesen.no/nvdb/api/v2/vegobjekter/532?antall=5000&fylke=16&vegreferanse=F&start=e5Cf8Mb2bM6X&inkluder=metadata%2Cegenskaper%2Clokasjon%2Cgeometri'
2017-01-18 13:15:42| 439.0| 14.7|INFORM|NVDB_Leser_HTTPCaller_2(HTTPFactory): HTTP/FTP Transfer: Downloading resource 'https://www.vegvesen.no/nvdb/api/v2/vegobjekter/532?antall=5000&fylke=16&vegreferanse=F&start=hm8LGmoE7tTZ&inkluder=metadata%2Cegenskaper%2Clokasjon%2Cgeometri' to internal memory buffer
2017-01-18 13:15:42| 439.0|  0.0|INFORM|NVDB_Leser_HTTPCaller_2(HTTPFactory): HTTP transfer summary - status code: 200, download size: '358 bytes', DNS lookup time: '0 seconds', total transfer time: '0.047 seconds', url: 'https://www.vegvesen.no/nvdb/api/v2/vegobjekter/532?antall=5000&fylke=16&vegreferanse=F&start=hm8LGmoE7tTZ&inkluder=metadata%2Cegenskaper%2Clokasjon%2Cgeometri'
2017-01-18 13:15:56| 452.2| 13.3|INFORM|XML Reader mapped feature # 5000
2017-01-18 13:15:58| 452.2|  0.0|INFORM|NVDB_Leser_HTTPCaller_2(HTTPFactory): HTTP/FTP Transfer: Downloading resource 'https://www.vegvesen.no/nvdb/api/v2/vegobjekter/532?fylke=17&vegreferanse=F&antall=5000&inkluder=metadata,egenskaper,lokasjon,geometri' to internal memory buffer
2017-01-18 13:16:14| 452.9|  0.7|INFORM|NVDB_Leser_HTTPCaller_2(HTTPFactory): HTTP transfer summary - status code: 200, download size: '34425536 bytes', DNS lookup time: '0 seconds', total transfer time: '18.564 seconds', url: 'https://www.vegvesen.no/nvdb/api/v2/vegobjekter/532?fylke=17&vegreferanse=F&antall=5000&inkluder=metadata,egenskaper,lokasjon,geometri'
2017-01-18 13:16:22| 454.9|  1.9|INFORM|NVDB_Leser_HTTPCaller_2(HTTPFactory): HTTP/FTP Transfer: Downloading resource 'https://www.vegvesen.no/nvdb/api/v2/vegobjekter/532?antall=5000&fylke=17&vegreferanse=F&start=2s8YzXterk&inkluder=metadata%2Cegenskaper%2Clokasjon%2Cgeometri' to internal memory buffer
2017-01-18 13:16:27| 455.5|  0.6|INFORM|NVDB_Leser_HTTPCaller_2(HTTPFactory): HTTP/FTP Request - Sent so far: 34.48 MB 
2017-01-18 13:16:36| 455.5|  0.0|INFORM|NVDB_Leser_HTTPCaller_2(HTTPFactory): HTTP transfer summary - status code: 200, download size: '34754176 bytes', DNS lookup time: '0 seconds', total transfer time: '19.391 seconds', url: 'https://www.vegvesen.no/nvdb/api/v2/vegobjekter/532?antall=5000&fylke=17&vegreferanse=F&start=2s8YzXterk&inkluder=metadata%2Cegenskaper%2Clokasjon%2Cgeometri'
2017-01-18 13:16:52| 471.5| 16.0|INFORM|XML Reader mapped feature # 5000
2017-01-18 13:16:53| 471.5|  0.0|INFORM|NVDB_Leser_HTTPCaller_2(HTTPFactory): HTTP/FTP Transfer: Downloading resource 'https://www.vegvesen.no/nvdb/api/v2/vegobjekter/532?antall=5000&fylke=17&vegreferanse=F&start=fYWJ7xRGPfyJ&inkluder=metadata%2Cegenskaper%2Clokasjon%2Cgeometri' to internal memory buffer
2017-01-18 13:16:57| 471.9|  0.4|INFORM|NVDB_Leser_HTTPCaller_2(HTTPFactory): HTTP transfer summary - status code: 200, download size: '22429135 bytes', DNS lookup time: '0 seconds', total transfer time: '5.506 seconds', url: 'https://www.vegvesen.no/nvdb/api/v2/vegobjekter/532?antall=5000&fylke=17&vegreferanse=F&start=fYWJ7xRGPfyJ&inkluder=metadata%2Cegenskaper%2Clokasjon%2Cgeometri'
2017-01-18 13:17:08| 482.6| 10.7|INFORM|NVDB_Leser_HTTPCaller_2(HTTPFactory): HTTP/FTP Transfer: Downloading resource 'https://www.vegvesen.no/nvdb/api/v2/vegobjekter/532?antall=5000&fylke=17&vegreferanse=F&start=hm8NQG9zFbwt&inkluder=metadata%2Cegenskaper%2Clokasjon%2Cgeometri' to internal memory buffer
2017-01-18 13:17:08| 482.6|  0.0|INFORM|NVDB_Leser_HTTPCaller_2(HTTPFactory): HTTP transfer summary - status code: 200, download size: '358 bytes', DNS lookup time: '0 seconds', total transfer time: '0.219 seconds', url: 'https://www.vegvesen.no/nvdb/api/v2/vegobjekter/532?antall=5000&fylke=17&vegreferanse=F&start=hm8NQG9zFbwt&inkluder=metadata%2Cegenskaper%2Clokasjon%2Cgeometri'
2017-01-18 13:17:22| 496.9| 14.3|INFORM|XML Reader mapped feature # 5000
2017-01-18 13:17:24| 496.9|  0.0|INFORM|NVDB_Leser_HTTPCaller_2(HTTPFactory): HTTP/FTP Transfer: Downloading resource 'https://www.vegvesen.no/nvdb/api/v2/vegobjekter/532?fylke=18&vegreferanse=F&antall=5000&inkluder=metadata,egenskaper,lokasjon,geometri' to internal memory buffer
2017-01-18 13:17:37| 497.3|  0.4|INFORM|NVDB_Leser_HTTPCaller_2(HTTPFactory): HTTP transfer summary - status code: 200, download size: '29491969 bytes', DNS lookup time: '0 seconds', total transfer time: '14.742 seconds', url: 'https://www.vegvesen.no/nvdb/api/v2/vegobjekter/532?fylke=18&vegreferanse=F&antall=5000&inkluder=metadata,egenskaper,lokasjon,geometri'
2017-01-18 13:17:44| 499.4|  2.0|INFORM|NVDB_Leser_HTTPCaller_2(HTTPFactory): HTTP/FTP Transfer: Downloading resource 'https://www.vegvesen.no/nvdb/api/v2/vegobjekter/532?antall=5000&fylke=18&vegreferanse=F&start=2sC2VVGTAn&inkluder=metadata%2Cegenskaper%2Clokasjon%2Cgeometri' to internal memory buffer
2017-01-18 13:17:57| 500.2|  0.8|INFORM|NVDB_Leser_HTTPCaller_2(HTTPFactory): HTTP transfer summary - status code: 200, download size: '33992531 bytes', DNS lookup time: '0 seconds', total transfer time: '17.254 seconds', url: 'https://www.vegvesen.no/nvdb/api/v2/vegobjekter/532?antall=5000&fylke=18&vegreferanse=F&start=2sC2VVGTAn&inkluder=metadata%2Cegenskaper%2Clokasjon%2Cgeometri'
2017-01-18 13:18:14| 517.1| 17.0|INFORM|XML Reader mapped feature # 5000
2017-01-18 13:18:15| 517.1|  0.0|INFORM|NVDB_Leser_HTTPCaller_2(HTTPFactory): HTTP/FTP Transfer: Downloading resource 'https://www.vegvesen.no/nvdb/api/v2/vegobjekter/532?antall=5000&fylke=18&vegreferanse=F&start=gGf66uX36t4u&inkluder=metadata%2Cegenskaper%2Clokasjon%2Cgeometri' to internal memory buffer
2017-01-18 13:18:17| 517.6|  0.5|INFORM|NVDB_Leser_HTTPCaller_2(HTTPFactory): HTTP transfer summary - status code: 200, download size: '19413920 bytes', DNS lookup time: '0 seconds', total transfer time: '3.697 seconds', url: 'https://www.vegvesen.no/nvdb/api/v2/vegobjekter/532?antall=5000&fylke=18&vegreferanse=F&start=gGf66uX36t4u&inkluder=metadata%2Cegenskaper%2Clokasjon%2Cgeometri'
2017-01-18 13:18:27| 526.9|  9.3|INFORM|NVDB_Leser_HTTPCaller_2(HTTPFactory): HTTP/FTP Transfer: Downloading resource 'https://www.vegvesen.no/nvdb/api/v2/vegobjekter/532?antall=5000&fylke=18&vegreferanse=F&start=hm8NQG3bfNtX&inkluder=metadata%2Cegenskaper%2Clokasjon%2Cgeometri' to internal memory buffer
2017-01-18 13:18:27| 526.9|  0.0|INFORM|NVDB_Leser_HTTPCaller_2(HTTPFactory): HTTP transfer summary - status code: 200, download size: '358 bytes', DNS lookup time: '0 seconds', total transfer time: '0.031 seconds', url: 'https://www.vegvesen.no/nvdb/api/v2/vegobjekter/532?antall=5000&fylke=18&vegreferanse=F&start=hm8NQG3bfNtX&inkluder=metadata%2Cegenskaper%2Clokasjon%2Cgeometri'
2017-01-18 13:18:41| 541.3| 14.4|INFORM|XML Reader mapped feature # 5000
2017-01-18 13:18:43| 541.3|  0.0|INFORM|NVDB_Leser_HTTPCaller_2(HTTPFactory): HTTP/FTP Transfer: Downloading resource 'https://www.vegvesen.no/nvdb/api/v2/vegobjekter/532?fylke=19&vegreferanse=F&antall=5000&inkluder=metadata,egenskaper,lokasjon,geometri' to internal memory buffer
2017-01-18 13:18:57| 541.9|  0.5|INFORM|NVDB_Leser_HTTPCaller_2(HTTPFactory): HTTP transfer summary - status code: 200, download size: '29785830 bytes', DNS lookup time: '0 seconds', total transfer time: '15.46 seconds', url: 'https://www.vegvesen.no/nvdb/api/v2/vegobjekter/532?fylke=19&vegreferanse=F&antall=5000&inkluder=metadata,egenskaper,lokasjon,geometri'
2017-01-18 13:19:03| 543.8|  2.0|INFORM|NVDB_Leser_HTTPCaller_2(HTTPFactory): HTTP/FTP Transfer: Downloading resource 'https://www.vegvesen.no/nvdb/api/v2/vegobjekter/532?antall=5000&fylke=19&vegreferanse=F&start=e5YB5ouDWyqk&inkluder=metadata%2Cegenskaper%2Clokasjon%2Cgeometri' to internal memory buffer
2017-01-18 13:19:07| 544.3|  0.5|INFORM|NVDB_Leser_HTTPCaller_2(HTTPFactory): HTTP transfer summary - status code: 200, download size: '26677898 bytes', DNS lookup time: '0 seconds', total transfer time: '8.471 seconds', url: 'https://www.vegvesen.no/nvdb/api/v2/vegobjekter/532?antall=5000&fylke=19&vegreferanse=F&start=e5YB5ouDWyqk&inkluder=metadata%2Cegenskaper%2Clokasjon%2Cgeometri'
2017-01-18 13:19:17| 554.7| 10.4|INFORM|NVDB_Leser_HTTPCaller_2(HTTPFactory): HTTP/FTP Transfer: Downloading resource 'https://www.vegvesen.no/nvdb/api/v2/vegobjekter/532?antall=5000&fylke=19&vegreferanse=F&start=hm8NQG3eb1PP&inkluder=metadata%2Cegenskaper%2Clokasjon%2Cgeometri' to internal memory buffer
2017-01-18 13:19:17| 554.7|  0.0|INFORM|NVDB_Leser_HTTPCaller_2(HTTPFactory): HTTP transfer summary - status code: 200, download size: '358 bytes', DNS lookup time: '0 seconds', total transfer time: '0.015 seconds', url: 'https://www.vegvesen.no/nvdb/api/v2/vegobjekter/532?antall=5000&fylke=19&vegreferanse=F&start=hm8NQG3eb1PP&inkluder=metadata%2Cegenskaper%2Clokasjon%2Cgeometri'
2017-01-18 13:19:32| 568.9| 14.2|INFORM|XML Reader mapped feature # 5000
2017-01-18 13:19:33| 568.9|  0.0|INFORM|NVDB_Leser_HTTPCaller_2(HTTPFactory): HTTP/FTP Transfer: Downloading resource 'https://www.vegvesen.no/nvdb/api/v2/vegobjekter/532?fylke=20&vegreferanse=F&antall=5000&inkluder=metadata,egenskaper,lokasjon,geometri' to internal memory buffer
2017-01-18 13:19:35| 569.2|  0.4|INFORM|NVDB_Leser_HTTPCaller_2(HTTPFactory): HTTP transfer summary - status code: 200, download size: '22389535 bytes', DNS lookup time: '0 seconds', total transfer time: '3.822 seconds', url: 'https://www.vegvesen.no/nvdb/api/v2/vegobjekter/532?fylke=20&vegreferanse=F&antall=5000&inkluder=metadata,egenskaper,lokasjon,geometri'
2017-01-18 13:19:37| 570.6|  1.3|INFORM|NVDB_Leser_HTTPCaller_2(HTTPFactory): HTTP/FTP Transfer: Downloading resource 'https://www.vegvesen.no/nvdb/api/v2/vegobjekter/532?antall=5000&fylke=20&vegreferanse=F&start=hkxyMax1qSVy&inkluder=metadata%2Cegenskaper%2Clokasjon%2Cgeometri' to internal memory buffer
2017-01-18 13:19:37| 570.6|  0.0|INFORM|NVDB_Leser_HTTPCaller_2(HTTPFactory): HTTP transfer summary - status code: 200, download size: '358 bytes', DNS lookup time: '0 seconds', total transfer time: '0.124 seconds', url: 'https://www.vegvesen.no/nvdb/api/v2/vegobjekter/532?antall=5000&fylke=20&vegreferanse=F&start=hkxyMax1qSVy&inkluder=metadata%2Cegenskaper%2Clokasjon%2Cgeometri'
2017-01-18 13:19:47| 580.3|  9.8|STATS |Creator_2_XML_Creator(CreationFactory): Created 1 features
2017-01-18 13:19:47| 580.3|  0.0|STATS |Creator_2_Cloner(TeeFactory): Cloned 1 input feature(s) into 20 output feature(s)
2017-01-18 13:19:47| 580.3|  0.0|STATS |Creator_2_CREATED Brancher -1 12(BranchingFactory): Branched 20 input features -- 20 features routed to the target factory, and 0 features routed to the fallback factory.
2017-01-18 13:19:47| 580.3|  0.0|STATS |_CREATOR_BRANCH_TARGET(TeeFactory): Cloned 20 input feature(s) into 20 output feature(s)
2017-01-18 13:19:47| 580.3|  0.0|STATS |Counter_2_Counter(TeeFactory): Cloned 20 input feature(s) into 20 output feature(s)
2017-01-18 13:19:47| 580.3|  0.0|STATS |Counter_2_Rejector(TestFactory): Tested 20 input feature(s) -- 0 feature(s) passed and 20 feature(s) failed
2017-01-18 13:19:47| 580.3|  0.0|STATS |Counter_2_<REJECTED> Feature Counter -1 2147680267(TeeFactory): Cloned 0 input feature(s) into 0 output feature(s)
2017-01-18 13:19:47| 580.3|  0.0|STATS |NVDB_Leser _Input Input Collector(TeeFactory): Cloned 20 input feature(s) into 20 output feature(s)
2017-01-18 13:19:47| 580.3|  0.0|STATS |NVDB_Leser__Input1484740951 Input Splitter(TeeFactory): Cloned 20 input feature(s) into 20 output feature(s)
2017-01-18 13:19:47| 580.3|  0.0|STATS |NVDB_Leser_Loop1484740951 Input Splitter(TeeFactory): Cloned 43 input feature(s) into 43 output feature(s)
2017-01-18 13:19:47| 580.3|  0.0|STATS |NVDB_Leser_HTTPCaller_2 Output Splitter(TeeFactory): Cloned 62 input feature(s) into 124 output feature(s)
2017-01-18 13:19:47| 580.3|  0.0|STATS |NVDB_Leser_HTTPCaller_2 <Rejected> Output Nuker(TeeFactory): Cloned 1 input feature(s) into 0 output feature(s)
2017-01-18 13:19:47| 580.3|  0.0|INFORM|NVDB_Leser_XMLFragmenter(XFMapFactory): Total Results: 180225 Mapped Feature(s), 62 Input Feature(s), and 0 Invalid input Feature(s)
2017-01-18 13:19:47| 580.3|  0.0|INFORM|Optional `close' method not present; not called
2017-01-18 13:19:47| 580.3|  0.0|STATS |NVDB_Leser_GeometryReplacer(TeeFactory): Cloned 180225 input feature(s) into 180225 output feature(s)
2017-01-18 13:19:47| 580.3|  0.0|STATS |NVDB_Leser_GeometryReplacer_Rejector(TestFactory): Tested 180225 input feature(s) -- 0 feature(s) passed and 180225 feature(s) failed
2017-01-18 13:19:47| 580.3|  0.0|STATS |NVDB_Leser_GeometryReplacer OUTPUT Splitter(TeeFactory): Cloned 180225 input feature(s) into 360450 output feature(s)
2017-01-18 13:19:47| 580.3|  0.0|STATS |NVDB_Leser_GeometryReplacer_<REJECTED> Feature Counter 0 2147680271(TeeFactory): Cloned 0 input feature(s) into 0 output feature(s)
2017-01-18 13:19:47| 580.3|  0.0|STATS |NVDB_Leser_CoordinateSystemSetter (Disabled) Nuker(TeeFactory): Cloned 180225 input feature(s) into 0 output feature(s)
2017-01-18 13:19:47| 580.3|  0.0|STATS |NVDB_Leser_CoordinateSystemSetter_2(TeeFactory): Cloned 180225 input feature(s) into 180225 output feature(s)
2017-01-18 13:19:47| 580.3|  0.0|STATS |NVDB_Leser_Deaggregator(DeaggregateFactory): Split 180225 input feature(s) into 0 point-in-polygon feature(s), 0 donut polygon(s), 0 polygon(s), 180228 line(s), 0 point(s), and 0 aggregate(s)
2017-01-18 13:19:47| 580.3|  0.0|STATS |NVDB_Leser_Deaggregator(DeaggregateFactory): 180222 non-aggregate input features were routed through the factory
2017-01-18 13:19:47| 580.3|  0.0|STATS |NVDB_Leser_NullAttributeMapper(TeeFactory): Cloned 180228 input feature(s) into 180228 output feature(s)
2017-01-18 13:19:47| 580.3|  0.0|STATS |NVDB_Leser_StringConcatenator(TeeFactory): Cloned 180228 input feature(s) into 180228 output feature(s)
2017-01-18 13:19:47| 580.3|  0.0|INFORM|NVDB_Leser_XMLFragmenter_2(XFMapFactory): Total Results: 62 Mapped Feature(s), 62 Input Feature(s), and 0 Invalid input Feature(s)
2017-01-18 13:19:47| 580.3|  0.0|STATS |NVDB_Leser_TestFilter(TeeFactory): Cloned 62 input feature(s) into 62 output feature(s)
2017-01-18 13:19:47| 580.3|  0.0|STATS |NVDB_Leser_TestFilter_TestFactory_0(TestFactory): Tested 62 input feature(s) -- 43 feature(s) passed and 19 feature(s) failed
2017-01-18 13:19:47| 580.3|  0.0|STATS |NVDB_Leser_TestFilter_<lt>UNFILTERED<gt>(TeeFactory): Cloned 19 input feature(s) into 19 output feature(s)
2017-01-18 13:19:47| 580.3|  0.0|STATS |NVDB_Leser_TestFilter <lt>UNFILTERED<gt> Output Nuker(TeeFactory): Cloned 19 input feature(s) into 0 output feature(s)
2017-01-18 13:19:47| 580.3|  0.0|STATS |Loop to NVDB_Leser_Loop1484740951 Input Splitter(BranchingFactory): Branched 43 input features -- 43 features routed to the target factory, and 0 features routed to the fallback factory.
2017-01-18 13:19:47| 580.3|  0.0|STATS |NVDB_Leser_Output1484740951 Output Collector(TeeFactory): Cloned 180228 input feature(s) into 180228 output feature(s)
2017-01-18 13:19:47| 580.3|  0.0|STATS |NVDB_Leser Output Output Renamer/Nuker(TeeFactory): Cloned 180228 input feature(s) into 180228 output feature(s)
2017-01-18 13:19:47| 580.3|  0.0|STATS |NullAttributeMapper_3(TeeFactory): Cloned 180228 input feature(s) into 180228 output feature(s)
2017-01-18 13:19:47| 580.3|  0.0|STATS |AttributeExposer(TeeFactory): Cloned 180228 input feature(s) into 180228 output feature(s)
2017-01-18 13:19:47| 580.3|  0.0|STATS |LengthCalculator_LengthCalculator(TeeFactory): Cloned 180228 input feature(s) into 180228 output feature(s)
2017-01-18 13:19:47| 580.3|  0.0|STATS |LengthCalculator_Rejector(TestFactory): Tested 180228 input feature(s) -- 0 feature(s) passed and 180228 feature(s) failed
2017-01-18 13:19:47| 580.3|  0.0|STATS |LengthCalculator_<REJECTED> Feature Counter -1 2147680300(TeeFactory): Cloned 0 input feature(s) into 0 output feature(s)
2017-01-18 13:20:05| 598.5| 18.2|STATS |Aggregator_2(AggregateFactory): Combined 180228 input feature(s) into 12969 output feature(s), including 0 singleton(s)
2017-01-18 13:20:13| 607.1|  8.6|STATS |Aggregator(AggregateFactory): Combined 12969 input feature(s) into 3914 output feature(s), including 0 singleton(s)
2017-01-18 13:20:13| 607.1|  0.0|INFORM|Matcher(MatchingFactory): Upper bound on the number of comparisons is 7661655. Fewer comparisons may be made, and the worst case will not exceed this upper bound
2017-01-18 13:20:13| 607.1|  0.0|INFORM|Matcher(MatchingFactory): Processing comparison #1
2017-01-18 13:20:13| 607.1|  0.0|STATS |Storing feature(s) to FME feature store file `C:\Users\knjetl\AppData\Local\Temp\Fylkesvegnummer_130231\inspector.ffs'
2017-01-18 13:20:14| 607.6|  0.5|INFORM|Predefined coordinate system `ETRS89.UTM-33N' (Transverse Mercator (ETRS89-TM33)) matches dataset coordinate system 
2017-01-18 13:20:14| 607.6|  0.0|INFORM|The EPSG number of the FME coordinate system 'ETRS89.UTM-33N' is '6173'
2017-01-18 13:20:14| 607.6|  0.0|STATS |Storing feature(s) to FME feature store file `C:\Users\knjetl\AppData\Local\Temp\Fylkesvegnummer_130231\inspector.fsc'
2017-01-18 13:20:14| 607.6|  0.0|INFORM|Creating writer for format: Microsoft Excel
2017-01-18 13:20:14| 607.6|  0.0|INFORM|Trying to find a DYNAMIC plugin for writer named `XLSXW'
2017-01-18 13:20:14| 607.6|  0.0|INFORM|Loaded module 'XLSXW' from file 'C:\Program Files\FME2016.1\64\plugins/xlsx.dll'
2017-01-18 13:20:14| 607.6|  0.0|INFORM|FME API version of module 'XLSXW' matches current internal version (3.8 20160224)
2017-01-18 13:20:14| 607.6|  0.0|INFORM|FME Configuration: No destination coordinate system set
2017-01-18 13:20:14| 607.6|  0.0|INFORM|FME API version of module 'XLSXW' matches current internal version (3.8 20160224)
2017-01-18 13:20:14| 607.6|  0.0|INFORM|Writer `XLSXW_1' of type `XLSXW' using group definition keyword `XLSXW_1_DEF'
2017-01-18 13:20:14| 607.6|  0.0|INFORM|FME API version of module 'XLSXW' matches current internal version (3.8 20160224)
2017-01-18 13:20:14| 607.6|  0.0|INFORM|Excel Writer: Use Attribute Names As Column Positions is set to 'no' for sheet 'Ikke-unike nummer' in dataset 'C:\DATA\GitHub\VegnettKvalitet\Fylkesvegnummer\Data\Fylkesvegnummer.xlsx' 
2017-01-18 13:20:14| 607.6|  0.0|INFORM|FME Configuration: Destination coordinate system set to input coordinate system `EPSG:6173'
2017-01-18 13:20:14| 607.6|  0.0|INFORM|Excel Writer: Deleted existing destination file 'C:\DATA\GitHub\VegnettKvalitet\Fylkesvegnummer\Data\Fylkesvegnummer.xlsx'
2017-01-18 13:20:14| 607.6|  0.0|INFORM|Excel Writer: Opening dataset 'C:\DATA\GitHub\VegnettKvalitet\Fylkesvegnummer\Data\Fylkesvegnummer.xlsx'...
2017-01-18 13:20:14| 607.6|  0.0|INFORM|Excel Writer: Sheet 'Ikke-unike nummer' has writer mode 'INSERT'
2017-01-18 13:20:14| 607.6|  0.0|INFORM|Excel Writer: Sheet 'Ikke-unike nummer' has Output field names set to 'yes'
2017-01-18 13:20:14| 607.6|  0.0|INFORM|Excel Writer: Sheet 'Ikke-unike nummer' will start writing to row '1' and column '1' relative to its start location. Sheets have a starting location of row 1, column 1, named range starting locations can be specified
2017-01-18 13:20:14| 607.6|  0.0|INFORM|Excel Writer: Outputting field names for sheet 'Ikke-unike nummer'
2017-01-18 13:20:18| 611.1|  3.5|INFORM|Matcher(MatchingFactory): Processing comparison #1034
2017-01-18 13:20:23| 616.1|  5.0|INFORM|Matcher(MatchingFactory): Processing comparison #2296
2017-01-18 13:20:27| 620.5|  4.4|STATS |Matcher(MatchingFactory): Found 789 matching group(s) of features in 3914 input feature(s). 149 feature(s) did not have any matches
2017-01-18 13:20:27| 620.5|  0.0|STATS |Matcher MATCHED Splitter(TeeFactory): Cloned 3765 input feature(s) into 7530 output feature(s)
2017-01-18 13:20:27| 620.5|  0.0|STATS |Unike_vegnummer_DirCreator(CreationFactory): Created 1 features
2017-01-18 13:20:27| 620.5|  0.0|STATS |Unike_vegnummer_DirCreatorCleanerUpper(TeeFactory): Cloned 1 input feature(s) into 0 output feature(s)
2017-01-18 13:20:27| 620.5|  0.0|STATS |Unike_vegnummer_FeatureDirector(TestFactory): Tested 149 input feature(s) -- 0 feature(s) passed and 149 feature(s) failed
2017-01-18 13:20:27| 620.5|  0.0|STATS |Unike_vegnummer___FeatureDirector1(TestFactory): Tested 149 input feature(s) -- 0 feature(s) passed and 149 feature(s) failed
2017-01-18 13:20:27| 620.5|  0.0|STATS |Unike_vegnummer_VectorSetterUpper(TeeFactory): Cloned 149 input feature(s) into 149 output feature(s)
2017-01-18 13:20:27| 620.5|  0.0|STATS |Unike_vegnummer___PointCloudThinner(TeeFactory): Cloned 0 input feature(s) into 0 output feature(s)
2017-01-18 13:20:27| 620.5|  0.0|STATS |Unike_vegnummer_RasterSetterUpper(TeeFactory): Cloned 0 input feature(s) into 0 output feature(s)
2017-01-18 13:20:27| 620.5|  0.0|INFORM|Unike_vegnummer_Recorder(RecorderFactory): Recorded 149 feature(s) to file `C:\Users\knjetl\AppData\Local\Temp\Fylkesvegnummer_130231\inspector.ffs'
2017-01-18 13:20:27| 620.5|  0.0|STATS |Ikke-unike_vegnummer_DirCreator(CreationFactory): Created 1 features
2017-01-18 13:20:27| 620.5|  0.0|STATS |Ikke-unike_vegnummer_DirCreatorCleanerUpper(TeeFactory): Cloned 1 input feature(s) into 0 output feature(s)
2017-01-18 13:20:27| 620.5|  0.0|STATS |Ikke-unike_vegnummer_FeatureDirector(TestFactory): Tested 3765 input feature(s) -- 0 feature(s) passed and 3765 feature(s) failed
2017-01-18 13:20:27| 620.5|  0.0|STATS |Ikke-unike_vegnummer___FeatureDirector1(TestFactory): Tested 3765 input feature(s) -- 0 feature(s) passed and 3765 feature(s) failed
2017-01-18 13:20:27| 620.5|  0.0|STATS |Ikke-unike_vegnummer_VectorSetterUpper(TeeFactory): Cloned 3765 input feature(s) into 3765 output feature(s)
2017-01-18 13:20:27| 620.5|  0.0|STATS |Ikke-unike_vegnummer___PointCloudThinner(TeeFactory): Cloned 0 input feature(s) into 0 output feature(s)
2017-01-18 13:20:27| 620.5|  0.0|STATS |Ikke-unike_vegnummer_RasterSetterUpper(TeeFactory): Cloned 0 input feature(s) into 0 output feature(s)
2017-01-18 13:20:27| 620.5|  0.0|INFORM|Saving spatial index into file 'C:\Users\knjetl\AppData\Local\Temp\Fylkesvegnummer_130231\inspector.fsi'
2017-01-18 13:20:27| 620.5|  0.0|INFORM|Finished saving spatial index into file 'C:\Users\knjetl\AppData\Local\Temp\Fylkesvegnummer_130231\inspector.fsi'
2017-01-18 13:20:27| 620.5|  0.0|STATS |Stored 3914 feature(s) to FME feature store file `C:\Users\knjetl\AppData\Local\Temp\Fylkesvegnummer_130231\inspector.ffs'
2017-01-18 13:20:27| 620.5|  0.0|STATS |Stored 2 feature(s) to FME feature store file `C:\Users\knjetl\AppData\Local\Temp\Fylkesvegnummer_130231\inspector.fsc'
2017-01-18 13:20:27| 620.5|  0.0|INFORM|Ikke-unike_vegnummer_Recorder(RecorderFactory): Recorded 3765 feature(s) to file `C:\Users\knjetl\AppData\Local\Temp\Fylkesvegnummer_130231\inspector.ffs'
2017-01-18 13:20:27| 620.5|  0.0|STATS |Destination Feature Type Routing Correlator(RoutingFactory): Tested 3765 input feature(s), wrote 3765 output feature(s): 0 matched merge filters, 3765 were routed to output, 0 could not be routed.
2017-01-18 13:20:27| 620.5|  0.0|STATS |Final Output Nuker(TeeFactory): Cloned 0 input feature(s) into 0 output feature(s)
2017-01-18 13:20:27| 620.5|  0.0|STATS |f_97(CreationFactory): Created 1 features
2017-01-18 13:20:27| 620.5|  0.0|STATS |f_98(TeeFactory): Cloned 1 input feature(s) into 0 output feature(s)
2017-01-18 13:20:27| 620.5|  0.0|STATS |=-=-=-=-=-=-=-=-=-=-=-=-=-=-=-=-=-=-=-=-=-=-=-=-=-=-=-=-=-=-=-=-=-=-=-=-=-=-=-
2017-01-18 13:20:27| 620.5|  0.0|STATS |                            `Count' Domain Summary
2017-01-18 13:20:27| 620.5|  0.0|STATS |=-=-=-=-=-=-=-=-=-=-=-=-=-=-=-=-=-=-=-=-=-=-=-=-=-=-=-=-=-=-=-=-=-=-=-=-=-=-=-
2017-01-18 13:20:27| 620.5|  0.0|STATS |Matcher                                                                    789
2017-01-18 13:20:27| 620.5|  0.0|STATS |counter (range was 1 to 21)                                                 20
2017-01-18 13:20:27| 620.5|  0.0|STATS |==============================================================================
2017-01-18 13:20:27| 620.5|  0.0|STATS |Total `@Count' Invocations:                                                809
2017-01-18 13:20:27| 620.5|  0.0|STATS |=-=-=-=-=-=-=-=-=-=-=-=-=-=-=-=-=-=-=-=-=-=-=-=-=-=-=-=-=-=-=-=-=-=-=-=-=-=-=-
2017-01-18 13:20:27| 620.5|  0.0|INFORM|=-=-=-=-=-=-=-=-=-=-=-=-=-=-=-=-=-=-=-=-=-=-=-=-=-=-=-=-=-=-=-=-=-=-=-=-=-=-=-
2017-01-18 13:20:27| 620.5|  0.0|INFORM|Feature output statistics for `FFS' writer using keyword `W_1':
2017-01-18 13:20:27| 620.5|  0.0|STATS |=-=-=-=-=-=-=-=-=-=-=-=-=-=-=-=-=-=-=-=-=-=-=-=-=-=-=-=-=-=-=-=-=-=-=-=-=-=-=-
2017-01-18 13:20:27| 620.5|  0.0|STATS |                               Features Written
2017-01-18 13:20:27| 620.5|  0.0|STATS |=-=-=-=-=-=-=-=-=-=-=-=-=-=-=-=-=-=-=-=-=-=-=-=-=-=-=-=-=-=-=-=-=-=-=-=-=-=-=-
2017-01-18 13:20:27| 620.5|  0.0|STATS |==============================================================================
2017-01-18 13:20:27| 620.5|  0.0|STATS |Total Features Written                                                       0
2017-01-18 13:20:27| 620.5|  0.0|STATS |=-=-=-=-=-=-=-=-=-=-=-=-=-=-=-=-=-=-=-=-=-=-=-=-=-=-=-=-=-=-=-=-=-=-=-=-=-=-=-
2017-01-18 13:20:27| 620.5|  0.0|INFORM|Excel Writer: Saving changes to dataset 'C:\DATA\GitHub\VegnettKvalitet\Fylkesvegnummer\Data\Fylkesvegnummer.xlsx'
2017-01-18 13:20:27| 620.5|  0.0|INFORM|Excel Writer: Closing dataset 'C:\DATA\GitHub\VegnettKvalitet\Fylkesvegnummer\Data\Fylkesvegnummer.xlsx'...
2017-01-18 13:20:27| 620.5|  0.0|INFORM|=-=-=-=-=-=-=-=-=-=-=-=-=-=-=-=-=-=-=-=-=-=-=-=-=-=-=-=-=-=-=-=-=-=-=-=-=-=-=-
2017-01-18 13:20:27| 620.5|  0.0|INFORM|Feature output statistics for `XLSXW' writer using keyword `XLSXW_1':
2017-01-18 13:20:27| 620.5|  0.0|STATS |=-=-=-=-=-=-=-=-=-=-=-=-=-=-=-=-=-=-=-=-=-=-=-=-=-=-=-=-=-=-=-=-=-=-=-=-=-=-=-
2017-01-18 13:20:27| 620.5|  0.0|STATS |                               Features Written
2017-01-18 13:20:27| 620.5|  0.0|STATS |=-=-=-=-=-=-=-=-=-=-=-=-=-=-=-=-=-=-=-=-=-=-=-=-=-=-=-=-=-=-=-=-=-=-=-=-=-=-=-
2017-01-18 13:20:27| 620.5|  0.0|STATS |Ikke-unike nummer                                                         3765
2017-01-18 13:20:27| 620.5|  0.0|STATS |==============================================================================
2017-01-18 13:20:27| 620.5|  0.0|STATS |Total Features Written                                                    3765
2017-01-18 13:20:27| 620.5|  0.0|STATS |=-=-=-=-=-=-=-=-=-=-=-=-=-=-=-=-=-=-=-=-=-=-=-=-=-=-=-=-=-=-=-=-=-=-=-=-=-=-=-
2017-01-18 13:20:27| 620.5|  0.0|STATS |=-=-=-=-=-=-=-=-=-=-=-=-=-=-=-=-=-=-=-=-=-=-=-=-=-=-=-=-=-=-=-=-=-=-=-=-=-=-=-
2017-01-18 13:20:27| 620.5|  0.0|STATS |                            Features Read Summary
2017-01-18 13:20:27| 620.5|  0.0|STATS |=-=-=-=-=-=-=-=-=-=-=-=-=-=-=-=-=-=-=-=-=-=-=-=-=-=-=-=-=-=-=-=-=-=-=-=-=-=-=-
2017-01-18 13:20:27| 620.5|  0.0|STATS |==============================================================================
2017-01-18 13:20:27| 620.5|  0.0|STATS |Total Features Read                                                          0
2017-01-18 13:20:27| 620.5|  0.0|STATS |=-=-=-=-=-=-=-=-=-=-=-=-=-=-=-=-=-=-=-=-=-=-=-=-=-=-=-=-=-=-=-=-=-=-=-=-=-=-=-
2017-01-18 13:20:27| 620.5|  0.0|STATS |=-=-=-=-=-=-=-=-=-=-=-=-=-=-=-=-=-=-=-=-=-=-=-=-=-=-=-=-=-=-=-=-=-=-=-=-=-=-=-
2017-01-18 13:20:27| 620.5|  0.0|STATS |                           Features Written Summary
2017-01-18 13:20:27| 620.5|  0.0|STATS |=-=-=-=-=-=-=-=-=-=-=-=-=-=-=-=-=-=-=-=-=-=-=-=-=-=-=-=-=-=-=-=-=-=-=-=-=-=-=-
2017-01-18 13:20:27| 620.5|  0.0|STATS |Ikke-unike nummer                                                         3765
2017-01-18 13:20:27| 620.5|  0.0|STATS |==============================================================================
2017-01-18 13:20:27| 620.5|  0.0|STATS |Total Features Written                                                    3765
2017-01-18 13:20:27| 620.5|  0.0|STATS |=-=-=-=-=-=-=-=-=-=-=-=-=-=-=-=-=-=-=-=-=-=-=-=-=-=-=-=-=-=-=-=-=-=-=-=-=-=-=-
2017-01-18 13:20:27| 620.5|  0.0|INFORM|Translation was SUCCESSFUL with 0 warning(s) (3765 feature(s) output)
2017-01-18 13:20:27| 620.5|  0.0|INFORM|FME Session Duration: 17 minutes 55.7 seconds. (CPU: 606.4s user, 14.1s system)
2017-01-18 13:20:27| 620.5|  0.0|INFORM|END - ProcessID: 8964, peak process memory usage: 5981576 kB, current process memory usage: 293456 kB
