2017-01-22 09:09:28|   0.1|  0.1|INFORM|FME 2016.1.0.0 Beta (20160329 - Build 16481 - WIN64)
2017-01-22 09:09:28|   0.1|  0.0|INFORM|FME_HOME is 'C:\Program Files\FME2016.1\64\'
2017-01-22 09:09:28|   0.1|  0.0|INFORM|FME ESRI Edition (node locked-crc)
2017-01-22 09:09:28|   0.1|  0.0|INFORM|Serial Number: S0601A0917
2017-01-22 09:09:28|   0.1|  0.0|INFORM|Permanent License.
2017-01-22 09:09:28|   0.1|  0.0|INFORM|Machine host name is: SVV-55247
2017-01-22 09:09:28|   0.1|  0.0|INFORM|START - ProcessID: 12760, peak process memory usage: 39828 kB, current process memory usage: 39828 kB
2017-01-22 09:09:28|   0.1|  0.0|INFORM|FME Configuration: Command line arguments are `C:\Program Files\FME2016.1\64\fme.exe' `C:/DATA/GitHub/VegnettKvalitet/Fylkesvegnummer/FMW\wb-xlate-1485072566621_6336' `LOG_STANDARDOUT' `YES' `LogCountServerName' `{198bbf2d-f4a1-4106-9a70-39f35bfcd2fd}' `DEBUG_PORT' `61535'
2017-01-22 09:09:28|   0.2|  0.0|INFORM|Shared folders for formats are : C:\Program Files\FME2016.1\64\datasources;C:\Users\knjetl\AppData\Roaming\Safe Software\FME\FME Store\Formats;\\SVV1P04AUSER01\KNJETL$\documents\FME\Formats
2017-01-22 09:09:28|   0.2|  0.0|INFORM|Shared folders for transformers are : C:\Program Files\FME2016.1\64\transformers;C:\Users\knjetl\AppData\Roaming\Safe Software\FME\FME Store\Transformers;\\SVV1P04AUSER01\KNJETL$\documents\FME\Transformers
2017-01-22 09:09:28|   0.2|  0.0|INFORM|Shared folders for coordinate systems are : \\SVV1P04AUSER01\KNJETL$\documents\FME\CoordinateSystems
2017-01-22 09:09:28|   0.2|  0.0|INFORM|Shared folders for coordinate system exceptions are : \\SVV1P04AUSER01\KNJETL$\documents\FME\CoordinateSystemExceptions
2017-01-22 09:09:28|   0.2|  0.0|INFORM|Shared folders for coordinate system grid overrides are : \\SVV1P04AUSER01\KNJETL$\documents\FME\CoordinateSystemGridOverrides
2017-01-22 09:09:28|   0.2|  0.0|INFORM|Shared folders for CS-MAP transformation exceptions are : \\SVV1P04AUSER01\KNJETL$\documents\FME\CsmapTransformationExceptions
2017-01-22 09:09:28|   0.2|  0.0|INFORM|Shared folders for transformer categories are : \\SVV1P04AUSER01\KNJETL$\documents\FME\TransformerCategories
2017-01-22 09:09:28|   0.2|  0.0|INFORM|FME Configuration: Reader Keyword is `SPATIALITE_2'
2017-01-22 09:09:28|   0.2|  0.0|INFORM|FME Configuration: Writer Keyword is `MULTI_WRITER'
2017-01-22 09:09:28|   0.2|  0.0|INFORM|FME Configuration: Writer Group Definition Keyword is `MULTI_WRITER_DEF'
2017-01-22 09:09:28|   0.2|  0.0|INFORM|FME Configuration: Reader type is `SPATIALITE'
2017-01-22 09:09:28|   0.2|  0.0|INFORM|FME Configuration: Writer type is `MULTI_WRITER'
2017-01-22 09:09:28|   0.2|  0.0|INFORM|FME Configuration: No destination coordinate system set
2017-01-22 09:09:28|   0.2|  0.0|INFORM|FME Configuration: Current working folder is `C:\DATA\GitHub\VegnettKvalitet\Fylkesvegnummer\FMW'
2017-01-22 09:09:28|   0.2|  0.0|INFORM|FME Configuration: Temporary folder is `C:\Users\knjetl\AppData\Local\Temp'
2017-01-22 09:09:28|   0.2|  0.0|INFORM|FME Configuration: FME_HOME is `C:\Program Files\FME2016.1\64\'
2017-01-22 09:09:28|   0.2|  0.0|INFORM|FME Configuration: FME_BASE is 'no'
2017-01-22 09:09:28|   0.2|  0.0|INFORM|FME Configuration: FME_MF_DIR is 'C:\DATA\GitHub\VegnettKvalitet\Fylkesvegnummer\FMW/'
2017-01-22 09:09:28|   0.2|  0.0|INFORM|FME Configuration: FME_MF_NAME is 'Fylkesvegnummer_tne.fmw'
2017-01-22 09:09:28|   0.2|  0.0|INFORM|FME Configuration: FME_PRODUCT_NAME is 'FME(R) 2016.1.0.0'
2017-01-22 09:09:28|   0.2|  0.0|INFORM|System Status: 206.31 GB of disk space available in the FME temporary folder (C:\Users\knjetl\AppData\Local\Temp)
2017-01-22 09:09:28|   0.2|  0.0|INFORM|System Status: 8.00 TB of virtual memory available
2017-01-22 09:09:28|   0.2|  0.0|INFORM|Operating System: Microsoft Windows 7 64-bit Service Pack 1 (Build 7601)
2017-01-22 09:09:28|   0.2|  0.0|INFORM|FME Platform: WIN64
2017-01-22 09:09:28|   0.2|  0.0|INFORM|Locale: nb_NO
2017-01-22 09:09:28|   0.2|  0.0|INFORM|Code Page: 1252  (ANSI - latin I)
2017-01-22 09:09:28|   0.2|  0.0|INFORM|FME Configuration: Process limits are 31.91 GB of physical memory and 8.00 TB of address space
2017-01-22 09:09:28|   0.2|  0.0|INFORM|FME Configuration: Start freeing memory when process usage exceeds 95.72 GB of memory or 8.00 TB of address space
2017-01-22 09:09:28|   0.2|  0.0|INFORM|FME Configuration: Stop freeing memory when process usage is below 71.79 GB of memory and 6.00 TB of address space
2017-01-22 09:09:28|   0.2|  0.0|INFORM|Creating writer for format: 
2017-01-22 09:09:28|   0.2|  0.0|INFORM|Creating reader for format: SpatiaLite
2017-01-22 09:09:28|   0.2|  0.0|INFORM|Trying to find a DYNAMIC plugin for reader named `SPATIALITE'
2017-01-22 09:09:29|   0.2|  0.0|INFORM|Loaded module 'SPATIALITE' from file 'C:\Program Files\FME2016.1\64\plugins/GDAL.dll'
2017-01-22 09:09:29|   0.2|  0.0|INFORM|FME API version of module 'SPATIALITE' matches current internal version (3.8 20160224)
2017-01-22 09:09:29|   0.2|  0.0|INFORM|SPATIALITE reader: Opening file 'C:\DATA\GitHub\VegnettKvalitet\Fylkesvegnummer\Data\tne_local.db'
2017-01-22 09:09:29|   0.3|  0.0|INFORM|Using MultiWriter $Revision$ ( $Date$ ) with keyword `MULTI_WRITER' to output data (ID_ATTRIBUTE is `multi_writer_id')
2017-01-22 09:09:29|   0.3|  0.0|INFORM|Writer output will be ordered by value of multi_writer_id
2017-01-22 09:09:29|   0.3|  0.0|INFORM|Loaded module 'LogCount_func' from file 'C:\Program Files\FME2016.1\64\plugins/LogCount_func.dll'
2017-01-22 09:09:29|   0.3|  0.0|INFORM|FME API version of module 'LogCount_func' matches current internal version (3.8 20160224)
2017-01-22 09:09:29|   0.3|  0.0|INFORM|Creating writer for format: FME Feature Store (FFS)
2017-01-22 09:09:29|   0.3|  0.0|INFORM|FME Configuration: No destination coordinate system set
2017-01-22 09:09:29|   0.3|  0.0|INFORM|Loaded module 'Python_func' from file 'C:\Program Files\FME2016.1\64\plugins/Python_func.dll'
2017-01-22 09:09:29|   0.3|  0.0|INFORM|FME API version of module 'Python_func' matches current internal version (3.8 20160224)
2017-01-22 09:09:29|   0.3|  0.0|INFORM|Using FME's provided Python interpreter from `C:\Program Files\FME2016.1\64\fmepython27\python27.dll'
2017-01-22 09:09:29|   0.3|  0.0|INFORM|Python version 2.7 loaded successfully
2017-01-22 09:09:29|   0.4|  0.1|INFORM|Adding folder `C:\DATA\GitHub\VegnettKvalitet\Fylkesvegnummer\FMW\' to the python path
2017-01-22 09:09:29|   0.5|  0.1|INFORM|Loaded module 'BreakpointFactory' from file 'C:\Program Files\FME2016.1\64\plugins/BreakpointFactory.dll'
2017-01-22 09:09:29|   0.5|  0.0|INFORM|FME API version of module 'BreakpointFactory' matches current internal version (3.8 20160224)
2017-01-22 09:09:29|   0.5|  0.0|INFORM|Feature Inspection module initialized. Workbench@61535 and FME@61477
2017-01-22 09:09:29|   0.5|  0.0|INFORM|Loaded module 'Geometry_func' from file 'C:\Program Files\FME2016.1\64\plugins/Geometry_func.dll'
2017-01-22 09:09:29|   0.5|  0.0|INFORM|FME API version of module 'Geometry_func' matches current internal version (3.8 20160224)
2017-01-22 09:09:29|   0.5|  0.0|INFORM|FME API version of module 'BreakpointFactory' matches current internal version (3.8 20160224)
2017-01-22 09:09:29|   0.5|  0.0|INFORM|... Last line repeated 4 times ...
2017-01-22 09:09:29|   0.5|  0.0|INFORM|Loaded module 'HTTPFactory' from file 'C:\Program Files\FME2016.1\64\plugins/HTTPFactory.dll'
2017-01-22 09:09:29|   0.5|  0.0|INFORM|FME API version of module 'HTTPFactory' matches current internal version (3.8 20160224)
2017-01-22 09:09:29|   0.5|  0.0|INFORM|FME API version of module 'BreakpointFactory' matches current internal version (3.8 20160224)
2017-01-22 09:09:29|   0.5|  0.0|INFORM|FME API version of module 'BreakpointFactory' matches current internal version (3.8 20160224)
2017-01-22 09:09:29|   0.5|  0.0|INFORM|Loaded module 'XFMapFactory' from file 'C:\Program Files\FME2016.1\64\plugins/XFMapFactory.dll'
2017-01-22 09:09:29|   0.5|  0.0|INFORM|FME API version of module 'XFMapFactory' matches current internal version (3.8 20160224)
2017-01-22 09:09:29|   0.5|  0.0|INFORM|FME API version of module 'BreakpointFactory' matches current internal version (3.8 20160224)
2017-01-22 09:09:29|   0.5|  0.0|INFORM|Loaded module 'PythonFactory' from file 'C:\Program Files\FME2016.1\64\plugins/PythonFactory.dll'
2017-01-22 09:09:29|   0.5|  0.0|INFORM|FME API version of module 'PythonFactory' matches current internal version (3.8 20160224)
2017-01-22 09:09:29|   0.5|  0.0|INFORM|Using FME's provided Python interpreter from `C:\Program Files\FME2016.1\64\fmepython27\python27.dll'
2017-01-22 09:09:29|   0.5|  0.0|INFORM|Python version 2.7 loaded successfully
2017-01-22 09:09:29|   0.6|  0.0|INFORM|FME API version of module 'BreakpointFactory' matches current internal version (3.8 20160224)
2017-01-22 09:09:29|   0.6|  0.0|INFORM|Loaded module 'OGCGeometry_func' from file 'C:\Program Files\FME2016.1\64\plugins/OGCGeometry_func.dll'
2017-01-22 09:09:29|   0.6|  0.0|INFORM|FME API version of module 'OGCGeometry_func' matches current internal version (3.8 20160224)
2017-01-22 09:09:29|   0.6|  0.0|INFORM|FME API version of module 'BreakpointFactory' matches current internal version (3.8 20160224)
2017-01-22 09:09:29|   0.6|  0.0|INFORM|... Last line repeated 6 times ...
2017-01-22 09:09:29|   0.6|  0.0|INFORM|FME API version of module 'XFMapFactory' matches current internal version (3.8 20160224)
2017-01-22 09:09:29|   0.6|  0.0|INFORM|FME API version of module 'BreakpointFactory' matches current internal version (3.8 20160224)
2017-01-22 09:09:29|   0.6|  0.0|INFORM|... Last line repeated 13 times ...
2017-01-22 09:09:29|   0.6|  0.0|INFORM|Loaded module 'InlineQueryFactory' from file 'C:\Program Files\FME2016.1\64\plugins/InlineQueryFactory.dll'
2017-01-22 09:09:29|   0.6|  0.0|INFORM|FME API version of module 'InlineQueryFactory' matches current internal version (3.8 20160224)
2017-01-22 09:09:29|   0.6|  0.0|INFORM|FME API version of module 'BreakpointFactory' matches current internal version (3.8 20160224)
2017-01-22 09:09:29|   0.6|  0.0|INFORM|... Last line repeated 5 times ...
2017-01-22 09:09:29|   0.6|  0.0|INFORM|StatisticsCalculator_SummaryExploder(ElementFactory): LEAN_AND_MEAN processing enabled
2017-01-22 09:09:29|   0.6|  0.0|INFORM|FME API version of module 'BreakpointFactory' matches current internal version (3.8 20160224)
2017-01-22 09:09:29|   0.8|  0.2|INFORM|... Last line repeated 11 times ...
2017-01-22 09:09:29|   0.8|  0.0|INFORM|The EPSG number of the FME coordinate system 'ETRS89.UTM-33N' is '25833'
2017-01-22 09:09:29|   0.8|  0.0|INFORM|FME Configuration: Source coordinate system for reader SPATIALITE_2[SPATIALITE] set to `ETRS89.UTM-33N' as read from input data
2017-01-22 09:09:29|   0.8|  0.0|INFORM|Coordinate System `ETRS89.UTM-33N' parameters: CS_NAME=`ETRS89.UTM-33N' DESC_NM=`Transverse Mercator (ETRS89-TM33)' DT_NAME=`ETRS89/01' GROUP=`UTMN' MAP_SCL=`1' MAX_LAT=`84.5' MAX_LNG=`22.1333333333333' MIN_LAT=`31.05' MIN_LNG=`10.8833333333333' PARM1=`15' PROJ=`TM' QUAD=`1' SCL_RED=`0.9996' SOURCE=`EPSG, V6.3, 25833 [Large and medium scale topographic mappi]' UNIT=`Meter' X_OFF=`500000' Y_OFF=`0.0' ZERO_X=`0.0001' ZERO_Y=`0.0001' 
2017-01-22 09:09:31|   0.9|  0.0|INFORM|NVDB_Leser_HTTPCaller_2(HTTPFactory): HTTP/FTP Transfer: Downloading resource 'https://www.vegvesen.no/nvdb/api/v2/vegobjekter/532?fylke=1&vegreferanse=F&antall=5000&inkluder=metadata,egenskaper,lokasjon,geometri' to internal memory buffer
2017-01-22 09:09:35|   0.9|  0.1|INFORM|NVDB_Leser_HTTPCaller_2(HTTPFactory): HTTP/FTP Request - Sent so far: 1.00 MB 
2017-01-22 09:09:36|   1.1|  0.1|INFORM|NVDB_Leser_HTTPCaller_2(HTTPFactory): HTTP/FTP Request - Sent so far: 2.02 MB 
2017-01-22 09:09:38|   1.2|  0.1|INFORM|NVDB_Leser_HTTPCaller_2(HTTPFactory): HTTP/FTP Request - Sent so far: 3.03 MB 
2017-01-22 09:09:40|   1.2|  0.1|INFORM|NVDB_Leser_HTTPCaller_2(HTTPFactory): HTTP/FTP Request - Sent so far: 4.04 MB 
2017-01-22 09:09:42|   1.3|  0.1|INFORM|NVDB_Leser_HTTPCaller_2(HTTPFactory): HTTP/FTP Request - Sent so far: 5.05 MB 
2017-01-22 09:09:43|   1.3|  0.0|INFORM|NVDB_Leser_HTTPCaller_2(HTTPFactory): HTTP/FTP Request - Sent so far: 6.06 MB 
2017-01-22 09:09:45|   1.4|  0.0|INFORM|NVDB_Leser_HTTPCaller_2(HTTPFactory): HTTP/FTP Request - Sent so far: 7.06 MB 
2017-01-22 09:09:46|   1.4|  0.0|INFORM|NVDB_Leser_HTTPCaller_2(HTTPFactory): HTTP/FTP Request - Sent so far: 8.08 MB 
2017-01-22 09:09:48|   1.5|  0.1|INFORM|NVDB_Leser_HTTPCaller_2(HTTPFactory): HTTP/FTP Request - Sent so far: 9.09 MB 
2017-01-22 09:09:50|   1.6|  0.1|INFORM|NVDB_Leser_HTTPCaller_2(HTTPFactory): HTTP/FTP Request - Sent so far: 10.10 MB 
2017-01-22 09:09:51|   1.6|  0.1|INFORM|NVDB_Leser_HTTPCaller_2(HTTPFactory): HTTP/FTP Request - Sent so far: 11.11 MB 
2017-01-22 09:09:53|   1.7|  0.1|INFORM|NVDB_Leser_HTTPCaller_2(HTTPFactory): HTTP/FTP Request - Sent so far: 12.12 MB 
2017-01-22 09:09:56|   1.8|  0.1|INFORM|NVDB_Leser_HTTPCaller_2(HTTPFactory): HTTP/FTP Request - Sent so far: 13.12 MB 
2017-01-22 09:09:57|   1.9|  0.0|INFORM|NVDB_Leser_HTTPCaller_2(HTTPFactory): HTTP/FTP Request - Sent so far: 14.13 MB 
2017-01-22 09:09:58|   2.0|  0.1|INFORM|NVDB_Leser_HTTPCaller_2(HTTPFactory): HTTP/FTP Request - Sent so far: 15.13 MB 
2017-01-22 09:09:59|   2.0|  0.1|INFORM|NVDB_Leser_HTTPCaller_2(HTTPFactory): HTTP/FTP Request - Sent so far: 16.14 MB 
2017-01-22 09:10:00|   2.1|  0.1|INFORM|NVDB_Leser_HTTPCaller_2(HTTPFactory): HTTP/FTP Request - Sent so far: 17.15 MB 
2017-01-22 09:10:01|   2.2|  0.1|INFORM|NVDB_Leser_HTTPCaller_2(HTTPFactory): HTTP/FTP Request - Sent so far: 18.15 MB 
2017-01-22 09:10:02|   2.3|  0.1|INFORM|NVDB_Leser_HTTPCaller_2(HTTPFactory): HTTP/FTP Request - Sent so far: 19.16 MB 
2017-01-22 09:10:03|   2.3|  0.1|INFORM|NVDB_Leser_HTTPCaller_2(HTTPFactory): HTTP/FTP Request - Sent so far: 20.16 MB 
2017-01-22 09:10:03|   2.4|  0.1|INFORM|NVDB_Leser_HTTPCaller_2(HTTPFactory): HTTP/FTP Request - Sent so far: 21.16 MB 
2017-01-22 09:10:04|   2.5|  0.1|INFORM|NVDB_Leser_HTTPCaller_2(HTTPFactory): HTTP/FTP Request - Sent so far: 22.17 MB 
2017-01-22 09:10:05|   2.6|  0.1|INFORM|NVDB_Leser_HTTPCaller_2(HTTPFactory): HTTP/FTP Request - Sent so far: 23.17 MB 
2017-01-22 09:10:06|   2.7|  0.1|INFORM|NVDB_Leser_HTTPCaller_2(HTTPFactory): HTTP/FTP Request - Sent so far: 24.18 MB 
2017-01-22 09:10:07|   2.8|  0.1|INFORM|NVDB_Leser_HTTPCaller_2(HTTPFactory): HTTP/FTP Request - Sent so far: 25.18 MB 
2017-01-22 09:10:08|   3.0|  0.2|INFORM|NVDB_Leser_HTTPCaller_2(HTTPFactory): HTTP/FTP Request - Sent so far: 26.18 MB 
2017-01-22 09:10:09|   3.1|  0.1|INFORM|NVDB_Leser_HTTPCaller_2(HTTPFactory): HTTP/FTP Request - Sent so far: 27.18 MB 
2017-01-22 09:10:12|   3.2|  0.1|INFORM|NVDB_Leser_HTTPCaller_2(HTTPFactory): HTTP/FTP Request - Sent so far: 28.20 MB 
2017-01-22 09:10:13|   3.3|  0.1|INFORM|NVDB_Leser_HTTPCaller_2(HTTPFactory): HTTP transfer summary - status code: 200, download size: '28636189 bytes', DNS lookup time: '0.125 seconds', total transfer time: '43.587 seconds', url: 'https://www.vegvesen.no/nvdb/api/v2/vegobjekter/532?fylke=1&vegreferanse=F&antall=5000&inkluder=metadata,egenskaper,lokasjon,geometri'
2017-01-22 09:10:15|   4.9|  1.7|INFORM|NVDB_Leser_HTTPCaller_2(HTTPFactory): HTTP/FTP Transfer: Downloading resource 'https://www.vegvesen.no/nvdb/api/v2/vegobjekter/532?antall=5000&fylke=1&vegreferanse=F&start=hkxwC6GkbaeK&inkluder=metadata%2Cegenskaper%2Clokasjon%2Cgeometri' to internal memory buffer
2017-01-22 09:10:15|   4.9|  0.0|INFORM|NVDB_Leser_HTTPCaller_2(HTTPFactory): HTTP transfer summary - status code: 200, download size: '357 bytes', DNS lookup time: '0 seconds', total transfer time: '0.343 seconds', url: 'https://www.vegvesen.no/nvdb/api/v2/vegobjekter/532?antall=5000&fylke=1&vegreferanse=F&start=hkxwC6GkbaeK&inkluder=metadata%2Cegenskaper%2Clokasjon%2Cgeometri'
2017-01-22 09:10:16|   5.0|  0.1|INFORM|Creating reader for format: CSV (Comma Separated Value)
2017-01-22 09:10:16|   5.1|  0.0|INFORM|Trying to find a DYNAMIC plugin for reader named `CSV'
2017-01-22 09:10:16|   5.1|  0.0|INFORM|Loaded module 'CSV' from file 'C:\Program Files\FME2016.1\64\plugins/CSV.dll'
2017-01-22 09:10:16|   5.1|  0.0|INFORM|FME API version of module 'CSV' matches current internal version (3.8 20160224)
2017-01-22 09:10:16|   5.1|  0.0|INFORM|CSV Reader: Opening CSV files in folder `C:\Users\knjetl\AppData\Local\Temp\__swizzled_url_1485072615417_12760\'
2017-01-22 09:10:16|   5.1|  0.0|INFORM|CSV Reader: Separator Character: ';'
2017-01-22 09:10:16|   5.1|  0.0|INFORM|CSV Reader: Skip Duplicate Delimiters: no
2017-01-22 09:10:16|   5.1|  0.0|INFORM|CSV Reader: Strip Quotes From Fields: yes
2017-01-22 09:10:16|   5.1|  0.0|INFORM|CSV Reader: File Has Field Names: yes
2017-01-22 09:10:16|   5.1|  0.0|INFORM|CSV Reader: Field Names Follow Header: no
2017-01-22 09:10:16|   5.1|  0.0|INFORM|CSV Reader: Number of Lines to Skip: 1
2017-01-22 09:10:16|   5.1|  0.0|INFORM|CSV Reader: Number of Footer Lines to Skip: 0
2017-01-22 09:10:16|   5.1|  0.0|INFORM|CSV Reader: Encoding name ''
2017-01-22 09:10:16|   5.1|  0.0|INFORM|CSV Reader: Allowing Spaces in Column Names: yes
2017-01-22 09:10:16|   5.1|  0.0|INFORM|CSV Reader: Max features to scan for schema: 1000
2017-01-22 09:10:16|   5.1|  0.0|INFORM|CSV Reader: Feature type names from file names: no
2017-01-22 09:10:16|   5.1|  0.0|INFORM|CSV Reader: Opening dataset 'C:\Users\knjetl\AppData\Local\Temp\__swizzled_url_1485072615417_12760\NVDB_enMapping.csv'
2017-01-22 09:10:16|   5.1|  0.0|INFORM|Creating reader for format: Tabular Data
2017-01-22 09:10:16|   5.1|  0.0|INFORM|Using Tabular Reader $Revision$ ( $Date$ ) to read files from folder `C:\Users\knjetl\AppData\Local\Temp\__swizzled_url_1485072615417_12760'
2017-01-22 09:10:16|   5.1|  0.0|INFORM|Stripping quotes around fields in CSV File `C:\Users\knjetl\AppData\Local\Temp\__swizzled_url_1485072615417_12760\NVDB_enMapping.csv'
2017-01-22 09:10:16|   5.1|  0.0|INFORM|Opened Separated Value File C:\Users\knjetl\AppData\Local\Temp\__swizzled_url_1485072615417_12760\NVDB_enMapping.csv for input with delimiter `;'
2017-01-22 09:10:16|   5.1|  0.0|INFORM|Skipped line `ptid;enid;name;fullname' in CSV File `C:\Users\knjetl\AppData\Local\Temp\__swizzled_url_1485072615417_12760\NVDB_enMapping.csv'
2017-01-22 09:10:16|   5.2|  0.1|INFORM|CSV Reader: Closing dataset 'C:\Users\knjetl\AppData\Local\Temp\__swizzled_url_1485072615417_12760\NVDB_enMapping.csv'
2017-01-22 09:10:16|   5.2|  0.0|INFORM|CSV Reader: Done reading CSV files in folder `C:\Users\knjetl\AppData\Local\Temp\__swizzled_url_1485072615417_12760\'
2017-01-22 09:10:16|   5.3|  0.0|INFORM|Creating reader for format: CSV (Comma Separated Value)
2017-01-22 09:10:16|   5.3|  0.0|INFORM|Trying to find a DYNAMIC plugin for reader named `CSV'
2017-01-22 09:10:16|   5.3|  0.0|INFORM|FME API version of module 'CSV' matches current internal version (3.8 20160224)
2017-01-22 09:10:16|   5.3|  0.0|INFORM|CSV Reader: Opening CSV files in folder `C:\Users\knjetl\AppData\Local\Temp\__swizzled_url_1485072616276_12760\'
2017-01-22 09:10:16|   5.3|  0.0|INFORM|CSV Reader: Separator Character: ';'
2017-01-22 09:10:16|   5.3|  0.0|INFORM|CSV Reader: Skip Duplicate Delimiters: no
2017-01-22 09:10:16|   5.3|  0.0|INFORM|CSV Reader: Strip Quotes From Fields: yes
2017-01-22 09:10:16|   5.3|  0.0|INFORM|CSV Reader: File Has Field Names: yes
2017-01-22 09:10:16|   5.3|  0.0|INFORM|CSV Reader: Field Names Follow Header: no
2017-01-22 09:10:16|   5.3|  0.0|INFORM|CSV Reader: Number of Lines to Skip: 1
2017-01-22 09:10:16|   5.3|  0.0|INFORM|CSV Reader: Number of Footer Lines to Skip: 0
2017-01-22 09:10:16|   5.3|  0.0|INFORM|CSV Reader: Encoding name ''
2017-01-22 09:10:16|   5.3|  0.0|INFORM|CSV Reader: Allowing Spaces in Column Names: yes
2017-01-22 09:10:16|   5.3|  0.0|INFORM|CSV Reader: Max features to scan for schema: 1000
2017-01-22 09:10:16|   5.3|  0.0|INFORM|CSV Reader: Feature type names from file names: no
2017-01-22 09:10:16|   5.3|  0.0|INFORM|CSV Reader: Opening dataset 'C:\Users\knjetl\AppData\Local\Temp\__swizzled_url_1485072616276_12760\NVDB_ptMapping.csv'
2017-01-22 09:10:16|   5.3|  0.0|INFORM|Creating reader for format: Tabular Data
2017-01-22 09:10:16|   5.3|  0.0|INFORM|Using Tabular Reader $Revision$ ( $Date$ ) to read files from folder `C:\Users\knjetl\AppData\Local\Temp\__swizzled_url_1485072616276_12760'
2017-01-22 09:10:16|   5.3|  0.0|INFORM|Stripping quotes around fields in CSV File `C:\Users\knjetl\AppData\Local\Temp\__swizzled_url_1485072616276_12760\NVDB_ptMapping.csv'
2017-01-22 09:10:16|   5.3|  0.0|INFORM|Opened Separated Value File C:\Users\knjetl\AppData\Local\Temp\__swizzled_url_1485072616276_12760\NVDB_ptMapping.csv for input with delimiter `;'
2017-01-22 09:10:16|   5.3|  0.0|INFORM|Skipped line `ft_attr;ftid;ptid;name' in CSV File `C:\Users\knjetl\AppData\Local\Temp\__swizzled_url_1485072616276_12760\NVDB_ptMapping.csv'
2017-01-22 09:10:17|   5.4|  0.0|INFORM|CSV Reader: Closing dataset 'C:\Users\knjetl\AppData\Local\Temp\__swizzled_url_1485072616276_12760\NVDB_ptMapping.csv'
2017-01-22 09:10:17|   5.4|  0.0|INFORM|CSV Reader: Done reading CSV files in folder `C:\Users\knjetl\AppData\Local\Temp\__swizzled_url_1485072616276_12760\'
2017-01-22 09:10:17|   5.4|  0.0|INFORM|Creating reader for format: CSV (Comma Separated Value)
2017-01-22 09:10:17|   5.4|  0.0|INFORM|Trying to find a DYNAMIC plugin for reader named `CSV'
2017-01-22 09:10:17|   5.4|  0.0|INFORM|FME API version of module 'CSV' matches current internal version (3.8 20160224)
2017-01-22 09:10:17|   5.4|  0.0|INFORM|CSV Reader: Opening CSV files in folder `C:\Users\knjetl\AppData\Local\Temp\__swizzled_url_148507261739_12760\'
2017-01-22 09:10:17|   5.4|  0.0|INFORM|CSV Reader: Separator Character: ';'
2017-01-22 09:10:17|   5.4|  0.0|INFORM|CSV Reader: Skip Duplicate Delimiters: no
2017-01-22 09:10:17|   5.4|  0.0|INFORM|CSV Reader: Strip Quotes From Fields: yes
2017-01-22 09:10:17|   5.4|  0.0|INFORM|CSV Reader: File Has Field Names: yes
2017-01-22 09:10:17|   5.4|  0.0|INFORM|CSV Reader: Field Names Follow Header: no
2017-01-22 09:10:17|   5.4|  0.0|INFORM|CSV Reader: Number of Lines to Skip: 1
2017-01-22 09:10:17|   5.4|  0.0|INFORM|CSV Reader: Number of Footer Lines to Skip: 0
2017-01-22 09:10:17|   5.4|  0.0|INFORM|CSV Reader: Encoding name ''
2017-01-22 09:10:17|   5.4|  0.0|INFORM|CSV Reader: Allowing Spaces in Column Names: yes
2017-01-22 09:10:17|   5.4|  0.0|INFORM|CSV Reader: Max features to scan for schema: 1000
2017-01-22 09:10:17|   5.4|  0.0|INFORM|CSV Reader: Feature type names from file names: no
2017-01-22 09:10:17|   5.4|  0.0|INFORM|CSV Reader: Opening dataset 'C:\Users\knjetl\AppData\Local\Temp\__swizzled_url_148507261739_12760\NVDB_ftMapping.csv'
2017-01-22 09:10:17|   5.4|  0.0|INFORM|Creating reader for format: Tabular Data
2017-01-22 09:10:17|   5.4|  0.0|INFORM|Using Tabular Reader $Revision$ ( $Date$ ) to read files from folder `C:\Users\knjetl\AppData\Local\Temp\__swizzled_url_148507261739_12760'
2017-01-22 09:10:17|   5.4|  0.0|INFORM|Stripping quotes around fields in CSV File `C:\Users\knjetl\AppData\Local\Temp\__swizzled_url_148507261739_12760\NVDB_ftMapping.csv'
2017-01-22 09:10:17|   5.4|  0.0|INFORM|Opened Separated Value File C:\Users\knjetl\AppData\Local\Temp\__swizzled_url_148507261739_12760\NVDB_ftMapping.csv for input with delimiter `;'
2017-01-22 09:10:17|   5.4|  0.0|INFORM|Skipped line `ftid;name' in CSV File `C:\Users\knjetl\AppData\Local\Temp\__swizzled_url_148507261739_12760\NVDB_ftMapping.csv'
2017-01-22 09:10:17|   5.4|  0.0|INFORM|CSV Reader: Closing dataset 'C:\Users\knjetl\AppData\Local\Temp\__swizzled_url_148507261739_12760\NVDB_ftMapping.csv'
2017-01-22 09:10:17|   5.4|  0.0|INFORM|CSV Reader: Done reading CSV files in folder `C:\Users\knjetl\AppData\Local\Temp\__swizzled_url_148507261739_12760\'
2017-01-22 09:10:30|  16.5| 11.0|INFORM|NVDB_Leser_HTTPCaller_2(HTTPFactory): HTTP/FTP Transfer: Downloading resource 'https://www.vegvesen.no/nvdb/api/v2/vegobjekter/532?fylke=2&vegreferanse=F&antall=5000&inkluder=metadata,egenskaper,lokasjon,geometri' to internal memory buffer
2017-01-22 09:11:18|  18.5|  2.0|INFORM|NVDB_Leser_HTTPCaller_2(HTTPFactory): HTTP transfer summary - status code: 200, download size: '23145452 bytes', DNS lookup time: '0 seconds', total transfer time: '49.858 seconds', url: 'https://www.vegvesen.no/nvdb/api/v2/vegobjekter/532?fylke=2&vegreferanse=F&antall=5000&inkluder=metadata,egenskaper,lokasjon,geometri'
2017-01-22 09:11:24|  20.4|  1.9|INFORM|NVDB_Leser_HTTPCaller_2(HTTPFactory): HTTP/FTP Transfer: Downloading resource 'https://www.vegvesen.no/nvdb/api/v2/vegobjekter/532?antall=5000&fylke=2&vegreferanse=F&start=dLDD1QAmh14c&inkluder=metadata%2Cegenskaper%2Clokasjon%2Cgeometri' to internal memory buffer
2017-01-22 09:11:49|  22.8|  2.4|INFORM|NVDB_Leser_HTTPCaller_2(HTTPFactory): HTTP transfer summary - status code: 200, download size: '28339839 bytes', DNS lookup time: '0 seconds', total transfer time: '28.938 seconds', url: 'https://www.vegvesen.no/nvdb/api/v2/vegobjekter/532?antall=5000&fylke=2&vegreferanse=F&start=dLDD1QAmh14c&inkluder=metadata%2Cegenskaper%2Clokasjon%2Cgeometri'
2017-01-22 09:12:03|  37.2| 14.4|INFORM|NVDB_Leser_HTTPCaller_2(HTTPFactory): HTTP/FTP Transfer: Downloading resource 'https://www.vegvesen.no/nvdb/api/v2/vegobjekter/532?antall=5000&fylke=2&vegreferanse=F&start=hm8NQGVbQTK2&inkluder=metadata%2Cegenskaper%2Clokasjon%2Cgeometri' to internal memory buffer
2017-01-22 09:12:03|  37.2|  0.0|INFORM|NVDB_Leser_HTTPCaller_2(HTTPFactory): HTTP transfer summary - status code: 200, download size: '357 bytes', DNS lookup time: '0 seconds', total transfer time: '0.078 seconds', url: 'https://www.vegvesen.no/nvdb/api/v2/vegobjekter/532?antall=5000&fylke=2&vegreferanse=F&start=hm8NQGVbQTK2&inkluder=metadata%2Cegenskaper%2Clokasjon%2Cgeometri'
2017-01-22 09:12:16|  49.5| 12.4|INFORM|XML Reader mapped feature # 5000
2017-01-22 09:12:16|  49.5|  0.0|INFORM|NVDB_Leser_HTTPCaller_2(HTTPFactory): HTTP/FTP Transfer: Downloading resource 'https://www.vegvesen.no/nvdb/api/v2/vegobjekter/532?fylke=3&vegreferanse=F&antall=5000&inkluder=metadata,egenskaper,lokasjon,geometri' to internal memory buffer
2017-01-22 09:12:16|  49.5|  0.0|INFORM|NVDB_Leser_HTTPCaller_2(HTTPFactory): HTTP transfer summary - status code: 200, download size: '4319 bytes', DNS lookup time: '0 seconds', total transfer time: '0.764 seconds', url: 'https://www.vegvesen.no/nvdb/api/v2/vegobjekter/532?fylke=3&vegreferanse=F&antall=5000&inkluder=metadata,egenskaper,lokasjon,geometri'
2017-01-22 09:12:20|  49.5|  0.0|INFORM|NVDB_Leser_HTTPCaller_2(HTTPFactory): HTTP/FTP Transfer: Downloading resource 'https://www.vegvesen.no/nvdb/api/v2/vegobjekter/532?antall=5000&fylke=3&vegreferanse=F&start=2s93mBxebR&inkluder=metadata%2Cegenskaper%2Clokasjon%2Cgeometri' to internal memory buffer
2017-01-22 09:12:20|  49.5|  0.0|INFORM|NVDB_Leser_HTTPCaller_2(HTTPFactory): HTTP transfer summary - status code: 200, download size: '353 bytes', DNS lookup time: '0 seconds', total transfer time: '3.775 seconds', url: 'https://www.vegvesen.no/nvdb/api/v2/vegobjekter/532?antall=5000&fylke=3&vegreferanse=F&start=2s93mBxebR&inkluder=metadata%2Cegenskaper%2Clokasjon%2Cgeometri'
2017-01-22 09:12:22|  49.6|  0.1|INFORM|NVDB_Leser_HTTPCaller_2(HTTPFactory): HTTP/FTP Transfer: Downloading resource 'https://www.vegvesen.no/nvdb/api/v2/vegobjekter/532?fylke=4&vegreferanse=F&antall=5000&inkluder=metadata,egenskaper,lokasjon,geometri' to internal memory buffer
2017-01-22 09:13:07|  51.7|  2.1|INFORM|NVDB_Leser_HTTPCaller_2(HTTPFactory): HTTP transfer summary - status code: 200, download size: '24440458 bytes', DNS lookup time: '0 seconds', total transfer time: '46.8 seconds', url: 'https://www.vegvesen.no/nvdb/api/v2/vegobjekter/532?fylke=4&vegreferanse=F&antall=5000&inkluder=metadata,egenskaper,lokasjon,geometri'
2017-01-22 09:13:14|  53.6|  1.9|INFORM|NVDB_Leser_HTTPCaller_2(HTTPFactory): HTTP/FTP Transfer: Downloading resource 'https://www.vegvesen.no/nvdb/api/v2/vegobjekter/532?antall=5000&fylke=4&vegreferanse=F&start=2sA3XSALkJ&inkluder=metadata%2Cegenskaper%2Clokasjon%2Cgeometri' to internal memory buffer
2017-01-22 09:14:00|  55.6|  1.9|INFORM|NVDB_Leser_HTTPCaller_2(HTTPFactory): HTTP transfer summary - status code: 200, download size: '25066241 bytes', DNS lookup time: '0 seconds', total transfer time: '50.887 seconds', url: 'https://www.vegvesen.no/nvdb/api/v2/vegobjekter/532?antall=5000&fylke=4&vegreferanse=F&start=2sA3XSALkJ&inkluder=metadata%2Cegenskaper%2Clokasjon%2Cgeometri'
2017-01-22 09:14:14|  70.0| 14.5|INFORM|XML Reader mapped feature # 5000
2017-01-22 09:14:19|  70.0|  0.0|INFORM|NVDB_Leser_HTTPCaller_2(HTTPFactory): HTTP/FTP Transfer: Downloading resource 'https://www.vegvesen.no/nvdb/api/v2/vegobjekter/532?antall=5000&fylke=4&vegreferanse=F&start=2sA3dsmZAm&inkluder=metadata%2Cegenskaper%2Clokasjon%2Cgeometri' to internal memory buffer
2017-01-22 09:15:05|  72.8|  2.7|INFORM|NVDB_Leser_HTTPCaller_2(HTTPFactory): HTTP transfer summary - status code: 200, download size: '27909237 bytes', DNS lookup time: '0 seconds', total transfer time: '50.996 seconds', url: 'https://www.vegvesen.no/nvdb/api/v2/vegobjekter/532?antall=5000&fylke=4&vegreferanse=F&start=2sA3dsmZAm&inkluder=metadata%2Cegenskaper%2Clokasjon%2Cgeometri'
2017-01-22 09:15:18|  85.5| 12.7|INFORM|NVDB_Leser_HTTPCaller_2(HTTPFactory): HTTP/FTP Transfer: Downloading resource 'https://www.vegvesen.no/nvdb/api/v2/vegobjekter/532?antall=5000&fylke=4&vegreferanse=F&start=hm8LHG14YRPL&inkluder=metadata%2Cegenskaper%2Clokasjon%2Cgeometri' to internal memory buffer
2017-01-22 09:15:18|  85.5|  0.0|INFORM|NVDB_Leser_HTTPCaller_2(HTTPFactory): HTTP transfer summary - status code: 200, download size: '357 bytes', DNS lookup time: '0 seconds', total transfer time: '0.141 seconds', url: 'https://www.vegvesen.no/nvdb/api/v2/vegobjekter/532?antall=5000&fylke=4&vegreferanse=F&start=hm8LHG14YRPL&inkluder=metadata%2Cegenskaper%2Clokasjon%2Cgeometri'
2017-01-22 09:15:31|  98.1| 12.6|INFORM|XML Reader mapped feature # 5000
2017-01-22 09:15:33|  98.1|  0.0|INFORM|NVDB_Leser_HTTPCaller_2(HTTPFactory): HTTP/FTP Transfer: Downloading resource 'https://www.vegvesen.no/nvdb/api/v2/vegobjekter/532?fylke=5&vegreferanse=F&antall=5000&inkluder=metadata,egenskaper,lokasjon,geometri' to internal memory buffer
2017-01-22 09:16:06| 100.8|  2.7|INFORM|NVDB_Leser_HTTPCaller_2(HTTPFactory): HTTP transfer summary - status code: 200, download size: '27218277 bytes', DNS lookup time: '0 seconds', total transfer time: '35.365 seconds', url: 'https://www.vegvesen.no/nvdb/api/v2/vegobjekter/532?fylke=5&vegreferanse=F&antall=5000&inkluder=metadata,egenskaper,lokasjon,geometri'
2017-01-22 09:16:13| 102.7|  1.9|INFORM|NVDB_Leser_HTTPCaller_2(HTTPFactory): HTTP/FTP Transfer: Downloading resource 'https://www.vegvesen.no/nvdb/api/v2/vegobjekter/532?antall=5000&fylke=5&vegreferanse=F&start=2uL35tvLCQ&inkluder=metadata%2Cegenskaper%2Clokasjon%2Cgeometri' to internal memory buffer
2017-01-22 09:16:58| 105.3|  2.6|INFORM|NVDB_Leser_HTTPCaller_2(HTTPFactory): HTTP/FTP Request - Sent so far: 29.20 MB 
2017-01-22 09:17:00| 105.4|  0.1|INFORM|NVDB_Leser_HTTPCaller_2(HTTPFactory): HTTP/FTP Request - Sent so far: 30.20 MB 
2017-01-22 09:17:02| 105.5|  0.1|INFORM|NVDB_Leser_HTTPCaller_2(HTTPFactory): HTTP/FTP Request - Sent so far: 31.20 MB 
2017-01-22 09:17:04| 105.5|  0.0|INFORM|NVDB_Leser_HTTPCaller_2(HTTPFactory): HTTP/FTP Request - Sent so far: 32.20 MB 
2017-01-22 09:17:06| 105.6|  0.1|INFORM|NVDB_Leser_HTTPCaller_2(HTTPFactory): HTTP/FTP Request - Sent so far: 33.21 MB 
2017-01-22 09:17:10| 105.7|  0.1|INFORM|NVDB_Leser_HTTPCaller_2(HTTPFactory): HTTP transfer summary - status code: 200, download size: '33654782 bytes', DNS lookup time: '0 seconds', total transfer time: '61.714 seconds', url: 'https://www.vegvesen.no/nvdb/api/v2/vegobjekter/532?antall=5000&fylke=5&vegreferanse=F&start=2uL35tvLCQ&inkluder=metadata%2Cegenskaper%2Clokasjon%2Cgeometri'
2017-01-22 09:17:25| 121.2| 15.4|INFORM|XML Reader mapped feature # 5000
2017-01-22 09:17:27| 121.2|  0.0|INFORM|NVDB_Leser_HTTPCaller_2(HTTPFactory): HTTP/FTP Transfer: Downloading resource 'https://www.vegvesen.no/nvdb/api/v2/vegobjekter/532?antall=5000&fylke=5&vegreferanse=F&start=h1UeUyB9HnKA&inkluder=metadata%2Cegenskaper%2Clokasjon%2Cgeometri' to internal memory buffer
2017-01-22 09:17:44| 122.1|  0.9|INFORM|NVDB_Leser_HTTPCaller_2(HTTPFactory): HTTP transfer summary - status code: 200, download size: '10935640 bytes', DNS lookup time: '0 seconds', total transfer time: '18.502 seconds', url: 'https://www.vegvesen.no/nvdb/api/v2/vegobjekter/532?antall=5000&fylke=5&vegreferanse=F&start=h1UeUyB9HnKA&inkluder=metadata%2Cegenskaper%2Clokasjon%2Cgeometri'
2017-01-22 09:17:49| 127.1|  5.0|INFORM|NVDB_Leser_HTTPCaller_2(HTTPFactory): HTTP/FTP Transfer: Downloading resource 'https://www.vegvesen.no/nvdb/api/v2/vegobjekter/532?antall=5000&fylke=5&vegreferanse=F&start=hm8LFm8UkHAX&inkluder=metadata%2Cegenskaper%2Clokasjon%2Cgeometri' to internal memory buffer
2017-01-22 09:17:49| 127.1|  0.0|INFORM|NVDB_Leser_HTTPCaller_2(HTTPFactory): HTTP transfer summary - status code: 200, download size: '357 bytes', DNS lookup time: '0 seconds', total transfer time: '0.094 seconds', url: 'https://www.vegvesen.no/nvdb/api/v2/vegobjekter/532?antall=5000&fylke=5&vegreferanse=F&start=hm8LFm8UkHAX&inkluder=metadata%2Cegenskaper%2Clokasjon%2Cgeometri'
2017-01-22 09:18:02| 140.2| 13.1|INFORM|XML Reader mapped feature # 5000
2017-01-22 09:18:04| 140.2|  0.0|INFORM|NVDB_Leser_HTTPCaller_2(HTTPFactory): HTTP/FTP Transfer: Downloading resource 'https://www.vegvesen.no/nvdb/api/v2/vegobjekter/532?fylke=6&vegreferanse=F&antall=5000&inkluder=metadata,egenskaper,lokasjon,geometri' to internal memory buffer
2017-01-22 09:18:38| 141.1|  0.8|INFORM|NVDB_Leser_HTTPCaller_2(HTTPFactory): HTTP transfer summary - status code: 200, download size: '27233383 bytes', DNS lookup time: '0 seconds', total transfer time: '36.005 seconds', url: 'https://www.vegvesen.no/nvdb/api/v2/vegobjekter/532?fylke=6&vegreferanse=F&antall=5000&inkluder=metadata,egenskaper,lokasjon,geometri'
2017-01-22 09:18:43| 143.1|  2.1|INFORM|NVDB_Leser_HTTPCaller_2(HTTPFactory): HTTP/FTP Transfer: Downloading resource 'https://www.vegvesen.no/nvdb/api/v2/vegobjekter/532?antall=5000&fylke=6&vegreferanse=F&start=e4hWvKW2fnN4&inkluder=metadata%2Cegenskaper%2Clokasjon%2Cgeometri' to internal memory buffer
2017-01-22 09:19:12| 145.4|  2.2|INFORM|NVDB_Leser_HTTPCaller_2(HTTPFactory): HTTP transfer summary - status code: 200, download size: '26723102 bytes', DNS lookup time: '0 seconds', total transfer time: '31.824 seconds', url: 'https://www.vegvesen.no/nvdb/api/v2/vegobjekter/532?antall=5000&fylke=6&vegreferanse=F&start=e4hWvKW2fnN4&inkluder=metadata%2Cegenskaper%2Clokasjon%2Cgeometri'
2017-01-22 09:19:24| 157.2| 11.9|INFORM|NVDB_Leser_HTTPCaller_2(HTTPFactory): HTTP/FTP Transfer: Downloading resource 'https://www.vegvesen.no/nvdb/api/v2/vegobjekter/532?antall=5000&fylke=6&vegreferanse=F&start=hm8LFmvPPiVm&inkluder=metadata%2Cegenskaper%2Clokasjon%2Cgeometri' to internal memory buffer
2017-01-22 09:19:24| 157.2|  0.0|INFORM|NVDB_Leser_HTTPCaller_2(HTTPFactory): HTTP transfer summary - status code: 200, download size: '357 bytes', DNS lookup time: '0 seconds', total transfer time: '0.094 seconds', url: 'https://www.vegvesen.no/nvdb/api/v2/vegobjekter/532?antall=5000&fylke=6&vegreferanse=F&start=hm8LFmvPPiVm&inkluder=metadata%2Cegenskaper%2Clokasjon%2Cgeometri'
2017-01-22 09:19:38| 171.0| 13.7|INFORM|XML Reader mapped feature # 5000
2017-01-22 09:19:40| 171.0|  0.0|INFORM|NVDB_Leser_HTTPCaller_2(HTTPFactory): HTTP/FTP Transfer: Downloading resource 'https://www.vegvesen.no/nvdb/api/v2/vegobjekter/532?fylke=7&vegreferanse=F&antall=5000&inkluder=metadata,egenskaper,lokasjon,geometri' to internal memory buffer
2017-01-22 09:20:11| 173.0|  2.0|INFORM|NVDB_Leser_HTTPCaller_2(HTTPFactory): HTTP transfer summary - status code: 200, download size: '24495373 bytes', DNS lookup time: '0 seconds', total transfer time: '32.573 seconds', url: 'https://www.vegvesen.no/nvdb/api/v2/vegobjekter/532?fylke=7&vegreferanse=F&antall=5000&inkluder=metadata,egenskaper,lokasjon,geometri'
2017-01-22 09:20:17| 175.0|  2.0|INFORM|NVDB_Leser_HTTPCaller_2(HTTPFactory): HTTP/FTP Transfer: Downloading resource 'https://www.vegvesen.no/nvdb/api/v2/vegobjekter/532?antall=5000&fylke=7&vegreferanse=F&start=9jbUeJ8Ciki&inkluder=metadata%2Cegenskaper%2Clokasjon%2Cgeometri' to internal memory buffer
2017-01-22 09:20:43| 177.1|  2.1|INFORM|NVDB_Leser_HTTPCaller_2(HTTPFactory): HTTP transfer summary - status code: 200, download size: '26376904 bytes', DNS lookup time: '0 seconds', total transfer time: '30.108 seconds', url: 'https://www.vegvesen.no/nvdb/api/v2/vegobjekter/532?antall=5000&fylke=7&vegreferanse=F&start=9jbUeJ8Ciki&inkluder=metadata%2Cegenskaper%2Clokasjon%2Cgeometri'
2017-01-22 09:20:58| 192.1| 14.9|INFORM|XML Reader mapped feature # 5000
2017-01-22 09:20:59| 192.1|  0.0|INFORM|NVDB_Leser_HTTPCaller_2(HTTPFactory): HTTP/FTP Transfer: Downloading resource 'https://www.vegvesen.no/nvdb/api/v2/vegobjekter/532?antall=5000&fylke=7&vegreferanse=F&start=h1owD4XsXQxr&inkluder=metadata%2Cegenskaper%2Clokasjon%2Cgeometri' to internal memory buffer
2017-01-22 09:21:04| 192.6|  0.6|INFORM|NVDB_Leser_HTTPCaller_2(HTTPFactory): HTTP transfer summary - status code: 200, download size: '4882450 bytes', DNS lookup time: '0 seconds', total transfer time: '5.772 seconds', url: 'https://www.vegvesen.no/nvdb/api/v2/vegobjekter/532?antall=5000&fylke=7&vegreferanse=F&start=h1owD4XsXQxr&inkluder=metadata%2Cegenskaper%2Clokasjon%2Cgeometri'
2017-01-22 09:21:06| 195.3|  2.7|INFORM|NVDB_Leser_HTTPCaller_2(HTTPFactory): HTTP/FTP Transfer: Downloading resource 'https://www.vegvesen.no/nvdb/api/v2/vegobjekter/532?antall=5000&fylke=7&vegreferanse=F&start=hm8LDGwfvpo9&inkluder=metadata%2Cegenskaper%2Clokasjon%2Cgeometri' to internal memory buffer
2017-01-22 09:21:06| 195.3|  0.0|INFORM|NVDB_Leser_HTTPCaller_2(HTTPFactory): HTTP transfer summary - status code: 200, download size: '357 bytes', DNS lookup time: '0 seconds', total transfer time: '0.11 seconds', url: 'https://www.vegvesen.no/nvdb/api/v2/vegobjekter/532?antall=5000&fylke=7&vegreferanse=F&start=hm8LDGwfvpo9&inkluder=metadata%2Cegenskaper%2Clokasjon%2Cgeometri'
2017-01-22 09:21:19| 208.4| 13.1|INFORM|XML Reader mapped feature # 5000
2017-01-22 09:21:21| 208.4|  0.0|INFORM|NVDB_Leser_HTTPCaller_2(HTTPFactory): HTTP/FTP Transfer: Downloading resource 'https://www.vegvesen.no/nvdb/api/v2/vegobjekter/532?fylke=8&vegreferanse=F&antall=5000&inkluder=metadata,egenskaper,lokasjon,geometri' to internal memory buffer
2017-01-22 09:21:53| 210.9|  2.5|INFORM|NVDB_Leser_HTTPCaller_2(HTTPFactory): HTTP transfer summary - status code: 200, download size: '27423091 bytes', DNS lookup time: '0 seconds', total transfer time: '33.493 seconds', url: 'https://www.vegvesen.no/nvdb/api/v2/vegobjekter/532?fylke=8&vegreferanse=F&antall=5000&inkluder=metadata,egenskaper,lokasjon,geometri'
2017-01-22 09:21:59| 212.9|  2.0|INFORM|NVDB_Leser_HTTPCaller_2(HTTPFactory): HTTP/FTP Transfer: Downloading resource 'https://www.vegvesen.no/nvdb/api/v2/vegobjekter/532?antall=5000&fylke=8&vegreferanse=F&start=2s847PJUsA&inkluder=metadata%2Cegenskaper%2Clokasjon%2Cgeometri' to internal memory buffer
2017-01-22 09:22:24| 215.1|  2.1|INFORM|NVDB_Leser_HTTPCaller_2(HTTPFactory): HTTP transfer summary - status code: 200, download size: '26777496 bytes', DNS lookup time: '0 seconds', total transfer time: '28.611 seconds', url: 'https://www.vegvesen.no/nvdb/api/v2/vegobjekter/532?antall=5000&fylke=8&vegreferanse=F&start=2s847PJUsA&inkluder=metadata%2Cegenskaper%2Clokasjon%2Cgeometri'
2017-01-22 09:22:36| 227.2| 12.2|INFORM|NVDB_Leser_HTTPCaller_2(HTTPFactory): HTTP/FTP Transfer: Downloading resource 'https://www.vegvesen.no/nvdb/api/v2/vegobjekter/532?antall=5000&fylke=8&vegreferanse=F&start=hm8LDGwfvVPc&inkluder=metadata%2Cegenskaper%2Clokasjon%2Cgeometri' to internal memory buffer
2017-01-22 09:22:36| 227.2|  0.0|INFORM|NVDB_Leser_HTTPCaller_2(HTTPFactory): HTTP transfer summary - status code: 200, download size: '357 bytes', DNS lookup time: '0 seconds', total transfer time: '0.109 seconds', url: 'https://www.vegvesen.no/nvdb/api/v2/vegobjekter/532?antall=5000&fylke=8&vegreferanse=F&start=hm8LDGwfvVPc&inkluder=metadata%2Cegenskaper%2Clokasjon%2Cgeometri'
2017-01-22 09:22:49| 240.6| 13.4|INFORM|XML Reader mapped feature # 5000
2017-01-22 09:22:51| 240.6|  0.0|INFORM|NVDB_Leser_HTTPCaller_2(HTTPFactory): HTTP/FTP Transfer: Downloading resource 'https://www.vegvesen.no/nvdb/api/v2/vegobjekter/532?fylke=9&vegreferanse=F&antall=5000&inkluder=metadata,egenskaper,lokasjon,geometri' to internal memory buffer
2017-01-22 09:23:22| 242.8|  2.2|INFORM|NVDB_Leser_HTTPCaller_2(HTTPFactory): HTTP transfer summary - status code: 200, download size: '26211510 bytes', DNS lookup time: '0 seconds', total transfer time: '32.651 seconds', url: 'https://www.vegvesen.no/nvdb/api/v2/vegobjekter/532?fylke=9&vegreferanse=F&antall=5000&inkluder=metadata,egenskaper,lokasjon,geometri'
2017-01-22 09:23:29| 244.8|  2.0|INFORM|NVDB_Leser_HTTPCaller_2(HTTPFactory): HTTP/FTP Transfer: Downloading resource 'https://www.vegvesen.no/nvdb/api/v2/vegobjekter/532?antall=5000&fylke=9&vegreferanse=F&start=7LjC4cg&inkluder=metadata%2Cegenskaper%2Clokasjon%2Cgeometri' to internal memory buffer
2017-01-22 09:24:02| 246.4|  1.7|INFORM|NVDB_Leser_HTTPCaller_2(HTTPFactory): HTTP transfer summary - status code: 200, download size: '22825570 bytes', DNS lookup time: '0 seconds', total transfer time: '38.22 seconds', url: 'https://www.vegvesen.no/nvdb/api/v2/vegobjekter/532?antall=5000&fylke=9&vegreferanse=F&start=7LjC4cg&inkluder=metadata%2Cegenskaper%2Clokasjon%2Cgeometri'
2017-01-22 09:24:14| 258.3| 11.9|INFORM|NVDB_Leser_HTTPCaller_2(HTTPFactory): HTTP/FTP Transfer: Downloading resource 'https://www.vegvesen.no/nvdb/api/v2/vegobjekter/532?antall=5000&fylke=9&vegreferanse=F&start=hm8LHGnqmaDS&inkluder=metadata%2Cegenskaper%2Clokasjon%2Cgeometri' to internal memory buffer
2017-01-22 09:24:14| 258.3|  0.0|INFORM|NVDB_Leser_HTTPCaller_2(HTTPFactory): HTTP transfer summary - status code: 200, download size: '357 bytes', DNS lookup time: '0 seconds', total transfer time: '0.078 seconds', url: 'https://www.vegvesen.no/nvdb/api/v2/vegobjekter/532?antall=5000&fylke=9&vegreferanse=F&start=hm8LHGnqmaDS&inkluder=metadata%2Cegenskaper%2Clokasjon%2Cgeometri'
2017-01-22 09:24:28| 271.9| 13.6|INFORM|XML Reader mapped feature # 5000
2017-01-22 09:24:30| 271.9|  0.0|INFORM|NVDB_Leser_HTTPCaller_2(HTTPFactory): HTTP/FTP Transfer: Downloading resource 'https://www.vegvesen.no/nvdb/api/v2/vegobjekter/532?fylke=10&vegreferanse=F&antall=5000&inkluder=metadata,egenskaper,lokasjon,geometri' to internal memory buffer
2017-01-22 09:25:03| 274.9|  2.9|INFORM|NVDB_Leser_HTTPCaller_2(HTTPFactory): HTTP transfer summary - status code: 200, download size: '34000144 bytes', DNS lookup time: '0 seconds', total transfer time: '35.241 seconds', url: 'https://www.vegvesen.no/nvdb/api/v2/vegobjekter/532?fylke=10&vegreferanse=F&antall=5000&inkluder=metadata,egenskaper,lokasjon,geometri'
2017-01-22 09:25:06| 276.9|  2.0|INFORM|NVDB_Leser_HTTPCaller_2(HTTPFactory): HTTP/FTP Transfer: Downloading resource 'https://www.vegvesen.no/nvdb/api/v2/vegobjekter/532?antall=5000&fylke=10&vegreferanse=F&start=h1ybf62wDUB7&inkluder=metadata%2Cegenskaper%2Clokasjon%2Cgeometri' to internal memory buffer
2017-01-22 09:25:42| 279.4|  2.5|INFORM|NVDB_Leser_HTTPCaller_2(HTTPFactory): HTTP transfer summary - status code: 200, download size: '25492196 bytes', DNS lookup time: '0 seconds', total transfer time: '36.473 seconds', url: 'https://www.vegvesen.no/nvdb/api/v2/vegobjekter/532?antall=5000&fylke=10&vegreferanse=F&start=h1ybf62wDUB7&inkluder=metadata%2Cegenskaper%2Clokasjon%2Cgeometri'
2017-01-22 09:25:52| 289.7| 10.3|INFORM|NVDB_Leser_HTTPCaller_2(HTTPFactory): HTTP/FTP Transfer: Downloading resource 'https://www.vegvesen.no/nvdb/api/v2/vegobjekter/532?antall=5000&fylke=10&vegreferanse=F&start=hm8NQmGFRmRS&inkluder=metadata%2Cegenskaper%2Clokasjon%2Cgeometri' to internal memory buffer
2017-01-22 09:25:52| 289.7|  0.0|INFORM|NVDB_Leser_HTTPCaller_2(HTTPFactory): HTTP transfer summary - status code: 200, download size: '358 bytes', DNS lookup time: '0 seconds', total transfer time: '0.047 seconds', url: 'https://www.vegvesen.no/nvdb/api/v2/vegobjekter/532?antall=5000&fylke=10&vegreferanse=F&start=hm8NQmGFRmRS&inkluder=metadata%2Cegenskaper%2Clokasjon%2Cgeometri'
2017-01-22 09:26:06| 303.6| 13.9|INFORM|XML Reader mapped feature # 5000
2017-01-22 09:26:08| 303.7|  0.0|INFORM|NVDB_Leser_HTTPCaller_2(HTTPFactory): HTTP/FTP Transfer: Downloading resource 'https://www.vegvesen.no/nvdb/api/v2/vegobjekter/532?fylke=11&vegreferanse=F&antall=5000&inkluder=metadata,egenskaper,lokasjon,geometri' to internal memory buffer
2017-01-22 09:26:39| 305.9|  2.3|INFORM|NVDB_Leser_HTTPCaller_2(HTTPFactory): HTTP transfer summary - status code: 200, download size: '24874080 bytes', DNS lookup time: '0 seconds', total transfer time: '32.651 seconds', url: 'https://www.vegvesen.no/nvdb/api/v2/vegobjekter/532?fylke=11&vegreferanse=F&antall=5000&inkluder=metadata,egenskaper,lokasjon,geometri'
2017-01-22 09:26:44| 307.9|  2.0|INFORM|NVDB_Leser_HTTPCaller_2(HTTPFactory): HTTP/FTP Transfer: Downloading resource 'https://www.vegvesen.no/nvdb/api/v2/vegobjekter/532?antall=5000&fylke=11&vegreferanse=F&start=e4s99PAJWSus&inkluder=metadata%2Cegenskaper%2Clokasjon%2Cgeometri' to internal memory buffer
2017-01-22 09:27:33| 311.0|  3.1|INFORM|NVDB_Leser_HTTPCaller_2(HTTPFactory): HTTP/FTP Request - Sent so far: 34.21 MB 
2017-01-22 09:27:35| 311.1|  0.0|INFORM|NVDB_Leser_HTTPCaller_2(HTTPFactory): HTTP/FTP Request - Sent so far: 35.21 MB 
2017-01-22 09:27:37| 311.1|  0.1|INFORM|NVDB_Leser_HTTPCaller_2(HTTPFactory): HTTP transfer summary - status code: 200, download size: '35372623 bytes', DNS lookup time: '0 seconds', total transfer time: '56.332 seconds', url: 'https://www.vegvesen.no/nvdb/api/v2/vegobjekter/532?antall=5000&fylke=11&vegreferanse=F&start=e4s99PAJWSus&inkluder=metadata%2Cegenskaper%2Clokasjon%2Cgeometri'
2017-01-22 09:27:53| 326.9| 15.7|INFORM|XML Reader mapped feature # 5000
2017-01-22 09:27:54| 326.9|  0.0|INFORM|NVDB_Leser_HTTPCaller_2(HTTPFactory): HTTP/FTP Transfer: Downloading resource 'https://www.vegvesen.no/nvdb/api/v2/vegobjekter/532?antall=5000&fylke=11&vegreferanse=F&start=hkoEVavj46vA&inkluder=metadata%2Cegenskaper%2Clokasjon%2Cgeometri' to internal memory buffer
2017-01-22 09:28:09| 327.9|  1.1|INFORM|NVDB_Leser_HTTPCaller_2(HTTPFactory): HTTP transfer summary - status code: 200, download size: '9483660 bytes', DNS lookup time: '0 seconds', total transfer time: '16.022 seconds', url: 'https://www.vegvesen.no/nvdb/api/v2/vegobjekter/532?antall=5000&fylke=11&vegreferanse=F&start=hkoEVavj46vA&inkluder=metadata%2Cegenskaper%2Clokasjon%2Cgeometri'
2017-01-22 09:28:14| 332.9|  5.0|INFORM|NVDB_Leser_HTTPCaller_2(HTTPFactory): HTTP/FTP Transfer: Downloading resource 'https://www.vegvesen.no/nvdb/api/v2/vegobjekter/532?antall=5000&fylke=11&vegreferanse=F&start=hm8NQmNwqWtN&inkluder=metadata%2Cegenskaper%2Clokasjon%2Cgeometri' to internal memory buffer
2017-01-22 09:28:14| 332.9|  0.0|INFORM|NVDB_Leser_HTTPCaller_2(HTTPFactory): HTTP transfer summary - status code: 200, download size: '358 bytes', DNS lookup time: '0 seconds', total transfer time: '0.062 seconds', url: 'https://www.vegvesen.no/nvdb/api/v2/vegobjekter/532?antall=5000&fylke=11&vegreferanse=F&start=hm8NQmNwqWtN&inkluder=metadata%2Cegenskaper%2Clokasjon%2Cgeometri'
2017-01-22 09:28:27| 346.2| 13.3|INFORM|XML Reader mapped feature # 5000
2017-01-22 09:28:28| 346.2|  0.0|INFORM|NVDB_Leser_HTTPCaller_2(HTTPFactory): HTTP/FTP Transfer: Downloading resource 'https://www.vegvesen.no/nvdb/api/v2/vegobjekter/532?fylke=12&vegreferanse=F&antall=5000&inkluder=metadata,egenskaper,lokasjon,geometri' to internal memory buffer
2017-01-22 09:29:01| 348.9|  2.7|INFORM|NVDB_Leser_HTTPCaller_2(HTTPFactory): HTTP transfer summary - status code: 200, download size: '25762652 bytes', DNS lookup time: '0 seconds', total transfer time: '34.024 seconds', url: 'https://www.vegvesen.no/nvdb/api/v2/vegobjekter/532?fylke=12&vegreferanse=F&antall=5000&inkluder=metadata,egenskaper,lokasjon,geometri'
2017-01-22 09:29:05| 350.9|  2.0|INFORM|NVDB_Leser_HTTPCaller_2(HTTPFactory): HTTP/FTP Transfer: Downloading resource 'https://www.vegvesen.no/nvdb/api/v2/vegobjekter/532?antall=5000&fylke=12&vegreferanse=F&start=fZAsddsQEfEu&inkluder=metadata%2Cegenskaper%2Clokasjon%2Cgeometri' to internal memory buffer
2017-01-22 09:29:40| 354.0|  3.1|INFORM|NVDB_Leser_HTTPCaller_2(HTTPFactory): HTTP transfer summary - status code: 200, download size: '33804740 bytes', DNS lookup time: '0 seconds', total transfer time: '36.598 seconds', url: 'https://www.vegvesen.no/nvdb/api/v2/vegobjekter/532?antall=5000&fylke=12&vegreferanse=F&start=fZAsddsQEfEu&inkluder=metadata%2Cegenskaper%2Clokasjon%2Cgeometri'
2017-01-22 09:29:55| 368.9| 14.8|INFORM|NVDB_Leser_HTTPCaller_2(HTTPFactory): HTTP/FTP Transfer: Downloading resource 'https://www.vegvesen.no/nvdb/api/v2/vegobjekter/532?antall=5000&fylke=12&vegreferanse=F&start=hm8NQmNznpLJ&inkluder=metadata%2Cegenskaper%2Clokasjon%2Cgeometri' to internal memory buffer
2017-01-22 09:29:55| 368.9|  0.0|INFORM|NVDB_Leser_HTTPCaller_2(HTTPFactory): HTTP transfer summary - status code: 200, download size: '358 bytes', DNS lookup time: '0 seconds', total transfer time: '0.062 seconds', url: 'https://www.vegvesen.no/nvdb/api/v2/vegobjekter/532?antall=5000&fylke=12&vegreferanse=F&start=hm8NQmNznpLJ&inkluder=metadata%2Cegenskaper%2Clokasjon%2Cgeometri'
2017-01-22 09:30:08| 382.3| 13.4|INFORM|XML Reader mapped feature # 5000
2017-01-22 09:30:08| 382.3|  0.0|INFORM|NVDB_Leser_HTTPCaller_2(HTTPFactory): HTTP/FTP Transfer: Downloading resource 'https://www.vegvesen.no/nvdb/api/v2/vegobjekter/532?fylke=13&vegreferanse=F&antall=5000&inkluder=metadata,egenskaper,lokasjon,geometri' to internal memory buffer
2017-01-22 09:30:08| 382.3|  0.0|INFORM|NVDB_Leser_HTTPCaller_2(HTTPFactory): HTTP transfer summary - status code: 422, download size: '126 bytes', DNS lookup time: '0 seconds', total transfer time: '0.047 seconds', url: 'https://www.vegvesen.no/nvdb/api/v2/vegobjekter/532?fylke=13&vegreferanse=F&antall=5000&inkluder=metadata,egenskaper,lokasjon,geometri'
2017-01-22 09:30:08| 382.3|  0.0|ERROR |NVDB_Leser_HTTPCaller_2(HTTPFactory): Received HTTP response header: 'HTTP/1.1 422 Unprocessable Entity' from 'https://www.vegvesen.no/nvdb/api/v2/vegobjekter/532?fylke=13&vegreferanse=F&antall=5000&inkluder=metadata,egenskaper,lokasjon,geometri'
2017-01-22 09:30:10| 382.3|  0.0|INFORM|NVDB_Leser_HTTPCaller_2(HTTPFactory): HTTP/FTP Transfer: Downloading resource 'https://www.vegvesen.no/nvdb/api/v2/vegobjekter/532?fylke=14&vegreferanse=F&antall=5000&inkluder=metadata,egenskaper,lokasjon,geometri' to internal memory buffer
2017-01-22 09:30:42| 384.8|  2.5|INFORM|NVDB_Leser_HTTPCaller_2(HTTPFactory): HTTP transfer summary - status code: 200, download size: '29273481 bytes', DNS lookup time: '0 seconds', total transfer time: '33.431 seconds', url: 'https://www.vegvesen.no/nvdb/api/v2/vegobjekter/532?fylke=14&vegreferanse=F&antall=5000&inkluder=metadata,egenskaper,lokasjon,geometri'
2017-01-22 09:30:48| 386.8|  2.0|INFORM|NVDB_Leser_HTTPCaller_2(HTTPFactory): HTTP/FTP Transfer: Downloading resource 'https://www.vegvesen.no/nvdb/api/v2/vegobjekter/532?antall=5000&fylke=14&vegreferanse=F&start=UzQoTU6u&inkluder=metadata%2Cegenskaper%2Clokasjon%2Cgeometri' to internal memory buffer
2017-01-22 09:31:19| 388.2|  1.4|INFORM|NVDB_Leser_HTTPCaller_2(HTTPFactory): HTTP transfer summary - status code: 200, download size: '18428942 bytes', DNS lookup time: '0 seconds', total transfer time: '34.866 seconds', url: 'https://www.vegvesen.no/nvdb/api/v2/vegobjekter/532?antall=5000&fylke=14&vegreferanse=F&start=UzQoTU6u&inkluder=metadata%2Cegenskaper%2Clokasjon%2Cgeometri'
2017-01-22 09:31:28| 397.7|  9.5|INFORM|NVDB_Leser_HTTPCaller_2(HTTPFactory): HTTP/FTP Transfer: Downloading resource 'https://www.vegvesen.no/nvdb/api/v2/vegobjekter/532?antall=5000&fylke=14&vegreferanse=F&start=hm8LDnPb9noN&inkluder=metadata%2Cegenskaper%2Clokasjon%2Cgeometri' to internal memory buffer
2017-01-22 09:31:28| 397.7|  0.0|INFORM|NVDB_Leser_HTTPCaller_2(HTTPFactory): HTTP transfer summary - status code: 200, download size: '358 bytes', DNS lookup time: '0 seconds', total transfer time: '0.156 seconds', url: 'https://www.vegvesen.no/nvdb/api/v2/vegobjekter/532?antall=5000&fylke=14&vegreferanse=F&start=hm8LDnPb9noN&inkluder=metadata%2Cegenskaper%2Clokasjon%2Cgeometri'
2017-01-22 09:31:42| 411.4| 13.7|INFORM|XML Reader mapped feature # 5000
2017-01-22 09:31:44| 411.4|  0.0|INFORM|NVDB_Leser_HTTPCaller_2(HTTPFactory): HTTP/FTP Transfer: Downloading resource 'https://www.vegvesen.no/nvdb/api/v2/vegobjekter/532?fylke=15&vegreferanse=F&antall=5000&inkluder=metadata,egenskaper,lokasjon,geometri' to internal memory buffer
2017-01-22 09:32:14| 413.6|  2.2|INFORM|NVDB_Leser_HTTPCaller_2(HTTPFactory): HTTP transfer summary - status code: 200, download size: '25591048 bytes', DNS lookup time: '0 seconds', total transfer time: '31.621 seconds', url: 'https://www.vegvesen.no/nvdb/api/v2/vegobjekter/532?fylke=15&vegreferanse=F&antall=5000&inkluder=metadata,egenskaper,lokasjon,geometri'
2017-01-22 09:32:18| 415.5|  1.9|INFORM|NVDB_Leser_HTTPCaller_2(HTTPFactory): HTTP/FTP Transfer: Downloading resource 'https://www.vegvesen.no/nvdb/api/v2/vegobjekter/532?antall=5000&fylke=15&vegreferanse=F&start=ep26uxAht2n6&inkluder=metadata%2Cegenskaper%2Clokasjon%2Cgeometri' to internal memory buffer
2017-01-22 09:32:48| 417.9|  2.4|INFORM|NVDB_Leser_HTTPCaller_2(HTTPFactory): HTTP transfer summary - status code: 200, download size: '29059810 bytes', DNS lookup time: '0 seconds', total transfer time: '32.542 seconds', url: 'https://www.vegvesen.no/nvdb/api/v2/vegobjekter/532?antall=5000&fylke=15&vegreferanse=F&start=ep26uxAht2n6&inkluder=metadata%2Cegenskaper%2Clokasjon%2Cgeometri'
2017-01-22 09:33:03| 433.0| 15.1|INFORM|XML Reader mapped feature # 5000
2017-01-22 09:33:05| 433.0|  0.0|INFORM|NVDB_Leser_HTTPCaller_2(HTTPFactory): HTTP/FTP Transfer: Downloading resource 'https://www.vegvesen.no/nvdb/api/v2/vegobjekter/532?antall=5000&fylke=15&vegreferanse=F&start=h29JN6pd8h1U&inkluder=metadata%2Cegenskaper%2Clokasjon%2Cgeometri' to internal memory buffer
2017-01-22 09:33:22| 434.6|  1.5|INFORM|NVDB_Leser_HTTPCaller_2(HTTPFactory): HTTP transfer summary - status code: 200, download size: '18503159 bytes', DNS lookup time: '0 seconds', total transfer time: '18.923 seconds', url: 'https://www.vegvesen.no/nvdb/api/v2/vegobjekter/532?antall=5000&fylke=15&vegreferanse=F&start=h29JN6pd8h1U&inkluder=metadata%2Cegenskaper%2Clokasjon%2Cgeometri'
2017-01-22 09:33:31| 443.2|  8.6|INFORM|NVDB_Leser_HTTPCaller_2(HTTPFactory): HTTP/FTP Transfer: Downloading resource 'https://www.vegvesen.no/nvdb/api/v2/vegobjekter/532?antall=5000&fylke=15&vegreferanse=F&start=hm8LHGnnobxS&inkluder=metadata%2Cegenskaper%2Clokasjon%2Cgeometri' to internal memory buffer
2017-01-22 09:33:31| 443.2|  0.0|INFORM|NVDB_Leser_HTTPCaller_2(HTTPFactory): HTTP transfer summary - status code: 200, download size: '358 bytes', DNS lookup time: '0 seconds', total transfer time: '0.078 seconds', url: 'https://www.vegvesen.no/nvdb/api/v2/vegobjekter/532?antall=5000&fylke=15&vegreferanse=F&start=hm8LHGnnobxS&inkluder=metadata%2Cegenskaper%2Clokasjon%2Cgeometri'
2017-01-22 09:33:44| 456.1| 12.9|INFORM|XML Reader mapped feature # 5000
2017-01-22 09:33:45| 456.1|  0.0|INFORM|NVDB_Leser_HTTPCaller_2(HTTPFactory): HTTP/FTP Transfer: Downloading resource 'https://www.vegvesen.no/nvdb/api/v2/vegobjekter/532?fylke=16&vegreferanse=F&antall=5000&inkluder=metadata,egenskaper,lokasjon,geometri' to internal memory buffer
2017-01-22 09:34:17| 458.2|  2.1|INFORM|NVDB_Leser_HTTPCaller_2(HTTPFactory): HTTP transfer summary - status code: 200, download size: '26548100 bytes', DNS lookup time: '0 seconds', total transfer time: '33.634 seconds', url: 'https://www.vegvesen.no/nvdb/api/v2/vegobjekter/532?fylke=16&vegreferanse=F&antall=5000&inkluder=metadata,egenskaper,lokasjon,geometri'
2017-01-22 09:34:24| 460.1|  1.9|INFORM|NVDB_Leser_HTTPCaller_2(HTTPFactory): HTTP/FTP Transfer: Downloading resource 'https://www.vegvesen.no/nvdb/api/v2/vegobjekter/532?antall=5000&fylke=16&vegreferanse=F&start=RzZDjHLS&inkluder=metadata%2Cegenskaper%2Clokasjon%2Cgeometri' to internal memory buffer
2017-01-22 09:34:53| 462.3|  2.2|INFORM|NVDB_Leser_HTTPCaller_2(HTTPFactory): HTTP transfer summary - status code: 200, download size: '26268994 bytes', DNS lookup time: '0 seconds', total transfer time: '33.587 seconds', url: 'https://www.vegvesen.no/nvdb/api/v2/vegobjekter/532?antall=5000&fylke=16&vegreferanse=F&start=RzZDjHLS&inkluder=metadata%2Cegenskaper%2Clokasjon%2Cgeometri'
2017-01-22 09:35:08| 477.5| 15.1|INFORM|XML Reader mapped feature # 5000
2017-01-22 09:35:10| 477.5|  0.0|INFORM|NVDB_Leser_HTTPCaller_2(HTTPFactory): HTTP/FTP Transfer: Downloading resource 'https://www.vegvesen.no/nvdb/api/v2/vegobjekter/532?antall=5000&fylke=16&vegreferanse=F&start=e5Cf8Mb2bM6X&inkluder=metadata%2Cegenskaper%2Clokasjon%2Cgeometri' to internal memory buffer
2017-01-22 09:35:36| 479.7|  2.2|INFORM|NVDB_Leser_HTTPCaller_2(HTTPFactory): HTTP transfer summary - status code: 200, download size: '27021563 bytes', DNS lookup time: '0 seconds', total transfer time: '28.127 seconds', url: 'https://www.vegvesen.no/nvdb/api/v2/vegobjekter/532?antall=5000&fylke=16&vegreferanse=F&start=e5Cf8Mb2bM6X&inkluder=metadata%2Cegenskaper%2Clokasjon%2Cgeometri'
2017-01-22 09:35:51| 494.3| 14.6|INFORM|NVDB_Leser_HTTPCaller_2(HTTPFactory): HTTP/FTP Transfer: Downloading resource 'https://www.vegvesen.no/nvdb/api/v2/vegobjekter/532?antall=5000&fylke=16&vegreferanse=F&start=hm8LGmoE7tTZ&inkluder=metadata%2Cegenskaper%2Clokasjon%2Cgeometri' to internal memory buffer
2017-01-22 09:35:51| 494.3|  0.0|INFORM|NVDB_Leser_HTTPCaller_2(HTTPFactory): HTTP transfer summary - status code: 200, download size: '358 bytes', DNS lookup time: '0 seconds', total transfer time: '0.078 seconds', url: 'https://www.vegvesen.no/nvdb/api/v2/vegobjekter/532?antall=5000&fylke=16&vegreferanse=F&start=hm8LGmoE7tTZ&inkluder=metadata%2Cegenskaper%2Clokasjon%2Cgeometri'
2017-01-22 09:36:04| 507.7| 13.3|INFORM|XML Reader mapped feature # 5000
2017-01-22 09:36:07| 507.7|  0.0|INFORM|NVDB_Leser_HTTPCaller_2(HTTPFactory): HTTP/FTP Transfer: Downloading resource 'https://www.vegvesen.no/nvdb/api/v2/vegobjekter/532?fylke=17&vegreferanse=F&antall=5000&inkluder=metadata,egenskaper,lokasjon,geometri' to internal memory buffer
2017-01-22 09:36:48| 510.9|  3.2|INFORM|NVDB_Leser_HTTPCaller_2(HTTPFactory): HTTP transfer summary - status code: 200, download size: '34425061 bytes', DNS lookup time: '0 seconds', total transfer time: '43.383 seconds', url: 'https://www.vegvesen.no/nvdb/api/v2/vegobjekter/532?fylke=17&vegreferanse=F&antall=5000&inkluder=metadata,egenskaper,lokasjon,geometri'
2017-01-22 09:36:54| 512.8|  1.9|INFORM|NVDB_Leser_HTTPCaller_2(HTTPFactory): HTTP/FTP Transfer: Downloading resource 'https://www.vegvesen.no/nvdb/api/v2/vegobjekter/532?antall=5000&fylke=17&vegreferanse=F&start=2s8YzXterk&inkluder=metadata%2Cegenskaper%2Clokasjon%2Cgeometri' to internal memory buffer
2017-01-22 09:37:30| 515.8|  3.0|INFORM|NVDB_Leser_HTTPCaller_2(HTTPFactory): HTTP transfer summary - status code: 200, download size: '34754306 bytes', DNS lookup time: '0 seconds', total transfer time: '40.685 seconds', url: 'https://www.vegvesen.no/nvdb/api/v2/vegobjekter/532?antall=5000&fylke=17&vegreferanse=F&start=2s8YzXterk&inkluder=metadata%2Cegenskaper%2Clokasjon%2Cgeometri'
2017-01-22 09:37:46| 531.9| 16.1|INFORM|XML Reader mapped feature # 5000
2017-01-22 09:37:49| 531.9|  0.0|INFORM|NVDB_Leser_HTTPCaller_2(HTTPFactory): HTTP/FTP Transfer: Downloading resource 'https://www.vegvesen.no/nvdb/api/v2/vegobjekter/532?antall=5000&fylke=17&vegreferanse=F&start=fYWJ7xRGPfyJ&inkluder=metadata%2Cegenskaper%2Clokasjon%2Cgeometri' to internal memory buffer
2017-01-22 09:38:10| 533.9|  2.0|INFORM|NVDB_Leser_HTTPCaller_2(HTTPFactory): HTTP transfer summary - status code: 200, download size: '22429004 bytes', DNS lookup time: '0 seconds', total transfer time: '23.712 seconds', url: 'https://www.vegvesen.no/nvdb/api/v2/vegobjekter/532?antall=5000&fylke=17&vegreferanse=F&start=fYWJ7xRGPfyJ&inkluder=metadata%2Cegenskaper%2Clokasjon%2Cgeometri'
2017-01-22 09:38:21| 544.3| 10.4|INFORM|NVDB_Leser_HTTPCaller_2(HTTPFactory): HTTP/FTP Transfer: Downloading resource 'https://www.vegvesen.no/nvdb/api/v2/vegobjekter/532?antall=5000&fylke=17&vegreferanse=F&start=hm8NQG9zFbwt&inkluder=metadata%2Cegenskaper%2Clokasjon%2Cgeometri' to internal memory buffer
2017-01-22 09:38:21| 544.3|  0.0|INFORM|NVDB_Leser_HTTPCaller_2(HTTPFactory): HTTP transfer summary - status code: 200, download size: '358 bytes', DNS lookup time: '0 seconds', total transfer time: '0.063 seconds', url: 'https://www.vegvesen.no/nvdb/api/v2/vegobjekter/532?antall=5000&fylke=17&vegreferanse=F&start=hm8NQG9zFbwt&inkluder=metadata%2Cegenskaper%2Clokasjon%2Cgeometri'
2017-01-22 09:38:35| 558.3| 14.0|INFORM|XML Reader mapped feature # 5000
2017-01-22 09:38:37| 558.3|  0.0|INFORM|NVDB_Leser_HTTPCaller_2(HTTPFactory): HTTP/FTP Transfer: Downloading resource 'https://www.vegvesen.no/nvdb/api/v2/vegobjekter/532?fylke=18&vegreferanse=F&antall=5000&inkluder=metadata,egenskaper,lokasjon,geometri' to internal memory buffer
2017-01-22 09:39:11| 560.9|  2.5|INFORM|NVDB_Leser_HTTPCaller_2(HTTPFactory): HTTP transfer summary - status code: 200, download size: '29288857 bytes', DNS lookup time: '0 seconds', total transfer time: '35.896 seconds', url: 'https://www.vegvesen.no/nvdb/api/v2/vegobjekter/532?fylke=18&vegreferanse=F&antall=5000&inkluder=metadata,egenskaper,lokasjon,geometri'
2017-01-22 09:39:18| 562.9|  2.0|INFORM|NVDB_Leser_HTTPCaller_2(HTTPFactory): HTTP/FTP Transfer: Downloading resource 'https://www.vegvesen.no/nvdb/api/v2/vegobjekter/532?antall=5000&fylke=18&vegreferanse=F&start=2sC2VVGTAo&inkluder=metadata%2Cegenskaper%2Clokasjon%2Cgeometri' to internal memory buffer
2017-01-22 09:39:54| 565.9|  3.0|INFORM|NVDB_Leser_HTTPCaller_2(HTTPFactory): HTTP transfer summary - status code: 200, download size: '33852528 bytes', DNS lookup time: '0 seconds', total transfer time: '41.652 seconds', url: 'https://www.vegvesen.no/nvdb/api/v2/vegobjekter/532?antall=5000&fylke=18&vegreferanse=F&start=2sC2VVGTAo&inkluder=metadata%2Cegenskaper%2Clokasjon%2Cgeometri'
2017-01-22 09:40:11| 582.6| 16.7|INFORM|XML Reader mapped feature # 5000
2017-01-22 09:40:13| 582.7|  0.0|INFORM|NVDB_Leser_HTTPCaller_2(HTTPFactory): HTTP/FTP Transfer: Downloading resource 'https://www.vegvesen.no/nvdb/api/v2/vegobjekter/532?antall=5000&fylke=18&vegreferanse=F&start=gGf66vJiPkDE&inkluder=metadata%2Cegenskaper%2Clokasjon%2Cgeometri' to internal memory buffer
2017-01-22 09:40:32| 584.1|  1.5|INFORM|NVDB_Leser_HTTPCaller_2(HTTPFactory): HTTP transfer summary - status code: 200, download size: '19193140 bytes', DNS lookup time: '0 seconds', total transfer time: '20.467 seconds', url: 'https://www.vegvesen.no/nvdb/api/v2/vegobjekter/532?antall=5000&fylke=18&vegreferanse=F&start=gGf66vJiPkDE&inkluder=metadata%2Cegenskaper%2Clokasjon%2Cgeometri'
2017-01-22 09:40:41| 593.2|  9.0|INFORM|NVDB_Leser_HTTPCaller_2(HTTPFactory): HTTP/FTP Transfer: Downloading resource 'https://www.vegvesen.no/nvdb/api/v2/vegobjekter/532?antall=5000&fylke=18&vegreferanse=F&start=hm8NQmVLURG7&inkluder=metadata%2Cegenskaper%2Clokasjon%2Cgeometri' to internal memory buffer
2017-01-22 09:40:41| 593.2|  0.0|INFORM|NVDB_Leser_HTTPCaller_2(HTTPFactory): HTTP transfer summary - status code: 200, download size: '358 bytes', DNS lookup time: '0 seconds', total transfer time: '0.062 seconds', url: 'https://www.vegvesen.no/nvdb/api/v2/vegobjekter/532?antall=5000&fylke=18&vegreferanse=F&start=hm8NQmVLURG7&inkluder=metadata%2Cegenskaper%2Clokasjon%2Cgeometri'
2017-01-22 09:40:55| 607.4| 14.2|INFORM|XML Reader mapped feature # 5000
2017-01-22 09:40:57| 607.4|  0.0|INFORM|NVDB_Leser_HTTPCaller_2(HTTPFactory): HTTP/FTP Transfer: Downloading resource 'https://www.vegvesen.no/nvdb/api/v2/vegobjekter/532?fylke=19&vegreferanse=F&antall=5000&inkluder=metadata,egenskaper,lokasjon,geometri' to internal memory buffer
2017-01-22 09:41:29| 609.8|  2.4|INFORM|NVDB_Leser_HTTPCaller_2(HTTPFactory): HTTP transfer summary - status code: 200, download size: '29783211 bytes', DNS lookup time: '0 seconds', total transfer time: '33.525 seconds', url: 'https://www.vegvesen.no/nvdb/api/v2/vegobjekter/532?fylke=19&vegreferanse=F&antall=5000&inkluder=metadata,egenskaper,lokasjon,geometri'
2017-01-22 09:41:33| 611.8|  2.0|INFORM|NVDB_Leser_HTTPCaller_2(HTTPFactory): HTTP/FTP Transfer: Downloading resource 'https://www.vegvesen.no/nvdb/api/v2/vegobjekter/532?antall=5000&fylke=19&vegreferanse=F&start=enr3Sw1vYPTJ&inkluder=metadata%2Cegenskaper%2Clokasjon%2Cgeometri' to internal memory buffer
2017-01-22 09:41:57| 614.3|  2.5|INFORM|NVDB_Leser_HTTPCaller_2(HTTPFactory): HTTP transfer summary - status code: 200, download size: '26706572 bytes', DNS lookup time: '0 seconds', total transfer time: '26.193 seconds', url: 'https://www.vegvesen.no/nvdb/api/v2/vegobjekter/532?antall=5000&fylke=19&vegreferanse=F&start=enr3Sw1vYPTJ&inkluder=metadata%2Cegenskaper%2Clokasjon%2Cgeometri'
2017-01-22 09:42:07| 624.3| 10.0|INFORM|NVDB_Leser_HTTPCaller_2(HTTPFactory): HTTP/FTP Transfer: Downloading resource 'https://www.vegvesen.no/nvdb/api/v2/vegobjekter/532?antall=5000&fylke=19&vegreferanse=F&start=hm8NQmVMyQga&inkluder=metadata%2Cegenskaper%2Clokasjon%2Cgeometri' to internal memory buffer
2017-01-22 09:42:07| 624.3|  0.0|INFORM|NVDB_Leser_HTTPCaller_2(HTTPFactory): HTTP transfer summary - status code: 200, download size: '358 bytes', DNS lookup time: '0 seconds', total transfer time: '0.062 seconds', url: 'https://www.vegvesen.no/nvdb/api/v2/vegobjekter/532?antall=5000&fylke=19&vegreferanse=F&start=hm8NQmVMyQga&inkluder=metadata%2Cegenskaper%2Clokasjon%2Cgeometri'
2017-01-22 09:42:21| 638.1| 13.8|INFORM|XML Reader mapped feature # 5000
2017-01-22 09:42:22| 638.1|  0.0|INFORM|NVDB_Leser_HTTPCaller_2(HTTPFactory): HTTP/FTP Transfer: Downloading resource 'https://www.vegvesen.no/nvdb/api/v2/vegobjekter/532?fylke=20&vegreferanse=F&antall=5000&inkluder=metadata,egenskaper,lokasjon,geometri' to internal memory buffer
2017-01-22 09:42:42| 640.3|  2.2|INFORM|NVDB_Leser_HTTPCaller_2(HTTPFactory): HTTP transfer summary - status code: 200, download size: '22389535 bytes', DNS lookup time: '0 seconds', total transfer time: '21.201 seconds', url: 'https://www.vegvesen.no/nvdb/api/v2/vegobjekter/532?fylke=20&vegreferanse=F&antall=5000&inkluder=metadata,egenskaper,lokasjon,geometri'
2017-01-22 09:42:44| 641.6|  1.3|INFORM|NVDB_Leser_HTTPCaller_2(HTTPFactory): HTTP/FTP Transfer: Downloading resource 'https://www.vegvesen.no/nvdb/api/v2/vegobjekter/532?antall=5000&fylke=20&vegreferanse=F&start=hkxyMax1qSVy&inkluder=metadata%2Cegenskaper%2Clokasjon%2Cgeometri' to internal memory buffer
2017-01-22 09:42:44| 641.6|  0.0|INFORM|NVDB_Leser_HTTPCaller_2(HTTPFactory): HTTP transfer summary - status code: 200, download size: '358 bytes', DNS lookup time: '0 seconds', total transfer time: '0.172 seconds', url: 'https://www.vegvesen.no/nvdb/api/v2/vegobjekter/532?antall=5000&fylke=20&vegreferanse=F&start=hkxyMax1qSVy&inkluder=metadata%2Cegenskaper%2Clokasjon%2Cgeometri'
2017-01-22 09:42:53| 651.1|  9.5|WARN  |Coordinate system of reader identified by keyword `SPATIALITE_2' has changed from `ETRS89.UTM-33N' to `'
2017-01-22 09:42:53| 651.1|  0.0|INFORM|FME Configuration: Source coordinate system for reader SPATIALITE_2[SPATIALITE] set to `ETRS89.UTM-33N' as read from input data
2017-01-22 09:42:53| 651.1|  0.0|INFORM|Coordinate System `ETRS89.UTM-33N' parameters: CS_NAME=`ETRS89.UTM-33N' DESC_NM=`Transverse Mercator (ETRS89-TM33)' DT_NAME=`ETRS89/01' GROUP=`UTMN' MAP_SCL=`1' MAX_LAT=`84.5' MAX_LNG=`22.1333333333333' MIN_LAT=`31.05' MIN_LNG=`10.8833333333333' PARM1=`15' PROJ=`TM' QUAD=`1' SCL_RED=`0.9996' SOURCE=`EPSG, V6.3, 25833 [Large and medium scale topographic mappi]' UNIT=`Meter' X_OFF=`500000' Y_OFF=`0.0' ZERO_X=`0.0001' ZERO_Y=`0.0001' 
2017-01-22 09:42:53| 651.3|  0.2|INFORM|Reading source feature # 2500
2017-01-22 09:42:53| 651.4|  0.0|WARN  |Coordinate system of reader identified by keyword `SPATIALITE_2' has changed from `ETRS89.UTM-33N' to `'
2017-01-22 09:42:53| 651.4|  0.0|INFORM|FME Configuration: Source coordinate system for reader SPATIALITE_2[SPATIALITE] set to `ETRS89.UTM-33N' as read from input data
2017-01-22 09:42:53| 651.4|  0.0|INFORM|Coordinate System `ETRS89.UTM-33N' parameters: CS_NAME=`ETRS89.UTM-33N' DESC_NM=`Transverse Mercator (ETRS89-TM33)' DT_NAME=`ETRS89/01' GROUP=`UTMN' MAP_SCL=`1' MAX_LAT=`84.5' MAX_LNG=`22.1333333333333' MIN_LAT=`31.05' MIN_LNG=`10.8833333333333' PARM1=`15' PROJ=`TM' QUAD=`1' SCL_RED=`0.9996' SOURCE=`EPSG, V6.3, 25833 [Large and medium scale topographic mappi]' UNIT=`Meter' X_OFF=`500000' Y_OFF=`0.0' ZERO_X=`0.0001' ZERO_Y=`0.0001' 
2017-01-22 09:42:54| 651.6|  0.2|INFORM|Reading source feature # 5000
2017-01-22 09:42:54| 651.8|  0.2|INFORM|Reading source feature # 7500
2017-01-22 09:42:54| 652.1|  0.3|INFORM|Reading source feature # 10000
2017-01-22 09:42:54| 652.3|  0.2|WARN  |Coordinate system of reader identified by keyword `SPATIALITE_2' has changed from `ETRS89.UTM-33N' to `'
2017-01-22 09:42:54| 652.3|  0.0|INFORM|FME Configuration: Source coordinate system for reader SPATIALITE_2[SPATIALITE] set to `ETRS89.UTM-33N' as read from input data
2017-01-22 09:42:54| 652.3|  0.0|INFORM|Coordinate System `ETRS89.UTM-33N' parameters: CS_NAME=`ETRS89.UTM-33N' DESC_NM=`Transverse Mercator (ETRS89-TM33)' DT_NAME=`ETRS89/01' GROUP=`UTMN' MAP_SCL=`1' MAX_LAT=`84.5' MAX_LNG=`22.1333333333333' MIN_LAT=`31.05' MIN_LNG=`10.8833333333333' PARM1=`15' PROJ=`TM' QUAD=`1' SCL_RED=`0.9996' SOURCE=`EPSG, V6.3, 25833 [Large and medium scale topographic mappi]' UNIT=`Meter' X_OFF=`500000' Y_OFF=`0.0' ZERO_X=`0.0001' ZERO_Y=`0.0001' 
2017-01-22 09:42:54| 652.3|  0.0|INFORM|Reading source feature # 12500
2017-01-22 09:42:54| 652.4|  0.1|WARN  |Coordinate system of reader identified by keyword `SPATIALITE_2' has changed from `ETRS89.UTM-33N' to `'
2017-01-22 09:42:54| 652.4|  0.0|INFORM|FME Configuration: Source coordinate system for reader SPATIALITE_2[SPATIALITE] set to `ETRS89.UTM-33N' as read from input data
2017-01-22 09:42:54| 652.4|  0.0|INFORM|Coordinate System `ETRS89.UTM-33N' parameters: CS_NAME=`ETRS89.UTM-33N' DESC_NM=`Transverse Mercator (ETRS89-TM33)' DT_NAME=`ETRS89/01' GROUP=`UTMN' MAP_SCL=`1' MAX_LAT=`84.5' MAX_LNG=`22.1333333333333' MIN_LAT=`31.05' MIN_LNG=`10.8833333333333' PARM1=`15' PROJ=`TM' QUAD=`1' SCL_RED=`0.9996' SOURCE=`EPSG, V6.3, 25833 [Large and medium scale topographic mappi]' UNIT=`Meter' X_OFF=`500000' Y_OFF=`0.0' ZERO_X=`0.0001' ZERO_Y=`0.0001' 
2017-01-22 09:42:54| 652.4|  0.0|WARN  |Coordinate system of reader identified by keyword `SPATIALITE_2' has changed from `ETRS89.UTM-33N' to `'
2017-01-22 09:42:54| 652.4|  0.0|WARN  |Further coordinate system changes will not be logged
2017-01-22 09:42:55| 652.6|  0.1|INFORM|Reading source feature # 15000
2017-01-22 09:42:55| 652.8|  0.3|INFORM|Reading source feature # 17500
2017-01-22 09:42:55| 653.1|  0.2|INFORM|Reading source feature # 20000
2017-01-22 09:42:55| 653.3|  0.3|INFORM|Reading source feature # 22500
2017-01-22 09:42:56| 653.6|  0.2|INFORM|Reading source feature # 25000
2017-01-22 09:42:56| 653.8|  0.2|INFORM|Reading source feature # 27500
2017-01-22 09:42:56| 654.1|  0.2|INFORM|Reading source feature # 30000
2017-01-22 09:42:56| 654.3|  0.3|INFORM|Reading source feature # 32500
2017-01-22 09:42:57| 654.6|  0.2|INFORM|Reading source feature # 35000
2017-01-22 09:42:57| 654.9|  0.3|INFORM|Reading source feature # 37500
2017-01-22 09:42:57| 655.1|  0.2|INFORM|Reading source feature # 40000
2017-01-22 09:42:57| 655.3|  0.2|INFORM|Reading source feature # 42500
2017-01-22 09:42:58| 655.6|  0.2|INFORM|Reading source feature # 45000
2017-01-22 09:42:58| 655.8|  0.2|INFORM|Reading source feature # 47500
2017-01-22 09:42:58| 656.1|  0.3|INFORM|Reading source feature # 50000
2017-01-22 09:42:58| 656.3|  0.2|INFORM|Reading source feature # 52500
2017-01-22 09:42:59| 656.6|  0.2|INFORM|Reading source feature # 55000
2017-01-22 09:42:59| 656.8|  0.3|INFORM|Reading source feature # 57500
2017-01-22 09:42:59| 657.1|  0.2|INFORM|Reading source feature # 60000
2017-01-22 09:42:59| 657.3|  0.2|INFORM|Reading source feature # 62500
2017-01-22 09:43:00| 657.5|  0.2|INFORM|Emptying factory pipeline
2017-01-22 09:43:00| 657.5|  0.0|STATS |Router and Unexpected Input Remover(RoutingFactory): Tested 64375 input feature(s), wrote 64375 output feature(s): 64375 matched merge filters, 64375 were routed to output, 0 could not be routed.
2017-01-22 09:43:00| 657.5|  0.0|STATS |Unexpected Input Remover Nuker(TeeFactory): Cloned 0 input feature(s) into 0 output feature(s)
2017-01-22 09:43:00| 657.5|  0.0|STATS |vegfunksjon (SPATIALITE_2) Splitter(TeeFactory): Cloned 64375 input feature(s) into 64375 output feature(s)
2017-01-22 09:43:00| 657.5|  0.0|STATS |Creator_2_XML_Creator(CreationFactory): Created 1 features
2017-01-22 09:43:00| 657.5|  0.0|STATS |Creator_2_Cloner(TeeFactory): Cloned 1 input feature(s) into 20 output feature(s)
2017-01-22 09:43:00| 657.5|  0.0|STATS |Creator_2_CREATED Brancher -1 12(BranchingFactory): Branched 20 input features -- 20 features routed to the target factory, and 0 features routed to the fallback factory.
2017-01-22 09:43:00| 657.5|  0.0|STATS |_CREATOR_BRANCH_TARGET(TeeFactory): Cloned 64395 input feature(s) into 64395 output feature(s)
2017-01-22 09:43:00| 657.5|  0.0|STATS |Counter_2_Counter(TeeFactory): Cloned 20 input feature(s) into 20 output feature(s)
2017-01-22 09:43:00| 657.5|  0.0|STATS |Counter_2_Rejector(TestFactory): Tested 20 input feature(s) -- 0 feature(s) passed and 20 feature(s) failed
2017-01-22 09:43:00| 657.5|  0.0|STATS |Counter_2_<REJECTED> Feature Counter -1 2147680267(TeeFactory): Cloned 0 input feature(s) into 0 output feature(s)
2017-01-22 09:43:00| 657.5|  0.0|STATS |NVDB_Leser _Input Input Collector(TeeFactory): Cloned 20 input feature(s) into 20 output feature(s)
2017-01-22 09:43:00| 657.5|  0.0|STATS |NVDB_Leser__Input1485072568 Input Splitter(TeeFactory): Cloned 20 input feature(s) into 20 output feature(s)
2017-01-22 09:43:00| 657.5|  0.0|STATS |NVDB_Leser_Loop1485072568 Input Splitter(TeeFactory): Cloned 43 input feature(s) into 43 output feature(s)
2017-01-22 09:43:00| 657.5|  0.0|STATS |NVDB_Leser_HTTPCaller_2 Output Splitter(TeeFactory): Cloned 62 input feature(s) into 124 output feature(s)
2017-01-22 09:43:00| 657.5|  0.0|STATS |NVDB_Leser_HTTPCaller_2 <Rejected> Output Nuker(TeeFactory): Cloned 1 input feature(s) into 0 output feature(s)
2017-01-22 09:43:00| 657.5|  0.0|INFORM|NVDB_Leser_XMLFragmenter(XFMapFactory): Total Results: 180195 Mapped Feature(s), 62 Input Feature(s), and 0 Invalid input Feature(s)
2017-01-22 09:43:00| 657.5|  0.0|INFORM|Optional `close' method not present; not called
2017-01-22 09:43:00| 657.5|  0.0|STATS |NVDB_Leser_GeometryReplacer(TeeFactory): Cloned 180195 input feature(s) into 180195 output feature(s)
2017-01-22 09:43:00| 657.5|  0.0|STATS |NVDB_Leser_GeometryReplacer_Rejector(TestFactory): Tested 180195 input feature(s) -- 0 feature(s) passed and 180195 feature(s) failed
2017-01-22 09:43:00| 657.5|  0.0|STATS |NVDB_Leser_GeometryReplacer OUTPUT Splitter(TeeFactory): Cloned 180195 input feature(s) into 360390 output feature(s)
2017-01-22 09:43:00| 657.5|  0.0|STATS |NVDB_Leser_GeometryReplacer_<REJECTED> Feature Counter 0 2147680271(TeeFactory): Cloned 0 input feature(s) into 0 output feature(s)
2017-01-22 09:43:00| 657.5|  0.0|STATS |NVDB_Leser_CoordinateSystemSetter (Disabled) Nuker(TeeFactory): Cloned 180195 input feature(s) into 0 output feature(s)
2017-01-22 09:43:00| 657.5|  0.0|STATS |NVDB_Leser_CoordinateSystemSetter_2(TeeFactory): Cloned 180195 input feature(s) into 180195 output feature(s)
2017-01-22 09:43:00| 657.5|  0.0|STATS |NVDB_Leser_Deaggregator(DeaggregateFactory): Split 180195 input feature(s) into 0 point-in-polygon feature(s), 0 donut polygon(s), 0 polygon(s), 180198 line(s), 0 point(s), and 0 aggregate(s)
2017-01-22 09:43:00| 657.5|  0.0|STATS |NVDB_Leser_Deaggregator(DeaggregateFactory): 180192 non-aggregate input features were routed through the factory
2017-01-22 09:43:00| 657.5|  0.0|STATS |NVDB_Leser_NullAttributeMapper(TeeFactory): Cloned 180198 input feature(s) into 180198 output feature(s)
2017-01-22 09:43:00| 657.5|  0.0|STATS |NVDB_Leser_StringConcatenator(TeeFactory): Cloned 180198 input feature(s) into 180198 output feature(s)
2017-01-22 09:43:00| 657.5|  0.0|INFORM|NVDB_Leser_XMLFragmenter_2(XFMapFactory): Total Results: 62 Mapped Feature(s), 62 Input Feature(s), and 0 Invalid input Feature(s)
2017-01-22 09:43:00| 657.5|  0.0|STATS |NVDB_Leser_TestFilter(TeeFactory): Cloned 62 input feature(s) into 62 output feature(s)
2017-01-22 09:43:00| 657.5|  0.0|STATS |NVDB_Leser_TestFilter_TestFactory_0(TestFactory): Tested 62 input feature(s) -- 43 feature(s) passed and 19 feature(s) failed
2017-01-22 09:43:00| 657.5|  0.0|STATS |NVDB_Leser_TestFilter_<lt>UNFILTERED<gt>(TeeFactory): Cloned 19 input feature(s) into 19 output feature(s)
2017-01-22 09:43:00| 657.5|  0.0|STATS |NVDB_Leser_TestFilter <lt>UNFILTERED<gt> Output Nuker(TeeFactory): Cloned 19 input feature(s) into 0 output feature(s)
2017-01-22 09:43:00| 657.5|  0.0|STATS |Loop to NVDB_Leser_Loop1485072568 Input Splitter(BranchingFactory): Branched 43 input features -- 43 features routed to the target factory, and 0 features routed to the fallback factory.
2017-01-22 09:43:00| 657.5|  0.0|STATS |NVDB_Leser_Output1485072568 Output Collector(TeeFactory): Cloned 180198 input feature(s) into 180198 output feature(s)
2017-01-22 09:43:00| 657.5|  0.0|STATS |NVDB_Leser Output Output Renamer/Nuker(TeeFactory): Cloned 180198 input feature(s) into 180198 output feature(s)
2017-01-22 09:43:00| 657.5|  0.0|STATS |NullAttributeMapper_3(TeeFactory): Cloned 180198 input feature(s) into 180198 output feature(s)
2017-01-22 09:43:00| 657.5|  0.0|STATS |AttributeExposer(TeeFactory): Cloned 180198 input feature(s) into 180198 output feature(s)
2017-01-22 09:43:00| 657.5|  0.0|STATS |AttributeManager_3 OUTPUT Splitter(TeeFactory): Cloned 180198 input feature(s) into 360396 output feature(s)
2017-01-22 09:43:00| 657.5|  0.0|STATS |GeometryRemover(TeeFactory): Cloned 64375 input feature(s) into 64375 output feature(s)
2017-01-22 09:43:00| 657.7|  0.1|INFORM|InlineQuerier(InlineQueryFactory): Generating output 'Resultat' using query 'SELECT DISTINCT Vegreferanse.*, Vegfunksjon.vegfunksjon  FROM Vegreferanse
LEFT JOIN Vegfunksjon
ON Vegreferanse.route_id = Vegfunksjon.route_id
WHERE (Vegreferanse.from_measure < Vegfunksjon.to_measure AND Vegreferanse.to_measure > Vegfunksjon.from_measure) 
'
2017-01-22 09:43:12| 670.3| 12.7|INFORM|InlineQuerier(InlineQueryFactory): Wrote 65402 features to output 'Resultat'
2017-01-22 09:43:20| 677.4|  7.1|INFORM|FeatureMerger(ReferenceFactory): Processing requestors: Completed 23.75% of intermediate processing
2017-01-22 09:43:25| 682.4|  5.0|INFORM|FeatureMerger(ReferenceFactory): Processing requestors: Completed 49.16% of intermediate processing
2017-01-22 09:43:30| 687.4|  5.0|INFORM|FeatureMerger(ReferenceFactory): Processing requestors: Completed 74.64% of intermediate processing
2017-01-22 09:43:35| 692.4|  5.0|INFORM|FeatureMerger(ReferenceFactory): Processing requestors: Completed 98.22% of intermediate processing
2017-01-22 09:43:35| 692.8|  0.4|INFORM|FeatureMerger(ReferenceFactory): Processing requestors: Completed 100% of intermediate processing
2017-01-22 09:43:37| 695.2|  2.4|STATS |FeatureMerger(ReferenceFactory): Total Results: 65402 Complete Feature(s), 114796 Incomplete Feature(s), 0 Referenced Feature(s), 0 Unreferenced Feature(s), 0 Referencer Feature(s) (NO REFERENCES), 0 Referencee Feature(s) (NO Referencee fields defined), and 1 Duplicate Referencee Feature(s)
2017-01-22 09:43:37| 695.2|  0.0|STATS |LengthCalculator_LengthCalculator(TeeFactory): Cloned 180198 input feature(s) into 180198 output feature(s)
2017-01-22 09:43:37| 695.2|  0.0|STATS |LengthCalculator_Rejector(TestFactory): Tested 180198 input feature(s) -- 0 feature(s) passed and 180198 feature(s) failed
2017-01-22 09:43:37| 695.2|  0.0|STATS |LengthCalculator OUTPUT Splitter(TeeFactory): Cloned 180198 input feature(s) into 360396 output feature(s)
2017-01-22 09:43:37| 695.2|  0.0|STATS |LengthCalculator_<REJECTED> Feature Counter -1 2147680300(TeeFactory): Cloned 0 input feature(s) into 0 output feature(s)
2017-01-22 09:43:37| 695.2|  0.0|STATS |StatisticsCalculator_InputProcessor(TeeFactory): Cloned 180198 input feature(s) into 180198 output feature(s)
2017-01-22 09:43:37| 695.2|  0.0|STATS |StatisticsCalculator_UnneededInputNuker(TeeFactory): Cloned 180198 input feature(s) into 0 output feature(s)
2017-01-22 09:43:37| 695.2|  0.0|STATS |StatisticsCalculator_CompleteOutputter(SortFactory): Output 0 feature(s) without doing any sorting
2017-01-22 09:43:37| 695.3|  0.1|INFORM|Processed 2 elements with mode LEAN_AND_MEAN
2017-01-22 09:43:37| 695.3|  0.0|STATS |Storing feature(s) to FME feature store file `C:\Users\knjetl\AppData\Local\Temp\Fylkesvegnummer_tne_090928\inspector.ffs'
2017-01-22 09:43:37| 695.3|  0.0|INFORM|Predefined coordinate system `ETRS89.UTM-33N' (Transverse Mercator (ETRS89-TM33)) matches dataset coordinate system 
2017-01-22 09:43:37| 695.3|  0.0|INFORM|The EPSG number of the FME coordinate system 'ETRS89.UTM-33N' is '6173'
2017-01-22 09:43:37| 695.3|  0.0|STATS |Storing feature(s) to FME feature store file `C:\Users\knjetl\AppData\Local\Temp\Fylkesvegnummer_tne_090928\inspector.fsc'
2017-01-22 09:43:37| 695.3|  0.0|STATS |StatisticsCalculator_SummaryCreator(CreationFactory): Created 1 features
2017-01-22 09:43:37| 695.3|  0.0|STATS |StatisticsCalculator_SummaryExploder(ElementFactory): Split out 1 list elements from 1 input features, using mode LEAN_AND_MEAN
2017-01-22 09:43:37| 695.3|  0.0|STATS |StatisticsCalculator_Summary_DirCreator(CreationFactory): Created 1 features
2017-01-22 09:43:37| 695.3|  0.0|STATS |StatisticsCalculator_Summary_DirCreatorCleanerUpper(TeeFactory): Cloned 1 input feature(s) into 0 output feature(s)
2017-01-22 09:43:37| 695.3|  0.0|STATS |StatisticsCalculator_Summary_FeatureDirector(TestFactory): Tested 1 input feature(s) -- 0 feature(s) passed and 1 feature(s) failed
2017-01-22 09:43:37| 695.3|  0.0|STATS |StatisticsCalculator_Summary___FeatureDirector1(TestFactory): Tested 1 input feature(s) -- 0 feature(s) passed and 1 feature(s) failed
2017-01-22 09:43:37| 695.3|  0.0|STATS |StatisticsCalculator_Summary_VectorSetterUpper(TeeFactory): Cloned 1 input feature(s) into 1 output feature(s)
2017-01-22 09:43:37| 695.3|  0.0|STATS |StatisticsCalculator_Summary___PointCloudThinner(TeeFactory): Cloned 0 input feature(s) into 0 output feature(s)
2017-01-22 09:43:37| 695.3|  0.0|STATS |StatisticsCalculator_Summary_RasterSetterUpper(TeeFactory): Cloned 0 input feature(s) into 0 output feature(s)
2017-01-22 09:43:37| 695.3|  0.0|INFORM|StatisticsCalculator_Summary_Recorder(RecorderFactory): Recorded 1 feature(s) to file `C:\Users\knjetl\AppData\Local\Temp\Fylkesvegnummer_tne_090928\inspector.ffs'
2017-01-22 09:43:56| 713.6| 18.3|STATS |Aggregator_2(AggregateFactory): Combined 180198 input feature(s) into 13416 output feature(s), including 0 singleton(s)
2017-01-22 09:44:03| 720.8|  7.3|STATS |Aggregator(AggregateFactory): Combined 13416 input feature(s) into 4144 output feature(s), including 0 singleton(s)
2017-01-22 09:44:03| 720.8|  0.0|INFORM|Matcher(MatchingFactory): Upper bound on the number of comparisons is 8588440. Fewer comparisons may be made, and the worst case will not exceed this upper bound
2017-01-22 09:44:03| 720.8|  0.0|INFORM|Matcher(MatchingFactory): Processing comparison #1
2017-01-22 09:44:03| 720.8|  0.0|INFORM|Creating writer for format: Microsoft Excel
2017-01-22 09:44:03| 720.8|  0.0|INFORM|Trying to find a DYNAMIC plugin for writer named `XLSXW'
2017-01-22 09:44:03| 720.9|  0.0|INFORM|Loaded module 'XLSXW' from file 'C:\Program Files\FME2016.1\64\plugins/xlsx.dll'
2017-01-22 09:44:03| 720.9|  0.0|INFORM|FME API version of module 'XLSXW' matches current internal version (3.8 20160224)
2017-01-22 09:44:03| 720.9|  0.0|INFORM|FME Configuration: No destination coordinate system set
2017-01-22 09:44:03| 720.9|  0.0|INFORM|FME API version of module 'XLSXW' matches current internal version (3.8 20160224)
2017-01-22 09:44:03| 720.9|  0.0|INFORM|Writer `XLSXW_1' of type `XLSXW' using group definition keyword `XLSXW_1_DEF'
2017-01-22 09:44:03| 720.9|  0.0|INFORM|FME API version of module 'XLSXW' matches current internal version (3.8 20160224)
2017-01-22 09:44:03| 720.9|  0.0|INFORM|Excel Writer: Use Attribute Names As Column Positions is set to 'no' for sheet 'antall endres' in dataset 'C:\DATA\GitHub\VegnettKvalitet\Fylkesvegnummer\Data\Fylkesvegnummer.xlsx' 
2017-01-22 09:44:03| 720.9|  0.0|INFORM|Excel Writer: Use Attribute Names As Column Positions is set to 'no' for sheet 'Ikke-unike nummer' in dataset 'C:\DATA\GitHub\VegnettKvalitet\Fylkesvegnummer\Data\Fylkesvegnummer.xlsx' 
2017-01-22 09:44:03| 720.9|  0.0|INFORM|Excel Writer: Use Attribute Names As Column Positions is set to 'no' for sheet 'unike nummer' in dataset 'C:\DATA\GitHub\VegnettKvalitet\Fylkesvegnummer\Data\Fylkesvegnummer.xlsx' 
2017-01-22 09:44:03| 720.9|  0.0|INFORM|FME Configuration: Destination coordinate system set to input coordinate system `EPSG:6173'
2017-01-22 09:44:03| 720.9|  0.0|INFORM|Excel Writer: Deleted existing destination file 'C:\DATA\GitHub\VegnettKvalitet\Fylkesvegnummer\Data\Fylkesvegnummer.xlsx'
2017-01-22 09:44:03| 720.9|  0.0|INFORM|Excel Writer: Opening dataset 'C:\DATA\GitHub\VegnettKvalitet\Fylkesvegnummer\Data\Fylkesvegnummer.xlsx'...
2017-01-22 09:44:03| 720.9|  0.0|INFORM|Excel Writer: Sheet 'Ikke-unike nummer' has writer mode 'INSERT'
2017-01-22 09:44:03| 720.9|  0.0|INFORM|Excel Writer: Sheet 'Ikke-unike nummer' has Output field names set to 'yes'
2017-01-22 09:44:03| 720.9|  0.0|INFORM|Excel Writer: Sheet 'Ikke-unike nummer' will start writing to row '1' and column '1' relative to its start location. Sheets have a starting location of row 1, column 1, named range starting locations can be specified
2017-01-22 09:44:03| 720.9|  0.0|INFORM|Excel Writer: Outputting field names for sheet 'Ikke-unike nummer'
2017-01-22 09:44:03| 720.9|  0.0|INFORM|Excel Writer: Sheet 'unike nummer' has writer mode 'INSERT'
2017-01-22 09:44:03| 720.9|  0.0|INFORM|Excel Writer: Sheet 'unike nummer' has Output field names set to 'yes'
2017-01-22 09:44:03| 720.9|  0.0|INFORM|Excel Writer: Sheet 'unike nummer' will start writing to row '1' and column '1' relative to its start location. Sheets have a starting location of row 1, column 1, named range starting locations can be specified
2017-01-22 09:44:03| 720.9|  0.0|INFORM|Excel Writer: Outputting field names for sheet 'unike nummer'
2017-01-22 09:44:08| 725.4|  4.5|INFORM|Matcher(MatchingFactory): Processing comparison #2827
2017-01-22 09:44:10| 727.7|  2.4|STATS |Matcher(MatchingFactory): Found 805 matching group(s) of features in 4144 input feature(s). 345 feature(s) did not have any matches
2017-01-22 09:44:10| 727.7|  0.0|STATS |Matcher MATCHED Splitter(TeeFactory): Cloned 3799 input feature(s) into 7598 output feature(s)
2017-01-22 09:44:10| 727.7|  0.0|STATS |AttributeManager_4 OUTPUT Splitter(TeeFactory): Cloned 345 input feature(s) into 690 output feature(s)
2017-01-22 09:44:10| 727.7|  0.0|STATS |Unike_vegnummer_DirCreator(CreationFactory): Created 1 features
2017-01-22 09:44:10| 727.7|  0.0|STATS |Unike_vegnummer_DirCreatorCleanerUpper(TeeFactory): Cloned 1 input feature(s) into 0 output feature(s)
2017-01-22 09:44:10| 727.7|  0.0|STATS |Unike_vegnummer_FeatureDirector(TestFactory): Tested 345 input feature(s) -- 0 feature(s) passed and 345 feature(s) failed
2017-01-22 09:44:10| 727.7|  0.0|STATS |Unike_vegnummer___FeatureDirector1(TestFactory): Tested 345 input feature(s) -- 0 feature(s) passed and 345 feature(s) failed
2017-01-22 09:44:10| 727.7|  0.0|STATS |Unike_vegnummer_VectorSetterUpper(TeeFactory): Cloned 345 input feature(s) into 345 output feature(s)
2017-01-22 09:44:10| 727.7|  0.0|STATS |Unike_vegnummer___PointCloudThinner(TeeFactory): Cloned 0 input feature(s) into 0 output feature(s)
2017-01-22 09:44:10| 727.7|  0.0|STATS |Unike_vegnummer_RasterSetterUpper(TeeFactory): Cloned 0 input feature(s) into 0 output feature(s)
2017-01-22 09:44:10| 727.7|  0.0|INFORM|Unike_vegnummer_Recorder(RecorderFactory): Recorded 345 feature(s) to file `C:\Users\knjetl\AppData\Local\Temp\Fylkesvegnummer_tne_090928\inspector.ffs'
2017-01-22 09:44:10| 727.7|  0.0|STATS |AttributeManager_2 OUTPUT Splitter(TeeFactory): Cloned 3799 input feature(s) into 7598 output feature(s)
2017-01-22 09:44:10| 727.7|  0.0|STATS |Ikke-unike_vegnummer_DirCreator(CreationFactory): Created 1 features
2017-01-22 09:44:10| 727.7|  0.0|STATS |Ikke-unike_vegnummer_DirCreatorCleanerUpper(TeeFactory): Cloned 1 input feature(s) into 0 output feature(s)
2017-01-22 09:44:10| 727.7|  0.0|STATS |Ikke-unike_vegnummer_FeatureDirector(TestFactory): Tested 3799 input feature(s) -- 0 feature(s) passed and 3799 feature(s) failed
2017-01-22 09:44:10| 727.7|  0.0|STATS |Ikke-unike_vegnummer___FeatureDirector1(TestFactory): Tested 3799 input feature(s) -- 0 feature(s) passed and 3799 feature(s) failed
2017-01-22 09:44:10| 727.7|  0.0|STATS |Ikke-unike_vegnummer_VectorSetterUpper(TeeFactory): Cloned 3799 input feature(s) into 3799 output feature(s)
2017-01-22 09:44:10| 727.7|  0.0|STATS |Ikke-unike_vegnummer___PointCloudThinner(TeeFactory): Cloned 0 input feature(s) into 0 output feature(s)
2017-01-22 09:44:10| 727.7|  0.0|STATS |Ikke-unike_vegnummer_RasterSetterUpper(TeeFactory): Cloned 0 input feature(s) into 0 output feature(s)
2017-01-22 09:44:10| 727.7|  0.0|INFORM|Saving spatial index into file 'C:\Users\knjetl\AppData\Local\Temp\Fylkesvegnummer_tne_090928\inspector.fsi'
2017-01-22 09:44:10| 727.7|  0.0|INFORM|Finished saving spatial index into file 'C:\Users\knjetl\AppData\Local\Temp\Fylkesvegnummer_tne_090928\inspector.fsi'
2017-01-22 09:44:10| 727.7|  0.0|STATS |Stored 4145 feature(s) to FME feature store file `C:\Users\knjetl\AppData\Local\Temp\Fylkesvegnummer_tne_090928\inspector.ffs'
2017-01-22 09:44:10| 727.7|  0.0|STATS |Stored 3 feature(s) to FME feature store file `C:\Users\knjetl\AppData\Local\Temp\Fylkesvegnummer_tne_090928\inspector.fsc'
2017-01-22 09:44:10| 727.7|  0.0|INFORM|Ikke-unike_vegnummer_Recorder(RecorderFactory): Recorded 3799 feature(s) to file `C:\Users\knjetl\AppData\Local\Temp\Fylkesvegnummer_tne_090928\inspector.ffs'
2017-01-22 09:44:10| 727.7|  0.0|INFORM|Excel Writer: Sheet 'antall endres' has writer mode 'INSERT'
2017-01-22 09:44:10| 727.7|  0.0|INFORM|Excel Writer: Sheet 'antall endres' has Output field names set to 'yes'
2017-01-22 09:44:10| 727.7|  0.0|INFORM|Excel Writer: Sheet 'antall endres' will start writing to row '1' and column '1' relative to its start location. Sheets have a starting location of row 1, column 1, named range starting locations can be specified
2017-01-22 09:44:10| 727.7|  0.0|INFORM|Excel Writer: Outputting field names for sheet 'antall endres'
2017-01-22 09:44:19| 736.7|  9.0|STATS |Aggregator_3(AggregateFactory): Combined 3799 input feature(s) into 789 output feature(s), including 0 singleton(s)
2017-01-22 09:44:19| 736.7|  0.0|STATS |Destination Feature Type Routing Correlator(RoutingFactory): Tested 4933 input feature(s), wrote 4933 output feature(s): 0 matched merge filters, 4933 were routed to output, 0 could not be routed.
2017-01-22 09:44:19| 736.7|  0.0|STATS |Final Output Nuker(TeeFactory): Cloned 0 input feature(s) into 0 output feature(s)
2017-01-22 09:44:19| 736.7|  0.0|STATS |f_142(CreationFactory): Created 1 features
2017-01-22 09:44:19| 736.7|  0.0|STATS |f_143(TeeFactory): Cloned 1 input feature(s) into 0 output feature(s)
2017-01-22 09:44:19| 736.7|  0.0|STATS |=-=-=-=-=-=-=-=-=-=-=-=-=-=-=-=-=-=-=-=-=-=-=-=-=-=-=-=-=-=-=-=-=-=-=-=-=-=-=-
2017-01-22 09:44:19| 736.7|  0.0|STATS |                            `Count' Domain Summary
2017-01-22 09:44:19| 736.7|  0.0|STATS |=-=-=-=-=-=-=-=-=-=-=-=-=-=-=-=-=-=-=-=-=-=-=-=-=-=-=-=-=-=-=-=-=-=-=-=-=-=-=-
2017-01-22 09:44:19| 736.7|  0.0|STATS |Matcher                                                                    805
2017-01-22 09:44:19| 736.7|  0.0|STATS |counter (range was 1 to 21)                                                 20
2017-01-22 09:44:19| 736.7|  0.0|STATS |==============================================================================
2017-01-22 09:44:19| 736.7|  0.0|STATS |Total `@Count' Invocations:                                                825
2017-01-22 09:44:19| 736.7|  0.0|STATS |=-=-=-=-=-=-=-=-=-=-=-=-=-=-=-=-=-=-=-=-=-=-=-=-=-=-=-=-=-=-=-=-=-=-=-=-=-=-=-
2017-01-22 09:44:19| 736.7|  0.0|INFORM|=-=-=-=-=-=-=-=-=-=-=-=-=-=-=-=-=-=-=-=-=-=-=-=-=-=-=-=-=-=-=-=-=-=-=-=-=-=-=-
2017-01-22 09:44:19| 736.7|  0.0|INFORM|Feature output statistics for `FFS' writer using keyword `W_1':
2017-01-22 09:44:19| 736.7|  0.0|STATS |=-=-=-=-=-=-=-=-=-=-=-=-=-=-=-=-=-=-=-=-=-=-=-=-=-=-=-=-=-=-=-=-=-=-=-=-=-=-=-
2017-01-22 09:44:19| 736.7|  0.0|STATS |                               Features Written
2017-01-22 09:44:19| 736.7|  0.0|STATS |=-=-=-=-=-=-=-=-=-=-=-=-=-=-=-=-=-=-=-=-=-=-=-=-=-=-=-=-=-=-=-=-=-=-=-=-=-=-=-
2017-01-22 09:44:19| 736.7|  0.0|STATS |==============================================================================
2017-01-22 09:44:19| 736.7|  0.0|STATS |Total Features Written                                                       0
2017-01-22 09:44:19| 736.7|  0.0|STATS |=-=-=-=-=-=-=-=-=-=-=-=-=-=-=-=-=-=-=-=-=-=-=-=-=-=-=-=-=-=-=-=-=-=-=-=-=-=-=-
2017-01-22 09:44:19| 736.8|  0.0|INFORM|Excel Writer: Saving changes to dataset 'C:\DATA\GitHub\VegnettKvalitet\Fylkesvegnummer\Data\Fylkesvegnummer.xlsx'
2017-01-22 09:44:19| 736.8|  0.1|INFORM|Excel Writer: Closing dataset 'C:\DATA\GitHub\VegnettKvalitet\Fylkesvegnummer\Data\Fylkesvegnummer.xlsx'...
2017-01-22 09:44:19| 736.8|  0.0|INFORM|=-=-=-=-=-=-=-=-=-=-=-=-=-=-=-=-=-=-=-=-=-=-=-=-=-=-=-=-=-=-=-=-=-=-=-=-=-=-=-
2017-01-22 09:44:19| 736.8|  0.0|INFORM|Feature output statistics for `XLSXW' writer using keyword `XLSXW_1':
2017-01-22 09:44:19| 736.8|  0.0|STATS |=-=-=-=-=-=-=-=-=-=-=-=-=-=-=-=-=-=-=-=-=-=-=-=-=-=-=-=-=-=-=-=-=-=-=-=-=-=-=-
2017-01-22 09:44:19| 736.8|  0.0|STATS |                               Features Written
2017-01-22 09:44:19| 736.8|  0.0|STATS |=-=-=-=-=-=-=-=-=-=-=-=-=-=-=-=-=-=-=-=-=-=-=-=-=-=-=-=-=-=-=-=-=-=-=-=-=-=-=-
2017-01-22 09:44:19| 736.8|  0.0|STATS |Ikke-unike nummer                                                         3799
2017-01-22 09:44:19| 736.8|  0.0|STATS |antall endres                                                              789
2017-01-22 09:44:19| 736.8|  0.0|STATS |unike nummer                                                               345
2017-01-22 09:44:19| 736.8|  0.0|STATS |==============================================================================
2017-01-22 09:44:19| 736.8|  0.0|STATS |Total Features Written                                                    4933
2017-01-22 09:44:19| 736.8|  0.0|STATS |=-=-=-=-=-=-=-=-=-=-=-=-=-=-=-=-=-=-=-=-=-=-=-=-=-=-=-=-=-=-=-=-=-=-=-=-=-=-=-
2017-01-22 09:44:19| 736.9|  0.0|STATS |=-=-=-=-=-=-=-=-=-=-=-=-=-=-=-=-=-=-=-=-=-=-=-=-=-=-=-=-=-=-=-=-=-=-=-=-=-=-=-
2017-01-22 09:44:19| 736.9|  0.0|STATS |                            Features Read Summary
2017-01-22 09:44:19| 736.9|  0.0|STATS |=-=-=-=-=-=-=-=-=-=-=-=-=-=-=-=-=-=-=-=-=-=-=-=-=-=-=-=-=-=-=-=-=-=-=-=-=-=-=-
2017-01-22 09:44:19| 736.9|  0.0|STATS |vegfunksjon                                                              64375
2017-01-22 09:44:19| 736.9|  0.0|STATS |==============================================================================
2017-01-22 09:44:19| 736.9|  0.0|STATS |Total Features Read                                                      64375
2017-01-22 09:44:19| 736.9|  0.0|STATS |=-=-=-=-=-=-=-=-=-=-=-=-=-=-=-=-=-=-=-=-=-=-=-=-=-=-=-=-=-=-=-=-=-=-=-=-=-=-=-
2017-01-22 09:44:19| 736.9|  0.0|STATS |=-=-=-=-=-=-=-=-=-=-=-=-=-=-=-=-=-=-=-=-=-=-=-=-=-=-=-=-=-=-=-=-=-=-=-=-=-=-=-
2017-01-22 09:44:19| 736.9|  0.0|STATS |                           Features Written Summary
2017-01-22 09:44:19| 736.9|  0.0|STATS |=-=-=-=-=-=-=-=-=-=-=-=-=-=-=-=-=-=-=-=-=-=-=-=-=-=-=-=-=-=-=-=-=-=-=-=-=-=-=-
2017-01-22 09:44:19| 736.9|  0.0|STATS |Ikke-unike nummer                                                         3799
2017-01-22 09:44:19| 736.9|  0.0|STATS |antall endres                                                              789
2017-01-22 09:44:19| 736.9|  0.0|STATS |unike nummer                                                               345
2017-01-22 09:44:19| 736.9|  0.0|STATS |==============================================================================
2017-01-22 09:44:19| 736.9|  0.0|STATS |Total Features Written                                                    4933
2017-01-22 09:44:19| 736.9|  0.0|STATS |=-=-=-=-=-=-=-=-=-=-=-=-=-=-=-=-=-=-=-=-=-=-=-=-=-=-=-=-=-=-=-=-=-=-=-=-=-=-=-
2017-01-22 09:44:19| 736.9|  0.0|INFORM|Translation was SUCCESSFUL with 6 warning(s) (4933 feature(s) output)
2017-01-22 09:44:19| 736.9|  0.0|INFORM|FME Session Duration: 34 minutes 50.8 seconds. (CPU: 687.2s user, 49.5s system)
2017-01-22 09:44:19| 736.9|  0.0|INFORM|END - ProcessID: 12760, peak process memory usage: 6314100 kB, current process memory usage: 1477708 kB
