2017-01-25 13:27:35|   0.0|  0.0|INFORM|FME 2016.1.0.0 Beta (20160329 - Build 16481 - WIN64)
2017-01-25 13:27:35|   0.0|  0.0|INFORM|FME_HOME is 'C:\Program Files\FME2016.1\64\'
2017-01-25 13:27:35|   0.0|  0.0|INFORM|FME ESRI Edition (node locked-crc)
2017-01-25 13:27:35|   0.0|  0.0|INFORM|Serial Number: S0601A0917
2017-01-25 13:27:35|   0.0|  0.0|INFORM|Permanent License.
2017-01-25 13:27:35|   0.0|  0.0|INFORM|Machine host name is: SVV-55247
2017-01-25 13:27:35|   0.0|  0.0|INFORM|START - ProcessID: 11788, peak process memory usage: 32396 kB, current process memory usage: 32396 kB
2017-01-25 13:27:35|   0.0|  0.0|INFORM|FME Configuration: Command line arguments are `C:\Program Files\FME2016.1\64\fme.exe' `C:/DATA/GitHub/VegnettKvalitet/Fylkesvegnummer/FMW\wb-xlate-1485347254735_14264' `LOG_STANDARDOUT' `YES' `LogCountServerName' `{8454060a-ee15-4e10-8bdb-45d5b6b5adc8}' `DEBUG_PORT' `65211'
2017-01-25 13:27:35|   0.1|  0.0|INFORM|Shared folders for formats are : C:\Program Files\FME2016.1\64\datasources;C:\Users\knjetl\AppData\Roaming\Safe Software\FME\FME Store\Formats;\\SVV1P04AUSER01\KNJETL$\documents\FME\Formats
2017-01-25 13:27:35|   0.1|  0.0|INFORM|Shared folders for transformers are : C:\Program Files\FME2016.1\64\transformers;C:\Users\knjetl\AppData\Roaming\Safe Software\FME\FME Store\Transformers;\\SVV1P04AUSER01\KNJETL$\documents\FME\Transformers
2017-01-25 13:27:35|   0.1|  0.0|INFORM|Shared folders for coordinate systems are : \\SVV1P04AUSER01\KNJETL$\documents\FME\CoordinateSystems
2017-01-25 13:27:35|   0.1|  0.0|INFORM|Shared folders for coordinate system exceptions are : \\SVV1P04AUSER01\KNJETL$\documents\FME\CoordinateSystemExceptions
2017-01-25 13:27:35|   0.1|  0.0|INFORM|Shared folders for coordinate system grid overrides are : \\SVV1P04AUSER01\KNJETL$\documents\FME\CoordinateSystemGridOverrides
2017-01-25 13:27:35|   0.1|  0.0|INFORM|Shared folders for CS-MAP transformation exceptions are : \\SVV1P04AUSER01\KNJETL$\documents\FME\CsmapTransformationExceptions
2017-01-25 13:27:35|   0.1|  0.0|INFORM|Shared folders for transformer categories are : \\SVV1P04AUSER01\KNJETL$\documents\FME\TransformerCategories
2017-01-25 13:27:35|   0.1|  0.0|INFORM|FME Configuration: Reader Keyword is `XLSXR_1'
2017-01-25 13:27:35|   0.1|  0.0|INFORM|FME Configuration: Writer Keyword is `MULTI_WRITER'
2017-01-25 13:27:35|   0.1|  0.0|INFORM|FME Configuration: Writer Group Definition Keyword is `MULTI_WRITER_DEF'
2017-01-25 13:27:35|   0.1|  0.0|INFORM|FME Configuration: Reader type is `XLSXR'
2017-01-25 13:27:35|   0.1|  0.0|INFORM|FME Configuration: Writer type is `MULTI_WRITER'
2017-01-25 13:27:35|   0.1|  0.0|INFORM|FME Configuration: No destination coordinate system set
2017-01-25 13:27:35|   0.1|  0.0|INFORM|FME Configuration: Current working folder is `C:\DATA\GitHub\VegnettKvalitet\Fylkesvegnummer\FMW'
2017-01-25 13:27:35|   0.1|  0.0|INFORM|FME Configuration: Temporary folder is `C:\Users\knjetl\AppData\Local\Temp'
2017-01-25 13:27:35|   0.1|  0.0|INFORM|FME Configuration: FME_HOME is `C:\Program Files\FME2016.1\64\'
2017-01-25 13:27:35|   0.1|  0.0|INFORM|FME Configuration: FME_BASE is 'no'
2017-01-25 13:27:35|   0.1|  0.0|INFORM|FME Configuration: FME_MF_DIR is 'C:\DATA\GitHub\VegnettKvalitet\Fylkesvegnummer\FMW/'
2017-01-25 13:27:35|   0.1|  0.0|INFORM|FME Configuration: FME_MF_NAME is 'Primære fylkesveger flere fylker.fmw'
2017-01-25 13:27:35|   0.1|  0.0|INFORM|FME Configuration: FME_PRODUCT_NAME is 'FME(R) 2016.1.0.0'
2017-01-25 13:27:35|   0.1|  0.0|INFORM|System Status: 204.21 GB of disk space available in the FME temporary folder (C:\Users\knjetl\AppData\Local\Temp)
2017-01-25 13:27:35|   0.1|  0.0|INFORM|System Status: 8.00 TB of virtual memory available
2017-01-25 13:27:35|   0.1|  0.0|INFORM|Operating System: Microsoft Windows 7 64-bit Service Pack 1 (Build 7601)
2017-01-25 13:27:35|   0.1|  0.0|INFORM|FME Platform: WIN64
2017-01-25 13:27:35|   0.1|  0.0|INFORM|Locale: nb_NO
2017-01-25 13:27:35|   0.1|  0.0|INFORM|Code Page: 1252  (ANSI - latin I)
2017-01-25 13:27:35|   0.1|  0.0|INFORM|FME Configuration: Process limits are 31.91 GB of physical memory and 8.00 TB of address space
2017-01-25 13:27:35|   0.1|  0.0|INFORM|FME Configuration: Start freeing memory when process usage exceeds 95.72 GB of memory or 8.00 TB of address space
2017-01-25 13:27:35|   0.1|  0.0|INFORM|FME Configuration: Stop freeing memory when process usage is below 71.79 GB of memory and 6.00 TB of address space
2017-01-25 13:27:35|   0.1|  0.0|INFORM|Creating writer for format: 
2017-01-25 13:27:35|   0.1|  0.0|INFORM|Creating reader for format: Microsoft Excel
2017-01-25 13:27:35|   0.1|  0.0|INFORM|Trying to find a DYNAMIC plugin for reader named `XLSXR'
2017-01-25 13:27:35|   0.1|  0.0|INFORM|Loaded module 'XLSXR' from file 'C:\Program Files\FME2016.1\64\plugins/xlsx.dll'
2017-01-25 13:27:35|   0.1|  0.0|INFORM|FME API version of module 'XLSXR' matches current internal version (3.8 20160224)
2017-01-25 13:27:35|   0.1|  0.0|INFORM|Using MultiWriter $Revision$ ( $Date$ ) with keyword `MULTI_WRITER' to output data (ID_ATTRIBUTE is `multi_writer_id')
2017-01-25 13:27:35|   0.1|  0.0|INFORM|Writer output will be ordered by value of multi_writer_id
2017-01-25 13:27:35|   0.1|  0.0|INFORM|Loaded module 'LogCount_func' from file 'C:\Program Files\FME2016.1\64\plugins/LogCount_func.dll'
2017-01-25 13:27:35|   0.1|  0.0|INFORM|FME API version of module 'LogCount_func' matches current internal version (3.8 20160224)
2017-01-25 13:27:35|   0.1|  0.0|INFORM|Creating writer for format: FME Feature Store (FFS)
2017-01-25 13:27:35|   0.1|  0.0|INFORM|FME Configuration: No destination coordinate system set
2017-01-25 13:27:35|   0.1|  0.0|INFORM|Loaded module 'BreakpointFactory' from file 'C:\Program Files\FME2016.1\64\plugins/BreakpointFactory.dll'
2017-01-25 13:27:35|   0.1|  0.0|INFORM|FME API version of module 'BreakpointFactory' matches current internal version (3.8 20160224)
2017-01-25 13:27:35|   0.1|  0.0|INFORM|Feature Inspection module initialized. Workbench@65211 and FME@65282
2017-01-25 13:27:35|   0.1|  0.0|INFORM|FME API version of module 'BreakpointFactory' matches current internal version (3.8 20160224)
2017-01-25 13:27:35|   0.1|  0.0|INFORM|... Last line repeated 4 times ...
2017-01-25 13:27:35|   0.1|  0.0|INFORM|Excel Reader: Output cell formulas: 'false'
2017-01-25 13:27:35|   0.1|  0.0|INFORM|Excel Reader: Output cell comments: 'false'
2017-01-25 13:27:35|   0.1|  0.0|INFORM|Excel Reader: Force full datetime values: 'false'
2017-01-25 13:27:35|   0.1|  0.0|INFORM|Excel Reader: Opening dataset 'C:\DATA\GitHub\VegnettKvalitet\Fylkesvegnummer\Data\Fylkesvegnummer.xlsx'...
2017-01-25 13:27:36|   0.3|  0.2|INFORM|Excel Reader: Reading sheet 'Fylkesveger'...
2017-01-25 13:27:36|   0.3|  0.0|INFORM|Excel Reader: Sheet 'Fylkesveger' range: Start Row '1', Start Column '1', End Row '3896', End Column '6'
2017-01-25 13:27:36|   0.4|  0.1|INFORM|Reading source feature # 2500
2017-01-25 13:27:36|   0.4|  0.0|INFORM|Emptying factory pipeline
2017-01-25 13:27:36|   0.4|  0.0|STATS |Router and Unexpected Input Remover(RoutingFactory): Tested 3895 input feature(s), wrote 3895 output feature(s): 3895 matched merge filters, 3895 were routed to output, 0 could not be routed.
2017-01-25 13:27:36|   0.4|  0.0|STATS |Unexpected Input Remover Nuker(TeeFactory): Cloned 0 input feature(s) into 0 output feature(s)
2017-01-25 13:27:36|   0.4|  0.0|STATS |Fylkesveger (XLSXR_1) Splitter(TeeFactory): Cloned 3895 input feature(s) into 3895 output feature(s)
2017-01-25 13:27:36|   0.4|  0.0|STATS |TestFilter(TeeFactory): Cloned 3895 input feature(s) into 3895 output feature(s)
2017-01-25 13:27:36|   0.4|  0.0|STATS |TestFilter_TestFactory_0(TestFactory): Tested 3895 input feature(s) -- 492 feature(s) passed and 3403 feature(s) failed
2017-01-25 13:27:36|   0.4|  0.0|STATS |TestFilter_<lt>UNFILTERED<gt>(TeeFactory): Cloned 3403 input feature(s) into 3403 output feature(s)
2017-01-25 13:27:36|   0.4|  0.0|STATS |TestFilter Prim<u00e6>re<space>fylkesveger Splitter(TeeFactory): Cloned 492 input feature(s) into 984 output feature(s)
2017-01-25 13:27:36|   0.4|  0.0|STATS |TestFilter <lt>UNFILTERED<gt> Output Nuker(TeeFactory): Cloned 3403 input feature(s) into 0 output feature(s)
2017-01-25 13:27:36|   0.4|  0.0|STATS |Aggregator(AggregateFactory): Combined 492 input feature(s) into 424 output feature(s), including 0 singleton(s)
2017-01-25 13:27:36|   0.4|  0.0|INFORM|Creating writer for format: Microsoft Excel
2017-01-25 13:27:36|   0.4|  0.0|INFORM|Trying to find a DYNAMIC plugin for writer named `XLSXW'
2017-01-25 13:27:36|   0.4|  0.0|INFORM|FME API version of module 'XLSXW' matches current internal version (3.8 20160224)
2017-01-25 13:27:36|   0.4|  0.0|INFORM|FME Configuration: No destination coordinate system set
2017-01-25 13:27:36|   0.4|  0.0|INFORM|FME API version of module 'XLSXW' matches current internal version (3.8 20160224)
2017-01-25 13:27:36|   0.4|  0.0|INFORM|Writer `XLSXW_1' of type `XLSXW' using group definition keyword `XLSXW_1_DEF'
2017-01-25 13:27:36|   0.4|  0.0|INFORM|FME API version of module 'XLSXW' matches current internal version (3.8 20160224)
2017-01-25 13:27:36|   0.4|  0.0|INFORM|Excel Writer: Use Attribute Names As Column Positions is set to 'no' for sheet 'Fylkesveger' in dataset 'C:\DATA\GitHub\VegnettKvalitet\Fylkesvegnummer\Data\Primære fylkesveger.xlsx' 
2017-01-25 13:27:36|   0.4|  0.0|INFORM|Excel Writer: Opening dataset 'C:\DATA\GitHub\VegnettKvalitet\Fylkesvegnummer\Data\Primære fylkesveger.xlsx'...
2017-01-25 13:27:36|   0.5|  0.1|INFORM|Excel Writer: Dropping sheet 'Fylkesveger'
2017-01-25 13:27:36|   0.5|  0.0|INFORM|Excel Writer: Sheet 'Fylkesveger' has writer mode 'INSERT'
2017-01-25 13:27:36|   0.5|  0.0|INFORM|Excel Writer: Sheet 'Fylkesveger' has Output field names set to 'yes'
2017-01-25 13:27:36|   0.5|  0.0|INFORM|Excel Writer: Sheet 'Fylkesveger' will start writing to row '1' and column '1' relative to its start location. Sheets have a starting location of row 1, column 1, named range starting locations can be specified
2017-01-25 13:27:36|   0.5|  0.0|INFORM|Excel Writer: Outputting field names for sheet 'Fylkesveger'
2017-01-25 13:27:36|   0.5|  0.0|STATS |FeatureMerger(ReferenceFactory): Total Results: 492 Complete Feature(s), 0 Incomplete Feature(s), 0 Referenced Feature(s), 0 Unreferenced Feature(s), 0 Referencer Feature(s) (NO REFERENCES), 0 Referencee Feature(s) (NO Referencee fields defined), and 0 Duplicate Referencee Feature(s)
2017-01-25 13:27:36|   0.5|  0.0|STATS |Destination Feature Type Routing Correlator(RoutingFactory): Tested 492 input feature(s), wrote 492 output feature(s): 0 matched merge filters, 492 were routed to output, 0 could not be routed.
2017-01-25 13:27:36|   0.5|  0.0|STATS |Final Output Nuker(TeeFactory): Cloned 0 input feature(s) into 0 output feature(s)
2017-01-25 13:27:36|   0.5|  0.0|INFORM|=-=-=-=-=-=-=-=-=-=-=-=-=-=-=-=-=-=-=-=-=-=-=-=-=-=-=-=-=-=-=-=-=-=-=-=-=-=-=-
2017-01-25 13:27:36|   0.5|  0.0|INFORM|Feature output statistics for `FFS' writer using keyword `W_1':
2017-01-25 13:27:36|   0.5|  0.0|STATS |=-=-=-=-=-=-=-=-=-=-=-=-=-=-=-=-=-=-=-=-=-=-=-=-=-=-=-=-=-=-=-=-=-=-=-=-=-=-=-
2017-01-25 13:27:36|   0.5|  0.0|STATS |                               Features Written
2017-01-25 13:27:36|   0.5|  0.0|STATS |=-=-=-=-=-=-=-=-=-=-=-=-=-=-=-=-=-=-=-=-=-=-=-=-=-=-=-=-=-=-=-=-=-=-=-=-=-=-=-
2017-01-25 13:27:36|   0.5|  0.0|STATS |==============================================================================
2017-01-25 13:27:36|   0.5|  0.0|STATS |Total Features Written                                                       0
2017-01-25 13:27:36|   0.5|  0.0|STATS |=-=-=-=-=-=-=-=-=-=-=-=-=-=-=-=-=-=-=-=-=-=-=-=-=-=-=-=-=-=-=-=-=-=-=-=-=-=-=-
2017-01-25 13:27:36|   0.5|  0.0|INFORM|Excel Writer: Saving changes to dataset 'C:\DATA\GitHub\VegnettKvalitet\Fylkesvegnummer\Data\Primære fylkesveger.xlsx'
2017-01-25 13:27:36|   0.5|  0.0|INFORM|Excel Writer: Closing dataset 'C:\DATA\GitHub\VegnettKvalitet\Fylkesvegnummer\Data\Primære fylkesveger.xlsx'...
2017-01-25 13:27:36|   0.5|  0.0|INFORM|=-=-=-=-=-=-=-=-=-=-=-=-=-=-=-=-=-=-=-=-=-=-=-=-=-=-=-=-=-=-=-=-=-=-=-=-=-=-=-
2017-01-25 13:27:36|   0.5|  0.0|INFORM|Feature output statistics for `XLSXW' writer using keyword `XLSXW_1':
2017-01-25 13:27:36|   0.5|  0.0|STATS |=-=-=-=-=-=-=-=-=-=-=-=-=-=-=-=-=-=-=-=-=-=-=-=-=-=-=-=-=-=-=-=-=-=-=-=-=-=-=-
2017-01-25 13:27:36|   0.5|  0.0|STATS |                               Features Written
2017-01-25 13:27:36|   0.5|  0.0|STATS |=-=-=-=-=-=-=-=-=-=-=-=-=-=-=-=-=-=-=-=-=-=-=-=-=-=-=-=-=-=-=-=-=-=-=-=-=-=-=-
2017-01-25 13:27:36|   0.5|  0.0|STATS |Fylkesveger                                                                492
2017-01-25 13:27:36|   0.5|  0.0|STATS |==============================================================================
2017-01-25 13:27:36|   0.5|  0.0|STATS |Total Features Written                                                     492
2017-01-25 13:27:36|   0.5|  0.0|STATS |=-=-=-=-=-=-=-=-=-=-=-=-=-=-=-=-=-=-=-=-=-=-=-=-=-=-=-=-=-=-=-=-=-=-=-=-=-=-=-
2017-01-25 13:27:36|   0.5|  0.0|STATS |=-=-=-=-=-=-=-=-=-=-=-=-=-=-=-=-=-=-=-=-=-=-=-=-=-=-=-=-=-=-=-=-=-=-=-=-=-=-=-
2017-01-25 13:27:36|   0.5|  0.0|STATS |                            Features Read Summary
2017-01-25 13:27:36|   0.5|  0.0|STATS |=-=-=-=-=-=-=-=-=-=-=-=-=-=-=-=-=-=-=-=-=-=-=-=-=-=-=-=-=-=-=-=-=-=-=-=-=-=-=-
2017-01-25 13:27:36|   0.5|  0.0|STATS |Fylkesveger                                                               3895
2017-01-25 13:27:36|   0.5|  0.0|STATS |==============================================================================
2017-01-25 13:27:36|   0.5|  0.0|STATS |Total Features Read                                                       3895
2017-01-25 13:27:36|   0.5|  0.0|STATS |=-=-=-=-=-=-=-=-=-=-=-=-=-=-=-=-=-=-=-=-=-=-=-=-=-=-=-=-=-=-=-=-=-=-=-=-=-=-=-
2017-01-25 13:27:36|   0.5|  0.0|STATS |=-=-=-=-=-=-=-=-=-=-=-=-=-=-=-=-=-=-=-=-=-=-=-=-=-=-=-=-=-=-=-=-=-=-=-=-=-=-=-
2017-01-25 13:27:36|   0.5|  0.0|STATS |                           Features Written Summary
2017-01-25 13:27:36|   0.5|  0.0|STATS |=-=-=-=-=-=-=-=-=-=-=-=-=-=-=-=-=-=-=-=-=-=-=-=-=-=-=-=-=-=-=-=-=-=-=-=-=-=-=-
2017-01-25 13:27:36|   0.5|  0.0|STATS |Fylkesveger                                                                492
2017-01-25 13:27:36|   0.5|  0.0|STATS |==============================================================================
2017-01-25 13:27:36|   0.5|  0.0|STATS |Total Features Written                                                     492
2017-01-25 13:27:36|   0.5|  0.0|STATS |=-=-=-=-=-=-=-=-=-=-=-=-=-=-=-=-=-=-=-=-=-=-=-=-=-=-=-=-=-=-=-=-=-=-=-=-=-=-=-
2017-01-25 13:27:36|   0.5|  0.0|INFORM|Excel Reader: Closing dataset 'C:\DATA\GitHub\VegnettKvalitet\Fylkesvegnummer\Data\Fylkesvegnummer.xlsx'...
2017-01-25 13:27:36|   0.5|  0.0|INFORM|Translation was SUCCESSFUL with 0 warning(s) (492 feature(s) output)
2017-01-25 13:27:36|   0.5|  0.0|INFORM|FME Session Duration: 0.8 seconds. (CPU: 0.4s user, 0.1s system)
2017-01-25 13:27:36|   0.5|  0.0|INFORM|END - ProcessID: 11788, peak process memory usage: 73276 kB, current process memory usage: 73276 kB
