2017-01-24 14:17:33|   0.0|  0.0|INFORM|FME 2016.1.0.0 Beta (20160329 - Build 16481 - WIN64)
2017-01-24 14:17:33|   0.0|  0.0|INFORM|FME_HOME is 'C:\Program Files\FME2016.1\64\'
2017-01-24 14:17:33|   0.0|  0.0|INFORM|FME ESRI Edition (node locked-crc)
2017-01-24 14:17:33|   0.0|  0.0|INFORM|Serial Number: S0601A0917
2017-01-24 14:17:33|   0.0|  0.0|INFORM|Permanent License.
2017-01-24 14:17:33|   0.0|  0.0|INFORM|Machine host name is: SVV-55247
2017-01-24 14:17:33|   0.0|  0.0|INFORM|START - ProcessID: 12616, peak process memory usage: 32836 kB, current process memory usage: 32836 kB
2017-01-24 14:17:33|   0.0|  0.0|INFORM|FME Configuration: Command line arguments are `C:\Program Files\FME2016.1\64\fme.exe' `C:/DATA/GitHub/VegnettKvalitet/Fylkesvegnummer/FMW\wb-xlate-1485263852197_5024' `LOG_STANDARDOUT' `YES' `LogCountServerName' `{cec8c723-c0d5-461f-a392-e1f289aaa4ec}' `DEBUG_PORT' `64251'
2017-01-24 14:17:33|   0.1|  0.0|INFORM|Shared folders for formats are : C:\Program Files\FME2016.1\64\datasources;C:\Users\knjetl\AppData\Roaming\Safe Software\FME\FME Store\Formats;\\SVV1P04AUSER01\KNJETL$\documents\FME\Formats
2017-01-24 14:17:33|   0.1|  0.0|INFORM|Shared folders for transformers are : C:\Program Files\FME2016.1\64\transformers;C:\Users\knjetl\AppData\Roaming\Safe Software\FME\FME Store\Transformers;\\SVV1P04AUSER01\KNJETL$\documents\FME\Transformers
2017-01-24 14:17:33|   0.1|  0.0|INFORM|Shared folders for coordinate systems are : \\SVV1P04AUSER01\KNJETL$\documents\FME\CoordinateSystems
2017-01-24 14:17:33|   0.1|  0.0|INFORM|Shared folders for coordinate system exceptions are : \\SVV1P04AUSER01\KNJETL$\documents\FME\CoordinateSystemExceptions
2017-01-24 14:17:33|   0.1|  0.0|INFORM|Shared folders for coordinate system grid overrides are : \\SVV1P04AUSER01\KNJETL$\documents\FME\CoordinateSystemGridOverrides
2017-01-24 14:17:33|   0.1|  0.0|INFORM|Shared folders for CS-MAP transformation exceptions are : \\SVV1P04AUSER01\KNJETL$\documents\FME\CsmapTransformationExceptions
2017-01-24 14:17:33|   0.1|  0.0|INFORM|Shared folders for transformer categories are : \\SVV1P04AUSER01\KNJETL$\documents\FME\TransformerCategories
2017-01-24 14:17:33|   0.1|  0.0|INFORM|FME Configuration: Reader Keyword is `XLSXR_2'
2017-01-24 14:17:33|   0.1|  0.0|INFORM|FME Configuration: Writer Keyword is `MULTI_WRITER'
2017-01-24 14:17:33|   0.1|  0.0|INFORM|FME Configuration: Writer Group Definition Keyword is `MULTI_WRITER_DEF'
2017-01-24 14:17:33|   0.1|  0.0|INFORM|FME Configuration: Reader type is `XLSXR'
2017-01-24 14:17:33|   0.1|  0.0|INFORM|FME Configuration: Writer type is `MULTI_WRITER'
2017-01-24 14:17:33|   0.1|  0.0|INFORM|FME Configuration: No destination coordinate system set
2017-01-24 14:17:33|   0.1|  0.0|INFORM|FME Configuration: Current working folder is `C:\DATA\GitHub\VegnettKvalitet\Fylkesvegnummer\FMW'
2017-01-24 14:17:33|   0.1|  0.0|INFORM|FME Configuration: Temporary folder is `C:\Users\knjetl\AppData\Local\Temp'
2017-01-24 14:17:33|   0.1|  0.0|INFORM|FME Configuration: FME_HOME is `C:\Program Files\FME2016.1\64\'
2017-01-24 14:17:33|   0.1|  0.0|INFORM|FME Configuration: FME_BASE is 'no'
2017-01-24 14:17:33|   0.1|  0.0|INFORM|FME Configuration: FME_MF_DIR is 'C:\DATA\GitHub\VegnettKvalitet\Fylkesvegnummer\FMW/'
2017-01-24 14:17:33|   0.1|  0.0|INFORM|FME Configuration: FME_MF_NAME is 'xlsxr2xlsxw.fmw'
2017-01-24 14:17:33|   0.1|  0.0|INFORM|FME Configuration: FME_PRODUCT_NAME is 'FME(R) 2016.1.0.0'
2017-01-24 14:17:33|   0.1|  0.0|INFORM|System Status: 205.86 GB of disk space available in the FME temporary folder (C:\Users\knjetl\AppData\Local\Temp)
2017-01-24 14:17:33|   0.1|  0.0|INFORM|System Status: 8.00 TB of virtual memory available
2017-01-24 14:17:33|   0.1|  0.0|INFORM|Operating System: Microsoft Windows 7 64-bit Service Pack 1 (Build 7601)
2017-01-24 14:17:33|   0.1|  0.0|INFORM|FME Platform: WIN64
2017-01-24 14:17:33|   0.1|  0.0|INFORM|Locale: nb_NO
2017-01-24 14:17:33|   0.1|  0.0|INFORM|Code Page: 1252  (ANSI - latin I)
2017-01-24 14:17:33|   0.1|  0.0|INFORM|FME Configuration: Process limits are 31.91 GB of physical memory and 8.00 TB of address space
2017-01-24 14:17:33|   0.1|  0.0|INFORM|FME Configuration: Start freeing memory when process usage exceeds 95.72 GB of memory or 8.00 TB of address space
2017-01-24 14:17:33|   0.1|  0.0|INFORM|FME Configuration: Stop freeing memory when process usage is below 71.79 GB of memory and 6.00 TB of address space
2017-01-24 14:17:33|   0.1|  0.0|INFORM|Creating writer for format: 
2017-01-24 14:17:33|   0.1|  0.0|INFORM|Creating reader for format: Microsoft Excel
2017-01-24 14:17:33|   0.1|  0.0|INFORM|Trying to find a DYNAMIC plugin for reader named `XLSXR'
2017-01-24 14:17:33|   0.1|  0.0|INFORM|Loaded module 'XLSXR' from file 'C:\Program Files\FME2016.1\64\plugins/xlsx.dll'
2017-01-24 14:17:33|   0.1|  0.0|INFORM|FME API version of module 'XLSXR' matches current internal version (3.8 20160224)
2017-01-24 14:17:33|   0.1|  0.0|INFORM|Using MultiWriter $Revision$ ( $Date$ ) with keyword `MULTI_WRITER' to output data (ID_ATTRIBUTE is `multi_writer_id')
2017-01-24 14:17:33|   0.1|  0.0|INFORM|Writer output will be ordered by value of multi_writer_id
2017-01-24 14:17:33|   0.1|  0.0|INFORM|Loaded module 'LogCount_func' from file 'C:\Program Files\FME2016.1\64\plugins/LogCount_func.dll'
2017-01-24 14:17:33|   0.1|  0.0|INFORM|FME API version of module 'LogCount_func' matches current internal version (3.8 20160224)
2017-01-24 14:17:33|   0.1|  0.0|INFORM|Creating writer for format: FME Feature Store (FFS)
2017-01-24 14:17:33|   0.2|  0.0|INFORM|FME Configuration: No destination coordinate system set
2017-01-24 14:17:33|   0.2|  0.0|INFORM|Loaded module 'BreakpointFactory' from file 'C:\Program Files\FME2016.1\64\plugins/BreakpointFactory.dll'
2017-01-24 14:17:33|   0.2|  0.0|INFORM|FME API version of module 'BreakpointFactory' matches current internal version (3.8 20160224)
2017-01-24 14:17:33|   0.2|  0.0|INFORM|Feature Inspection module initialized. Workbench@64251 and FME@50577
2017-01-24 14:17:33|   0.2|  0.0|INFORM|FME API version of module 'BreakpointFactory' matches current internal version (3.8 20160224)
2017-01-24 14:17:33|   0.2|  0.0|INFORM|... Last line repeated 18 times ...
2017-01-24 14:17:33|   0.2|  0.0|INFORM|Loaded module 'AttributeFilterFactory' from file 'C:\Program Files\FME2016.1\64\plugins/AttributeFilterFactory.dll'
2017-01-24 14:17:33|   0.2|  0.0|INFORM|FME API version of module 'AttributeFilterFactory' matches current internal version (3.8 20160224)
2017-01-24 14:17:33|   0.2|  0.0|INFORM|FME API version of module 'BreakpointFactory' matches current internal version (3.8 20160224)
2017-01-24 14:17:33|   0.2|  0.0|INFORM|FME API version of module 'BreakpointFactory' matches current internal version (3.8 20160224)
2017-01-24 14:17:33|   0.2|  0.0|INFORM|Excel Reader: Output cell formulas: 'false'
2017-01-24 14:17:33|   0.2|  0.0|INFORM|Excel Reader: Output cell comments: 'false'
2017-01-24 14:17:33|   0.2|  0.0|INFORM|Excel Reader: Force full datetime values: 'false'
2017-01-24 14:17:33|   0.2|  0.0|INFORM|Excel Reader: Opening dataset 'C:\DATA\GitHub\VegnettKvalitet\Fylkesvegnummer\Data\20170122_Fylkesvegnummer.xlsx'...
2017-01-24 14:17:33|   0.2|  0.1|INFORM|Excel Reader: Reading sheet 'Ikke-unike nummer'...
2017-01-24 14:17:33|   0.2|  0.0|INFORM|Excel Reader: Sheet 'Ikke-unike nummer' range: Start Row '1', Start Column '1', End Row '3800', End Column '5'
2017-01-24 14:17:33|   0.5|  0.2|INFORM|Reading source feature # 2500
2017-01-24 14:17:34|   0.5|  0.1|INFORM|Excel Reader: Reading sheet 'unike nummer'...
2017-01-24 14:17:34|   0.5|  0.0|INFORM|Excel Reader: Sheet 'unike nummer' range: Start Row '1', Start Column '1', End Row '346', End Column '13'
2017-01-24 14:17:34|   0.6|  0.0|INFORM|Emptying factory pipeline
2017-01-24 14:17:34|   0.6|  0.0|STATS |Router and Unexpected Input Remover(RoutingFactory): Tested 4144 input feature(s), wrote 4144 output feature(s): 4144 matched merge filters, 4144 were routed to output, 0 could not be routed.
2017-01-24 14:17:34|   0.6|  0.0|STATS |Unexpected Input Remover Nuker(TeeFactory): Cloned 0 input feature(s) into 0 output feature(s)
2017-01-24 14:17:34|   0.6|  0.0|STATS |unike nummer (XLSXR_2) Splitter(TeeFactory): Cloned 345 input feature(s) into 345 output feature(s)
2017-01-24 14:17:34|   0.6|  0.0|STATS |Ikke-unike nummer (XLSXR_2) Splitter(TeeFactory): Cloned 3799 input feature(s) into 7598 output feature(s)
2017-01-24 14:17:34|   0.6|  0.1|STATS |FeatureMerger(ReferenceFactory): Total Results: 189 Complete Feature(s), 0 Incomplete Feature(s), 189 Referenced Feature(s), 156 Unreferenced Feature(s), 0 Referencer Feature(s) (NO REFERENCES), 0 Referencee Feature(s) (NO Referencee fields defined), and 0 Duplicate Referencee Feature(s)
2017-01-24 14:17:34|   0.6|  0.0|STATS |FeatureMerger_UNREFERENCED_-__AttributeManager_3_OUTPUT_-__AttributeManager_4(TeeFactory): Cloned 156 input feature(s) into 156 output feature(s)
2017-01-24 14:17:34|   0.6|  0.0|STATS |AttributeManager_3_OUTPUT_-__AttributeManager_4(TeeFactory): Cloned 4144 input feature(s) into 4144 output feature(s)
2017-01-24 14:17:34|   0.6|  0.0|STATS |TestFilter_3(TeeFactory): Cloned 4144 input feature(s) into 4144 output feature(s)
2017-01-24 14:17:34|   0.6|  0.0|STATS |TestFilter_3_TestFactory_0(TestFactory): Tested 4144 input feature(s) -- 19 feature(s) passed and 4125 feature(s) failed
2017-01-24 14:17:34|   0.6|  0.0|STATS |TestFilter_3_<lt>UNFILTERED<gt>(TeeFactory): Cloned 4125 input feature(s) into 4125 output feature(s)
2017-01-24 14:17:34|   0.6|  0.0|STATS |TestFilter_3 fiktive Output Nuker(TeeFactory): Cloned 19 input feature(s) into 0 output feature(s)
2017-01-24 14:17:34|   0.6|  0.0|STATS |TestFilter_3 <lt>UNFILTERED<gt> Splitter(TeeFactory): Cloned 4125 input feature(s) into 8250 output feature(s)
2017-01-24 14:17:34|   0.6|  0.0|STATS |TestFilter(TeeFactory): Cloned 4125 input feature(s) into 4125 output feature(s)
2017-01-24 14:17:34|   0.6|  0.0|STATS |TestFilter_TestFactory_0(TestFactory): Tested 4125 input feature(s) -- 492 feature(s) passed and 3633 feature(s) failed
2017-01-24 14:17:34|   0.6|  0.0|STATS |TestFilter_<lt>UNFILTERED<gt>(TeeFactory): Cloned 3633 input feature(s) into 3633 output feature(s)
2017-01-24 14:17:34|   0.6|  0.0|STATS |TestFilter PFV Splitter(TeeFactory): Cloned 492 input feature(s) into 984 output feature(s)
2017-01-24 14:17:34|   0.6|  0.0|STATS |TestFilter <lt>UNFILTERED<gt> Output Nuker(TeeFactory): Cloned 3633 input feature(s) into 0 output feature(s)
2017-01-24 14:17:34|   0.6|  0.0|STATS |TestFilter_2(TeeFactory): Cloned 4125 input feature(s) into 4125 output feature(s)
2017-01-24 14:17:34|   0.6|  0.0|STATS |TestFilter_2_TestFactory_0(TestFactory): Tested 4125 input feature(s) -- 3633 feature(s) passed and 492 feature(s) failed
2017-01-24 14:17:34|   0.6|  0.0|STATS |TestFilter_2_<lt>UNFILTERED<gt>(TeeFactory): Cloned 492 input feature(s) into 492 output feature(s)
2017-01-24 14:17:34|   0.6|  0.0|STATS |TestFilter_2 <lt>UNFILTERED<gt> Output Nuker(TeeFactory): Cloned 492 input feature(s) into 0 output feature(s)
2017-01-24 14:17:34|   0.7|  0.0|STATS |FeatureMerger_2(ReferenceFactory): Total Results: 230 Complete Feature(s), 0 Incomplete Feature(s), 230 Referenced Feature(s), 3403 Unreferenced Feature(s), 0 Referencer Feature(s) (NO REFERENCES), 0 Referencee Feature(s) (NO Referencee fields defined), and 0 Duplicate Referencee Feature(s)
2017-01-24 14:17:34|   0.7|  0.0|INFORM|Creating writer for format: Microsoft Excel
2017-01-24 14:17:34|   0.7|  0.0|INFORM|Trying to find a DYNAMIC plugin for writer named `XLSXW'
2017-01-24 14:17:34|   0.7|  0.0|INFORM|FME API version of module 'XLSXW' matches current internal version (3.8 20160224)
2017-01-24 14:17:34|   0.7|  0.0|INFORM|FME Configuration: No destination coordinate system set
2017-01-24 14:17:34|   0.7|  0.0|INFORM|FME API version of module 'XLSXW' matches current internal version (3.8 20160224)
2017-01-24 14:17:34|   0.7|  0.0|INFORM|Writer `XLSXW_1' of type `XLSXW' using group definition keyword `XLSXW_1_DEF'
2017-01-24 14:17:34|   0.7|  0.0|INFORM|FME API version of module 'XLSXW' matches current internal version (3.8 20160224)
2017-01-24 14:17:34|   0.7|  0.0|INFORM|Excel Writer: Use Attribute Names As Column Positions is set to 'no' for sheet 'antall endres' in dataset 'C:\DATA\GitHub\VegnettKvalitet\Fylkesvegnummer\Data\Fylkesvegnummer.xlsx' 
2017-01-24 14:17:34|   0.7|  0.0|INFORM|Excel Writer: Use Attribute Names As Column Positions is set to 'no' for sheet 'Ikke-unike nummer' in dataset 'C:\DATA\GitHub\VegnettKvalitet\Fylkesvegnummer\Data\Fylkesvegnummer.xlsx' 
2017-01-24 14:17:34|   0.7|  0.0|INFORM|Excel Writer: Use Attribute Names As Column Positions is set to 'no' for sheet 'unike nummer' in dataset 'C:\DATA\GitHub\VegnettKvalitet\Fylkesvegnummer\Data\Fylkesvegnummer.xlsx' 
2017-01-24 14:17:34|   0.7|  0.0|INFORM|Excel Writer: Deleted existing destination file 'C:\DATA\GitHub\VegnettKvalitet\Fylkesvegnummer\Data\Fylkesvegnummer.xlsx'
2017-01-24 14:17:34|   0.7|  0.0|INFORM|Excel Writer: Opening dataset 'C:\DATA\GitHub\VegnettKvalitet\Fylkesvegnummer\Data\Fylkesvegnummer.xlsx'...
2017-01-24 14:17:34|   0.7|  0.0|INFORM|Excel Writer: Sheet 'Ikke-unike nummer' has writer mode 'INSERT'
2017-01-24 14:17:34|   0.7|  0.0|INFORM|Excel Writer: Sheet 'Ikke-unike nummer' has Output field names set to 'yes'
2017-01-24 14:17:34|   0.7|  0.0|INFORM|Excel Writer: Sheet 'Ikke-unike nummer' will start writing to row '1' and column '1' relative to its start location. Sheets have a starting location of row 1, column 1, named range starting locations can be specified
2017-01-24 14:17:34|   0.7|  0.0|INFORM|Excel Writer: Outputting field names for sheet 'Ikke-unike nummer'
2017-01-24 14:17:34|   0.7|  0.0|INFORM|Excel Writer: Sheet 'unike nummer' has writer mode 'INSERT'
2017-01-24 14:17:34|   0.7|  0.0|INFORM|Excel Writer: Sheet 'unike nummer' has Output field names set to 'yes'
2017-01-24 14:17:34|   0.7|  0.0|INFORM|Excel Writer: Sheet 'unike nummer' will start writing to row '1' and column '1' relative to its start location. Sheets have a starting location of row 1, column 1, named range starting locations can be specified
2017-01-24 14:17:34|   0.7|  0.0|INFORM|Excel Writer: Outputting field names for sheet 'unike nummer'
2017-01-24 14:17:34|   1.0|  0.3|STATS |Aggregator(AggregateFactory): Combined 4125 input feature(s) into 3895 output feature(s), including 0 singleton(s)
2017-01-24 14:17:34|   1.0|  0.0|STATS |Aggregator AGGREGATE Splitter(TeeFactory): Cloned 3895 input feature(s) into 7790 output feature(s)
2017-01-24 14:17:34|   1.0|  0.0|INFORM|Excel Writer: Sheet 'antall endres' has writer mode 'INSERT'
2017-01-24 14:17:34|   1.0|  0.0|INFORM|Excel Writer: Sheet 'antall endres' has Output field names set to 'yes'
2017-01-24 14:17:34|   1.0|  0.0|INFORM|Excel Writer: Sheet 'antall endres' will start writing to row '1' and column '1' relative to its start location. Sheets have a starting location of row 1, column 1, named range starting locations can be specified
2017-01-24 14:17:34|   1.0|  0.0|INFORM|Excel Writer: Outputting field names for sheet 'antall endres'
2017-01-24 14:17:34|   1.1|  0.1|STATS |Aggregator_3(AggregateFactory): Combined 3895 input feature(s) into 937 output feature(s), including 0 singleton(s)
2017-01-24 14:17:34|   1.1|  0.0|STATS |AttributeFilter(TeeFactory): Cloned 3895 input feature(s) into 3895 output feature(s)
2017-01-24 14:17:34|   1.1|  0.0|STATS |AttributeFilter <EMPTY> Output Nuker(TeeFactory): Cloned 0 input feature(s) into 0 output feature(s)
2017-01-24 14:17:34|   1.1|  0.0|STATS |AttributeFilter <MISSING> Output Nuker(TeeFactory): Cloned 0 input feature(s) into 0 output feature(s)
2017-01-24 14:17:34|   1.1|  0.0|STATS |AttributeFilter <NULL> Output Nuker(TeeFactory): Cloned 0 input feature(s) into 0 output feature(s)
2017-01-24 14:17:34|   1.1|  0.0|STATS |AttributeFilter <UNFILTERED> Output Nuker(TeeFactory): Cloned 0 input feature(s) into 0 output feature(s)
2017-01-24 14:17:34|   1.1|  0.0|STATS |Destination Feature Type Routing Correlator(RoutingFactory): Tested 4832 input feature(s), wrote 4832 output feature(s): 0 matched merge filters, 4832 were routed to output, 0 could not be routed.
2017-01-24 14:17:34|   1.1|  0.0|STATS |Final Output Nuker(TeeFactory): Cloned 0 input feature(s) into 0 output feature(s)
2017-01-24 14:17:34|   1.1|  0.0|INFORM|=-=-=-=-=-=-=-=-=-=-=-=-=-=-=-=-=-=-=-=-=-=-=-=-=-=-=-=-=-=-=-=-=-=-=-=-=-=-=-
2017-01-24 14:17:34|   1.1|  0.0|INFORM|Feature output statistics for `FFS' writer using keyword `W_1':
2017-01-24 14:17:34|   1.1|  0.0|STATS |=-=-=-=-=-=-=-=-=-=-=-=-=-=-=-=-=-=-=-=-=-=-=-=-=-=-=-=-=-=-=-=-=-=-=-=-=-=-=-
2017-01-24 14:17:34|   1.1|  0.0|STATS |                               Features Written
2017-01-24 14:17:34|   1.1|  0.0|STATS |=-=-=-=-=-=-=-=-=-=-=-=-=-=-=-=-=-=-=-=-=-=-=-=-=-=-=-=-=-=-=-=-=-=-=-=-=-=-=-
2017-01-24 14:17:34|   1.1|  0.0|STATS |==============================================================================
2017-01-24 14:17:34|   1.1|  0.0|STATS |Total Features Written                                                       0
2017-01-24 14:17:34|   1.1|  0.0|STATS |=-=-=-=-=-=-=-=-=-=-=-=-=-=-=-=-=-=-=-=-=-=-=-=-=-=-=-=-=-=-=-=-=-=-=-=-=-=-=-
2017-01-24 14:17:34|   1.1|  0.0|INFORM|Excel Writer: Saving changes to dataset 'C:\DATA\GitHub\VegnettKvalitet\Fylkesvegnummer\Data\Fylkesvegnummer.xlsx'
2017-01-24 14:17:34|   1.1|  0.1|INFORM|Excel Writer: Closing dataset 'C:\DATA\GitHub\VegnettKvalitet\Fylkesvegnummer\Data\Fylkesvegnummer.xlsx'...
2017-01-24 14:17:34|   1.1|  0.0|INFORM|=-=-=-=-=-=-=-=-=-=-=-=-=-=-=-=-=-=-=-=-=-=-=-=-=-=-=-=-=-=-=-=-=-=-=-=-=-=-=-
2017-01-24 14:17:34|   1.1|  0.0|INFORM|Feature output statistics for `XLSXW' writer using keyword `XLSXW_1':
2017-01-24 14:17:34|   1.1|  0.0|STATS |=-=-=-=-=-=-=-=-=-=-=-=-=-=-=-=-=-=-=-=-=-=-=-=-=-=-=-=-=-=-=-=-=-=-=-=-=-=-=-
2017-01-24 14:17:34|   1.1|  0.0|STATS |                               Features Written
2017-01-24 14:17:34|   1.1|  0.0|STATS |=-=-=-=-=-=-=-=-=-=-=-=-=-=-=-=-=-=-=-=-=-=-=-=-=-=-=-=-=-=-=-=-=-=-=-=-=-=-=-
2017-01-24 14:17:34|   1.1|  0.0|STATS |Ikke-unike nummer                                                         3746
2017-01-24 14:17:34|   1.1|  0.0|STATS |antall endres                                                              937
2017-01-24 14:17:34|   1.1|  0.0|STATS |unike nummer                                                               149
2017-01-24 14:17:34|   1.1|  0.0|STATS |==============================================================================
2017-01-24 14:17:34|   1.1|  0.0|STATS |Total Features Written                                                    4832
2017-01-24 14:17:34|   1.1|  0.0|STATS |=-=-=-=-=-=-=-=-=-=-=-=-=-=-=-=-=-=-=-=-=-=-=-=-=-=-=-=-=-=-=-=-=-=-=-=-=-=-=-
2017-01-24 14:17:34|   1.1|  0.0|STATS |=-=-=-=-=-=-=-=-=-=-=-=-=-=-=-=-=-=-=-=-=-=-=-=-=-=-=-=-=-=-=-=-=-=-=-=-=-=-=-
2017-01-24 14:17:34|   1.1|  0.0|STATS |                            Features Read Summary
2017-01-24 14:17:34|   1.1|  0.0|STATS |=-=-=-=-=-=-=-=-=-=-=-=-=-=-=-=-=-=-=-=-=-=-=-=-=-=-=-=-=-=-=-=-=-=-=-=-=-=-=-
2017-01-24 14:17:34|   1.1|  0.0|STATS |Ikke-unike nummer                                                         3799
2017-01-24 14:17:34|   1.1|  0.0|STATS |unike nummer                                                               345
2017-01-24 14:17:34|   1.1|  0.0|STATS |==============================================================================
2017-01-24 14:17:34|   1.1|  0.0|STATS |Total Features Read                                                       4144
2017-01-24 14:17:34|   1.1|  0.0|STATS |=-=-=-=-=-=-=-=-=-=-=-=-=-=-=-=-=-=-=-=-=-=-=-=-=-=-=-=-=-=-=-=-=-=-=-=-=-=-=-
2017-01-24 14:17:34|   1.1|  0.0|STATS |=-=-=-=-=-=-=-=-=-=-=-=-=-=-=-=-=-=-=-=-=-=-=-=-=-=-=-=-=-=-=-=-=-=-=-=-=-=-=-
2017-01-24 14:17:34|   1.1|  0.0|STATS |                           Features Written Summary
2017-01-24 14:17:34|   1.1|  0.0|STATS |=-=-=-=-=-=-=-=-=-=-=-=-=-=-=-=-=-=-=-=-=-=-=-=-=-=-=-=-=-=-=-=-=-=-=-=-=-=-=-
2017-01-24 14:17:34|   1.1|  0.0|STATS |Ikke-unike nummer                                                         3746
2017-01-24 14:17:34|   1.1|  0.0|STATS |antall endres                                                              937
2017-01-24 14:17:34|   1.1|  0.0|STATS |unike nummer                                                               149
2017-01-24 14:17:34|   1.1|  0.0|STATS |==============================================================================
2017-01-24 14:17:34|   1.1|  0.0|STATS |Total Features Written                                                    4832
2017-01-24 14:17:34|   1.1|  0.0|STATS |=-=-=-=-=-=-=-=-=-=-=-=-=-=-=-=-=-=-=-=-=-=-=-=-=-=-=-=-=-=-=-=-=-=-=-=-=-=-=-
2017-01-24 14:17:34|   1.1|  0.0|INFORM|Excel Reader: Closing dataset 'C:\DATA\GitHub\VegnettKvalitet\Fylkesvegnummer\Data\20170122_Fylkesvegnummer.xlsx'...
2017-01-24 14:17:34|   1.1|  0.0|INFORM|Translation was SUCCESSFUL with 0 warning(s) (4832 feature(s) output)
2017-01-24 14:17:34|   1.1|  0.0|INFORM|FME Session Duration: 1.3 seconds. (CPU: 1.0s user, 0.1s system)
2017-01-24 14:17:34|   1.1|  0.0|INFORM|END - ProcessID: 12616, peak process memory usage: 79972 kB, current process memory usage: 67856 kB
