FEIL: 6571259.500   -31372.600       Restriksjon på del av lenke
FEIL: 6575283.630   -33999.580       Felt , mangler restriksjon
FEIL: 6572191.800   -33745.400       Felt 2, mangler restriksjon
FEIL: 6576226.620   -31567.550       Felt 1, mangler restriksjon
FEIL: 6570566.420   -32584.760       Restriksjon på del av lenke
FEIL: 6568545.150   -33935.010       Restriksjon på del av lenke
FEIL: 6571138.830   -31521.400       Felt 1, mangler restriksjon
FEIL: 6571143.020   -31518.070       Felt 1, mangler restriksjon
FEIL: 6571147.610   -31516.830       Felt 1, mangler restriksjon
FEIL: 6571156.500   -31519.640       Felt 1, mangler restriksjon
FEIL: 6571159.120   -31522.620       Felt 1, mangler restriksjon
FEIL: 6571160.730   -31526.240       Felt 1, mangler restriksjon
FEIL: 6571161.110   -31529.830       Felt 1, mangler restriksjon
FEIL: 6571160.420   -31533.550       Felt 1, mangler restriksjon
FEIL: 6571159.000   -31536.400       Felt 1, mangler restriksjon
FEIL: 6571154.290   -31540.590       Felt 1, mangler restriksjon
FEIL: 6571148.950   -31541.950       Felt 1, mangler restriksjon
FEIL: 6571143.500   -31540.930       Felt 1, mangler restriksjon
FEIL: 6571138.540   -31537.050       Felt 1, mangler restriksjon
FEIL: 6571135.980   -31528.810       Felt 1, mangler restriksjon
FEIL: 6570593.080   -31479.460       Felt 1, mangler restriksjon
FEIL: 6570599.580   -31474.940       Felt 1, mangler restriksjon
FEIL: 6570604.660   -31474.050       Felt 1, mangler restriksjon
FEIL: 6570609.520   -31475.180       Felt 1, mangler restriksjon
FEIL: 6570616.180   -31480.300       Felt 1, mangler restriksjon
FEIL: 6570618.710   -31487.860       Felt 1, mangler restriksjon
FEIL: 6570618.890   -31489.480       Felt 1, mangler restriksjon
FEIL: 6570618.810   -31491.060       Felt 1, mangler restriksjon
FEIL: 6570614.960   -31498.630       Felt 1, mangler restriksjon
FEIL: 6570613.010   -31500.310       Felt 1, mangler restriksjon
FEIL: 6570606.210   -31503.020       Felt 1, mangler restriksjon
FEIL: 6570599.980   -31502.370       Felt 1, mangler restriksjon
FEIL: 6570592.510   -31497.100       Felt 1, mangler restriksjon
FEIL: 6570590.160   -31489.030       Felt 1, mangler restriksjon
FEIL: 6570590.270   -31487.450       Felt 1, mangler restriksjon
FEIL: 6570590.360   -31485.950       Felt 1, mangler restriksjon
FEIL: 6570599.980   -31502.370       Felt 2, mangler restriksjon
FEIL: 6570603.830   -31517.510       Felt 2, mangler restriksjon
FEIL: 6570613.010   -31500.310       Felt 1, mangler restriksjon
FEIL: 6570612.120   -31516.730       Felt 1, mangler restriksjon
FEIL: 6570488.550   -31481.960       Felt 1K#3#5S, mangler restriksjon
FEIL: 6570604.800   -31447.070       Felt 2, mangler restriksjon
FEIL: 6570601.300   -31464.020       Felt 2, mangler restriksjon
FEIL: 6570604.800   -31447.070       Felt 1, mangler restriksjon
FEIL: 6570608.000   -31464.180       Felt 1, mangler restriksjon
FEIL: 6571143.020   -31518.070       Felt 1, mangler restriksjon
FEIL: 6571142.780   -31500.770       Felt 1, mangler restriksjon
FEIL: 6571143.500   -31540.930       Felt 2#2H1, mangler restriksjon
FEIL: 6571144.530   -31547.600       Felt 2#2H1, mangler restriksjon
FEIL: 6571145.680   -31554.520       Felt 2#2H1, mangler restriksjon
FEIL: 6571146.430   -31559.420       Felt 2#2H1, mangler restriksjon
FEIL: 6571146.040   -31580.400       Felt 2#2H1, mangler restriksjon
FEIL: 6571140.340   -31611.210       Felt 2, mangler restriksjon
FEIL: 6571154.290   -31540.590       Felt 1#1V1, mangler restriksjon
FEIL: 6571155.980   -31546.270       Felt 1#1V1, mangler restriksjon
FEIL: 6571156.180   -31555.080       Felt 1#1V1, mangler restriksjon
FEIL: 6571155.990   -31559.480       Felt 1#1V1, mangler restriksjon
FEIL: 6571152.960   -31581.080       Felt 1, mangler restriksjon
FEIL: 6571146.040   -31611.890       Felt 1, mangler restriksjon
FEIL: 6571160.730   -31526.240       Felt 1#3K#5S, mangler restriksjon
FEIL: 6571213.730   -31529.360       Felt 1#3K#5S, mangler restriksjon
FEIL: 6571217.550   -31529.620       Felt 1#3K#5S, mangler restriksjon
FEIL: 6571156.500   -31519.640       Felt 2, mangler restriksjon
FEIL: 6571151.260   -31500.570       Felt 2, mangler restriksjon
FEIL: 6570618.810   -31491.060       Felt 2K, mangler restriksjon
FEIL: 6570735.740   -31499.990       Felt 2K, mangler restriksjon
FEIL: 6570740.590   -31500.350       Felt 2K, mangler restriksjon
FEIL: 6570796.840   -31504.540       Felt 2K, mangler restriksjon
FEIL: 6570488.550   -31481.960       Felt 2K, mangler restriksjon
FEIL: 6571159.120   -31522.620       Felt 3K, mangler restriksjon
FEIL: 6571213.770   -31526.170       Felt 3K, mangler restriksjon
FEIL: 6571217.650   -31526.430       Felt 3K, mangler restriksjon
FEIL: 6571159.000   -31536.400       Felt 4K, mangler restriksjon
FEIL: 6571213.420   -31539.800       Felt 4K, mangler restriksjon
FEIL: 6571217.340   -31540.070       Felt 2H1, mangler restriksjon
FEIL: 6570488.550   -31481.960       Felt 1K, mangler restriksjon
FEIL: 6570618.710   -31487.860       Felt 1K, mangler restriksjon
FEIL: 6570735.800   -31496.950       Felt 1K, mangler restriksjon
FEIL: 6570740.570   -31497.330       Felt 1K, mangler restriksjon
FEIL: 6570808.780   -31502.640       Felt 1K, mangler restriksjon
FEIL: 6570616.180   -31480.300       Felt 1K#3#5S, mangler restriksjon
FEIL: 6570736.100   -31490.690       Felt 1K#3#5S, mangler restriksjon
FEIL: 6570741.030   -31491.050       Felt 1K#3#5S, mangler restriksjon
FEIL: 6570783.150   -31494.080       Felt 1K#3#5S, mangler restriksjon
FEIL: 6570809.260   -31496.060       Felt 1K#3#5S, mangler restriksjon
FEIL: 6570870.860   -31500.750       Felt 1K#3#5S, mangler restriksjon
FEIL: 6571112.760   -31519.260       Felt 1#3S, mangler restriksjon
FEIL: 6571118.260   -31519.720       Felt 1#3S, mangler restriksjon
FEIL: 6571138.540   -31537.050       Felt 2H1, mangler restriksjon
FEIL: 6571139.390   -31545.820       Felt 2H1, mangler restriksjon
FEIL: 6571140.750   -31554.140       Felt 2H1, mangler restriksjon
FEIL: 6571141.490   -31559.520       Felt 2H1, mangler restriksjon
FEIL: 6571159.000   -31536.400       Felt 1H1, mangler restriksjon
FEIL: 6571160.770   -31543.020       Felt 1H1, mangler restriksjon
FEIL: 6571160.280   -31555.250       Felt 1H1, mangler restriksjon
FEIL: 6571159.510   -31560.010       Felt 1H1, mangler restriksjon
FEIL: 6567443.490   -33193.480       Felt 1#2, har restriksjon
FEIL: 6567444.790   -33187.170       Felt 1#2, har restriksjon
FEIL: 6566373.200   -34929.000       Felt 1#2, har restriksjon
FEIL: 6566365.200   -34906.700       Felt 1#2, har restriksjon
FEIL: 6574341.300   -32905.000       Felt 2#4S, har restriksjon
FEIL: 6571644.400   -32572.940       Felt 1#2, har restriksjon
FEIL: 6574347.000   -32889.300       Felt 2#4S, har restriksjon
FEIL: 6575251.900   -34464.500       Felt SVKL, restriksjon feil retning
FEIL: 6567445.570   -33182.750       Felt 1#2, har restriksjon
FEIL: 6571647.150   -32580.980       Felt 1#2, har restriksjon
FEIL: 6573991.880   -32354.940       Felt 2#4S, har restriksjon
FEIL: 6571660.080   -32581.450       Felt 1#2, har restriksjon
FEIL: 6571663.230   -32575.590       Felt 1#2, har restriksjon
FEIL: 6573994.370   -32364.400       Felt 2#4S, har restriksjon
