2011-05-12 09:05:43|   0.1|  0.1|INFORM|Feature Manipulation Engine 2010 SP4 (20101117 - Build 6235 - WIN32)
2011-05-12 09:05:43|   0.1|  0.0|INFORM|FME_HOME is 'C:\Programfiler\FME\'
2011-05-12 09:05:43|   0.1|  0.0|INFORM|FME Desktop ESRI Edition (floating)
2011-05-12 09:05:43|   0.1|  0.0|INFORM|Permanent License.
2011-05-12 09:05:43|   0.1|  0.0|INFORM|Machine host name is: svv-26270
2011-05-12 09:05:43|   0.1|  0.0|INFORM|START - ProcessID: 1708, peak process memory usage: 20808 kB, current process memory usage: 20452 kB.
2011-05-12 09:05:43|   0.1|  0.0|INFORM|FME Configuration: Command line arguments are `C:\Programfiler\FME\fme.exe' `C:\DATA\Kvalitetskontroller\Geometri\FMW\GeometriKontroll.fmw' `--SourceDataset_GDMMAPPERSOSI' `C:\DATA\Kvalitetskontroller\Data\20110511\0427Elveg\0427Elveg.SOS' `--DestDataset_GDMMAPPERQUADRI' `C:\DATA\Kvalitetskontroller\Data\20110511\0427Elveg\0427Geometrianalyse.gdd' `--DestDataset_TEXTLINE' `C:\DATA\Kvalitetskontroller\Data\20110511\0427Elveg\0427Geometrifeil.log' `--dZLim' `2' `--dXYlim' `1' `--lengthLim' `1' `--LOG_FILE' `C:\DATA\Kvalitetskontroller\Data\20110511\0427Elveg\0427Geometrianalyse.log'
2011-05-12 09:05:43|   0.2|  0.0|INFORM|Shared directories for formats are : C:\Programfiler\FME\datasources
2011-05-12 09:05:43|   0.2|  0.0|INFORM|Shared directories for transformers are : C:\Programfiler\FME\transformers
2011-05-12 09:05:43|   0.2|  0.0|INFORM|FME Configuration: Reader Keyword is `GDMMAPPERSOSI_1'
2011-05-12 09:05:43|   0.2|  0.0|INFORM|FME Configuration: Writer Keyword is `MULTI_WRITER'
2011-05-12 09:05:43|   0.2|  0.0|INFORM|FME Configuration: Writer Group Definition Keyword is `MULTI_WRITER_DEF'
2011-05-12 09:05:43|   0.2|  0.0|INFORM|FME Configuration: Reader type is `GDMMAPPERSOSI'
2011-05-12 09:05:43|   0.2|  0.0|INFORM|FME Configuration: Writer type is `MULTI_WRITER'
2011-05-12 09:05:43|   0.2|  0.0|INFORM|FME Configuration: No destination coordinate system set
2011-05-12 09:05:43|   0.2|  0.0|INFORM|FME Configuration: Geometry Handling Mode is `Enhanced' 
2011-05-12 09:05:43|   0.2|  0.0|INFORM|FME Configuration: Current working directory is `C:\DATA\Kvalitetskontroller\Geometri'
2011-05-12 09:05:43|   0.2|  0.0|INFORM|FME Configuration: Temporary directory is `C:\DOCUME~1\hanekk\LOKALE~1\Temp'
2011-05-12 09:05:43|   0.2|  0.0|INFORM|FME Configuration: FME_HOME is `C:\Programfiler\FME\'
2011-05-12 09:05:43|   0.2|  0.0|INFORM|FME Configuration: FME_BASE is 'no'
2011-05-12 09:05:43|   0.2|  0.0|INFORM|FME Configuration: FME_MF_DIR is 'C:\DATA\Kvalitetskontroller\Geometri\FMW/'
2011-05-12 09:05:43|   0.2|  0.0|INFORM|FME Configuration: FME_MF_NAME is 'GeometriKontroll.fmw'
2011-05-12 09:05:43|   0.2|  0.0|INFORM|FME Configuration: FME_PRODUCT_NAME is 'FME 2010 SP4'
2011-05-12 09:05:43|   0.2|  0.0|INFORM|System Status: 143272MB of disk space available in the FME temporary directory (C:\DOCUME~1\hanekk\LOKALE~1\Temp\)
2011-05-12 09:05:43|   0.2|  0.0|INFORM|System Status: 1945MB of virtual memory available
2011-05-12 09:05:43|   0.2|  0.0|INFORM|Operating System: Microsoft Windows XP Professional Service Pack 3 (Build 2600)
2011-05-12 09:05:43|   0.2|  0.0|INFORM|FME Platform: WIN32
2011-05-12 09:05:43|   0.2|  0.0|INFORM|Locale: nb_NO
2011-05-12 09:05:43|   0.2|  0.0|INFORM|Code Page: 1252  (ANSI - latin I)
2011-05-12 09:05:43|   0.2|  0.0|INFORM|FME Configuration: Process limit is 2047 MB (out of 3325 MB physical memory and 2047 MB address space)
2011-05-12 09:05:43|   0.2|  0.0|INFORM|FME Configuration: Start freeing memory when process usage exceeds 847 MB of memory or 1447 MB of address space
2011-05-12 09:05:43|   0.2|  0.0|INFORM|FME Configuration: Stop freeing memory when process usage is below 635 MB of memory and 1085 MB of address space
2011-05-12 09:05:43|   0.2|  0.0|INFORM|FME Configuration: Autodetermining optimal maximum number of objects in memory
2011-05-12 09:05:43|   0.2|  0.0|INFORM|FME Configuration: Source coordinate system for reader GDMMAPPERSOSI_1[GDMMAPPERSOSI] set to `EPSG:25833'
2011-05-12 09:05:44|   1.1|  0.9|INFORM|Coordinate System `EPSG:25833' parameters: CS_NAME=`ETRS89.UTM-33N' DESC_NM=`ETRS89 / UTM zone 33N' DT_NAME=`ETRF89' EPSG=`25833' GROUP=`UTMN' MAP_SCL=`1' PARM1=`15' PROJ=`TM' QUAD=`1' SCL_RED=`0.9996' SOURCE=`EPSG, V6.3, 25833 [Large and medium scale topographic mappi]' UNIT=`Meter' X_OFF=`500000' Y_OFF=`0.0' ZERO_X=`0.0001' ZERO_Y=`0.0001' 
2011-05-12 09:05:44|   1.1|  0.0|INFORM|Coordinate System `EPSG:25833' as OGC Well Known Text: PROJCS["ETRS89 / UTM zone 33N",GEOGCS["ETRF89",DATUM["ETRF89",SPHEROID["Geodetic Reference System of 1980",6378137,298.2572221009113]],PRIMEM["Greenwich",0],UNIT["degree",0.0174532925199433]],PROJECTION["Transverse_Mercator"],PARAMETER["latitude_of_origin",0],PARAMETER["central_meridian",15],PARAMETER["scale_factor",0.9996],PARAMETER["false_easting",500000],PARAMETER["false_northing",0],UNIT["Meter",1],AUTHORITY["EPSG","25833"]]
2011-05-12 09:05:44|   1.1|  0.0|INFORM|Loaded module 'GDMMAPPERSOSI' from file 'C:\Programfiler\FME\plugins/GDMMAPPERSOSI.dll'
2011-05-12 09:05:44|   1.1|  0.0|INFORM|FME API version of module 'GDMMAPPERSOSI' matches current internal version (3.6 20090807)
2011-05-12 09:05:44|   1.1|  0.0|INFORM|GDMMapper - Åpner : C:\DATA\Kvalitetskontroller\Data\20110511\0427Elveg\0427Elveg.SOS
2011-05-12 09:05:44|   1.1|  0.0|INFORM|Using Dynamic Reader $Revision: 62876 $ ( $Date: 2009-08-27 11:28:55 -0700 (Thu, 27 Aug 2009) $ ) with module GDMMAPPERSOSI to read data from dataset `C:\DATA\Kvalitetskontroller\Data\20110511\0427Elveg\0427Elveg.SOS'
2011-05-12 09:05:44|   1.1|  0.0|INFORM|Using MultiWriter $Revision: 59162 $ ( $Date: 2009-04-07 10:04:59 -0700 (Tue, 07 Apr 2009) $ ) with keyword `MULTI_WRITER' to output data (ID_ATTRIBUTE is `multi_writer_id')
2011-05-12 09:05:44|   1.1|  0.0|INFORM|Writer output will be ordered by value of multi_writer_id
2011-05-12 09:05:44|   1.1|  0.0|INFORM|NyeNoder_ListExploder_3(ElementFactory): Using LEAN processing mode
2011-05-12 09:05:44|   1.1|  0.0|INFORM|Loaded module 'Geometry_func' from file 'C:\Programfiler\FME\plugins/Geometry_func.dll'
2011-05-12 09:05:44|   1.1|  0.0|INFORM|FME API version of module 'Geometry_func' matches current internal version (3.6 20090807)
2011-05-12 09:05:44|   1.1|  0.0|INFORM|Høydeforskjeller_ListExploder(ElementFactory): Using LEAN processing mode
2011-05-12 09:05:44|   1.1|  0.0|INFORM|GeometriGap_ListExploder_3(ElementFactory): Using LEAN processing mode
2011-05-12 09:05:44|   1.1|  0.0|INFORM|GeometriGap_ListExploder_5(ElementFactory): Using LEAN processing mode
2011-05-12 09:05:44|   1.1|  0.0|INFORM|ListExploder(ElementFactory): Using LEAN processing mode
2011-05-12 09:05:44|   1.1|  0.0|INFORM|FME Configuration: Using FME Reprojection Engine
2011-05-12 09:05:44|   1.1|  0.0|INFORM|Using FFS Reader $Revision: 62357 $ ( $Date: 2009-08-07 12:21:47 -0700 (Fri, 07 Aug 2009) $ ) to read features from FME Feature Stores in directory `C:\Programfiler\FME\Plugins\GDMMapper\Temp\'
2011-05-12 09:05:44|   1.1|  0.0|STATS |Restoring 6048 feature(s) from FME feature store file `C:\Programfiler\FME\Plugins\GDMMapper\Temp\C-_DATA_Kvalitetskontroller_Data_20110511_0427Elveg_0427Elveg.SOS.ffs'
2011-05-12 09:05:44|   1.1|  0.0|INFORM|FME Configuration: Source coordinate system for reader R_1[FFS] set to `EPSG:32633' as read from input data
2011-05-12 09:05:44|   1.1|  0.0|INFORM|Coordinate System `EPSG:32633' parameters: CS_NAME=`UTM84-33N' DESC_NM=`UTM-WGS 1984 datum, Zone 33 North, Meter; Cent. Meridian 15d E' DT_NAME=`WGS84' EPSG=`32633' GROUP=`UTMN' MAP_SCL=`1' PARM1=`15' PROJ=`TM' QUAD=`1' SCL_RED=`0.9996' SOURCE=`Snyder, J.P, 1987, Map Projections - A Working Manual' UNIT=`METER' X_OFF=`500000.0' Y_OFF=`0.0' 
2011-05-12 09:05:44|   1.1|  0.0|INFORM|Coordinate System `EPSG:32633' as OGC Well Known Text: PROJCS["UTM-WGS 1984 datum, Zone 33 North, Meter; Cent. Meridian 15d E",GEOGCS["WGS 84",DATUM["WGS_1984",SPHEROID["World Geodetic System of 1984, GEM 10C",6378137,298.257223563,AUTHORITY["EPSG","7030"]],AUTHORITY["EPSG","6326"]],PRIMEM["Greenwich",0],UNIT["degree",0.0174532925199433],AUTHORITY["EPSG","4326"]],PROJECTION["Transverse_Mercator"],PARAMETER["latitude_of_origin",0],PARAMETER["central_meridian",15],PARAMETER["scale_factor",0.9996],PARAMETER["false_easting",500000],PARAMETER["false_northing",0],UNIT["METER",1],AUTHORITY["EPSG","32633"]]
2011-05-12 09:05:44|   1.1|  0.0|WARN  |NOT changing coordinate system of reader identified by keyword `GDMMAPPERSOSI_1' from `EPSG:25833' to `EPSG:32633' -- mapping file setting of `EPSG:25833' overrides coordinate system `EPSG:32633' read from file
2011-05-12 09:05:45|   1.5|  0.3|INFORM|Reading source feature # 2500
2011-05-12 09:05:45|   1.8|  0.3|INFORM|Reading source feature # 5000
2011-05-12 09:05:45|   1.9|  0.1|INFORM|Emptying factory pipeline
2011-05-12 09:05:45|   1.9|  0.0|STATS |Unexpected Input Remover(TestFactory): Tested 6048 input feature(s) -- 5828 feature(s) passed and 220 feature(s) failed
2011-05-12 09:05:45|   1.9|  0.0|STATS |Source -> Generic(TeeFactory): Cloned 5828 input feature(s) into 5828 output feature(s)
2011-05-12 09:05:45|   1.9|  0.0|STATS |Kommunedele (GDMMAPPERSOSI_1) Splitter(TeeFactory): Cloned 0 input feature(s) into 0 output feature(s)
2011-05-12 09:05:45|   1.9|  0.0|STATS |Planovergang (GDMMAPPERSOSI_1) Splitter(TeeFactory): Cloned 0 input feature(s) into 0 output feature(s)
2011-05-12 09:05:45|   1.9|  0.0|STATS |Vegsperring (GDMMAPPERSOSI_1) Splitter(TeeFactory): Cloned 0 input feature(s) into 0 output feature(s)
2011-05-12 09:05:45|   1.9|  0.0|STATS |VegUnderBane (GDMMAPPERSOSI_1) Splitter(TeeFactory): Cloned 0 input feature(s) into 0 output feature(s)
2011-05-12 09:05:45|   1.9|  0.0|STATS |AttributeExposer_2(TeeFactory): Cloned 5828 input feature(s) into 5828 output feature(s)
2011-05-12 09:05:45|   1.9|  0.0|STATS |AttributeRenamer_2(TeeFactory): Cloned 5828 input feature(s) into 5828 output feature(s)
2011-05-12 09:05:45|   1.9|  0.0|STATS |NullAttributeReplacer(TeeFactory): Cloned 5828 input feature(s) into 5828 output feature(s)
2011-05-12 09:05:45|   1.9|  0.0|STATS |NullAttributeReplacer OUTPUT Splitter(TeeFactory): Cloned 5828 input feature(s) into 29140 output feature(s)
2011-05-12 09:05:45|   1.9|  0.0|STATS |NyeNoder Nettverk Input Collector(TeeFactory): Cloned 5828 input feature(s) into 5828 output feature(s)
2011-05-12 09:05:45|   1.9|  0.0|STATS |NyeNoder_Nettverk Input Splitter(TeeFactory): Cloned 5828 input feature(s) into 5828 output feature(s)
2011-05-12 09:05:45|   1.9|  0.0|STATS |NyeNoder_TopologyBuilder(TopologyFactory): Computing topology defined by 5828 input feature(s)
2011-05-12 09:05:45|   1.9|  0.0|INFORM|NyeNoder_TopologyBuilder(TopologyFactory): Completed 100% of data insertion into topology model 1 of 3
2011-05-12 09:05:45|   1.9|  0.0|STATS |NyeNoder_TopologyBuilder(TopologyFactory): Processing 5764 input feature(s) in group where `MEDIUM' is `T'
2011-05-12 09:05:45|   2.2|  0.3|INFORM|Performing low-level intersection... 100% done
2011-05-12 09:05:45|   2.3|  0.0|INFORM|Intersection operation updating nodes... 100% done
2011-05-12 09:05:46|   2.6|  0.4|INFORM|NyeNoder_ListExploder_3(ElementFactory): Processed 5000 elements with mode LEAN
2011-05-12 09:05:46|   2.9|  0.3|INFORM|NyeNoder_ListExploder_3(ElementFactory): Processed 10000 elements with mode LEAN
2011-05-12 09:05:46|   3.3|  0.4|STATS |NyeNoder_TopologyBuilder(TopologyFactory): Output 5768 linear feature(s), 0 polygonal feature(s), 5114 point feature(s), and one universe polygon feature from `MEDIUM' is `T'
2011-05-12 09:05:46|   3.3|  0.0|STATS |NyeNoder_TopologyBuilder(TopologyFactory): Processing 50 input feature(s) in group where `MEDIUM' is `L'
2011-05-12 09:05:46|   3.3|  0.0|STATS |NyeNoder_TopologyBuilder(TopologyFactory): Output 50 linear feature(s), 0 polygonal feature(s), 94 point feature(s), and one universe polygon feature from `MEDIUM' is `L'
2011-05-12 09:05:46|   3.3|  0.0|STATS |NyeNoder_TopologyBuilder(TopologyFactory): Processing 14 input feature(s) in group where `MEDIUM' is `U'
2011-05-12 09:05:46|   3.3|  0.0|STATS |NyeNoder_TopologyBuilder(TopologyFactory): Output 14 linear feature(s), 0 polygonal feature(s), 25 point feature(s), and one universe polygon feature from `MEDIUM' is `U'
2011-05-12 09:05:46|   3.3|  0.0|STATS |NyeNoder_TopologyBuilder(TopologyFactory): Completed linearization of all groups
2011-05-12 09:05:46|   3.3|  0.0|STATS |NyeNoder_TopologyBuilder LINE Splitter(TeeFactory): Cloned 5832 input feature(s) into 11664 output feature(s)
2011-05-12 09:05:46|   3.3|  0.0|STATS |NyeNoder_AttributeKeeper(TeeFactory): Cloned 5832 input feature(s) into 5832 output feature(s)
2011-05-12 09:05:46|   3.3|  0.0|STATS |NyeNoder_StringConcatenator(TeeFactory): Cloned 5233 input feature(s) into 5233 output feature(s)
2011-05-12 09:05:46|   3.3|  0.0|STATS |NyeNoder_StringConcatenator OUTPUT Splitter(TeeFactory): Cloned 5233 input feature(s) into 10466 output feature(s)
2011-05-12 09:05:46|   3.3|  0.0|STATS |NyeNoder_ListExploder_3(ElementFactory): Split out 11664 list elements from 5233 input features, using mode LEAN
2011-05-12 09:05:46|   3.3|  0.0|STATS |NyeNoder_ExpressionEvaluator(TeeFactory): Cloned 11664 input feature(s) into 11664 output feature(s)
2011-05-12 09:05:47|   3.5|  0.2|INFORM|NyeNoder_FeatureMerger_3(ReferenceFactory): Completed 100% of intermediate processing
2011-05-12 09:05:47|   3.5|  0.0|STATS |NyeNoder_FeatureMerger_3(ReferenceFactory): Total Results: 11664 Complete Feature(s), 0 Incomplete Feature(s), 5768 Referenced Feature(s), 0 Unreferenced Feature(s), 0 Referencer Feature(s) (NO REFERENCES), 0 Referencee Feature(s) (NO Referencee fields defined), and 64 Duplicate Referencee Feature(s)
2011-05-12 09:05:47|   3.5|  0.0|STATS |NyeNoder_ListBuilder_fme_type_remover(TeeFactory): Cloned 11664 input feature(s) into 11664 output feature(s)
2011-05-12 09:05:49|   5.5|  2.0|STATS |NyeNoder_ListBuilder(ListFactory): Combined 11664 input feature(s) into 11659 output feature(s), including 0 singleton(s)
2011-05-12 09:05:49|   5.5|  0.0|STATS |NyeNoder_ListDuplicateRemover(TeeFactory): Cloned 11659 input feature(s) into 11659 output feature(s)
2011-05-12 09:05:49|   5.5|  0.0|STATS |NyeNoder_ListElementCounter(TeeFactory): Cloned 11659 input feature(s) into 11659 output feature(s)
2011-05-12 09:05:49|   5.5|  0.0|STATS |NyeNoder_ListRemover(TeeFactory): Cloned 11659 input feature(s) into 11659 output feature(s)
2011-05-12 09:05:49|   5.5|  0.0|STATS |NyeNoder_Tester(TestFactory): Tested 11659 input feature(s) -- 4 feature(s) passed and 11655 feature(s) failed
2011-05-12 09:05:49|   5.5|  0.0|STATS |NyeNoder_AttributeKeeper_2(TeeFactory): Cloned 4 input feature(s) into 4 output feature(s)
2011-05-12 09:05:49|   5.5|  0.0|INFORM|NyeNoder_FeatureMerger(ReferenceFactory): Completed 100% of intermediate processing
2011-05-12 09:05:49|   5.5|  0.0|STATS |NyeNoder_FeatureMerger(ReferenceFactory): Total Results: 2 Complete Feature(s), 5231 Incomplete Feature(s), 2 Referenced Feature(s), 0 Unreferenced Feature(s), 0 Referencer Feature(s) (NO REFERENCES), 0 Referencee Feature(s) (NO Referencee fields defined), and 2 Duplicate Referencee Feature(s)
2011-05-12 09:05:49|   5.5|  0.0|STATS |NyeNoder_NyeNoder Output Collector(TeeFactory): Cloned 2 input feature(s) into 2 output feature(s)
2011-05-12 09:05:49|   5.5|  0.0|STATS |NyeNoder_Linjer Output Collector(TeeFactory): Cloned 5832 input feature(s) into 5832 output feature(s)
2011-05-12 09:05:49|   5.5|  0.0|STATS |NyeNoder NyeNoder Output Renamer/Nuker(TeeFactory): Cloned 2 input feature(s) into 2 output feature(s)
2011-05-12 09:05:49|   5.5|  0.0|STATS |NyeNoder Linjer Output Renamer/Nuker(TeeFactory): Cloned 5832 input feature(s) into 5832 output feature(s)
2011-05-12 09:05:49|   5.5|  0.0|STATS |Høydeforskjeller Noder Input Collector(TeeFactory): Cloned 2 input feature(s) into 2 output feature(s)
2011-05-12 09:05:49|   5.5|  0.0|STATS |Høydeforskjeller Linjer Input Collector(TeeFactory): Cloned 5832 input feature(s) into 5832 output feature(s)
2011-05-12 09:05:49|   5.5|  0.0|STATS |Høydeforskjeller_Noder Input Splitter(TeeFactory): Cloned 2 input feature(s) into 2 output feature(s)
2011-05-12 09:05:49|   5.5|  0.0|STATS |Høydeforskjeller_Linjer Input Splitter(TeeFactory): Cloned 5832 input feature(s) into 5832 output feature(s)
2011-05-12 09:05:49|   5.5|  0.0|STATS |Høydeforskjeller_GeometryExtractor(TeeFactory): Cloned 5832 input feature(s) into 5832 output feature(s)
2011-05-12 09:05:49|   5.5|  0.0|STATS |Høydeforskjeller_ListExploder(ElementFactory): Split out 8 list elements from 2 input features, using mode LEAN
2011-05-12 09:05:49|   5.5|  0.0|STATS |Høydeforskjeller_Tester(TestFactory): Tested 8 input feature(s) -- 4 feature(s) passed and 4 feature(s) failed
2011-05-12 09:05:49|   5.5|  0.0|STATS |Høydeforskjeller_AttributeCreator_2(TeeFactory): Cloned 4 input feature(s) into 4 output feature(s)
2011-05-12 09:05:49|   5.5|  0.0|STATS |Høydeforskjeller_AttributeCreator(TeeFactory): Cloned 4 input feature(s) into 4 output feature(s)
2011-05-12 09:05:49|   5.5|  0.0|STATS |Høydeforskjeller_ExpressionEvaluator(TeeFactory): Cloned 8 input feature(s) into 8 output feature(s)
2011-05-12 09:05:49|   5.5|  0.0|STATS |Høydeforskjeller_GeometryExtractor_2(TeeFactory): Cloned 8 input feature(s) into 8 output feature(s)
2011-05-12 09:05:49|   5.5|  0.0|STATS |Høydeforskjeller_AttributeKeeper_2(TeeFactory): Cloned 8 input feature(s) into 8 output feature(s)
2011-05-12 09:05:49|   5.5|  0.0|INFORM|Høydeforskjeller_FeatureMerger(ReferenceFactory): Completed 100% of intermediate processing
2011-05-12 09:05:49|   5.5|  0.0|STATS |Høydeforskjeller_FeatureMerger(ReferenceFactory): Total Results: 8 Complete Feature(s), 0 Incomplete Feature(s), 8 Referenced Feature(s), 5760 Unreferenced Feature(s), 0 Referencer Feature(s) (NO REFERENCES), 0 Referencee Feature(s) (NO Referencee fields defined), and 64 Duplicate Referencee Feature(s)
2011-05-12 09:05:49|   5.5|  0.0|STATS |Høydeforskjeller_GeometryReplacer_2(TeeFactory): Cloned 8 input feature(s) into 8 output feature(s)
2011-05-12 09:05:49|   5.5|  0.0|STATS |Høydeforskjeller_CoordinateExtractor_3(TestFactory): Tested 8 input feature(s) -- 0 feature(s) passed and 8 feature(s) failed
2011-05-12 09:05:49|   5.5|  0.0|STATS |Høydeforskjeller_GeometryReplacer_4(TeeFactory): Cloned 8 input feature(s) into 8 output feature(s)
2011-05-12 09:05:49|   5.5|  0.0|STATS |Høydeforskjeller_AttributeKeeper(TeeFactory): Cloned 8 input feature(s) into 8 output feature(s)
2011-05-12 09:05:49|   5.5|  0.0|STATS |Høydeforskjeller_AttributeRenamer(TeeFactory): Cloned 8 input feature(s) into 8 output feature(s)
2011-05-12 09:05:49|   5.5|  0.0|STATS |Høydeforskjeller_Tester_2(TestFactory): Tested 8 input feature(s) -- 8 feature(s) passed and 0 feature(s) failed
2011-05-12 09:05:49|   5.5|  0.0|INFORM|Høydeforskjeller_Matcher(MatchingFactory): Worst case number of comparisons is 36. Matching Factory may not make this many comparisons, but the worst possible case will not exceed this number
2011-05-12 09:05:49|   5.5|  0.0|INFORM|Høydeforskjeller_Matcher(MatchingFactory): Processing comparison #1
2011-05-12 09:05:49|   5.5|  0.0|INFORM|FME Configuration: Destination coordinate system set to input coordinate system `EPSG:25833'
2011-05-12 09:05:49|   5.6|  0.0|INFORM|Loaded module 'GDMMAPPERQUADRI' from file 'C:\Programfiler\FME\plugins/GDMMAPPERQUADRI.dll'
2011-05-12 09:05:49|   5.6|  0.0|INFORM|FME API version of module 'GDMMAPPERQUADRI' matches current internal version (3.6 20090807)
2011-05-12 09:05:49|   5.6|  0.0|INFORM|FME Configuration: Destination coordinate system set to `EPSG:25833'
2011-05-12 09:05:49|   5.6|  0.0|INFORM|Coordinate System `EPSG:25833' parameters: CS_NAME=`ETRS89.UTM-33N' DESC_NM=`ETRS89 / UTM zone 33N' DT_NAME=`ETRF89' EPSG=`25833' GROUP=`UTMN' MAP_SCL=`1' PARM1=`15' PROJ=`TM' QUAD=`1' SCL_RED=`0.9996' SOURCE=`EPSG, V6.3, 25833 [Large and medium scale topographic mappi]' UNIT=`Meter' X_OFF=`500000' Y_OFF=`0.0' ZERO_X=`0.0001' ZERO_Y=`0.0001' 
2011-05-12 09:05:49|   5.6|  0.0|INFORM|Coordinate System `EPSG:25833' as OGC Well Known Text: PROJCS["ETRS89 / UTM zone 33N",GEOGCS["ETRF89",DATUM["ETRF89",SPHEROID["Geodetic Reference System of 1980",6378137,298.2572221009113]],PRIMEM["Greenwich",0],UNIT["degree",0.0174532925199433]],PROJECTION["Transverse_Mercator"],PARAMETER["latitude_of_origin",0],PARAMETER["central_meridian",15],PARAMETER["scale_factor",0.9996],PARAMETER["false_easting",500000],PARAMETER["false_northing",0],UNIT["Meter",1],AUTHORITY["EPSG","25833"]]
2011-05-12 09:05:49|   5.6|  0.0|INFORM|Using Dynamic Writer $Revision: 26873 $ ( $Date: 2006-03-01 10:08:47 -0800 (Wed, 01 Mar 2006) $ ) with module GDMMAPPERQUADRI to write dataset `C:\DATA\Kvalitetskontroller\Data\20110511\0427Elveg\0427Geometrianalyse.gdd'
2011-05-12 09:05:49|   5.6|  0.0|INFORM|FME API version of module 'GDMMAPPERQUADRI' matches current internal version (3.6 20090807)
2011-05-12 09:05:49|   5.6|  0.0|INFORM|Writer `GDMMAPPERQUADRI_1' of type `GDMMAPPERQUADRI' using group definition keyword `GDMMAPPERQUADRI_1_DEF'
2011-05-12 09:05:49|   5.6|  0.0|INFORM|FME API version of module 'GDMMAPPERQUADRI' matches current internal version (3.6 20090807)
2011-05-12 09:05:49|   5.6|  0.0|INFORM|------------------------ GDMMApper Settings (Writer) ------------------
2011-05-12 09:05:49|   5.6|  0.0|INFORM|Lagre ukjente objekttyper : På
2011-05-12 09:05:49|   5.6|  0.0|INFORM|Lagre ukjente egenskaper : På
2011-05-12 09:05:49|   5.6|  0.0|INFORM|Lagre FME flater som punkt : På
2011-05-12 09:05:49|   5.6|  0.0|INFORM|Ignorer objekttyper med navn som starter med :
2011-05-12 09:05:49|   5.6|  0.0|INFORM|SOSI-enhet :
2011-05-12 09:05:49|   5.6|  0.0|INFORM|SOSI-versjon :4.0
2011-05-12 09:05:49|   5.6|  0.0|INFORM|-----------------------------------------------------------------------
2011-05-12 09:05:49|   5.6|  0.0|INFORM|GDMMapper - Åpner: C:\DATA\KVALITETSKONTROLLER\DATA\20110511\0427ELVEG\0427GEOMETRIANALYSE.GDD
2011-05-12 09:05:49|   5.6|  0.0|STATS |Høydeforskjeller_Matcher(MatchingFactory): Found 2 matching group(s) of features in 8 input feature(s). 0 feature(s) did not have any matches
2011-05-12 09:05:49|   5.6|  0.0|STATS |Høydeforskjeller_ListRangeExtractor(TeeFactory): Cloned 2 input feature(s) into 2 output feature(s)
2011-05-12 09:05:49|   5.6|  0.0|STATS |Høydeforskjeller_ExpressionEvaluator_2(TeeFactory): Cloned 2 input feature(s) into 2 output feature(s)
2011-05-12 09:05:49|   5.6|  0.0|STATS |Høydeforskjeller_AttributeRemover(TeeFactory): Cloned 2 input feature(s) into 2 output feature(s)
2011-05-12 09:05:49|   5.6|  0.0|STATS |Høydeforskjeller_NoderMedHøydeforskjeller Output Collector(TeeFactory): Cloned 2 input feature(s) into 2 output feature(s)
2011-05-12 09:05:49|   5.6|  0.0|STATS |Høydeforskjeller_Manglende_høyde Output Collector(TeeFactory): Cloned 0 input feature(s) into 0 output feature(s)
2011-05-12 09:05:49|   5.6|  0.0|STATS |Høydeforskjeller NoderMedHøydeforskjeller Output Renamer/Nuker(TeeFactory): Cloned 2 input feature(s) into 2 output feature(s)
2011-05-12 09:05:49|   5.6|  0.0|STATS |Høydeforskjeller Manglende_høyde Output Renamer/Nuker(TeeFactory): Cloned 0 input feature(s) into 0 output feature(s)
2011-05-12 09:05:49|   5.6|  0.0|STATS |AttributeCreator_7(TeeFactory): Cloned 0 input feature(s) into 0 output feature(s)
2011-05-12 09:05:49|   5.6|  0.0|STATS |Tester_2(TestFactory): Tested 2 input feature(s) -- 2 feature(s) passed and 0 feature(s) failed
2011-05-12 09:05:49|   5.6|  0.0|STATS |AttributeCreator_2(TeeFactory): Cloned 0 input feature(s) into 0 output feature(s)
2011-05-12 09:05:49|   5.6|  0.0|STATS |AttributeCreator_2_OUTPUT Disabled Nuker -1 58(TeeFactory): Cloned 0 input feature(s) into 0 output feature(s)
2011-05-12 09:05:49|   5.6|  0.0|STATS |AttributeCreator(TeeFactory): Cloned 2 input feature(s) into 2 output feature(s)
2011-05-12 09:05:49|   5.6|  0.0|STATS |AttributeCreator OUTPUT Splitter(TeeFactory): Cloned 2 input feature(s) into 4 output feature(s)
2011-05-12 09:05:49|   5.6|  0.0|STATS |AttributeKeeper(TeeFactory): Cloned 2 input feature(s) into 2 output feature(s)
2011-05-12 09:05:49|   5.6|  0.0|STATS |ListDuplicateRemover(TeeFactory): Cloned 2 input feature(s) into 2 output feature(s)
2011-05-12 09:05:49|   5.6|  0.0|STATS |GeometriGap Nettverk Input Collector(TeeFactory): Cloned 5828 input feature(s) into 5828 output feature(s)
2011-05-12 09:05:49|   5.6|  0.0|STATS |GeometriGap_Nettverk Input Splitter(TeeFactory): Cloned 5828 input feature(s) into 5828 output feature(s)
2011-05-12 09:05:49|   5.6|  0.0|STATS |GeometriGap_TopologyBuilder_2(TopologyFactory): Computing topology defined by 5828 input feature(s)
2011-05-12 09:05:49|   5.6|  0.0|INFORM|GeometriGap_TopologyBuilder_2(TopologyFactory): Completed 100% of data insertion into topology model 1 of 1
2011-05-12 09:05:49|   6.0|  0.4|INFORM|Performing low-level intersection... 100% done
2011-05-12 09:05:49|   6.0|  0.0|INFORM|Intersection operation updating nodes... 100% done
2011-05-12 09:05:50|   6.3|  0.3|STATS |GeometriGap_TopologyBuilder_2(TopologyFactory): Output 5828 linear feature(s), 0 polygonal feature(s), 5120 point feature(s), and one universe polygon feature 
2011-05-12 09:05:50|   6.3|  0.0|STATS |GeometriGap_ListElementCounter_3(TeeFactory): Cloned 5120 input feature(s) into 5120 output feature(s)
2011-05-12 09:05:50|   6.3|  0.0|STATS |GeometriGap_Tester_5(TestFactory): Tested 5120 input feature(s) -- 1595 feature(s) passed and 3525 feature(s) failed
2011-05-12 09:05:50|   6.3|  0.0|STATS |GeometriGap_ListExploder_3(ElementFactory): Split out 1595 list elements from 1595 input features, using mode LEAN
2011-05-12 09:05:50|   6.3|  0.0|STATS |GeometriGap_ExpressionEvaluator_2(TeeFactory): Cloned 1595 input feature(s) into 1595 output feature(s)
2011-05-12 09:05:50|   6.3|  0.0|STATS |GeometriGap_AttributeKeeper_4(TeeFactory): Cloned 1595 input feature(s) into 1595 output feature(s)
2011-05-12 09:05:50|   6.4|  0.1|INFORM|GeometriGap_FeatureMerger_2(ReferenceFactory): Completed 100% of intermediate processing
2011-05-12 09:05:50|   6.4|  0.0|STATS |GeometriGap_FeatureMerger_2(ReferenceFactory): Total Results: 1595 Complete Feature(s), 0 Incomplete Feature(s), 1585 Referenced Feature(s), 4243 Unreferenced Feature(s), 0 Referencer Feature(s) (NO REFERENCES), 0 Referencee Feature(s) (NO Referencee fields defined), and 0 Duplicate Referencee Feature(s)
2011-05-12 09:05:50|   6.4|  0.0|STATS |GeometriGap_FeatureMerger_2 COMPLETE Splitter(TeeFactory): Cloned 1595 input feature(s) into 3190 output feature(s)
2011-05-12 09:05:50|   6.4|  0.0|STATS |GeometriGap_AttributeKeeper_6(TeeFactory): Cloned 1595 input feature(s) into 1595 output feature(s)
2011-05-12 09:05:50|   6.4|  0.0|STATS |GeometriGap_AttributeCopier(TeeFactory): Cloned 1595 input feature(s) into 1595 output feature(s)
2011-05-12 09:05:50|   6.5|  0.0|INFORM|Processing base feature(s)...
2011-05-12 09:05:50|   6.7|  0.3|STATS |GeometriGap_NeighborFinder_2(ProximityFactory): Group Input Summary: 1594 base feature(s) and 5764 candidate feature(s) in group where MEDIUM='T'
2011-05-12 09:05:50|   6.7|  0.0|INFORM|Processing base feature(s)...
2011-05-12 09:05:50|   6.7|  0.0|STATS |GeometriGap_NeighborFinder_2(ProximityFactory): Group Input Summary: 1 base feature(s) and 50 candidate feature(s) in group where MEDIUM='L'
2011-05-12 09:05:50|   6.7|  0.0|STATS |GeometriGap_NeighborFinder_2(ProximityFactory): Group Input Summary: 0 base feature(s) and 14 candidate feature(s) in group where MEDIUM='U'
2011-05-12 09:05:50|   6.7|  0.0|STATS |GeometriGap_NeighborFinder_2(ProximityFactory): Input Summary:  1595 base feature(s), 5828 candidate feature(s)
2011-05-12 09:05:50|   6.7|  0.0|STATS |GeometriGap_NeighborFinder_2(ProximityFactory): Output Summary: 1595 matched feature(s), 0 unmatched base feature(s)
2011-05-12 09:05:50|   6.7|  0.0|STATS |GeometriGap_AttributeRemover_2(TeeFactory): Cloned 1595 input feature(s) into 1595 output feature(s)
2011-05-12 09:05:50|   6.7|  0.0|STATS |GeometriGap_ListExploder_5(ElementFactory): Split out 1595 list elements from 1595 input features, using mode LEAN
2011-05-12 09:05:50|   6.7|  0.0|STATS |GeometriGap_Tester_6(TestFactory): Tested 1595 input feature(s) -- 0 feature(s) passed and 1595 feature(s) failed
2011-05-12 09:05:50|   6.7|  0.0|STATS |GeometriGap_AttributeKeeper_7(TeeFactory): Cloned 0 input feature(s) into 0 output feature(s)
2011-05-12 09:05:50|   6.7|  0.0|STATS |GeometriGap_AttributeRenamer_2(TeeFactory): Cloned 0 input feature(s) into 0 output feature(s)
2011-05-12 09:05:50|   6.7|  0.0|INFORM|GeometriGap_FeatureMerger_3(ReferenceFactory): Completed 100% of intermediate processing
2011-05-12 09:05:50|   6.8|  0.0|STATS |GeometriGap_FeatureMerger_3(ReferenceFactory): Total Results: 0 Complete Feature(s), 1595 Incomplete Feature(s), 0 Referenced Feature(s), 0 Unreferenced Feature(s), 0 Referencer Feature(s) (NO REFERENCES), 0 Referencee Feature(s) (NO Referencee fields defined), and 0 Duplicate Referencee Feature(s)
2011-05-12 09:05:50|   6.8|  0.0|STATS |GeometriGap_ListRangeExtractor(TeeFactory): Cloned 0 input feature(s) into 0 output feature(s)
2011-05-12 09:05:50|   6.8|  0.0|STATS |GeometriGap_Geometrigap Output Collector(TeeFactory): Cloned 0 input feature(s) into 0 output feature(s)
2011-05-12 09:05:50|   6.8|  0.0|STATS |GeometriGap Geometrigap Output Renamer/Nuker(TeeFactory): Cloned 0 input feature(s) into 0 output feature(s)
2011-05-12 09:05:50|   6.8|  0.0|STATS |NeighborFinder(ProximityFactory): Input Summary:  0 base feature(s), 2 candidate feature(s)
2011-05-12 09:05:50|   6.8|  0.0|STATS |NeighborFinder(ProximityFactory): Output Summary: 0 matched feature(s), 0 unmatched base feature(s)
2011-05-12 09:05:50|   6.8|  0.0|STATS |Tester_3(TestFactory): Tested 0 input feature(s) -- 0 feature(s) passed and 0 feature(s) failed
2011-05-12 09:05:50|   6.8|  0.0|STATS |AttributeCreator_6(TeeFactory): Cloned 0 input feature(s) into 0 output feature(s)
2011-05-12 09:05:50|   6.8|  0.0|STATS |AttributeCreator_5(TeeFactory): Cloned 0 input feature(s) into 0 output feature(s)
2011-05-12 09:05:50|   6.8|  0.0|STATS |NullAttributeReplacer_2(TeeFactory): Cloned 5828 input feature(s) into 5828 output feature(s)
2011-05-12 09:05:50|   6.8|  0.0|STATS |TestFilter(TeeFactory): Cloned 5828 input feature(s) into 5828 output feature(s)
2011-05-12 09:05:50|   6.8|  0.0|STATS |TestFilter_TestFactory_0(TestFactory): Tested 5828 input feature(s) -- 0 feature(s) passed and 5828 feature(s) failed
2011-05-12 09:05:50|   6.8|  0.0|STATS |TestFilter_TestFactory_1(TestFactory): Tested 5828 input feature(s) -- 0 feature(s) passed and 5828 feature(s) failed
2011-05-12 09:05:50|   6.8|  0.0|STATS |TestFilter_TestFactory_2(TestFactory): Tested 5828 input feature(s) -- 0 feature(s) passed and 5828 feature(s) failed
2011-05-12 09:05:50|   6.8|  0.0|STATS |TestFilter_UNFILTERED(TeeFactory): Cloned 5828 input feature(s) into 5828 output feature(s)
2011-05-12 09:05:50|   6.8|  0.0|STATS |TestFilter <UNFILTERED> Output Nuker(TeeFactory): Cloned 5828 input feature(s) into 0 output feature(s)
2011-05-12 09:05:50|   6.8|  0.0|STATS |AttributeCreator_4(TeeFactory): Cloned 0 input feature(s) into 0 output feature(s)
2011-05-12 09:05:50|   6.8|  0.0|STATS |AttributeExposer(TeeFactory): Cloned 5828 input feature(s) into 5828 output feature(s)
2011-05-12 09:05:50|   6.8|  0.0|STATS |Originallenker (Disabled) Nuker(TeeFactory): Cloned 5828 input feature(s) into 0 output feature(s)
2011-05-12 09:05:50|   6.8|  0.0|STATS |LengthCalculator(TeeFactory): Cloned 5828 input feature(s) into 5828 output feature(s)
2011-05-12 09:05:50|   6.8|  0.0|STATS |Tester(TestFactory): Tested 5828 input feature(s) -- 0 feature(s) passed and 5828 feature(s) failed
2011-05-12 09:05:50|   6.8|  0.0|STATS |AttributeCreator_3(TeeFactory): Cloned 0 input feature(s) into 0 output feature(s)
2011-05-12 09:05:50|   6.8|  0.0|STATS |AttributeCreator_3_OUTPUT Disabled Nuker -1 73(TeeFactory): Cloned 0 input feature(s) into 0 output feature(s)
2011-05-12 09:05:50|   6.8|  0.0|STATS |CoordinateExtractor(TestFactory): Tested 2 input feature(s) -- 2 feature(s) passed and 0 feature(s) failed
2011-05-12 09:05:50|   6.8|  0.0|STATS |CoordinateExtractor OUTPUT Splitter(TeeFactory): Cloned 2 input feature(s) into 6 output feature(s)
2011-05-12 09:05:50|   6.8|  0.0|STATS |Counter(TeeFactory): Cloned 2 input feature(s) into 2 output feature(s)
2011-05-12 09:05:50|   6.8|  0.0|STATS |AttributeFilter_2(TestFactory): Tested 2 input feature(s) -- 2 feature(s) passed and 0 feature(s) failed
2011-05-12 09:05:50|   6.8|  0.0|STATS |AttributeFilter_2_BlankFilter(TestFactory): Tested 0 input feature(s) -- 0 feature(s) passed and 0 feature(s) failed
2011-05-12 09:05:50|   6.8|  0.0|STATS |AttributeFilter_2 KortLenke Output Nuker(TeeFactory): Cloned 0 input feature(s) into 0 output feature(s)
2011-05-12 09:05:50|   6.8|  0.0|STATS |AttributeFilter_2 GeometriGap Splitter(TeeFactory): Cloned 0 input feature(s) into 0 output feature(s)
2011-05-12 09:05:50|   6.8|  0.0|STATS |AttributeFilter_2 ManglendeNode Splitter(TeeFactory): Cloned 2 input feature(s) into 4 output feature(s)
2011-05-12 09:05:50|   6.8|  0.0|STATS |AttributeFilter_2 FeilMedium Output Nuker(TeeFactory): Cloned 0 input feature(s) into 0 output feature(s)
2011-05-12 09:05:50|   6.8|  0.0|STATS |AttributeFilter_2 <BLANK> Output Nuker(TeeFactory): Cloned 0 input feature(s) into 0 output feature(s)
2011-05-12 09:05:50|   6.8|  0.0|STATS |AttributeFilter_2 <UNFILTERED> Output Nuker(TeeFactory): Cloned 0 input feature(s) into 0 output feature(s)
2011-05-12 09:05:50|   6.8|  0.0|STATS |ListExploder(ElementFactory): Split out 4 list elements from 2 input features, using mode LEAN
2011-05-12 09:05:50|   6.8|  0.0|STATS |ListRemover(TeeFactory): Cloned 2 input feature(s) into 2 output feature(s)
2011-05-12 09:05:50|   6.8|  0.0|STATS |AttributeKeeper_2(TeeFactory): Cloned 6 input feature(s) into 6 output feature(s)
2011-05-12 09:05:50|   6.8|  0.0|STATS |ListBuilder_fme_type_remover(TeeFactory): Cloned 6 input feature(s) into 6 output feature(s)
2011-05-12 09:05:50|   6.8|  0.0|STATS |ListBuilder(ListFactory): Combined 6 input feature(s) into 2 output feature(s), including 0 singleton(s)
2011-05-12 09:05:50|   6.8|  0.0|STATS |ListDuplicateRemover_2(TeeFactory): Cloned 2 input feature(s) into 2 output feature(s)
2011-05-12 09:05:50|   6.8|  0.0|STATS |ListConcatenator(TeeFactory): Cloned 2 input feature(s) into 2 output feature(s)
2011-05-12 09:05:50|   6.8|  0.0|STATS |StringFormatter(TeeFactory): Cloned 2 input feature(s) into 2 output feature(s)
2011-05-12 09:05:50|   6.8|  0.0|STATS |StringFormatter_2(TeeFactory): Cloned 2 input feature(s) into 2 output feature(s)
2011-05-12 09:05:50|   6.8|  0.0|STATS |StringConcatenator(TeeFactory): Cloned 2 input feature(s) into 2 output feature(s)
2011-05-12 09:05:50|   6.8|  0.0|STATS |CoordinateSystemSetter(TeeFactory): Cloned 2 input feature(s) into 2 output feature(s)
2011-05-12 09:05:50|   6.8|  0.0|STATS |AttributeFilter(TestFactory): Tested 2 input feature(s) -- 2 feature(s) passed and 0 feature(s) failed
2011-05-12 09:05:50|   6.8|  0.0|STATS |AttributeFilter_BlankFilter(TestFactory): Tested 0 input feature(s) -- 0 feature(s) passed and 0 feature(s) failed
2011-05-12 09:05:50|   6.8|  0.0|STATS |AttributeFilter FeilMedium Output Nuker(TeeFactory): Cloned 0 input feature(s) into 0 output feature(s)
2011-05-12 09:05:50|   6.8|  0.0|STATS |AttributeFilter <BLANK> Output Nuker(TeeFactory): Cloned 0 input feature(s) into 0 output feature(s)
2011-05-12 09:05:50|   6.8|  0.0|STATS |AttributeFilter <UNFILTERED> Output Nuker(TeeFactory): Cloned 0 input feature(s) into 0 output feature(s)
2011-05-12 09:05:50|   6.8|  0.0|STATS |StringFormatter_3(TeeFactory): Cloned 2 input feature(s) into 2 output feature(s)
2011-05-12 09:05:50|   6.8|  0.0|STATS |SubstringExtractor(TeeFactory): Cloned 2 input feature(s) into 2 output feature(s)
2011-05-12 09:05:50|   6.8|  0.0|STATS |SubstringExtractor_2(TeeFactory): Cloned 2 input feature(s) into 2 output feature(s)
2011-05-12 09:05:50|   6.8|  0.0|STATS |ListIndexer(TeeFactory): Cloned 2 input feature(s) into 2 output feature(s)
2011-05-12 09:05:50|   6.8|  0.0|STATS |AttributeRenamer(TeeFactory): Cloned 2 input feature(s) into 2 output feature(s)
2011-05-12 09:05:50|   6.8|  0.0|STATS |AttributeRenamer_OUTPUT -> Geometrifeil Correlator(TeeFactory): Cloned 2 input feature(s) into 2 output feature(s)
2011-05-12 09:05:50|   6.8|  0.0|STATS |AttributeFilter_FeilVegreferanse -> FeilVegreferanse Correlator(TeeFactory): Cloned 0 input feature(s) into 0 output feature(s)
2011-05-12 09:05:50|   6.8|  0.0|STATS |AttributeFilter_KortLenke -> KortLenke Correlator(TeeFactory): Cloned 0 input feature(s) into 0 output feature(s)
2011-05-12 09:05:50|   6.8|  0.0|STATS |AttributeFilter_GeometriGap -> GeometriGap Correlator(TeeFactory): Cloned 0 input feature(s) into 0 output feature(s)
2011-05-12 09:05:50|   6.8|  0.0|STATS |AttributeFilter_ManglendeNode -> ManglendeNode Correlator(TeeFactory): Cloned 2 input feature(s) into 2 output feature(s)
2011-05-12 09:05:50|   6.8|  0.0|STATS |StringConcatenator_OUTPUT -> text_line Correlator(TeeFactory): Cloned 2 input feature(s) into 2 output feature(s)
2011-05-12 09:05:50|   6.8|  0.0|STATS |Final Output Feature Type Router(TestFactory): Tested 6 input feature(s) -- 6 feature(s) passed and 0 feature(s) failed
2011-05-12 09:05:50|   6.8|  0.0|STATS |=-=-=-=-=-=-=-=-=-=-=-=-=-=-=-=-=-=-=-=-=-=-=-=-=-=-=-=-=-=-=-=-=-=-=-=-=-=-=-
2011-05-12 09:05:50|   6.8|  0.0|STATS |                            `Count' Domain Summary
2011-05-12 09:05:50|   6.8|  0.0|STATS |=-=-=-=-=-=-=-=-=-=-=-=-=-=-=-=-=-=-=-=-=-=-=-=-=-=-=-=-=-=-=-=-=-=-=-=-=-=-=-
2011-05-12 09:05:50|   6.8|  0.0|STATS |Høydeforskjeller_Matcher                                                     2
2011-05-12 09:05:50|   6.8|  0.0|STATS |counter                                                                      2
2011-05-12 09:05:50|   6.8|  0.0|STATS |==============================================================================
2011-05-12 09:05:50|   6.8|  0.0|STATS |Total `@Count' Invocations:                                                  4
2011-05-12 09:05:50|   6.8|  0.0|STATS |=-=-=-=-=-=-=-=-=-=-=-=-=-=-=-=-=-=-=-=-=-=-=-=-=-=-=-=-=-=-=-=-=-=-=-=-=-=-=-
2011-05-12 09:05:50|   6.8|  0.0|INFORM|GDMMapper - Lukker : C:\DATA\KVALITETSKONTROLLER\DATA\20110511\0427ELVEG\0427GEOMETRIANALYSE.GDD
2011-05-12 09:05:50|   6.8|  0.0|INFORM|=-=-=-=-=-=-=-=-=-=-=-=-=-=-=-=-=-=-=-=-=-=-=-=-=-=-=-=-=-=-=-=-=-=-=-=-=-=-=-
2011-05-12 09:05:50|   6.8|  0.0|INFORM|Feature output statistics for `GDMMAPPERQUADRI' writer using keyword `GDMMAPPERQUADRI_1':
2011-05-12 09:05:50|   6.8|  0.0|STATS |=-=-=-=-=-=-=-=-=-=-=-=-=-=-=-=-=-=-=-=-=-=-=-=-=-=-=-=-=-=-=-=-=-=-=-=-=-=-=-
2011-05-12 09:05:50|   6.8|  0.0|STATS |                               Features Written
2011-05-12 09:05:50|   6.8|  0.0|STATS |=-=-=-=-=-=-=-=-=-=-=-=-=-=-=-=-=-=-=-=-=-=-=-=-=-=-=-=-=-=-=-=-=-=-=-=-=-=-=-
2011-05-12 09:05:50|   6.8|  0.0|STATS |ManglendeNode                                                                2
2011-05-12 09:05:50|   6.8|  0.0|STATS |==============================================================================
2011-05-12 09:05:50|   6.8|  0.0|STATS |Total Features Written                                                       2
2011-05-12 09:05:50|   6.8|  0.0|STATS |=-=-=-=-=-=-=-=-=-=-=-=-=-=-=-=-=-=-=-=-=-=-=-=-=-=-=-=-=-=-=-=-=-=-=-=-=-=-=-
2011-05-12 09:05:50|   6.8|  0.0|INFORM|MULTI_WRITER: multi_writer_id `1': Started outputting features
2011-05-12 09:05:50|   6.8|  0.0|INFORM|Loaded module 'TEXTLINE' from file 'C:\Programfiler\FME\plugins/TEXTLINE.dll'
2011-05-12 09:05:50|   6.8|  0.0|INFORM|FME API version of module 'TEXTLINE' matches current internal version (3.6 20090807)
2011-05-12 09:05:50|   6.8|  0.0|INFORM|FME Configuration: No destination coordinate system set
2011-05-12 09:05:50|   6.8|  0.0|INFORM|Using Dynamic Writer $Revision: 26873 $ ( $Date: 2006-03-01 10:08:47 -0800 (Wed, 01 Mar 2006) $ ) with module TEXTLINE to write dataset `C:\DATA\Kvalitetskontroller\Data\20110511\0427Elveg\0427Geometrifeil.log'
2011-05-12 09:05:50|   6.8|  0.0|INFORM|FME API version of module 'TEXTLINE' matches current internal version (3.6 20090807)
2011-05-12 09:05:50|   6.8|  0.0|INFORM|Writer `TEXTLINE_1' of type `TEXTLINE' using group definition keyword `TEXTLINE_DEF'
2011-05-12 09:05:50|   6.8|  0.0|INFORM|FME API version of module 'TEXTLINE' matches current internal version (3.6 20090807)
2011-05-12 09:05:50|   6.8|  0.0|INFORM|Opening the Text File Writer on file `C:\DATA\Kvalitetskontroller\Data\20110511\0427Elveg\0427Geometrifeil.log'
2011-05-12 09:05:50|   6.8|  0.0|INFORM|FME Configuration: Destination coordinate system set to input coordinate system `EPSG:25833'
2011-05-12 09:05:50|   6.8|  0.0|INFORM|MULTI_WRITER: multi_writer_id `1': Writing feature 0 
2011-05-12 09:05:50|   6.8|  0.0|INFORM|Closing the Text File Writer
2011-05-12 09:05:50|   6.8|  0.0|INFORM|=-=-=-=-=-=-=-=-=-=-=-=-=-=-=-=-=-=-=-=-=-=-=-=-=-=-=-=-=-=-=-=-=-=-=-=-=-=-=-
2011-05-12 09:05:50|   6.8|  0.0|INFORM|Feature output statistics for `TEXTLINE' writer using keyword `TEXTLINE_1':
2011-05-12 09:05:50|   6.8|  0.0|STATS |=-=-=-=-=-=-=-=-=-=-=-=-=-=-=-=-=-=-=-=-=-=-=-=-=-=-=-=-=-=-=-=-=-=-=-=-=-=-=-
2011-05-12 09:05:50|   6.8|  0.0|STATS |                               Features Written
2011-05-12 09:05:50|   6.8|  0.0|STATS |=-=-=-=-=-=-=-=-=-=-=-=-=-=-=-=-=-=-=-=-=-=-=-=-=-=-=-=-=-=-=-=-=-=-=-=-=-=-=-
2011-05-12 09:05:50|   6.8|  0.0|STATS |text_line                                                                    2
2011-05-12 09:05:50|   6.8|  0.0|STATS |==============================================================================
2011-05-12 09:05:50|   6.8|  0.0|STATS |Total Features Written                                                       2
2011-05-12 09:05:50|   6.8|  0.0|STATS |=-=-=-=-=-=-=-=-=-=-=-=-=-=-=-=-=-=-=-=-=-=-=-=-=-=-=-=-=-=-=-=-=-=-=-=-=-=-=-
2011-05-12 09:05:50|   6.8|  0.0|INFORM|MULTI_WRITER: multi_writer_id `1': done writing 2 feature(s) 
2011-05-12 09:05:50|   6.8|  0.0|INFORM|^^^^^^^^^^^^^^^^^^^^^^^^^^^^^^^^^^^^^^^^^^^^^^^^^^^^^^^^^^^^^^^^^^^^^^^^^^^^^^
2011-05-12 09:05:50|   6.8|  0.0|INFORM|MULTI_WRITER: multi_writer_id `2': Started outputting features
2011-05-12 09:05:50|   6.8|  0.0|INFORM|Loaded module 'MDB_ADO' from file 'C:\Programfiler\FME\plugins/FME_ADO.dll'
2011-05-12 09:05:50|   6.8|  0.0|INFORM|FME API version of module 'MDB_ADO' matches current internal version (3.6 20090807)
2011-05-12 09:05:50|   6.8|  0.0|INFORM|FME Configuration: No destination coordinate system set
2011-05-12 09:05:50|   6.8|  0.0|INFORM|Using Dynamic Writer $Revision: 26873 $ ( $Date: 2006-03-01 10:08:47 -0800 (Wed, 01 Mar 2006) $ ) with module MDB_ADO to write dataset `C:\DATA\Kvalitetskontroller\Data\Geometrifeil.mdb'
2011-05-12 09:05:50|   6.8|  0.0|INFORM|FME API version of module 'MDB_ADO' matches current internal version (3.6 20090807)
2011-05-12 09:05:50|   6.8|  0.0|INFORM|Writer `MDB_ADO_1' of type `MDB_ADO' using group definition keyword `MDB_ADO_1_DEF'
2011-05-12 09:05:50|   6.9|  0.0|INFORM|FME API version of module 'MDB_ADO' matches current internal version (3.6 20090807)
2011-05-12 09:05:50|   6.9|  0.0|INFORM|MS Access Writer: Read 1 DEF line(s).  Found 6 attribute(s)
2011-05-12 09:05:50|   6.9|  0.0|INFORM|MS Access Writer: Opening `C:\DATA\Kvalitetskontroller\Data\Geometrifeil.mdb' for write operation
2011-05-12 09:05:52|   7.1|  0.2|INFORM|FME Configuration: Destination coordinate system set to input coordinate system `EPSG:25833'
2011-05-12 09:05:52|   7.1|  0.0|WARN  |MS Access Writer: Attribute `FYLKE' of feature type `Geometrifeil' has specified type `integer', but existing database table field has type `long'.  Information may be lost during conversion
2011-05-12 09:05:52|   7.1|  0.0|WARN  |MS Access Writer: Attribute `KOMMUNE' of feature type `Geometrifeil' has specified type `integer', but existing database table field has type `long'.  Information may be lost during conversion
2011-05-12 09:05:52|   7.1|  0.0|INFORM|MULTI_WRITER: multi_writer_id `2': Writing feature 0 
2011-05-12 09:05:52|   7.1|  0.0|INFORM|MS Access Writer: Closing `C:\DATA\Kvalitetskontroller\Data\Geometrifeil.mdb' . Write operation complete
2011-05-12 09:05:53|   7.1|  0.0|INFORM|=-=-=-=-=-=-=-=-=-=-=-=-=-=-=-=-=-=-=-=-=-=-=-=-=-=-=-=-=-=-=-=-=-=-=-=-=-=-=-
2011-05-12 09:05:53|   7.1|  0.0|INFORM|Feature output statistics for `MDB_ADO' writer using keyword `MDB_ADO_1':
2011-05-12 09:05:53|   7.1|  0.0|STATS |=-=-=-=-=-=-=-=-=-=-=-=-=-=-=-=-=-=-=-=-=-=-=-=-=-=-=-=-=-=-=-=-=-=-=-=-=-=-=-
2011-05-12 09:05:53|   7.1|  0.0|STATS |                               Features Written
2011-05-12 09:05:53|   7.1|  0.0|STATS |=-=-=-=-=-=-=-=-=-=-=-=-=-=-=-=-=-=-=-=-=-=-=-=-=-=-=-=-=-=-=-=-=-=-=-=-=-=-=-
2011-05-12 09:05:53|   7.1|  0.0|STATS |Geometrifeil                                                                 2
2011-05-12 09:05:53|   7.1|  0.0|STATS |==============================================================================
2011-05-12 09:05:53|   7.1|  0.0|STATS |Total Features Written                                                       2
2011-05-12 09:05:53|   7.1|  0.0|STATS |=-=-=-=-=-=-=-=-=-=-=-=-=-=-=-=-=-=-=-=-=-=-=-=-=-=-=-=-=-=-=-=-=-=-=-=-=-=-=-
2011-05-12 09:05:53|   7.1|  0.0|INFORM|MULTI_WRITER: multi_writer_id `2': done writing 2 feature(s) 
2011-05-12 09:05:53|   7.1|  0.0|INFORM|^^^^^^^^^^^^^^^^^^^^^^^^^^^^^^^^^^^^^^^^^^^^^^^^^^^^^^^^^^^^^^^^^^^^^^^^^^^^^^
2011-05-12 09:05:53|   7.1|  0.0|STATS |=-=-=-=-=-=-=-=-=-=-=-=-=-=-=-=-=-=-=-=-=-=-=-=-=-=-=-=-=-=-=-=-=-=-=-=-=-=-=-
2011-05-12 09:05:53|   7.1|  0.0|STATS |                            Features Read Summary
2011-05-12 09:05:53|   7.1|  0.0|STATS |=-=-=-=-=-=-=-=-=-=-=-=-=-=-=-=-=-=-=-=-=-=-=-=-=-=-=-=-=-=-=-=-=-=-=-=-=-=-=-
2011-05-12 09:05:53|   7.1|  0.0|STATS |Fortau                                                                      17
2011-05-12 09:05:53|   7.1|  0.0|STATS |GangSykkelVegSenterlinje                                                   221
2011-05-12 09:05:53|   7.1|  0.0|STATS |Kjørebane                                                                  259
2011-05-12 09:05:53|   7.1|  0.0|STATS |Kjørefelt                                                                    6
2011-05-12 09:05:53|   7.1|  0.0|STATS |Kommunedele                                                                 47
2011-05-12 09:05:53|   7.1|  0.0|STATS |Planovergang                                                                13
2011-05-12 09:05:53|   7.1|  0.0|STATS |Svingekonnekteringslenke                                                     1
2011-05-12 09:05:53|   7.1|  0.0|STATS |VegSenterlinje                                                            5341
2011-05-12 09:05:53|   7.1|  0.0|STATS |VegUnderBane                                                                 3
2011-05-12 09:05:53|   7.1|  0.0|STATS |Vegsperring                                                                140
2011-05-12 09:05:53|   7.1|  0.0|STATS |==============================================================================
2011-05-12 09:05:53|   7.1|  0.0|STATS |Total Features Read                                                       6048
2011-05-12 09:05:53|   7.1|  0.0|STATS |=-=-=-=-=-=-=-=-=-=-=-=-=-=-=-=-=-=-=-=-=-=-=-=-=-=-=-=-=-=-=-=-=-=-=-=-=-=-=-
2011-05-12 09:05:53|   7.1|  0.0|STATS |=-=-=-=-=-=-=-=-=-=-=-=-=-=-=-=-=-=-=-=-=-=-=-=-=-=-=-=-=-=-=-=-=-=-=-=-=-=-=-
2011-05-12 09:05:53|   7.1|  0.0|STATS |                           Features Written Summary
2011-05-12 09:05:53|   7.1|  0.0|STATS |=-=-=-=-=-=-=-=-=-=-=-=-=-=-=-=-=-=-=-=-=-=-=-=-=-=-=-=-=-=-=-=-=-=-=-=-=-=-=-
2011-05-12 09:05:53|   7.1|  0.0|STATS |Geometrifeil                                                                 2
2011-05-12 09:05:53|   7.1|  0.0|STATS |ManglendeNode                                                                2
2011-05-12 09:05:53|   7.1|  0.0|STATS |text_line                                                                    2
2011-05-12 09:05:53|   7.1|  0.0|STATS |==============================================================================
2011-05-12 09:05:53|   7.1|  0.0|STATS |Total Features Written                                                       6
2011-05-12 09:05:53|   7.1|  0.0|STATS |=-=-=-=-=-=-=-=-=-=-=-=-=-=-=-=-=-=-=-=-=-=-=-=-=-=-=-=-=-=-=-=-=-=-=-=-=-=-=-
2011-05-12 09:05:53|   7.1|  0.0|INFORM|GDMMapper - Lukker : C:\DATA\KVALITETSKONTROLLER\DATA\20110511\0427ELVEG\0427ELVEG.SOS
2011-05-12 09:05:53|   7.1|  0.0|INFORM|Translation was SUCCESSFUL with 3 warning(s) (6 feature(s)/4 coordinate(s) output)
2011-05-12 09:05:53|   7.1|  0.0|INFORM|FME Session Duration: 9.6 seconds. (CPU: 6.5s user, 0.5s system)
2011-05-12 09:05:53|   7.1|  0.0|INFORM|END - ProcessID: 1708, peak process memory usage: 118696 kB, current process memory usage: 114312 kB.
