FEIL: 6521876.330   -34403.610       Felt , mangler restriksjon
FEIL: 6541961.700   -46793.200       Restriksjon på del av lenke
FEIL: 6521726.500   -34447.200       Felt 2, mangler restriksjon
FEIL: 6521777.700   -34437.020       Felt 2, mangler restriksjon
FEIL: 6521819.140   -34427.030       Felt 2, mangler restriksjon
FEIL: 6521823.230   -34425.970       Felt 2, mangler restriksjon
FEIL: 6521865.900   -34415.430       Felt 2, mangler restriksjon
FEIL: 6521900.870   -34406.310       Felt 2, mangler restriksjon
FEIL: 6521905.750   -34405.010       Felt 2, mangler restriksjon
FEIL: 6521917.190   -34401.510       Felt 2, mangler restriksjon
FEIL: 6521726.500   -34447.200       Felt 1, mangler restriksjon
FEIL: 6521777.150   -34432.630       Felt 1, mangler restriksjon
FEIL: 6521817.800   -34421.360       Felt 1, mangler restriksjon
FEIL: 6521821.950   -34420.280       Felt 1, mangler restriksjon
FEIL: 6521864.000   -34408.600       Felt 1#1V1, mangler restriksjon
FEIL: 6521877.540   -34404.680       Felt 1#1V1, mangler restriksjon
FEIL: 6521898.610   -34398.770       Felt 1, mangler restriksjon
FEIL: 6521910.110   -34395.640       Felt 1, mangler restriksjon
FEIL: 6521910.110   -34395.640       Felt 1, mangler restriksjon
FEIL: 6521910.110   -34395.640       Felt 2, mangler restriksjon
FEIL: 6521878.450   -34408.190       Felt 1V1, mangler restriksjon
FEIL: 6521900.940   -34401.890       Felt 1V1, mangler restriksjon
FEIL: 6521821.950   -34420.280       Felt 1V1, mangler restriksjon
FEIL: 6521844.330   -34416.890       Felt 1V1, mangler restriksjon
