FEIL: 6622515.400   -49495.500       Restriksjon på del av lenke
FEIL: 6619963.660   -51480.780       Felt 1, mangler restriksjon
FEIL: 6619964.670   -51471.620       Felt 1, mangler restriksjon
FEIL: 6619971.000   -51467.050       Felt 1, mangler restriksjon
FEIL: 6619976.720   -51467.200       Felt 1, mangler restriksjon
FEIL: 6619982.050   -51471.010       Felt 1, mangler restriksjon
FEIL: 6619984.050   -51476.730       Felt 1, mangler restriksjon
FEIL: 6619983.120   -51481.600       Felt 1, mangler restriksjon
FEIL: 6619980.560   -51485.100       Felt 1, mangler restriksjon
FEIL: 6619977.150   -51487.140       Felt 1, mangler restriksjon
FEIL: 6619970.600   -51487.340       Felt 1, mangler restriksjon
FEIL: 6619957.270   -51539.200       Felt 2, mangler restriksjon
FEIL: 6619950.100   -51537.720       Felt 1, mangler restriksjon
FEIL: 6619982.050   -51471.010       Felt 2, mangler restriksjon
FEIL: 6619971.000   -51467.050       Felt 1, mangler restriksjon
FEIL: 6619971.000   -51467.050       Felt 2, mangler restriksjon
FEIL: 6619956.140   -51463.220       Felt 2, mangler restriksjon
FEIL: 6619963.660   -51480.780       Felt 1, mangler restriksjon
FEIL: 6619952.720   -51469.110       Felt 1, mangler restriksjon
FEIL: 6611757.720   -54861.190       Felt 1, mangler restriksjon
FEIL: 6611748.220   -54858.550       Felt 2, mangler restriksjon
FEIL: 6613346.860   -55257.170       Felt 1, mangler restriksjon
FEIL: 6613355.800   -55267.200       Felt 2, mangler restriksjon
FEIL: 6612691.920   -52261.730       Felt 2, mangler restriksjon
FEIL: 6612692.030   -52270.730       Felt 1, mangler restriksjon
FEIL: 6621097.720   -51244.490       Felt 1, mangler restriksjon
FEIL: 6621098.400   -51241.200       Felt 1, mangler restriksjon
FEIL: 6621105.120   -51232.940       Felt 1, mangler restriksjon
FEIL: 6621111.400   -51230.930       Felt 1, mangler restriksjon
FEIL: 6621117.120   -51231.930       Felt 1, mangler restriksjon
FEIL: 6621124.350   -51236.910       Felt 1, mangler restriksjon
FEIL: 6621126.860   -51245.130       Felt 1, mangler restriksjon
FEIL: 6621126.260   -51250.490       Felt 1, mangler restriksjon
FEIL: 6621123.540   -51255.280       Felt 1, mangler restriksjon
FEIL: 6621120.070   -51258.140       Felt 1, mangler restriksjon
FEIL: 6621113.720   -51260.330       Felt 1, mangler restriksjon
FEIL: 6621109.570   -51260.210       Felt 1, mangler restriksjon
FEIL: 6621100.270   -51254.230       Felt 1, mangler restriksjon
FEIL: 6621097.880   -51247.900       Felt 1, mangler restriksjon
FEIL: 6620945.490   -51295.840       Felt 2, mangler restriksjon
FEIL: 6620993.410   -51279.990       Felt 2, mangler restriksjon
FEIL: 6620997.460   -51278.480       Felt 2, mangler restriksjon
FEIL: 6620945.490   -51295.840       Felt 1, mangler restriksjon
FEIL: 6620960.660   -51285.780       Felt 1#1V1, mangler restriksjon
FEIL: 6620991.210   -51273.600       Felt 1#1V1, mangler restriksjon
FEIL: 6620994.850   -51272.240       Felt 1#1V1, mangler restriksjon
FEIL: 6621126.260   -51250.490       Felt 2, mangler restriksjon
FEIL: 6621321.940   -51249.830       Felt 2, mangler restriksjon
FEIL: 6621124.350   -51236.910       Felt 1#1H1, mangler restriksjon
FEIL: 6621319.050   -51242.220       Felt 1, mangler restriksjon
FEIL: 6621117.120   -51231.930       Felt 2, mangler restriksjon
FEIL: 6621105.120   -51232.940       Felt 1, mangler restriksjon
FEIL: 6620960.660   -51285.780       Felt 1H1, mangler restriksjon
FEIL: 6620990.310   -51271.080       Felt 1H1, mangler restriksjon
FEIL: 6620994.170   -51269.640       Felt 1H1, mangler restriksjon
FEIL: 6621091.180   -51242.890       Felt 1H1, mangler restriksjon
FEIL: 6621123.540   -51255.280       Felt 1H1, mangler restriksjon
FEIL: 6621131.480   -51252.680       Felt 1H1, mangler restriksjon
FEIL: 6616375.500   -51425.500       Felt SVKL, restriksjon feil retning
FEIL: 6611666.000   -54836.100       Felt SVKL, restriksjon feil retning
FEIL: 6611739.100   -50964.600       Felt 1#2, har restriksjon
