FEIL: 6466237.300    84638.800       Restriksjon på del av lenke
FEIL: 6465714.500    86401.900       Felt SVKL, mangler restriksjon
FEIL: 6467480.800    85883.800       Felt SVKL, mangler restriksjon
FEIL: 6468733.100    85668.600       Felt SVKL, mangler restriksjon
FEIL: 6470091.100    85230.500       Felt SVKL, mangler restriksjon
FEIL: 6471007.200    93876.100       Felt SVKL, mangler restriksjon
FEIL: 6473445.400    95359.400       Felt SVKL, mangler restriksjon
FEIL: 6473544.700    95442.200       Felt SVKL, mangler restriksjon
FEIL: 6473588.600    95475.900       Felt SVKL, mangler restriksjon
FEIL: 6474198.700    95666.800       Felt SVKL, mangler restriksjon
FEIL: 6474263.100    95690.500       Felt 12, mangler restriksjon
FEIL: 6474264.090    95687.770       Felt 12, mangler restriksjon
FEIL: 6466304.000    87724.100       Felt SVKL, mangler restriksjon
FEIL: 6475260.400    85159.800       Felt SVKL, mangler restriksjon
FEIL: 6467719.600    89667.300       Felt SVKL, mangler restriksjon
FEIL: 6466667.900    88607.800       Felt SVKL, mangler restriksjon
FEIL: 6466510.300    88204.400       Felt SVKL, mangler restriksjon
FEIL: 6470373.890    97858.170       Felt 2, mangler restriksjon
FEIL: 6470373.890    97858.170       Felt 1, mangler restriksjon
FEIL: 6469385.450    96128.160       Felt 2, mangler restriksjon
FEIL: 6469396.500    96133.360       Felt 1, mangler restriksjon
FEIL: 6468758.480    96852.840       Felt 2, mangler restriksjon
FEIL: 6468758.480    96852.840       Felt 1, mangler restriksjon
FEIL: 6468816.260    96900.160       Felt 2, mangler restriksjon
FEIL: 6468816.260    96900.160       Felt 1, mangler restriksjon
FEIL: 6469226.340    96262.050       Felt 1, mangler restriksjon
FEIL: 6469209.910    96261.990       Felt 2, mangler restriksjon
FEIL: 6469207.560    96263.820       Felt 1, mangler restriksjon
FEIL: 6469203.470    96275.890       Felt 2, mangler restriksjon
FEIL: 6469219.450    96288.850       Felt 1, mangler restriksjon
FEIL: 6469230.770    96281.770       Felt 2, mangler restriksjon
FEIL: 6469226.340    96262.050       Felt 2, mangler restriksjon
FEIL: 6469316.250    96251.400       Felt 2, mangler restriksjon
FEIL: 6469321.800    96258.500       Felt 1, mangler restriksjon
FEIL: 6469231.910    96279.210       Felt 1, mangler restriksjon
FEIL: 6472119.720    93244.040       Felt 1, mangler restriksjon
FEIL: 6472121.580    93255.280       Felt 2, mangler restriksjon
FEIL: 6472166.520    93252.900       Felt 2, mangler restriksjon
FEIL: 6472147.910    93252.410       Felt 2, mangler restriksjon
FEIL: 6472166.520    93252.900       Felt 1, mangler restriksjon
FEIL: 6472148.620    93247.550       Felt 1, mangler restriksjon
FEIL: 6472136.880    93221.800       Felt 2, mangler restriksjon
FEIL: 6472136.880    93221.800       Felt 1, mangler restriksjon
FEIL: 6473213.630    94826.660       Felt 2, mangler restriksjon
FEIL: 6473210.100    94825.000       Felt 2, mangler restriksjon
FEIL: 6466008.490    84613.290       Felt 1, mangler restriksjon
FEIL: 6466003.370    84612.490       Felt 1, mangler restriksjon
FEIL: 6469204.360    96269.090       Felt 1#2, har restriksjon
FEIL: 6466945.900    88934.500       Felt SVKL, restriksjon feil retning
FEIL: 6469216.780    96288.880       Felt 1#2, har restriksjon
FEIL: 6469226.340    96262.050       Felt 1#2, har restriksjon
FEIL: 6466693.600    89819.600       Felt SVKL, restriksjon feil retning
FEIL: 6469231.910    96279.210       Felt 1#2, har restriksjon
FEIL: 6469232.370    96270.960       Felt 1#2, har restriksjon
FEIL: 6469219.450    96288.850       Felt 1#2, har restriksjon
FEIL: 6466327.000    84700.200       Felt 2, restriksjon feil retning
FEIL: 6466692.100    89812.300       Felt SVKL, restriksjon feil retning
FEIL: 6469203.470    96275.890       Felt 1#2, har restriksjon
FEIL: 6469207.560    96263.820       Felt 1#2, har restriksjon
FEIL: 6464244.900    85843.700       Felt SVKL, restriksjon feil retning
FEIL: 6469230.770    96281.770       Felt 1#2, har restriksjon
FEIL: 6464251.600    85850.300       Felt SVKL, restriksjon feil retning
FEIL: 6466947.100    88928.200       Felt SVKL, restriksjon feil retning
FEIL: 6469209.910    96261.990       Felt 1#2, har restriksjon
FEIL: 6469217.780    96259.610       Felt 1#2, har restriksjon
FEIL: 6466692.100    89812.300       Felt SVKL, restriksjon feil retning
FEIL: 6469207.020    96284.080       Felt 1#2, har restriksjon
FEIL: 6469226.120    96286.630       Felt 1#2, har restriksjon
FEIL: 6462856.300    85349.200       Felt SVKL, restriksjon feil retning
