2011-05-12 08:59:51|   0.1|  0.1|INFORM|Feature Manipulation Engine 2010 SP4 (20101117 - Build 6235 - WIN32)
2011-05-12 08:59:51|   0.1|  0.0|INFORM|FME_HOME is 'C:\Programfiler\FME\'
2011-05-12 08:59:51|   0.1|  0.0|INFORM|FME Desktop ESRI Edition (floating)
2011-05-12 08:59:51|   0.1|  0.0|INFORM|Permanent License.
2011-05-12 08:59:51|   0.1|  0.0|INFORM|Machine host name is: svv-26270
2011-05-12 08:59:51|   0.1|  0.0|INFORM|START - ProcessID: 2896, peak process memory usage: 20772 kB, current process memory usage: 20452 kB.
2011-05-12 08:59:51|   0.1|  0.0|INFORM|FME Configuration: Command line arguments are `C:\Programfiler\FME\fme.exe' `C:\DATA\Kvalitetskontroller\Geometri\FMW\GeometriKontroll.fmw' `--SourceDataset_GDMMAPPERSOSI' `C:\DATA\Kvalitetskontroller\Data\20110511\0214Elveg\0214Elveg.SOS' `--DestDataset_GDMMAPPERQUADRI' `C:\DATA\Kvalitetskontroller\Data\20110511\0214Elveg\0214Geometrianalyse.gdd' `--DestDataset_TEXTLINE' `C:\DATA\Kvalitetskontroller\Data\20110511\0214Elveg\0214Geometrifeil.log' `--dZLim' `2' `--dXYlim' `1' `--lengthLim' `1' `--LOG_FILE' `C:\DATA\Kvalitetskontroller\Data\20110511\0214Elveg\0214Geometrianalyse.log'
2011-05-12 08:59:51|   0.2|  0.0|INFORM|Shared directories for formats are : C:\Programfiler\FME\datasources
2011-05-12 08:59:51|   0.2|  0.0|INFORM|Shared directories for transformers are : C:\Programfiler\FME\transformers
2011-05-12 08:59:51|   0.2|  0.0|INFORM|FME Configuration: Reader Keyword is `GDMMAPPERSOSI_1'
2011-05-12 08:59:51|   0.2|  0.0|INFORM|FME Configuration: Writer Keyword is `MULTI_WRITER'
2011-05-12 08:59:51|   0.2|  0.0|INFORM|FME Configuration: Writer Group Definition Keyword is `MULTI_WRITER_DEF'
2011-05-12 08:59:51|   0.2|  0.0|INFORM|FME Configuration: Reader type is `GDMMAPPERSOSI'
2011-05-12 08:59:51|   0.2|  0.0|INFORM|FME Configuration: Writer type is `MULTI_WRITER'
2011-05-12 08:59:51|   0.2|  0.0|INFORM|FME Configuration: No destination coordinate system set
2011-05-12 08:59:51|   0.2|  0.0|INFORM|FME Configuration: Geometry Handling Mode is `Enhanced' 
2011-05-12 08:59:51|   0.2|  0.0|INFORM|FME Configuration: Current working directory is `C:\DATA\Kvalitetskontroller\Geometri'
2011-05-12 08:59:51|   0.2|  0.0|INFORM|FME Configuration: Temporary directory is `C:\DOCUME~1\hanekk\LOKALE~1\Temp'
2011-05-12 08:59:51|   0.2|  0.0|INFORM|FME Configuration: FME_HOME is `C:\Programfiler\FME\'
2011-05-12 08:59:51|   0.2|  0.0|INFORM|FME Configuration: FME_BASE is 'no'
2011-05-12 08:59:51|   0.2|  0.0|INFORM|FME Configuration: FME_MF_DIR is 'C:\DATA\Kvalitetskontroller\Geometri\FMW/'
2011-05-12 08:59:51|   0.2|  0.0|INFORM|FME Configuration: FME_MF_NAME is 'GeometriKontroll.fmw'
2011-05-12 08:59:51|   0.2|  0.0|INFORM|FME Configuration: FME_PRODUCT_NAME is 'FME 2010 SP4'
2011-05-12 08:59:51|   0.2|  0.0|INFORM|System Status: 143468MB of disk space available in the FME temporary directory (C:\DOCUME~1\hanekk\LOKALE~1\Temp\)
2011-05-12 08:59:51|   0.2|  0.0|INFORM|System Status: 1945MB of virtual memory available
2011-05-12 08:59:51|   0.2|  0.0|INFORM|Operating System: Microsoft Windows XP Professional Service Pack 3 (Build 2600)
2011-05-12 08:59:51|   0.2|  0.0|INFORM|FME Platform: WIN32
2011-05-12 08:59:51|   0.2|  0.0|INFORM|Locale: nb_NO
2011-05-12 08:59:51|   0.2|  0.0|INFORM|Code Page: 1252  (ANSI - latin I)
2011-05-12 08:59:51|   0.2|  0.0|INFORM|FME Configuration: Process limit is 2047 MB (out of 3325 MB physical memory and 2047 MB address space)
2011-05-12 08:59:51|   0.2|  0.0|INFORM|FME Configuration: Start freeing memory when process usage exceeds 847 MB of memory or 1447 MB of address space
2011-05-12 08:59:51|   0.2|  0.0|INFORM|FME Configuration: Stop freeing memory when process usage is below 635 MB of memory and 1085 MB of address space
2011-05-12 08:59:51|   0.2|  0.0|INFORM|FME Configuration: Autodetermining optimal maximum number of objects in memory
2011-05-12 08:59:51|   0.2|  0.0|INFORM|FME Configuration: Source coordinate system for reader GDMMAPPERSOSI_1[GDMMAPPERSOSI] set to `EPSG:25833'
2011-05-12 08:59:52|   1.0|  0.9|INFORM|Coordinate System `EPSG:25833' parameters: CS_NAME=`ETRS89.UTM-33N' DESC_NM=`ETRS89 / UTM zone 33N' DT_NAME=`ETRF89' EPSG=`25833' GROUP=`UTMN' MAP_SCL=`1' PARM1=`15' PROJ=`TM' QUAD=`1' SCL_RED=`0.9996' SOURCE=`EPSG, V6.3, 25833 [Large and medium scale topographic mappi]' UNIT=`Meter' X_OFF=`500000' Y_OFF=`0.0' ZERO_X=`0.0001' ZERO_Y=`0.0001' 
2011-05-12 08:59:52|   1.0|  0.0|INFORM|Coordinate System `EPSG:25833' as OGC Well Known Text: PROJCS["ETRS89 / UTM zone 33N",GEOGCS["ETRF89",DATUM["ETRF89",SPHEROID["Geodetic Reference System of 1980",6378137,298.2572221009113]],PRIMEM["Greenwich",0],UNIT["degree",0.0174532925199433]],PROJECTION["Transverse_Mercator"],PARAMETER["latitude_of_origin",0],PARAMETER["central_meridian",15],PARAMETER["scale_factor",0.9996],PARAMETER["false_easting",500000],PARAMETER["false_northing",0],UNIT["Meter",1],AUTHORITY["EPSG","25833"]]
2011-05-12 08:59:52|   1.0|  0.0|INFORM|Loaded module 'GDMMAPPERSOSI' from file 'C:\Programfiler\FME\plugins/GDMMAPPERSOSI.dll'
2011-05-12 08:59:52|   1.0|  0.0|INFORM|FME API version of module 'GDMMAPPERSOSI' matches current internal version (3.6 20090807)
2011-05-12 08:59:52|   1.0|  0.0|INFORM|GDMMapper - Åpner : C:\DATA\Kvalitetskontroller\Data\20110511\0214Elveg\0214Elveg.SOS
2011-05-12 08:59:52|   1.1|  0.0|INFORM|Using Dynamic Reader $Revision: 62876 $ ( $Date: 2009-08-27 11:28:55 -0700 (Thu, 27 Aug 2009) $ ) with module GDMMAPPERSOSI to read data from dataset `C:\DATA\Kvalitetskontroller\Data\20110511\0214Elveg\0214Elveg.SOS'
2011-05-12 08:59:52|   1.1|  0.0|INFORM|Using MultiWriter $Revision: 59162 $ ( $Date: 2009-04-07 10:04:59 -0700 (Tue, 07 Apr 2009) $ ) with keyword `MULTI_WRITER' to output data (ID_ATTRIBUTE is `multi_writer_id')
2011-05-12 08:59:52|   1.1|  0.0|INFORM|Writer output will be ordered by value of multi_writer_id
2011-05-12 08:59:52|   1.1|  0.0|INFORM|NyeNoder_ListExploder_3(ElementFactory): Using LEAN processing mode
2011-05-12 08:59:52|   1.1|  0.0|INFORM|Loaded module 'Geometry_func' from file 'C:\Programfiler\FME\plugins/Geometry_func.dll'
2011-05-12 08:59:52|   1.1|  0.0|INFORM|FME API version of module 'Geometry_func' matches current internal version (3.6 20090807)
2011-05-12 08:59:52|   1.1|  0.0|INFORM|Høydeforskjeller_ListExploder(ElementFactory): Using LEAN processing mode
2011-05-12 08:59:52|   1.1|  0.0|INFORM|GeometriGap_ListExploder_3(ElementFactory): Using LEAN processing mode
2011-05-12 08:59:52|   1.1|  0.0|INFORM|GeometriGap_ListExploder_5(ElementFactory): Using LEAN processing mode
2011-05-12 08:59:52|   1.1|  0.0|INFORM|ListExploder(ElementFactory): Using LEAN processing mode
2011-05-12 08:59:52|   1.1|  0.0|INFORM|FME Configuration: Using FME Reprojection Engine
2011-05-12 08:59:52|   1.1|  0.0|INFORM|Using FFS Reader $Revision: 62357 $ ( $Date: 2009-08-07 12:21:47 -0700 (Fri, 07 Aug 2009) $ ) to read features from FME Feature Stores in directory `C:\Programfiler\FME\Plugins\GDMMapper\Temp\'
2011-05-12 08:59:52|   1.1|  0.0|STATS |Restoring 3931 feature(s) from FME feature store file `C:\Programfiler\FME\Plugins\GDMMapper\Temp\C-_DATA_Kvalitetskontroller_Data_20110511_0214Elveg_0214Elveg.SOS.ffs'
2011-05-12 08:59:52|   1.1|  0.0|INFORM|FME Configuration: Source coordinate system for reader R_1[FFS] set to `EPSG:32633' as read from input data
2011-05-12 08:59:52|   1.1|  0.0|INFORM|Coordinate System `EPSG:32633' parameters: CS_NAME=`UTM84-33N' DESC_NM=`UTM-WGS 1984 datum, Zone 33 North, Meter; Cent. Meridian 15d E' DT_NAME=`WGS84' EPSG=`32633' GROUP=`UTMN' MAP_SCL=`1' PARM1=`15' PROJ=`TM' QUAD=`1' SCL_RED=`0.9996' SOURCE=`Snyder, J.P, 1987, Map Projections - A Working Manual' UNIT=`METER' X_OFF=`500000.0' Y_OFF=`0.0' 
2011-05-12 08:59:52|   1.1|  0.0|INFORM|Coordinate System `EPSG:32633' as OGC Well Known Text: PROJCS["UTM-WGS 1984 datum, Zone 33 North, Meter; Cent. Meridian 15d E",GEOGCS["WGS 84",DATUM["WGS_1984",SPHEROID["World Geodetic System of 1984, GEM 10C",6378137,298.257223563,AUTHORITY["EPSG","7030"]],AUTHORITY["EPSG","6326"]],PRIMEM["Greenwich",0],UNIT["degree",0.0174532925199433],AUTHORITY["EPSG","4326"]],PROJECTION["Transverse_Mercator"],PARAMETER["latitude_of_origin",0],PARAMETER["central_meridian",15],PARAMETER["scale_factor",0.9996],PARAMETER["false_easting",500000],PARAMETER["false_northing",0],UNIT["METER",1],AUTHORITY["EPSG","32633"]]
2011-05-12 08:59:52|   1.1|  0.0|WARN  |NOT changing coordinate system of reader identified by keyword `GDMMAPPERSOSI_1' from `EPSG:25833' to `EPSG:32633' -- mapping file setting of `EPSG:25833' overrides coordinate system `EPSG:32633' read from file
2011-05-12 08:59:52|   1.4|  0.3|INFORM|Reading source feature # 2500
2011-05-12 08:59:52|   1.6|  0.2|INFORM|Emptying factory pipeline
2011-05-12 08:59:52|   1.6|  0.0|STATS |Unexpected Input Remover(TestFactory): Tested 3931 input feature(s) -- 3831 feature(s) passed and 100 feature(s) failed
2011-05-12 08:59:52|   1.6|  0.0|STATS |Source -> Generic(TeeFactory): Cloned 3831 input feature(s) into 3831 output feature(s)
2011-05-12 08:59:52|   1.6|  0.0|STATS |Kommunedele (GDMMAPPERSOSI_1) Splitter(TeeFactory): Cloned 0 input feature(s) into 0 output feature(s)
2011-05-12 08:59:52|   1.6|  0.0|STATS |Planovergang (GDMMAPPERSOSI_1) Splitter(TeeFactory): Cloned 0 input feature(s) into 0 output feature(s)
2011-05-12 08:59:52|   1.6|  0.0|STATS |Vegsperring (GDMMAPPERSOSI_1) Splitter(TeeFactory): Cloned 0 input feature(s) into 0 output feature(s)
2011-05-12 08:59:52|   1.6|  0.0|STATS |VegUnderBane (GDMMAPPERSOSI_1) Splitter(TeeFactory): Cloned 0 input feature(s) into 0 output feature(s)
2011-05-12 08:59:52|   1.6|  0.0|STATS |AttributeExposer_2(TeeFactory): Cloned 3831 input feature(s) into 3831 output feature(s)
2011-05-12 08:59:52|   1.6|  0.0|STATS |AttributeRenamer_2(TeeFactory): Cloned 3831 input feature(s) into 3831 output feature(s)
2011-05-12 08:59:52|   1.6|  0.0|STATS |NullAttributeReplacer(TeeFactory): Cloned 3831 input feature(s) into 3831 output feature(s)
2011-05-12 08:59:52|   1.6|  0.0|STATS |NullAttributeReplacer OUTPUT Splitter(TeeFactory): Cloned 3831 input feature(s) into 19155 output feature(s)
2011-05-12 08:59:52|   1.6|  0.0|STATS |NyeNoder Nettverk Input Collector(TeeFactory): Cloned 3831 input feature(s) into 3831 output feature(s)
2011-05-12 08:59:52|   1.6|  0.0|STATS |NyeNoder_Nettverk Input Splitter(TeeFactory): Cloned 3831 input feature(s) into 3831 output feature(s)
2011-05-12 08:59:52|   1.6|  0.0|STATS |NyeNoder_TopologyBuilder(TopologyFactory): Computing topology defined by 3831 input feature(s)
2011-05-12 08:59:52|   1.6|  0.0|STATS |NyeNoder_TopologyBuilder(TopologyFactory): Processing 3773 input feature(s) in group where `MEDIUM' is `T'
2011-05-12 08:59:53|   1.8|  0.1|INFORM|Intersection operation updating nodes... 100% done
2011-05-12 08:59:53|   2.1|  0.3|INFORM|NyeNoder_ListExploder_3(ElementFactory): Processed 5000 elements with mode LEAN
2011-05-12 08:59:53|   2.4|  0.3|STATS |NyeNoder_TopologyBuilder(TopologyFactory): Output 3773 linear feature(s), 0 polygonal feature(s), 3291 point feature(s), and one universe polygon feature from `MEDIUM' is `T'
2011-05-12 08:59:53|   2.4|  0.0|STATS |NyeNoder_TopologyBuilder(TopologyFactory): Processing 40 input feature(s) in group where `MEDIUM' is `L'
2011-05-12 08:59:53|   2.4|  0.0|STATS |NyeNoder_TopologyBuilder(TopologyFactory): Output 40 linear feature(s), 0 polygonal feature(s), 73 point feature(s), and one universe polygon feature from `MEDIUM' is `L'
2011-05-12 08:59:53|   2.4|  0.0|STATS |NyeNoder_TopologyBuilder(TopologyFactory): Processing 18 input feature(s) in group where `MEDIUM' is `U'
2011-05-12 08:59:53|   2.4|  0.0|STATS |NyeNoder_TopologyBuilder(TopologyFactory): Output 18 linear feature(s), 0 polygonal feature(s), 31 point feature(s), and one universe polygon feature from `MEDIUM' is `U'
2011-05-12 08:59:53|   2.4|  0.0|STATS |NyeNoder_TopologyBuilder(TopologyFactory): Completed linearization of all groups
2011-05-12 08:59:53|   2.4|  0.0|STATS |NyeNoder_TopologyBuilder LINE Splitter(TeeFactory): Cloned 3831 input feature(s) into 7662 output feature(s)
2011-05-12 08:59:53|   2.4|  0.0|STATS |NyeNoder_AttributeKeeper(TeeFactory): Cloned 3831 input feature(s) into 3831 output feature(s)
2011-05-12 08:59:53|   2.4|  0.0|STATS |NyeNoder_StringConcatenator(TeeFactory): Cloned 3395 input feature(s) into 3395 output feature(s)
2011-05-12 08:59:53|   2.4|  0.0|STATS |NyeNoder_StringConcatenator OUTPUT Splitter(TeeFactory): Cloned 3395 input feature(s) into 6790 output feature(s)
2011-05-12 08:59:53|   2.4|  0.0|STATS |NyeNoder_ListExploder_3(ElementFactory): Split out 7662 list elements from 3395 input features, using mode LEAN
2011-05-12 08:59:53|   2.4|  0.0|STATS |NyeNoder_ExpressionEvaluator(TeeFactory): Cloned 7662 input feature(s) into 7662 output feature(s)
2011-05-12 08:59:53|   2.5|  0.1|INFORM|NyeNoder_FeatureMerger_3(ReferenceFactory): Completed 100% of intermediate processing
2011-05-12 08:59:53|   2.5|  0.0|STATS |NyeNoder_FeatureMerger_3(ReferenceFactory): Total Results: 7662 Complete Feature(s), 0 Incomplete Feature(s), 3773 Referenced Feature(s), 0 Unreferenced Feature(s), 0 Referencer Feature(s) (NO REFERENCES), 0 Referencee Feature(s) (NO Referencee fields defined), and 58 Duplicate Referencee Feature(s)
2011-05-12 08:59:53|   2.5|  0.0|STATS |NyeNoder_ListBuilder_fme_type_remover(TeeFactory): Cloned 7662 input feature(s) into 7662 output feature(s)
2011-05-12 08:59:55|   3.9|  1.4|STATS |NyeNoder_ListBuilder(ListFactory): Combined 7662 input feature(s) into 7661 output feature(s), including 0 singleton(s)
2011-05-12 08:59:55|   3.9|  0.0|STATS |NyeNoder_ListDuplicateRemover(TeeFactory): Cloned 7661 input feature(s) into 7661 output feature(s)
2011-05-12 08:59:55|   3.9|  0.0|STATS |NyeNoder_ListElementCounter(TeeFactory): Cloned 7661 input feature(s) into 7661 output feature(s)
2011-05-12 08:59:55|   3.9|  0.0|STATS |NyeNoder_ListRemover(TeeFactory): Cloned 7661 input feature(s) into 7661 output feature(s)
2011-05-12 08:59:55|   3.9|  0.0|STATS |NyeNoder_Tester(TestFactory): Tested 7661 input feature(s) -- 0 feature(s) passed and 7661 feature(s) failed
2011-05-12 08:59:55|   3.9|  0.0|STATS |NyeNoder_AttributeKeeper_2(TeeFactory): Cloned 0 input feature(s) into 0 output feature(s)
2011-05-12 08:59:55|   3.9|  0.0|INFORM|NyeNoder_FeatureMerger(ReferenceFactory): Completed 100% of intermediate processing
2011-05-12 08:59:55|   3.9|  0.0|STATS |NyeNoder_FeatureMerger(ReferenceFactory): Total Results: 0 Complete Feature(s), 3395 Incomplete Feature(s), 0 Referenced Feature(s), 0 Unreferenced Feature(s), 0 Referencer Feature(s) (NO REFERENCES), 0 Referencee Feature(s) (NO Referencee fields defined), and 0 Duplicate Referencee Feature(s)
2011-05-12 08:59:55|   3.9|  0.0|STATS |NyeNoder_NyeNoder Output Collector(TeeFactory): Cloned 0 input feature(s) into 0 output feature(s)
2011-05-12 08:59:55|   3.9|  0.0|STATS |NyeNoder_Linjer Output Collector(TeeFactory): Cloned 3831 input feature(s) into 3831 output feature(s)
2011-05-12 08:59:55|   3.9|  0.0|STATS |NyeNoder NyeNoder Output Renamer/Nuker(TeeFactory): Cloned 0 input feature(s) into 0 output feature(s)
2011-05-12 08:59:55|   3.9|  0.0|STATS |NyeNoder Linjer Output Renamer/Nuker(TeeFactory): Cloned 3831 input feature(s) into 3831 output feature(s)
2011-05-12 08:59:55|   3.9|  0.0|STATS |Høydeforskjeller Noder Input Collector(TeeFactory): Cloned 0 input feature(s) into 0 output feature(s)
2011-05-12 08:59:55|   3.9|  0.0|STATS |Høydeforskjeller Linjer Input Collector(TeeFactory): Cloned 3831 input feature(s) into 3831 output feature(s)
2011-05-12 08:59:55|   3.9|  0.0|STATS |Høydeforskjeller_Noder Input Splitter(TeeFactory): Cloned 0 input feature(s) into 0 output feature(s)
2011-05-12 08:59:55|   3.9|  0.0|STATS |Høydeforskjeller_Linjer Input Splitter(TeeFactory): Cloned 3831 input feature(s) into 3831 output feature(s)
2011-05-12 08:59:55|   3.9|  0.0|STATS |Høydeforskjeller_GeometryExtractor(TeeFactory): Cloned 3831 input feature(s) into 3831 output feature(s)
2011-05-12 08:59:55|   3.9|  0.0|STATS |Høydeforskjeller_ListExploder(ElementFactory): Split out 0 list elements from 0 input features, using mode LEAN
2011-05-12 08:59:55|   3.9|  0.0|STATS |Høydeforskjeller_Tester(TestFactory): Tested 0 input feature(s) -- 0 feature(s) passed and 0 feature(s) failed
2011-05-12 08:59:55|   3.9|  0.0|STATS |Høydeforskjeller_AttributeCreator_2(TeeFactory): Cloned 0 input feature(s) into 0 output feature(s)
2011-05-12 08:59:55|   3.9|  0.0|STATS |Høydeforskjeller_AttributeCreator(TeeFactory): Cloned 0 input feature(s) into 0 output feature(s)
2011-05-12 08:59:55|   3.9|  0.0|STATS |Høydeforskjeller_ExpressionEvaluator(TeeFactory): Cloned 0 input feature(s) into 0 output feature(s)
2011-05-12 08:59:55|   3.9|  0.0|STATS |Høydeforskjeller_GeometryExtractor_2(TeeFactory): Cloned 0 input feature(s) into 0 output feature(s)
2011-05-12 08:59:55|   3.9|  0.0|STATS |Høydeforskjeller_AttributeKeeper_2(TeeFactory): Cloned 0 input feature(s) into 0 output feature(s)
2011-05-12 08:59:55|   3.9|  0.0|INFORM|Høydeforskjeller_FeatureMerger(ReferenceFactory): Completed 100% of intermediate processing
2011-05-12 08:59:55|   4.0|  0.0|STATS |Høydeforskjeller_FeatureMerger(ReferenceFactory): Total Results: 0 Complete Feature(s), 0 Incomplete Feature(s), 0 Referenced Feature(s), 3773 Unreferenced Feature(s), 0 Referencer Feature(s) (NO REFERENCES), 0 Referencee Feature(s) (NO Referencee fields defined), and 58 Duplicate Referencee Feature(s)
2011-05-12 08:59:55|   4.0|  0.0|STATS |Høydeforskjeller_GeometryReplacer_2(TeeFactory): Cloned 0 input feature(s) into 0 output feature(s)
2011-05-12 08:59:55|   4.0|  0.0|STATS |Høydeforskjeller_CoordinateExtractor_3(TestFactory): Tested 0 input feature(s) -- 0 feature(s) passed and 0 feature(s) failed
2011-05-12 08:59:55|   4.0|  0.0|STATS |Høydeforskjeller_GeometryReplacer_4(TeeFactory): Cloned 0 input feature(s) into 0 output feature(s)
2011-05-12 08:59:55|   4.0|  0.0|STATS |Høydeforskjeller_AttributeKeeper(TeeFactory): Cloned 0 input feature(s) into 0 output feature(s)
2011-05-12 08:59:55|   4.0|  0.0|STATS |Høydeforskjeller_AttributeRenamer(TeeFactory): Cloned 0 input feature(s) into 0 output feature(s)
2011-05-12 08:59:55|   4.0|  0.0|STATS |Høydeforskjeller_Tester_2(TestFactory): Tested 0 input feature(s) -- 0 feature(s) passed and 0 feature(s) failed
2011-05-12 08:59:55|   4.0|  0.0|INFORM|Høydeforskjeller_Matcher(MatchingFactory): Worst case number of comparisons is 0. Matching Factory may not make this many comparisons, but the worst possible case will not exceed this number
2011-05-12 08:59:55|   4.0|  0.0|STATS |Høydeforskjeller_Matcher(MatchingFactory): Found 0 matching group(s) of features in 0 input feature(s). 0 feature(s) did not have any matches
2011-05-12 08:59:55|   4.0|  0.0|STATS |Høydeforskjeller_ListRangeExtractor(TeeFactory): Cloned 0 input feature(s) into 0 output feature(s)
2011-05-12 08:59:55|   4.0|  0.0|STATS |Høydeforskjeller_ExpressionEvaluator_2(TeeFactory): Cloned 0 input feature(s) into 0 output feature(s)
2011-05-12 08:59:55|   4.0|  0.0|STATS |Høydeforskjeller_AttributeRemover(TeeFactory): Cloned 0 input feature(s) into 0 output feature(s)
2011-05-12 08:59:55|   4.0|  0.0|STATS |Høydeforskjeller_NoderMedHøydeforskjeller Output Collector(TeeFactory): Cloned 0 input feature(s) into 0 output feature(s)
2011-05-12 08:59:55|   4.0|  0.0|STATS |Høydeforskjeller_Manglende_høyde Output Collector(TeeFactory): Cloned 0 input feature(s) into 0 output feature(s)
2011-05-12 08:59:55|   4.0|  0.0|STATS |Høydeforskjeller NoderMedHøydeforskjeller Output Renamer/Nuker(TeeFactory): Cloned 0 input feature(s) into 0 output feature(s)
2011-05-12 08:59:55|   4.0|  0.0|STATS |Høydeforskjeller Manglende_høyde Output Renamer/Nuker(TeeFactory): Cloned 0 input feature(s) into 0 output feature(s)
2011-05-12 08:59:55|   4.0|  0.0|STATS |AttributeCreator_7(TeeFactory): Cloned 0 input feature(s) into 0 output feature(s)
2011-05-12 08:59:55|   4.0|  0.0|STATS |Tester_2(TestFactory): Tested 0 input feature(s) -- 0 feature(s) passed and 0 feature(s) failed
2011-05-12 08:59:55|   4.0|  0.0|STATS |AttributeCreator_2(TeeFactory): Cloned 0 input feature(s) into 0 output feature(s)
2011-05-12 08:59:55|   4.0|  0.0|STATS |AttributeCreator_2_OUTPUT Disabled Nuker -1 58(TeeFactory): Cloned 0 input feature(s) into 0 output feature(s)
2011-05-12 08:59:55|   4.0|  0.0|STATS |AttributeCreator(TeeFactory): Cloned 0 input feature(s) into 0 output feature(s)
2011-05-12 08:59:55|   4.0|  0.0|STATS |AttributeCreator OUTPUT Splitter(TeeFactory): Cloned 0 input feature(s) into 0 output feature(s)
2011-05-12 08:59:55|   4.0|  0.0|STATS |AttributeKeeper(TeeFactory): Cloned 0 input feature(s) into 0 output feature(s)
2011-05-12 08:59:55|   4.0|  0.0|STATS |ListDuplicateRemover(TeeFactory): Cloned 0 input feature(s) into 0 output feature(s)
2011-05-12 08:59:55|   4.0|  0.0|STATS |GeometriGap Nettverk Input Collector(TeeFactory): Cloned 3831 input feature(s) into 3831 output feature(s)
2011-05-12 08:59:55|   4.0|  0.0|STATS |GeometriGap_Nettverk Input Splitter(TeeFactory): Cloned 3831 input feature(s) into 3831 output feature(s)
2011-05-12 08:59:55|   4.0|  0.0|STATS |GeometriGap_TopologyBuilder_2(TopologyFactory): Computing topology defined by 3831 input feature(s)
2011-05-12 08:59:55|   4.1|  0.1|INFORM|Intersection operation updating nodes... 100% done
2011-05-12 08:59:55|   4.3|  0.2|STATS |GeometriGap_TopologyBuilder_2(TopologyFactory): Output 3831 linear feature(s), 0 polygonal feature(s), 3313 point feature(s), and one universe polygon feature 
2011-05-12 08:59:55|   4.3|  0.0|STATS |GeometriGap_ListElementCounter_3(TeeFactory): Cloned 3313 input feature(s) into 3313 output feature(s)
2011-05-12 08:59:55|   4.3|  0.0|STATS |GeometriGap_Tester_5(TestFactory): Tested 3313 input feature(s) -- 964 feature(s) passed and 2349 feature(s) failed
2011-05-12 08:59:55|   4.3|  0.0|STATS |GeometriGap_ListExploder_3(ElementFactory): Split out 964 list elements from 964 input features, using mode LEAN
2011-05-12 08:59:55|   4.3|  0.0|STATS |GeometriGap_ExpressionEvaluator_2(TeeFactory): Cloned 964 input feature(s) into 964 output feature(s)
2011-05-12 08:59:55|   4.3|  0.0|STATS |GeometriGap_AttributeKeeper_4(TeeFactory): Cloned 964 input feature(s) into 964 output feature(s)
2011-05-12 08:59:55|   4.4|  0.1|INFORM|GeometriGap_FeatureMerger_2(ReferenceFactory): Completed 100% of intermediate processing
2011-05-12 08:59:55|   4.4|  0.0|STATS |GeometriGap_FeatureMerger_2(ReferenceFactory): Total Results: 964 Complete Feature(s), 0 Incomplete Feature(s), 950 Referenced Feature(s), 2881 Unreferenced Feature(s), 0 Referencer Feature(s) (NO REFERENCES), 0 Referencee Feature(s) (NO Referencee fields defined), and 0 Duplicate Referencee Feature(s)
2011-05-12 08:59:55|   4.4|  0.0|STATS |GeometriGap_FeatureMerger_2 COMPLETE Splitter(TeeFactory): Cloned 964 input feature(s) into 1928 output feature(s)
2011-05-12 08:59:55|   4.4|  0.0|STATS |GeometriGap_AttributeKeeper_6(TeeFactory): Cloned 964 input feature(s) into 964 output feature(s)
2011-05-12 08:59:55|   4.4|  0.0|STATS |GeometriGap_AttributeCopier(TeeFactory): Cloned 964 input feature(s) into 964 output feature(s)
2011-05-12 08:59:55|   4.4|  0.0|INFORM|Processing base feature(s)...
2011-05-12 08:59:55|   4.5|  0.2|STATS |GeometriGap_NeighborFinder_2(ProximityFactory): Group Input Summary: 952 base feature(s) and 3773 candidate feature(s) in group where MEDIUM='T'
2011-05-12 08:59:55|   4.5|  0.0|INFORM|Processing base feature(s)...
2011-05-12 08:59:55|   4.5|  0.0|STATS |GeometriGap_NeighborFinder_2(ProximityFactory): Group Input Summary: 8 base feature(s) and 40 candidate feature(s) in group where MEDIUM='L'
2011-05-12 08:59:55|   4.5|  0.0|INFORM|Processing base feature(s)...
2011-05-12 08:59:55|   4.5|  0.0|STATS |GeometriGap_NeighborFinder_2(ProximityFactory): Group Input Summary: 4 base feature(s) and 18 candidate feature(s) in group where MEDIUM='U'
2011-05-12 08:59:55|   4.5|  0.0|STATS |GeometriGap_NeighborFinder_2(ProximityFactory): Input Summary:  964 base feature(s), 3831 candidate feature(s)
2011-05-12 08:59:55|   4.6|  0.0|STATS |GeometriGap_NeighborFinder_2(ProximityFactory): Output Summary: 964 matched feature(s), 0 unmatched base feature(s)
2011-05-12 08:59:55|   4.6|  0.0|STATS |GeometriGap_AttributeRemover_2(TeeFactory): Cloned 964 input feature(s) into 964 output feature(s)
2011-05-12 08:59:55|   4.6|  0.0|STATS |GeometriGap_ListExploder_5(ElementFactory): Split out 964 list elements from 964 input features, using mode LEAN
2011-05-12 08:59:55|   4.6|  0.0|STATS |GeometriGap_Tester_6(TestFactory): Tested 964 input feature(s) -- 0 feature(s) passed and 964 feature(s) failed
2011-05-12 08:59:55|   4.6|  0.0|STATS |GeometriGap_AttributeKeeper_7(TeeFactory): Cloned 0 input feature(s) into 0 output feature(s)
2011-05-12 08:59:55|   4.6|  0.0|STATS |GeometriGap_AttributeRenamer_2(TeeFactory): Cloned 0 input feature(s) into 0 output feature(s)
2011-05-12 08:59:55|   4.6|  0.0|INFORM|GeometriGap_FeatureMerger_3(ReferenceFactory): Completed 100% of intermediate processing
2011-05-12 08:59:55|   4.6|  0.0|STATS |GeometriGap_FeatureMerger_3(ReferenceFactory): Total Results: 0 Complete Feature(s), 964 Incomplete Feature(s), 0 Referenced Feature(s), 0 Unreferenced Feature(s), 0 Referencer Feature(s) (NO REFERENCES), 0 Referencee Feature(s) (NO Referencee fields defined), and 0 Duplicate Referencee Feature(s)
2011-05-12 08:59:55|   4.6|  0.0|STATS |GeometriGap_ListRangeExtractor(TeeFactory): Cloned 0 input feature(s) into 0 output feature(s)
2011-05-12 08:59:55|   4.6|  0.0|STATS |GeometriGap_Geometrigap Output Collector(TeeFactory): Cloned 0 input feature(s) into 0 output feature(s)
2011-05-12 08:59:55|   4.6|  0.0|STATS |GeometriGap Geometrigap Output Renamer/Nuker(TeeFactory): Cloned 0 input feature(s) into 0 output feature(s)
2011-05-12 08:59:55|   4.6|  0.0|STATS |NeighborFinder(ProximityFactory): Input Summary:  0 base feature(s), 0 candidate feature(s)
2011-05-12 08:59:55|   4.6|  0.0|STATS |NeighborFinder(ProximityFactory): Output Summary: 0 matched feature(s), 0 unmatched base feature(s), 0 unmatched candidate feature(s)
2011-05-12 08:59:55|   4.6|  0.0|STATS |Tester_3(TestFactory): Tested 0 input feature(s) -- 0 feature(s) passed and 0 feature(s) failed
2011-05-12 08:59:55|   4.6|  0.0|STATS |AttributeCreator_6(TeeFactory): Cloned 0 input feature(s) into 0 output feature(s)
2011-05-12 08:59:55|   4.6|  0.0|STATS |AttributeCreator_5(TeeFactory): Cloned 0 input feature(s) into 0 output feature(s)
2011-05-12 08:59:55|   4.6|  0.0|STATS |NullAttributeReplacer_2(TeeFactory): Cloned 3831 input feature(s) into 3831 output feature(s)
2011-05-12 08:59:55|   4.6|  0.0|STATS |TestFilter(TeeFactory): Cloned 3831 input feature(s) into 3831 output feature(s)
2011-05-12 08:59:55|   4.6|  0.0|STATS |TestFilter_TestFactory_0(TestFactory): Tested 3831 input feature(s) -- 0 feature(s) passed and 3831 feature(s) failed
2011-05-12 08:59:55|   4.6|  0.0|STATS |TestFilter_TestFactory_1(TestFactory): Tested 3831 input feature(s) -- 0 feature(s) passed and 3831 feature(s) failed
2011-05-12 08:59:55|   4.6|  0.0|STATS |TestFilter_TestFactory_2(TestFactory): Tested 3831 input feature(s) -- 0 feature(s) passed and 3831 feature(s) failed
2011-05-12 08:59:55|   4.6|  0.0|STATS |TestFilter_UNFILTERED(TeeFactory): Cloned 3831 input feature(s) into 3831 output feature(s)
2011-05-12 08:59:55|   4.6|  0.0|STATS |TestFilter <UNFILTERED> Output Nuker(TeeFactory): Cloned 3831 input feature(s) into 0 output feature(s)
2011-05-12 08:59:55|   4.6|  0.0|STATS |AttributeCreator_4(TeeFactory): Cloned 0 input feature(s) into 0 output feature(s)
2011-05-12 08:59:55|   4.6|  0.0|STATS |AttributeExposer(TeeFactory): Cloned 3831 input feature(s) into 3831 output feature(s)
2011-05-12 08:59:55|   4.6|  0.0|STATS |Originallenker (Disabled) Nuker(TeeFactory): Cloned 3831 input feature(s) into 0 output feature(s)
2011-05-12 08:59:55|   4.6|  0.0|STATS |LengthCalculator(TeeFactory): Cloned 3831 input feature(s) into 3831 output feature(s)
2011-05-12 08:59:55|   4.6|  0.0|STATS |Tester(TestFactory): Tested 3831 input feature(s) -- 0 feature(s) passed and 3831 feature(s) failed
2011-05-12 08:59:55|   4.6|  0.0|STATS |AttributeCreator_3(TeeFactory): Cloned 0 input feature(s) into 0 output feature(s)
2011-05-12 08:59:55|   4.6|  0.0|STATS |AttributeCreator_3_OUTPUT Disabled Nuker -1 73(TeeFactory): Cloned 0 input feature(s) into 0 output feature(s)
2011-05-12 08:59:55|   4.6|  0.0|STATS |CoordinateExtractor(TestFactory): Tested 0 input feature(s) -- 0 feature(s) passed and 0 feature(s) failed
2011-05-12 08:59:55|   4.6|  0.0|STATS |CoordinateExtractor OUTPUT Splitter(TeeFactory): Cloned 0 input feature(s) into 0 output feature(s)
2011-05-12 08:59:55|   4.6|  0.0|STATS |Counter(TeeFactory): Cloned 0 input feature(s) into 0 output feature(s)
2011-05-12 08:59:55|   4.6|  0.0|STATS |AttributeFilter_2(TestFactory): Tested 0 input feature(s) -- 0 feature(s) passed and 0 feature(s) failed
2011-05-12 08:59:55|   4.6|  0.0|STATS |AttributeFilter_2_BlankFilter(TestFactory): Tested 0 input feature(s) -- 0 feature(s) passed and 0 feature(s) failed
2011-05-12 08:59:55|   4.6|  0.0|STATS |AttributeFilter_2 KortLenke Output Nuker(TeeFactory): Cloned 0 input feature(s) into 0 output feature(s)
2011-05-12 08:59:55|   4.6|  0.0|STATS |AttributeFilter_2 GeometriGap Splitter(TeeFactory): Cloned 0 input feature(s) into 0 output feature(s)
2011-05-12 08:59:55|   4.6|  0.0|STATS |AttributeFilter_2 ManglendeNode Splitter(TeeFactory): Cloned 0 input feature(s) into 0 output feature(s)
2011-05-12 08:59:55|   4.6|  0.0|STATS |AttributeFilter_2 FeilMedium Output Nuker(TeeFactory): Cloned 0 input feature(s) into 0 output feature(s)
2011-05-12 08:59:55|   4.6|  0.0|STATS |AttributeFilter_2 <BLANK> Output Nuker(TeeFactory): Cloned 0 input feature(s) into 0 output feature(s)
2011-05-12 08:59:55|   4.6|  0.0|STATS |AttributeFilter_2 <UNFILTERED> Output Nuker(TeeFactory): Cloned 0 input feature(s) into 0 output feature(s)
2011-05-12 08:59:55|   4.6|  0.0|STATS |ListExploder(ElementFactory): Split out 0 list elements from 0 input features, using mode LEAN
2011-05-12 08:59:55|   4.6|  0.0|STATS |ListRemover(TeeFactory): Cloned 0 input feature(s) into 0 output feature(s)
2011-05-12 08:59:55|   4.6|  0.0|STATS |AttributeKeeper_2(TeeFactory): Cloned 0 input feature(s) into 0 output feature(s)
2011-05-12 08:59:55|   4.6|  0.0|STATS |ListBuilder_fme_type_remover(TeeFactory): Cloned 0 input feature(s) into 0 output feature(s)
2011-05-12 08:59:55|   4.6|  0.0|STATS |ListBuilder(ListFactory): Combined 0 input feature(s) into 0 output feature(s), including 0 singleton(s)
2011-05-12 08:59:55|   4.6|  0.0|STATS |ListDuplicateRemover_2(TeeFactory): Cloned 0 input feature(s) into 0 output feature(s)
2011-05-12 08:59:55|   4.6|  0.0|STATS |ListConcatenator(TeeFactory): Cloned 0 input feature(s) into 0 output feature(s)
2011-05-12 08:59:55|   4.6|  0.0|STATS |StringFormatter(TeeFactory): Cloned 0 input feature(s) into 0 output feature(s)
2011-05-12 08:59:55|   4.6|  0.0|STATS |StringFormatter_2(TeeFactory): Cloned 0 input feature(s) into 0 output feature(s)
2011-05-12 08:59:55|   4.6|  0.0|STATS |StringConcatenator(TeeFactory): Cloned 0 input feature(s) into 0 output feature(s)
2011-05-12 08:59:55|   4.6|  0.0|STATS |CoordinateSystemSetter(TeeFactory): Cloned 0 input feature(s) into 0 output feature(s)
2011-05-12 08:59:55|   4.6|  0.0|STATS |AttributeFilter(TestFactory): Tested 0 input feature(s) -- 0 feature(s) passed and 0 feature(s) failed
2011-05-12 08:59:55|   4.6|  0.0|STATS |AttributeFilter_BlankFilter(TestFactory): Tested 0 input feature(s) -- 0 feature(s) passed and 0 feature(s) failed
2011-05-12 08:59:55|   4.6|  0.0|STATS |AttributeFilter FeilMedium Output Nuker(TeeFactory): Cloned 0 input feature(s) into 0 output feature(s)
2011-05-12 08:59:55|   4.6|  0.0|STATS |AttributeFilter <BLANK> Output Nuker(TeeFactory): Cloned 0 input feature(s) into 0 output feature(s)
2011-05-12 08:59:55|   4.6|  0.0|STATS |AttributeFilter <UNFILTERED> Output Nuker(TeeFactory): Cloned 0 input feature(s) into 0 output feature(s)
2011-05-12 08:59:55|   4.6|  0.0|STATS |StringFormatter_3(TeeFactory): Cloned 0 input feature(s) into 0 output feature(s)
2011-05-12 08:59:55|   4.6|  0.0|STATS |SubstringExtractor(TeeFactory): Cloned 0 input feature(s) into 0 output feature(s)
2011-05-12 08:59:55|   4.6|  0.0|STATS |SubstringExtractor_2(TeeFactory): Cloned 0 input feature(s) into 0 output feature(s)
2011-05-12 08:59:55|   4.6|  0.0|STATS |ListIndexer(TeeFactory): Cloned 0 input feature(s) into 0 output feature(s)
2011-05-12 08:59:55|   4.6|  0.0|STATS |AttributeRenamer(TeeFactory): Cloned 0 input feature(s) into 0 output feature(s)
2011-05-12 08:59:55|   4.6|  0.0|STATS |AttributeRenamer_OUTPUT -> Geometrifeil Correlator(TeeFactory): Cloned 0 input feature(s) into 0 output feature(s)
2011-05-12 08:59:55|   4.6|  0.0|STATS |AttributeFilter_FeilVegreferanse -> FeilVegreferanse Correlator(TeeFactory): Cloned 0 input feature(s) into 0 output feature(s)
2011-05-12 08:59:55|   4.6|  0.0|STATS |AttributeFilter_KortLenke -> KortLenke Correlator(TeeFactory): Cloned 0 input feature(s) into 0 output feature(s)
2011-05-12 08:59:55|   4.6|  0.0|STATS |AttributeFilter_GeometriGap -> GeometriGap Correlator(TeeFactory): Cloned 0 input feature(s) into 0 output feature(s)
2011-05-12 08:59:55|   4.6|  0.0|STATS |AttributeFilter_ManglendeNode -> ManglendeNode Correlator(TeeFactory): Cloned 0 input feature(s) into 0 output feature(s)
2011-05-12 08:59:55|   4.6|  0.0|STATS |StringConcatenator_OUTPUT -> text_line Correlator(TeeFactory): Cloned 0 input feature(s) into 0 output feature(s)
2011-05-12 08:59:55|   4.6|  0.0|STATS |Final Output Feature Type Router(TestFactory): Tested 0 input feature(s) -- 0 feature(s) passed and 0 feature(s) failed
2011-05-12 08:59:55|   4.6|  0.0|STATS |=-=-=-=-=-=-=-=-=-=-=-=-=-=-=-=-=-=-=-=-=-=-=-=-=-=-=-=-=-=-=-=-=-=-=-=-=-=-=-
2011-05-12 08:59:55|   4.6|  0.0|STATS |                            Features Read Summary
2011-05-12 08:59:55|   4.6|  0.0|STATS |=-=-=-=-=-=-=-=-=-=-=-=-=-=-=-=-=-=-=-=-=-=-=-=-=-=-=-=-=-=-=-=-=-=-=-=-=-=-=-
2011-05-12 08:59:55|   4.6|  0.0|STATS |Fortau                                                                       1
2011-05-12 08:59:55|   4.6|  0.0|STATS |GangSykkelVegSenterlinje                                                   248
2011-05-12 08:59:55|   4.6|  0.0|STATS |Kjørebane                                                                  354
2011-05-12 08:59:55|   4.6|  0.0|STATS |Kommunedele                                                                 72
2011-05-12 08:59:55|   4.6|  0.0|STATS |VegSenterlinje                                                            3229
2011-05-12 08:59:55|   4.6|  0.0|STATS |VegUnderBane                                                                 2
2011-05-12 08:59:55|   4.6|  0.0|STATS |Vegsperring                                                                 25
2011-05-12 08:59:55|   4.6|  0.0|STATS |==============================================================================
2011-05-12 08:59:55|   4.6|  0.0|STATS |Total Features Read                                                       3931
2011-05-12 08:59:55|   4.6|  0.0|STATS |=-=-=-=-=-=-=-=-=-=-=-=-=-=-=-=-=-=-=-=-=-=-=-=-=-=-=-=-=-=-=-=-=-=-=-=-=-=-=-
2011-05-12 08:59:55|   4.6|  0.0|STATS |=-=-=-=-=-=-=-=-=-=-=-=-=-=-=-=-=-=-=-=-=-=-=-=-=-=-=-=-=-=-=-=-=-=-=-=-=-=-=-
2011-05-12 08:59:55|   4.6|  0.0|STATS |                           Features Written Summary
2011-05-12 08:59:55|   4.6|  0.0|STATS |=-=-=-=-=-=-=-=-=-=-=-=-=-=-=-=-=-=-=-=-=-=-=-=-=-=-=-=-=-=-=-=-=-=-=-=-=-=-=-
2011-05-12 08:59:55|   4.6|  0.0|STATS |==============================================================================
2011-05-12 08:59:55|   4.6|  0.0|STATS |Total Features Written                                                       0
2011-05-12 08:59:55|   4.6|  0.0|STATS |=-=-=-=-=-=-=-=-=-=-=-=-=-=-=-=-=-=-=-=-=-=-=-=-=-=-=-=-=-=-=-=-=-=-=-=-=-=-=-
2011-05-12 08:59:55|   4.6|  0.0|INFORM|GDMMapper - Lukker : C:\DATA\KVALITETSKONTROLLER\DATA\20110511\0214ELVEG\0214ELVEG.SOS
2011-05-12 08:59:55|   4.6|  0.0|INFORM|Translation was SUCCESSFUL with 1 warning(s) (0 feature(s)/0 coordinate(s) output)
2011-05-12 08:59:55|   4.6|  0.0|INFORM|FME Session Duration: 4.7 seconds. (CPU: 4.3s user, 0.2s system)
2011-05-12 08:59:55|   4.6|  0.0|INFORM|END - ProcessID: 2896, peak process memory usage: 86500 kB, current process memory usage: 79344 kB.
