FEIL: 6571259.500   -31372.600       Restriksjon på del av lenke
FEIL: 6575283.630   -33999.580       Felt , mangler restriksjon
FEIL: 6572191.800   -33745.400       Felt 2, mangler restriksjon
FEIL: 6576226.620   -31567.550       Felt 1, mangler restriksjon
FEIL: 6570566.420   -32584.760       Restriksjon på del av lenke
FEIL: 6568545.150   -33935.010       Restriksjon på del av lenke
FEIL: 6567443.490   -33193.480       Felt 1#2, har restriksjon
FEIL: 6567444.790   -33187.170       Felt 1#2, har restriksjon
FEIL: 6566373.200   -34929.000       Felt 1#2, har restriksjon
FEIL: 6566365.200   -34906.700       Felt 1#2, har restriksjon
FEIL: 6574341.300   -32905.000       Felt 2#4S, har restriksjon
FEIL: 6571644.400   -32572.940       Felt 1#2, har restriksjon
FEIL: 6574347.000   -32889.300       Felt 2#4S, har restriksjon
FEIL: 6575251.900   -34464.500       Felt SVKL, restriksjon feil retning
FEIL: 6567445.570   -33182.750       Felt 1#2, har restriksjon
FEIL: 6571647.150   -32580.980       Felt 1#2, har restriksjon
FEIL: 6573991.880   -32354.940       Felt 2#4S, har restriksjon
FEIL: 6571660.080   -32581.450       Felt 1#2, har restriksjon
FEIL: 6571663.230   -32575.590       Felt 1#2, har restriksjon
FEIL: 6573994.370   -32364.400       Felt 2#4S, har restriksjon
