FEIL: 6529830.300   -40419.900       Felt 1, mangler restriksjon
FEIL: 6529828.720   -40420.990       Restriksjon p책 del av lenke
FEIL: 6529793.030   -40369.420       Felt 1, mangler restriksjon
FEIL: 6541961.700   -46793.200       Restriksjon p책 del av lenke
FEIL: 6523464.100   -34845.200       Restriksjon p책 del av lenke
FEIL: 6523248.200   -34685.200       Restriksjon p책 del av lenke
FEIL: 6521726.500   -34447.200       Felt 2, mangler restriksjon
FEIL: 6521777.700   -34437.020       Felt 2, mangler restriksjon
FEIL: 6521819.140   -34427.030       Felt 2, mangler restriksjon
FEIL: 6521823.230   -34425.970       Felt 2, mangler restriksjon
FEIL: 6521865.900   -34415.430       Felt 2, mangler restriksjon
FEIL: 6521900.870   -34406.310       Felt 2, mangler restriksjon
FEIL: 6521905.750   -34405.010       Felt 2, mangler restriksjon
FEIL: 6521917.190   -34401.510       Felt 2, mangler restriksjon
FEIL: 6521726.500   -34447.200       Felt 1, mangler restriksjon
FEIL: 6521777.150   -34432.630       Felt 1, mangler restriksjon
FEIL: 6521817.800   -34421.360       Felt 1, mangler restriksjon
FEIL: 6521821.950   -34420.280       Felt 1, mangler restriksjon
FEIL: 6521864.000   -34408.600       Felt 1#1V1, mangler restriksjon
FEIL: 6521877.540   -34404.680       Felt 1#1V1, mangler restriksjon
FEIL: 6521898.610   -34398.770       Felt 1, mangler restriksjon
FEIL: 6521910.110   -34395.640       Felt 1, mangler restriksjon
FEIL: 6521910.110   -34395.640       Felt 1, mangler restriksjon
FEIL: 6521910.110   -34395.640       Felt 2, mangler restriksjon
FEIL: 6521878.450   -34408.190       Felt 1V1, mangler restriksjon
FEIL: 6521900.940   -34401.890       Felt 1V1, mangler restriksjon
FEIL: 6521821.950   -34420.280       Felt 1V1, mangler restriksjon
FEIL: 6521844.330   -34416.890       Felt 1V1, mangler restriksjon
FEIL: 6534747.690   -43382.720       Felt 1, mangler restriksjon
FEIL: 6534859.070   -43423.790       Felt 1, mangler restriksjon
FEIL: 6534866.860   -43427.220       Felt 1, mangler restriksjon
FEIL: 6534884.230   -43434.480       Felt 1, mangler restriksjon
FEIL: 6534888.040   -43436.010       Felt 1, mangler restriksjon
FEIL: 6534893.040   -43437.860       Felt 1, mangler restriksjon
FEIL: 6534747.690   -43382.720       Felt 2, mangler restriksjon
FEIL: 6534861.340   -43433.620       Felt 2#2V1, mangler restriksjon
FEIL: 6534881.430   -43441.870       Felt 2, mangler restriksjon
FEIL: 6534884.870   -43443.340       Felt 2, mangler restriksjon
FEIL: 6534889.450   -43445.450       Felt 2, mangler restriksjon
FEIL: 6534936.090   -43463.770       Felt 2, mangler restriksjon
FEIL: 6534861.340   -43433.620       Felt 1, mangler restriksjon
FEIL: 6534859.070   -43423.790       Felt 1, mangler restriksjon
FEIL: 6534859.580   -43421.930       Felt 1, mangler restriksjon
FEIL: 6534861.340   -43433.620       Felt 2, mangler restriksjon
FEIL: 6534866.860   -43427.220       Felt 2, mangler restriksjon
FEIL: 6534867.500   -43425.580       Felt 2, mangler restriksjon
FEIL: 6534859.070   -43423.790       Felt 2V1, mangler restriksjon
FEIL: 6534865.930   -43432.120       Felt 2V1, mangler restriksjon
FEIL: 6534886.540   -43440.140       Felt 2V1, mangler restriksjon
FEIL: 6534891.070   -43442.070       Felt 2V1, mangler restriksjon
FEIL: 6534926.930   -43457.050       Felt 2V1, mangler restriksjon
FEIL: 6523541.200   -35117.600       Felt 1#2, har restriksjon
FEIL: 6523586.510   -35009.450       Felt 1#2, har restriksjon
