2016-11-17 09:47:05|   0.1|  0.1|INFORM|FME 2016.1.0.0 (20160419 - Build 16492 - WIN64)
2016-11-17 09:47:05|   0.1|  0.0|INFORM|FME_HOME is 'C:\Program Files\FME\'
2016-11-17 09:47:05|   0.1|  0.0|INFORM|FME Desktop ESRI Edition (floating)
2016-11-17 09:47:05|   0.1|  0.0|INFORM|Permanent License.
2016-11-17 09:47:05|   0.1|  0.0|INFORM|Machine host name is: svv-vm-g803
2016-11-17 09:47:05|   0.1|  0.0|INFORM|START - ProcessID: 31300, peak process memory usage: 40132 kB, current process memory usage: 40132 kB
2016-11-17 09:47:05|   0.1|  0.0|INFORM|FME Configuration: Command line arguments are `C:\Program Files\FME\fme.exe' `O:/1/Res/16080 Geodata/Fagområde Vegnett/Vegnett spesialistfunksjon/Feil og kvalitetskontroller i NVDB/FME-kontroller/Felles\wb-xlate-147937242396_17604' `LOG_STANDARDOUT' `YES' `LogCountServerName' `{05bfa352-3e1d-40ac-8969-912ff697ef88}' `DEBUG_PORT' `62051'
2016-11-17 09:47:06|   0.2|  0.1|INFORM|Shared folders for formats are : C:\Program Files\FME\datasources;\\vegvesen.no\data\felles\Landsdekkende\Geodata\FME\FMEShared\Formats;\\SVV1P04AUSER01\KNJETL$\documents\FME\Formats
2016-11-17 09:47:06|   0.2|  0.0|INFORM|Shared folders for transformers are : C:\Program Files\FME\transformers;\\vegvesen.no\data\felles\Landsdekkende\Geodata\FME\FMEShared\Transformers;\\SVV1P04AUSER01\KNJETL$\documents\FME\Transformers
2016-11-17 09:47:06|   0.2|  0.0|INFORM|Shared folders for coordinate systems are : \\vegvesen.no\data\felles\Landsdekkende\Geodata\FME\FMEShared\CoordinateSystems;\\SVV1P04AUSER01\KNJETL$\documents\FME\CoordinateSystems
2016-11-17 09:47:06|   0.2|  0.0|INFORM|Shared folders for coordinate system exceptions are : \\vegvesen.no\data\felles\Landsdekkende\Geodata\FME\FMEShared\CoordinateSystemExceptions;\\SVV1P04AUSER01\KNJETL$\documents\FME\CoordinateSystemExceptions
2016-11-17 09:47:06|   0.2|  0.0|INFORM|Shared folders for coordinate system grid overrides are : \\vegvesen.no\data\felles\Landsdekkende\Geodata\FME\FMEShared\CoordinateSystemGridOverrides;\\SVV1P04AUSER01\KNJETL$\documents\FME\CoordinateSystemGridOverrides
2016-11-17 09:47:06|   0.2|  0.0|INFORM|Shared folders for CS-MAP transformation exceptions are : \\vegvesen.no\data\felles\Landsdekkende\Geodata\FME\FMEShared\CsmapTransformationExceptions;\\SVV1P04AUSER01\KNJETL$\documents\FME\CsmapTransformationExceptions
2016-11-17 09:47:06|   0.2|  0.0|INFORM|Shared folders for transformer categories are : \\vegvesen.no\data\felles\Landsdekkende\Geodata\FME\FMEShared\TransformerCategories;\\SVV1P04AUSER01\KNJETL$\documents\FME\TransformerCategories
2016-11-17 09:47:06|   0.2|  0.0|INFORM|FME Configuration: Reader Keyword is `NULL_SOURCE'
2016-11-17 09:47:06|   0.2|  0.0|INFORM|FME Configuration: Writer Keyword is `NULL_DEST'
2016-11-17 09:47:06|   0.2|  0.0|INFORM|FME Configuration: Writer Group Definition Keyword is `NULL_DEST_DEF'
2016-11-17 09:47:06|   0.2|  0.0|INFORM|FME Configuration: Reader type is `NULL'
2016-11-17 09:47:06|   0.2|  0.0|INFORM|FME Configuration: Writer type is `NULL'
2016-11-17 09:47:06|   0.2|  0.0|INFORM|FME Configuration: No destination coordinate system set
2016-11-17 09:47:06|   0.2|  0.0|INFORM|FME Configuration: Current working folder is `O:\1\Res\16080 Geodata\Fagområde Vegnett\Vegnett spesialistfunksjon\Feil og kvalitetskontroller i NVDB\FME-kontroller\Felles'
2016-11-17 09:47:06|   0.2|  0.0|INFORM|FME Configuration: Temporary folder is `C:\Users\knjetl\AppData\Local\Temp'
2016-11-17 09:47:06|   0.2|  0.0|INFORM|FME Configuration: FME_HOME is `C:\Program Files\FME\'
2016-11-17 09:47:06|   0.2|  0.0|INFORM|FME Configuration: FME_BASE is 'no'
2016-11-17 09:47:06|   0.2|  0.0|INFORM|FME Configuration: FME_MF_DIR is 'O:\1\Res\16080 Geodata\Fagområde Vegnett\Vegnett spesialistfunksjon\Feil og kvalitetskontroller i NVDB\FME-kontroller\Felles/'
2016-11-17 09:47:06|   0.2|  0.0|INFORM|FME Configuration: FME_MF_NAME is 'Produksjonsløype.fmw'
2016-11-17 09:47:06|   0.2|  0.0|INFORM|FME Configuration: FME_PRODUCT_NAME is 'FME(R) 2016.1.0.0'
2016-11-17 09:47:06|   0.2|  0.0|WARN  |System Status: 2.59 MB of disk space available in the FME temporary folder (C:\Users\knjetl\AppData\Local\Temp)
2016-11-17 09:47:06|   0.2|  0.0|INFORM|System Status: 8.00 TB of virtual memory available
2016-11-17 09:47:06|   0.2|  0.0|INFORM|Operating System: Microsoft Windows 7 64-bit Service Pack 1 (Build 7601)
2016-11-17 09:47:06|   0.2|  0.0|INFORM|FME Platform: WIN64
2016-11-17 09:47:06|   0.2|  0.0|INFORM|Locale: nb_NO
2016-11-17 09:47:06|   0.2|  0.0|INFORM|Code Page: 1252  (ANSI - latin I)
2016-11-17 09:47:06|   0.2|  0.0|INFORM|FME Configuration: Process limits are 32.00 GB of physical memory and 8.00 TB of address space
2016-11-17 09:47:06|   0.2|  0.0|INFORM|FME Configuration: Start freeing memory when process usage exceeds 96.00 GB of memory or 8.00 TB of address space
2016-11-17 09:47:06|   0.2|  0.0|INFORM|FME Configuration: Stop freeing memory when process usage is below 72.00 GB of memory and 6.00 TB of address space
2016-11-17 09:47:06|   0.3|  0.0|INFORM|Creating writer for format: NULL (Nothing)
2016-11-17 09:47:06|   0.3|  0.0|INFORM|Trying to find a DYNAMIC plugin for writer named `NULL'
2016-11-17 09:47:06|   0.3|  0.0|INFORM|Loaded module 'NULL' from file 'C:\Program Files\FME\plugins/NULL.dll'
2016-11-17 09:47:06|   0.3|  0.0|INFORM|FME API version of module 'NULL' matches current internal version (3.8 20160224)
2016-11-17 09:47:06|   0.3|  0.0|INFORM|Creating reader for format: NULL (Nothing)
2016-11-17 09:47:06|   0.3|  0.0|INFORM|Trying to find a DYNAMIC plugin for reader named `NULL'
2016-11-17 09:47:06|   0.3|  0.0|INFORM|FME API version of module 'NULL' matches current internal version (3.8 20160224)
2016-11-17 09:47:06|   0.3|  0.0|INFORM|Loaded module 'LogCount_func' from file 'C:\Program Files\FME\plugins/LogCount_func.dll'
2016-11-17 09:47:06|   0.3|  0.0|INFORM|FME API version of module 'LogCount_func' matches current internal version (3.8 20160224)
2016-11-17 09:47:06|   0.3|  0.0|INFORM|Creating writer for format: FME Feature Store (FFS)
2016-11-17 09:47:06|   0.4|  0.0|INFORM|FME Configuration: No destination coordinate system set
2016-11-17 09:47:06|   0.4|  0.0|INFORM|FME API version of module 'NULL' matches current internal version (3.8 20160224)
2016-11-17 09:47:07|   0.4|  0.0|INFORM|FME API version of module 'NULL' matches current internal version (3.8 20160224)
2016-11-17 09:47:07|   0.4|  0.0|INFORM|Loaded module 'Geometry_func' from file 'C:\Program Files\FME\plugins/Geometry_func.dll'
2016-11-17 09:47:07|   0.4|  0.0|INFORM|FME API version of module 'Geometry_func' matches current internal version (3.8 20160224)
2016-11-17 09:47:07|   0.4|  0.0|INFORM|Loaded module 'BreakpointFactory' from file 'C:\Program Files\FME\plugins/BreakpointFactory.dll'
2016-11-17 09:47:07|   0.4|  0.0|INFORM|FME API version of module 'BreakpointFactory' matches current internal version (3.8 20160224)
2016-11-17 09:47:07|   0.4|  0.0|INFORM|Feature Inspection module initialized. Workbench@62051 and FME@51741
2016-11-17 09:47:07|   0.4|  0.0|INFORM|FME API version of module 'BreakpointFactory' matches current internal version (3.8 20160224)
2016-11-17 09:47:07|   0.4|  0.0|INFORM|... Last line repeated 4 times ...
2016-11-17 09:47:07|   0.4|  0.0|INFORM|Emptying factory pipeline
2016-11-17 09:47:07|   0.4|  0.0|INFORM|WorkspaceRunner_5: Running FME Workspace O:\1\Res\16080 Geodata\Fagområde Vegnett\Vegnett spesialistfunksjon\Feil og kvalitetskontroller i NVDB\FME-kontroller\Skilt og feltstrekning\FMW\SkiltFeltstrekningKontroll.fmw with command line:
2016-11-17 09:47:07|   0.4|  0.0|INFORM|WorkspaceRunner_5: {C:/Program Files/FME/fme} {O:/1/Res/16080 Geodata/Fagområde Vegnett/Vegnett spesialistfunksjon/Feil og kvalitetskontroller i NVDB/FME-kontroller/Skilt og feltstrekning/FMW/SkiltFeltstrekningKontroll.fmw} --dataFolder {O:\1\Res\16080 Geodata\Fagområde Vegnett\Vegnett spesialistfunksjon\Feil og kvalitetskontroller i NVDB\FME-kontroller\Skilt og feltstrekning\Data} 2>@1
2016-11-17 09:50:31|   0.4|  0.0|WARN  |WorkspaceRunner_5: Failed to run workspace O:/1/Res/16080 Geodata/Fagområde Vegnett/Vegnett spesialistfunksjon/Feil og kvalitetskontroller i NVDB/FME-kontroller/Skilt og feltstrekning/FMW/SkiltFeltstrekningKontroll.fmw -- Trace was:

                FME 2016.1.0.0 (20160419 - Build 16492 - WIN64)
                      FME Desktop ESRI Edition (floating)
                               Permanent License.
                       Machine host name is: svv-vm-g803
    Operating System: Microsoft Windows 7 64-bit Service Pack 1 (Build 7601)
                 Copyright (c) 1994 - 2016, Safe Software Inc.
                               Safe Software Inc.


Reading...
Emptying factory pipeline........692.692.4.....18721872...8...1.1.1....50%..100%.2....2.51....75....116.....164.....183...208..230...237.....278....306.....362....411...483.....577..2...653....2..771.....919....996.2.......1088....1295......1444....1537..2.....1659.2.....1998....2.2150......2..2571.....2642......2670....2683..2...2731.....2794.....100%..50%..100%..2915..2..3346.
Comparisons made:
A fatal error has occurred. Check the logfile above for details
Program Terminating

Translation FAILED.
Warning: not all Stashed Objects that were registered were dropped before shutdown.  This may cause instability

2016-11-17 09:50:31|   0.4|  0.0|STATS |Storing feature(s) to FME feature store file `C:\Users\knjetl\AppData\Local\Temp\Produksjonsløype_094705\inspector.ffs'
2016-11-17 09:50:31|   0.4|  0.0|ERROR |Failed to open FME feature store file `C:\Users\knjetl\AppData\Local\Temp\Produksjonsløype_094705\inspector.fsc' for write -- ensure that the folder exists
2016-11-17 09:50:31|   0.4|  0.0|ERROR |Failed to open FME feature store file `C:\Users\knjetl\AppData\Local\Temp\Produksjonsløype_094705\inspector.fsc' for write -- ensure that the folder exists
2016-11-17 09:50:31|   0.4|  0.0|STATS |Creator_XML_Creator(CreationFactory): Created 1 features
2016-11-17 09:50:31|   0.4|  0.0|STATS |Creator_Cloner(TeeFactory): Cloned 1 input feature(s) into 1 output feature(s)
2016-11-17 09:50:31|   0.4|  0.0|STATS |Creator CREATED Splitter(TeeFactory): Cloned 1 input feature(s) into 2 output feature(s)
2016-11-17 09:50:31|   0.4|  0.0|STATS |Creator_CREATED_0_GJAgmIF9G6c= Brancher -1 60(BranchingFactory): Branched 1 input feature -- 1 feature routed to the target factory, and 0 features routed to the fallback factory.
2016-11-17 09:50:31|   0.4|  0.0|STATS |Creator_CREATED_1_Exx7idfjvCA= Disabled Nuker -1 13(TeeFactory): Cloned 1 input feature(s) into 0 output feature(s)
2016-11-17 09:50:31|   0.4|  0.0|STATS |_CREATOR_BRANCH_TARGET(TeeFactory): Cloned 1 input feature(s) into 1 output feature(s)
2016-11-17 09:50:31|   0.4|  0.0|STATS |WorkspaceRunner_2_ExecutorAndRouter(TestFactory): Tested 0 input feature(s) -- 0 feature(s) passed and 0 feature(s) failed
2016-11-17 09:50:31|   0.4|  0.0|STATS |WorkspaceRunner_2_SummaryMaker(CreationFactory): Created 0 features
2016-11-17 09:50:31|   0.4|  0.0|STATS |VegsperringFeil_DirCreator(CreationFactory): Created 1 features
2016-11-17 09:50:31|   0.4|  0.0|STATS |VegsperringFeil_DirCreatorCleanerUpper(TeeFactory): Cloned 1 input feature(s) into 0 output feature(s)
2016-11-17 09:50:31|   0.4|  0.0|STATS |VegsperringFeil_FeatureDirector(TestFactory): Tested 0 input feature(s) -- 0 feature(s) passed and 0 feature(s) failed
2016-11-17 09:50:31|   0.4|  0.0|STATS |VegsperringFeil___FeatureDirector1(TestFactory): Tested 0 input feature(s) -- 0 feature(s) passed and 0 feature(s) failed
2016-11-17 09:50:31|   0.4|  0.0|STATS |VegsperringFeil_VectorSetterUpper(TeeFactory): Cloned 0 input feature(s) into 0 output feature(s)
2016-11-17 09:50:31|   0.4|  0.0|STATS |VegsperringFeil___PointCloudThinner(TeeFactory): Cloned 0 input feature(s) into 0 output feature(s)
2016-11-17 09:50:31|   0.4|  0.0|STATS |VegsperringFeil_RasterSetterUpper(TeeFactory): Cloned 0 input feature(s) into 0 output feature(s)
2016-11-17 09:50:31|   0.4|  0.0|INFORM|VegsperringFeil_Recorder(RecorderFactory): Recorded 0 feature(s) to file `C:\Users\knjetl\AppData\Local\Temp\Produksjonsløype_094705\inspector.ffs'
2016-11-17 09:50:31|   0.4|  0.0|STATS |VegsperringSuksess_DirCreator(CreationFactory): Created 1 features
2016-11-17 09:50:31|   0.4|  0.0|STATS |VegsperringSuksess_DirCreatorCleanerUpper(TeeFactory): Cloned 1 input feature(s) into 0 output feature(s)
2016-11-17 09:50:31|   0.4|  0.0|STATS |VegsperringSuksess_FeatureDirector(TestFactory): Tested 0 input feature(s) -- 0 feature(s) passed and 0 feature(s) failed
2016-11-17 09:50:31|   0.4|  0.0|STATS |VegsperringSuksess___FeatureDirector1(TestFactory): Tested 0 input feature(s) -- 0 feature(s) passed and 0 feature(s) failed
2016-11-17 09:50:31|   0.4|  0.0|STATS |VegsperringSuksess_VectorSetterUpper(TeeFactory): Cloned 0 input feature(s) into 0 output feature(s)
2016-11-17 09:50:31|   0.4|  0.0|STATS |VegsperringSuksess___PointCloudThinner(TeeFactory): Cloned 0 input feature(s) into 0 output feature(s)
2016-11-17 09:50:31|   0.4|  0.0|STATS |VegsperringSuksess_RasterSetterUpper(TeeFactory): Cloned 0 input feature(s) into 0 output feature(s)
2016-11-17 09:50:31|   0.4|  0.0|INFORM|VegsperringSuksess_Recorder(RecorderFactory): Recorded 0 feature(s) to file `C:\Users\knjetl\AppData\Local\Temp\Produksjonsløype_094705\inspector.ffs'
2016-11-17 09:50:31|   0.4|  0.0|STATS |WorkspaceRunner_5_ExecutorAndRouter(TestFactory): Tested 1 input feature(s) -- 0 feature(s) passed and 1 feature(s) failed
2016-11-17 09:50:31|   0.4|  0.0|STATS |WorkspaceRunner_5_SummaryMaker(CreationFactory): Created 0 features
2016-11-17 09:50:31|   0.4|  0.0|STATS |SkiltFelt_Feil_DirCreator(CreationFactory): Created 1 features
2016-11-17 09:50:31|   0.4|  0.0|STATS |SkiltFelt_Feil_DirCreatorCleanerUpper(TeeFactory): Cloned 1 input feature(s) into 0 output feature(s)
2016-11-17 09:50:31|   0.4|  0.0|STATS |SkiltFelt_Feil_FeatureDirector(TestFactory): Tested 1 input feature(s) -- 0 feature(s) passed and 1 feature(s) failed
2016-11-17 09:50:31|   0.4|  0.0|STATS |SkiltFelt_Feil___FeatureDirector1(TestFactory): Tested 1 input feature(s) -- 0 feature(s) passed and 1 feature(s) failed
2016-11-17 09:50:31|   0.4|  0.0|STATS |SkiltFelt_Feil_VectorSetterUpper(TeeFactory): Cloned 1 input feature(s) into 1 output feature(s)
2016-11-17 09:50:31|   0.4|  0.0|STATS |SkiltFelt_Feil___PointCloudThinner(TeeFactory): Cloned 0 input feature(s) into 0 output feature(s)
2016-11-17 09:50:31|   0.4|  0.0|STATS |SkiltFelt_Feil_RasterSetterUpper(TeeFactory): Cloned 0 input feature(s) into 0 output feature(s)
2016-11-17 09:50:31|   0.4|  0.0|INFORM|SkiltFelt_Feil_Recorder(RecorderFactory): Recorded 1 feature(s) to file `C:\Users\knjetl\AppData\Local\Temp\Produksjonsløype_094705\inspector.ffs'
2016-11-17 09:50:31|   0.4|  0.0|STATS |SkiltFeltSuksess_DirCreator(CreationFactory): Created 1 features
2016-11-17 09:50:31|   0.4|  0.0|STATS |SkiltFeltSuksess_DirCreatorCleanerUpper(TeeFactory): Cloned 1 input feature(s) into 0 output feature(s)
2016-11-17 09:50:31|   0.4|  0.0|STATS |SkiltFeltSuksess_FeatureDirector(TestFactory): Tested 0 input feature(s) -- 0 feature(s) passed and 0 feature(s) failed
2016-11-17 09:50:31|   0.4|  0.0|STATS |SkiltFeltSuksess___FeatureDirector1(TestFactory): Tested 0 input feature(s) -- 0 feature(s) passed and 0 feature(s) failed
2016-11-17 09:50:31|   0.4|  0.0|STATS |SkiltFeltSuksess_VectorSetterUpper(TeeFactory): Cloned 0 input feature(s) into 0 output feature(s)
2016-11-17 09:50:31|   0.4|  0.0|STATS |SkiltFeltSuksess___PointCloudThinner(TeeFactory): Cloned 0 input feature(s) into 0 output feature(s)
2016-11-17 09:50:31|   0.4|  0.0|STATS |SkiltFeltSuksess_RasterSetterUpper(TeeFactory): Cloned 0 input feature(s) into 0 output feature(s)
2016-11-17 09:50:31|   0.4|  0.0|INFORM|Saving spatial index into file 'C:\Users\knjetl\AppData\Local\Temp\Produksjonsløype_094705\inspector.fsi'
2016-11-17 09:50:31|   0.4|  0.0|INFORM|Finished saving spatial index into file 'C:\Users\knjetl\AppData\Local\Temp\Produksjonsløype_094705\inspector.fsi'
2016-11-17 09:50:31|   0.4|  0.0|STATS |Stored 0 feature(s) to FME feature store file `C:\Users\knjetl\AppData\Local\Temp\Produksjonsløype_094705\inspector.fsc'
2016-11-17 09:50:31|   0.4|  0.0|INFORM|SkiltFeltSuksess_Recorder(RecorderFactory): Recorded 0 feature(s) to file `C:\Users\knjetl\AppData\Local\Temp\Produksjonsløype_094705\inspector.ffs'
2016-11-17 09:50:31|   0.4|  0.0|STATS |Destination Feature Type Routing Correlator(RoutingFactory): Tested 0 input feature(s), wrote 0 output feature(s): 0 matched merge filters, 0 were routed to output, 0 could not be routed.
2016-11-17 09:50:31|   0.4|  0.0|STATS |Final Output Nuker(TeeFactory): Cloned 0 input feature(s) into 0 output feature(s)
2016-11-17 09:50:31|   0.4|  0.0|STATS |f_50(CreationFactory): Created 1 features
2016-11-17 09:50:31|   0.4|  0.0|STATS |f_51(TeeFactory): Cloned 1 input feature(s) into 0 output feature(s)
2016-11-17 09:50:31|   0.4|  0.0|INFORM|=-=-=-=-=-=-=-=-=-=-=-=-=-=-=-=-=-=-=-=-=-=-=-=-=-=-=-=-=-=-=-=-=-=-=-=-=-=-=-
2016-11-17 09:50:31|   0.4|  0.0|INFORM|Feature output statistics for `FFS' writer using keyword `W_1':
2016-11-17 09:50:31|   0.4|  0.0|STATS |=-=-=-=-=-=-=-=-=-=-=-=-=-=-=-=-=-=-=-=-=-=-=-=-=-=-=-=-=-=-=-=-=-=-=-=-=-=-=-
2016-11-17 09:50:31|   0.4|  0.0|STATS |                               Features Written
2016-11-17 09:50:31|   0.4|  0.0|STATS |=-=-=-=-=-=-=-=-=-=-=-=-=-=-=-=-=-=-=-=-=-=-=-=-=-=-=-=-=-=-=-=-=-=-=-=-=-=-=-
2016-11-17 09:50:31|   0.4|  0.0|STATS |==============================================================================
2016-11-17 09:50:31|   0.4|  0.0|STATS |Total Features Written                                                       0
2016-11-17 09:50:31|   0.4|  0.0|STATS |=-=-=-=-=-=-=-=-=-=-=-=-=-=-=-=-=-=-=-=-=-=-=-=-=-=-=-=-=-=-=-=-=-=-=-=-=-=-=-
2016-11-17 09:50:31|   0.4|  0.0|STATS |=-=-=-=-=-=-=-=-=-=-=-=-=-=-=-=-=-=-=-=-=-=-=-=-=-=-=-=-=-=-=-=-=-=-=-=-=-=-=-
2016-11-17 09:50:31|   0.4|  0.0|STATS |                            Features Read Summary
2016-11-17 09:50:31|   0.4|  0.0|STATS |=-=-=-=-=-=-=-=-=-=-=-=-=-=-=-=-=-=-=-=-=-=-=-=-=-=-=-=-=-=-=-=-=-=-=-=-=-=-=-
2016-11-17 09:50:31|   0.4|  0.0|STATS |==============================================================================
2016-11-17 09:50:31|   0.4|  0.0|STATS |Total Features Read                                                          0
2016-11-17 09:50:31|   0.4|  0.0|STATS |=-=-=-=-=-=-=-=-=-=-=-=-=-=-=-=-=-=-=-=-=-=-=-=-=-=-=-=-=-=-=-=-=-=-=-=-=-=-=-
2016-11-17 09:50:31|   0.4|  0.0|STATS |=-=-=-=-=-=-=-=-=-=-=-=-=-=-=-=-=-=-=-=-=-=-=-=-=-=-=-=-=-=-=-=-=-=-=-=-=-=-=-
2016-11-17 09:50:31|   0.4|  0.0|STATS |                           Features Written Summary
2016-11-17 09:50:31|   0.4|  0.0|STATS |=-=-=-=-=-=-=-=-=-=-=-=-=-=-=-=-=-=-=-=-=-=-=-=-=-=-=-=-=-=-=-=-=-=-=-=-=-=-=-
2016-11-17 09:50:31|   0.4|  0.0|STATS |==============================================================================
2016-11-17 09:50:31|   0.4|  0.0|STATS |Total Features Written                                                       0
2016-11-17 09:50:31|   0.4|  0.0|STATS |=-=-=-=-=-=-=-=-=-=-=-=-=-=-=-=-=-=-=-=-=-=-=-=-=-=-=-=-=-=-=-=-=-=-=-=-=-=-=-
2016-11-17 09:50:31|   0.4|  0.0|INFORM|Translation was SUCCESSFUL with 2 warning(s) (0 feature(s) output)
2016-11-17 09:50:31|   0.4|  0.0|INFORM|FME Session Duration: 3 minutes 26.4 seconds. (CPU: 0.1s user, 0.2s system)
2016-11-17 09:50:31|   0.4|  0.0|INFORM|END - ProcessID: 31300, peak process memory usage: 52768 kB, current process memory usage: 52696 kB
