FEIL: 6514044.300   -24480.100       Felt 1, mangler restriksjon
FEIL: 6514122.500   -24408.600       Restriksjon p책 del av lenke
FEIL: 6514069.900   -24380.600       Restriksjon p책 del av lenke
FEIL: 6510667.740   -24426.300       Restriksjon p책 del av lenke
FEIL: 6522363.270   -13380.140       Felt 2#4, mangler restriksjon
FEIL: 6522354.550   -13395.330       Felt 2#4, mangler restriksjon
FEIL: 6522352.050   -13399.710       Felt 2#4, mangler restriksjon
FEIL: 6522313.390   -13467.150       Felt 2, mangler restriksjon
FEIL: 6522277.830   -13539.440       Felt 2, mangler restriksjon
FEIL: 6522271.740   -13562.310       Felt 2, mangler restriksjon
FEIL: 6522259.060   -13734.270       Felt 2, mangler restriksjon
FEIL: 6522216.920   -13816.100       Felt 2, mangler restriksjon
FEIL: 6522367.360   -13382.480       Felt 1, mangler restriksjon
FEIL: 6522358.640   -13397.680       Felt 1, mangler restriksjon
FEIL: 6522356.090   -13402.120       Felt 1, mangler restriksjon
FEIL: 6522329.780   -13448.010       Felt 1, mangler restriksjon
FEIL: 6522316.530   -13471.150       Felt 1, mangler restriksjon
FEIL: 6522263.660   -13735.300       Felt 1, mangler restriksjon
FEIL: 6522220.240   -13819.560       Felt 1, mangler restriksjon
FEIL: 6522360.040   -13378.290       Felt 4, mangler restriksjon
FEIL: 6522351.420   -13393.340       Felt 4, mangler restriksjon
FEIL: 6522348.990   -13397.580       Felt 4, mangler restriksjon
FEIL: 6514176.010   -24264.440       Restriksjon p책 del av lenke
FEIL: 6514108.500   -24273.500       Felt 1#2, har restriksjon
FEIL: 6513254.800   -24029.100       Felt SVKL, restriksjon feil retning
FEIL: 6514067.100   -23978.700       Felt 1#2, har restriksjon
FEIL: 6514141.100   -24373.500       Felt 1#2, har restriksjon
FEIL: 6514074.300   -24142.300       Felt 1#2, har restriksjon
FEIL: 6521306.800   -17540.900       Felt SVKL, restriksjon feil retning
FEIL: 6514193.170   -24027.770       Felt 1#2, har restriksjon
FEIL: 6514109.300   -24356.600       Felt 1#2, har restriksjon
FEIL: 6521036.200   -17326.900       Felt SVKL, restriksjon feil retning
FEIL: 6514184.500   -24117.000       Felt 1#2, har restriksjon
FEIL: 6514123.400   -24234.100       Felt 1#2, har restriksjon
FEIL: 6514102.400   -24320.100       Felt 1#2, har restriksjon
FEIL: 6514089.300   -24345.900       Felt 1#2, har restriksjon
FEIL: 6514094.300   -24007.700       Felt 1#2, har restriksjon
FEIL: 6514186.500   -24103.800       Felt 1#2, har restriksjon
FEIL: 6514166.640   -24112.610       Felt 1#2, har restriksjon
FEIL: 6514108.700   -24102.600       Felt 1#2, har restriksjon
FEIL: 6514160.980   -24125.860       Felt 1#2, har restriksjon
FEIL: 6514152.300   -24064.300       Felt 1#2, har restriksjon
FEIL: 6514102.400   -24320.100       Felt 1#2, har restriksjon
FEIL: 6514108.700   -24102.600       Felt 1#2, har restriksjon
FEIL: 6512709.400   -23935.300       Felt SVKL, restriksjon feil retning
